/work/kulagins/scheduler-a2/data/trees/
treename	clusters/36-proc/36proc_0,5-1-1,5-3.json	
first cut ready
dump.1.3.amd.QY.case39-2136.tree.nf	 445955.291333	27	1644421 1022126884 9959980 31733001.000000 445955.291333  27

first cut ready
dump.1.2.amd.QY.case39-2136.tree.nf	 344615.151333	27	3890437 3477972006 17565962 105047997.000000 344615.151333  27

first cut ready
dump.0.1.metis.Goodwin.rim-447.tree.nf	 48141.508000	7	123514029 3134863680 8696751 98664423.000000 48141.508000  7

first cut ready
dump.1.1.metis.CPM.cz40948-2567.tree.nf	 5539.048000	20	10385725 11713595741 64233873 338752842.000000 5539.048000  20

first cut ready
dump.1.1.amd.QY.case39-2136.tree.nf	 428255.061333	27	8025251 16144770653 31881809 468904896.000000 428255.061333  27

first cut ready
dump.0.1.metis.Wang.wang4-833.tree.nf	 980049.395444	5	1021726470 8467553667 9621687 283368525.000000 980049.395444  5

first cut ready
dump.0.1.amd.Dehghani.light_in_tissue-1873.tree.nf	 80143.988000	7	188312563 7447486685 12009576 227196478.000000 80143.988000  7

first cut ready
dump.0.1.metis.Mancktelow.viscorocks-1879.tree.nf	 130232.569333	7	622907293 5753545876 17421976 176009518.000000 130232.569333  7

first cut ready
dump.0.1.metis.Mancktelow.viscorocks-1879.tree.nf	 130232.569333	7	622796751 5757267621 17428197 177282089.000000 130232.569333  7


