single tree
RS-36-asap.sh
asap only hetp
matrix
/work/kulagins/scheduler-homp2
!! 36proc_0,5-1-1,5-3.json
./real_Trees/trees/
&& dump.0.1.amd.Dehghani.light_in_tissue-1873.tree.nf 72513.208667 202194
&& dump.1.3.metis.IPSO.HTC_336_4438-2534.tree.nf 7522.370000 4303020
&& dump.1.4.metis.IPSO.HTC_336_4438-2534.tree.nf 15441.762000 4522266
&& dump.0.1.amd.Bova.rma10-374.tree.nf 353451.618667 1140361
&& dump.0.1.amd.IPSO.HTC_336_4438-2534.tree.nf 21477.953333 15449918
&& dump.0.1.amd.MaxPlanck.shallow_water1-2261.tree.nf 256363.909333 844136
&& dump.0.1.amd.QY.case39-2136.tree.nf 97387.253333 485358
&& dump.0.1.amd.TSOPF.TSOPF_RS_b300_c3-2239.tree.nf 970445.930000 1586836
&& dump.0.1.metis.Boeing.ct20stif-356.tree.nf 1349979.602000 1676703
&& dump.0.1.metis.Bova.rma10-374.tree.nf 106047.928667 627180
&& dump.0.1.metis.CPM.cz40948-2567.tree.nf 762.544000 214690
&& dump.0.1.metis.DNVS.shipsec5-1280.tree.nf 17655794.032000 31550652
&& dump.0.1.metis.FEMLAB.sme3Dc-932.tree.nf 1398463.820000 1332946
&& dump.0.1.metis.Goodwin.rim-447.tree.nf 16977.932000 289517
&& dump.0.1.metis.HVDC.hvdc2-1875.tree.nf 6198.684667 1515610
&& dump.0.1.metis.Schenk_IBMSDS.matrix_9-959.tree.nf 31986717.862667 13526863
&& dump.0.1.metis.Schmid.thermal1-1402.tree.nf 32542.193333 2428177
&& dump.0.1.metis.Shyy.shyy161-809.tree.nf 57437.241333 1501211
&& dump.0.1.metis.Wang.wang4-833.tree.nf 925189.228000 573845
&& dump.0.1.metis.Watson.Baumann-1855.tree.nf 3272358.380667 15528152
&& dump.1.1.amd.QY.case39-2136.tree.nf 134438.893333 157428
&& dump.1.1.metis.CPM.cz40948-2567.tree.nf 763.014667 104578
&& dump.1.1.metis.IPSO.HTC_336_4438-2534.tree.nf 6784.776000 4745118
&& dump.1.2.amd.QY.case39-2136.tree.nf 135330.644667 48553
&& dump.1.3.amd.QY.case39-2136.tree.nf 138716.591333 22444
&& dump.1.3.metis.Schenk_IBMNA.c-big-1579.tree.nf 41114477.398000 490461
&& dump.1.4.metis.Schenk_IBMNA.c-big-1579.tree.nf 41342717.911334 284834
&& dump.0.1.metis.Mancktelow.viscorocks-1879.tree.nf 49872.569333 623592
&& dump.0.1.metis.Mancktelow.viscorocks-1879.tree.nf 49872.569333 756208
!! 36proc-1-3.json
./real_Trees/trees/
&& dump.0.1.amd.Dehghani.light_in_tissue-1873.tree.nf 72513.208667 212517
&& dump.1.3.metis.IPSO.HTC_336_4438-2534.tree.nf 7522.370000 4190594
&& dump.1.4.metis.IPSO.HTC_336_4438-2534.tree.nf 15441.762000 4541133
&& dump.0.1.amd.Bova.rma10-374.tree.nf 353451.618667 1084106
&& dump.0.1.amd.IPSO.HTC_336_4438-2534.tree.nf 21477.953333 15052401
&& dump.0.1.amd.MaxPlanck.shallow_water1-2261.tree.nf 256363.909333 631680
&& dump.0.1.amd.QY.case39-2136.tree.nf 97387.253333 428900
&& dump.0.1.amd.TSOPF.TSOPF_RS_b300_c3-2239.tree.nf 970445.930000 1591602
&& dump.0.1.metis.Boeing.ct20stif-356.tree.nf 1349979.602000 1639120
&& dump.0.1.metis.Bova.rma10-374.tree.nf 106047.928667 663663
&& dump.0.1.metis.CPM.cz40948-2567.tree.nf 762.544000 141309
&& dump.0.1.metis.DNVS.shipsec5-1280.tree.nf 17655794.032000 29387466
&& dump.0.1.metis.FEMLAB.sme3Dc-932.tree.nf 1398463.820000 1337954
&& dump.0.1.metis.Goodwin.rim-447.tree.nf 15676.748000 272345
&& dump.0.1.metis.HVDC.hvdc2-1875.tree.nf 6198.684667 1417056
&& dump.0.1.metis.Schenk_IBMSDS.matrix_9-959.tree.nf 31986717.862667 13214450
&& dump.0.1.metis.Schmid.thermal1-1402.tree.nf 32542.193333 2653280
&& dump.0.1.metis.Shyy.shyy161-809.tree.nf 57437.241333 1591086
&& dump.0.1.metis.Wang.wang4-833.tree.nf 925189.228000 588349
&& dump.0.1.metis.Watson.Baumann-1855.tree.nf 3272358.380667 12733431
&& dump.1.1.amd.QY.case39-2136.tree.nf 134438.893333 68021
&& dump.1.1.metis.CPM.cz40948-2567.tree.nf 763.014667 51985
&& dump.1.1.metis.IPSO.HTC_336_4438-2534.tree.nf 6784.776000 4710331
&& dump.1.2.amd.QY.case39-2136.tree.nf 135330.644667 45870
&& dump.1.3.amd.QY.case39-2136.tree.nf 138716.591333 21396
&& dump.1.3.metis.Schenk_IBMNA.c-big-1579.tree.nf 41114477.398000 441358
&& dump.1.4.metis.Schenk_IBMNA.c-big-1579.tree.nf 41342717.911334 273868
&& dump.0.1.metis.Mancktelow.viscorocks-1879.tree.nf 49872.569333 616895
&& dump.0.1.metis.Mancktelow.viscorocks-1879.tree.nf 49872.569333 578474
normal random
!! 36proc_0,5-1-1,5-3.json
./real_Trees/random_trees/old_trees/
&& size_10000/random_tree_1 734.553660 158101
&& size_10000/random_tree_2 1121.104845 123851
&& size_10000/random_tree_3 843.869137 86629
&& size_10000/random_tree_4 619.245370 164268
&& size_10000/random_tree_5 1071.537504 131613
&& size_2000/random_tree_1 258.950223 5344
&& size_2000/random_tree_2 459.939008 3584
&& size_2000/random_tree_3 198.931335 8149
&& size_2000/random_tree_4 189.764836 6679
&& size_2000/random_tree_5 188.140906 13048
&& size_20000/random_tree_1 1605.716285 975934
&& size_20000/random_tree_2 1594.609909 461745
&& size_20000/random_tree_3 1469.865971 250182
&& size_20000/random_tree_4 1545.713494 302085
&& size_20000/random_tree_5 1588.011776 374974
&& size_30000/random_tree_1 1996.327865 1526867
&& size_30000/random_tree_2 2573.902174 1133778
&& size_30000/random_tree_3 2456.325719 1939106
&& size_30000/random_tree_4 2586.016136 563208
&& size_30000/random_tree_5 2449.380287 294973
&& size_4000/random_tree_1 277.328984 16267
&& size_4000/random_tree_2 921.660448 17899
&& size_4000/random_tree_3 976.920127 15684
&& size_4000/random_tree_4 473.633716 25094
&& size_4000/random_tree_5 409.236876 22715
&& size_50000/random_tree_1 4333.330397 2657935
&& size_50000/random_tree_2 3563.460562 2736079
&& size_50000/random_tree_3 3426.026922 2121926
&& size_50000/random_tree_4 5033.315887 2228504
&& size_50000/random_tree_5 2708.915569 1810080
&& size_50000/random_tree_5 2708.915569 1848969
!! 36proc-1-3.json
./real_Trees/random_trees/old_trees/
&& size_10000/random_tree_1 734.553660 158514
&& size_10000/random_tree_2 1121.104845 123276
&& size_10000/random_tree_3 843.869137 86971
&& size_10000/random_tree_4 619.245370 163584
&& size_10000/random_tree_5 1071.537504 132341
&& size_2000/random_tree_1 258.950223 5522
&& size_2000/random_tree_2 459.939008 3591
&& size_2000/random_tree_3 198.931335 8281
&& size_2000/random_tree_4 189.764836 6729
&& size_2000/random_tree_5 188.140906 13168
&& size_20000/random_tree_1 1605.716285 971544
&& size_20000/random_tree_2 1594.609909 457719
&& size_20000/random_tree_3 1469.865971 249768
&& size_20000/random_tree_4 1545.713494 303009
&& size_20000/random_tree_5 1588.011776 374729
&& size_30000/random_tree_1 1996.327865 1517299
&& size_30000/random_tree_2 2573.902174 1133054
&& size_30000/random_tree_3 2456.325719 1955014
&& size_30000/random_tree_4 2586.016136 572737
&& size_30000/random_tree_5 2449.380287 289573
&& size_4000/random_tree_1 277.328984 15953
&& size_4000/random_tree_2 921.660448 17756
&& size_4000/random_tree_3 976.920127 15242
&& size_4000/random_tree_4 473.633716 24030
&& size_4000/random_tree_5 409.236876 22530
&& size_50000/random_tree_1 4333.330397 2641511
&& size_50000/random_tree_2 3563.460562 2768413
&& size_50000/random_tree_3 3426.026922 2143675
&& size_50000/random_tree_4 5033.315887 2198265
&& size_50000/random_tree_5 2708.915569 1820311
&& size_50000/random_tree_5 2708.915569 1815207
/work/kulagins/scheduler-homp2
/work/kulagins/scheduler-homp2/real_Trees/random_trees
!! /work/kulagins/scheduler-homp2/real_Trees/random_trees/10_children
!! 36proc_0,5-1-1,5-3.json
/work/kulagins/scheduler-homp2/real_Trees/random_trees/10_children
&& size_10000/random_tree_1 832.512985 22718
&& size_10000/random_tree_2 3163.474802 16531
&& size_10000/random_tree_3 932.864472 27736
&& size_10000/random_tree_4 1202.173370 25649
&& size_10000/random_tree_5 4751.774607 14364
&& size_2000/random_tree_1 584.259103 1770
&& size_2000/random_tree_2 670.731592 1792
&& size_2000/random_tree_3 405.894351 2285
&& size_2000/random_tree_4 345.768822 1823
&& size_2000/random_tree_5 478.669327 1927
&& size_20000/random_tree_1 1645.589490 78601
&& size_20000/random_tree_2 1963.687883 155903
&& size_20000/random_tree_3 1564.516868 62297
&& size_20000/random_tree_4 1972.627503 203087
&& size_20000/random_tree_5 1527.430256 135802
&& size_30000/random_tree_1 2635.378212 126199
&& size_30000/random_tree_2 2222.010887 245805
&& size_30000/random_tree_3 3159.648282 237935
&& size_30000/random_tree_4 8253.073946 148262
&& size_30000/random_tree_5 2309.465576 126985
&& size_4000/random_tree_1 1257.403674 4027
&& size_4000/random_tree_2 372.704079 5721
&& size_4000/random_tree_3 742.461046 5062
&& size_4000/random_tree_4 1362.619160 4148
&& size_4000/random_tree_5 461.734034 9151
&& size_50000/random_tree_1 4755.461468 500318
&& size_50000/random_tree_2 7583.615886 312760
&& size_50000/random_tree_3 3350.759788 383128
&& size_50000/random_tree_4 4681.919341 234848
&& size_50000/random_tree_5 4260.496985 249140
&& size_50000/random_tree_5 4260.496985 253848
!! /work/kulagins/scheduler-homp2/real_Trees/random_trees/all_large
!! 36proc_0,5-1-1,5-3.json
/work/kulagins/scheduler-homp2/real_Trees/random_trees/all_large
&& size_10000/random_tree_1 80456.815622 93523
&& size_10000/random_tree_2 75104.984146 71869
&& size_10000/random_tree_3 83577.337111 41022
&& size_10000/random_tree_4 66041.553644 69822
&& size_10000/random_tree_5 106965.738215 90175
&& size_2000/random_tree_1 26083.886812 4562
&& size_2000/random_tree_2 27646.287583 5079
&& size_2000/random_tree_3 23572.915591 4852
&& size_2000/random_tree_4 27229.567899 7802
&& size_2000/random_tree_5 20396.646394 9081
&& size_20000/random_tree_1 169863.476082 427834
&& size_20000/random_tree_2 177552.760409 389991
&& size_20000/random_tree_3 163251.656049 318382
&& size_20000/random_tree_4 133927.994576 841566
&& size_20000/random_tree_5 292982.942137 220504
&& size_30000/random_tree_1 234322.476969 1115948
&& size_30000/random_tree_2 241958.078938 277193
&& size_30000/random_tree_3 257064.914369 379568
&& size_30000/random_tree_4 289406.655291 1605950
&& size_30000/random_tree_5 234198.186030 701409
&& size_4000/random_tree_1 40483.506433 54336
&& size_4000/random_tree_2 33655.134238 79784
&& size_4000/random_tree_3 34704.054041 18337
&& size_4000/random_tree_4 93425.633008 13908
&& size_4000/random_tree_5 32648.124716 40576
&& size_50000/random_tree_1 495756.485262 1216504
&& size_50000/random_tree_2 436258.302437 1743265
&& size_50000/random_tree_3 399910.637108 1741583
&& size_50000/random_tree_4 350933.226703 3473336
&& size_50000/random_tree_5 514262.285480 5268707
&& size_50000/random_tree_5 514262.285480 5282307
!! /work/kulagins/scheduler-homp2/real_Trees/random_trees/large_makespan_weights
!! 36proc_0,5-1-1,5-3.json
/work/kulagins/scheduler-homp2/real_Trees/random_trees/large_makespan_weights
&& size_10000/random_tree_1 4275.965519 119477
&& size_10000/random_tree_2 4377.611962 205855
&& size_10000/random_tree_3 1859.477792 62960
&& size_10000/random_tree_4 5112.985599 71328
&& size_10000/random_tree_5 2212.784308 360963
&& size_2000/random_tree_1 1495.306093 4564
&& size_2000/random_tree_2 1909.656552 4805
&& size_2000/random_tree_3 1449.286201 8937
&& size_2000/random_tree_4 1574.826958 7095
&& size_2000/random_tree_5 1774.584342 6498
&& size_20000/random_tree_1 2828.007840 672794
&& size_20000/random_tree_2 5905.609763 489847
&& size_20000/random_tree_3 3792.687592 413081
&& size_20000/random_tree_4 2860.947900 556058
&& size_20000/random_tree_5 3700.551191 155107
&& size_30000/random_tree_1 7588.904132 2203280
&& size_30000/random_tree_2 5753.705983 1689005
&& size_30000/random_tree_3 6285.447870 1638220
&& size_30000/random_tree_4 5215.101675 437176
&& size_30000/random_tree_5 4449.738535 2351227
&& size_4000/random_tree_1 2365.184090 20638
&& size_4000/random_tree_2 2340.399357 21636
&& size_4000/random_tree_3 2504.075864 22112
&& size_4000/random_tree_4 2379.645578 26328
&& size_4000/random_tree_5 2605.815193 17348
&& size_50000/random_tree_1 4768.970033 3988619
&& size_50000/random_tree_2 5446.103253 3958625
&& size_50000/random_tree_3 9572.912698 1274450
&& size_50000/random_tree_4 4807.132680 4396106
&& size_50000/random_tree_5 7165.256745 904861
&& size_50000/random_tree_5 7165.256745 909783
!! /work/kulagins/scheduler-homp2/real_Trees/random_trees/20_children
!! 36proc_0,5-1-1,5-3.json
/work/kulagins/scheduler-homp2/real_Trees/random_trees/20_children
&& size_10000/random_tree_1 2309.481187 14200
&& size_10000/random_tree_2 1491.727123 15520
&& size_10000/random_tree_3 1106.679389 13224
&& size_10000/random_tree_4 1711.828095 14841
&& size_10000/random_tree_5 1648.250790 19958
&& size_2000/random_tree_1 252.111182 1567
&& size_2000/random_tree_2 528.111061 1968
&& size_2000/random_tree_3 530.881805 1892
&& size_2000/random_tree_4 569.213774 1963
&& size_2000/random_tree_5 253.661229 2836
&& size_20000/random_tree_1 1675.950012 120077
&& size_20000/random_tree_2 1666.870020 109382
&& size_20000/random_tree_3 2969.169363 49915
&& size_20000/random_tree_4 1639.603063 269619
&& size_20000/random_tree_5 1702.656182 83217
&& size_30000/random_tree_1 3652.952390 206857
&& size_30000/random_tree_2 9257.950757 67842
&& size_30000/random_tree_3 3226.927303 58403
&& size_30000/random_tree_4 9356.692777 74500
&& size_30000/random_tree_5 3847.317452 199826
&& size_4000/random_tree_1 1125.996532 3843
&& size_4000/random_tree_2 1422.473740 4183
&& size_4000/random_tree_3 977.552977 4364
&& size_4000/random_tree_4 434.345766 3945
&& size_4000/random_tree_5 656.475639 3848
&& size_50000/random_tree_1 4016.637066 254716
&& size_50000/random_tree_2 4490.805460 298253
&& size_50000/random_tree_3 3756.609435 904804
&& size_50000/random_tree_4 4965.647704 240724
&& size_50000/random_tree_5 6945.961598 238681
&& size_50000/random_tree_5 6945.961598 240499
!! /work/kulagins/scheduler-homp2/real_Trees/random_trees/all_small
!! 36proc_0,5-1-1,5-3.json
/work/kulagins/scheduler-homp2/real_Trees/random_trees/all_small
&& size_10000/random_tree_1 185.635849 53910
&& size_10000/random_tree_2 59.987172 86627
&& size_10000/random_tree_3 72.082036 94082
&& size_10000/random_tree_4 97.985759 87669
&& size_10000/random_tree_5 72.422588 56848
&& size_2000/random_tree_1 21.284849 8430
&& size_2000/random_tree_2 24.303536 5850
&& size_2000/random_tree_3 19.271564 6619
&& size_2000/random_tree_4 16.182306 7833
&& size_2000/random_tree_5 34.482849 4557
&& size_20000/random_tree_1 165.119334 281217
&& size_20000/random_tree_2 132.186138 208153
&& size_20000/random_tree_3 176.920500 235845
&& size_20000/random_tree_4 154.209802 192157
&& size_20000/random_tree_5 166.029096 303960
&& size_30000/random_tree_1 276.278692 347556
&& size_30000/random_tree_2 222.290736 335728
&& size_30000/random_tree_3 175.817383 659332
&& size_30000/random_tree_4 209.081879 289382
&& size_30000/random_tree_5 214.683289 621330
&& size_4000/random_tree_1 65.187245 12016
&& size_4000/random_tree_2 27.064124 25755
&& size_4000/random_tree_3 35.042690 19085
&& size_4000/random_tree_4 26.763660 14384
&& size_4000/random_tree_5 33.318214 17214
&& size_50000/random_tree_1 368.627455 1437136
&& size_50000/random_tree_2 421.228402 1403693
&& size_50000/random_tree_3 442.402631 896031
&& size_50000/random_tree_4 497.474235 845024
&& size_50000/random_tree_5 407.707643 1145509
&& size_50000/random_tree_5 407.707643 1180019
!! /work/kulagins/scheduler-homp2/real_Trees/random_trees/large_node_weights
!! 36proc_0,5-1-1,5-3.json
/work/kulagins/scheduler-homp2/real_Trees/random_trees/large_node_weights
&& size_10000/random_tree_1 1821.499447 45748
&& size_10000/random_tree_2 784.424503 158018
&& size_10000/random_tree_3 677.906056 99427
&& size_10000/random_tree_4 648.833884 126357
&& size_10000/random_tree_5 949.196532 80464
&& size_2000/random_tree_1 209.015247 7714
&& size_2000/random_tree_2 321.752749 5500
&& size_2000/random_tree_3 340.574048 5118
&& size_2000/random_tree_4 696.142482 4233
&& size_2000/random_tree_5 137.210467 9057
&& size_20000/random_tree_1 2242.277767 562507
&& size_20000/random_tree_2 1637.330710 1110111
&& size_20000/random_tree_3 2273.475105 223666
&& size_20000/random_tree_4 1975.785904 449113
&& size_20000/random_tree_5 1576.836751 446821
&& size_30000/random_tree_1 1886.592455 826258
&& size_30000/random_tree_2 2030.421978 942533
&& size_30000/random_tree_3 2014.423369 821016
&& size_30000/random_tree_4 2869.662821 341671
&& size_30000/random_tree_5 2173.478684 744626
&& size_4000/random_tree_1 362.819058 19131
&& size_4000/random_tree_2 320.987182 28750
&& size_4000/random_tree_3 359.884158 21744
&& size_4000/random_tree_4 515.292028 18477
&& size_4000/random_tree_5 387.152856 13480
&& size_50000/random_tree_1 4304.496807 1391164
&& size_50000/random_tree_2 3387.955892 2040375
&& size_50000/random_tree_3 3866.266658 2334831
&& size_50000/random_tree_4 3459.813905 7616876
&& size_50000/random_tree_5 7767.469872 1736403
&& size_50000/random_tree_5 7767.469872 1732619
!! /work/kulagins/scheduler-homp2/real_Trees/random_trees/3_children
!! 36proc_0,5-1-1,5-3.json
/work/kulagins/scheduler-homp2/real_Trees/random_trees/3_children
&& size_10000/random_tree_1 1132.330582 81461
&& size_10000/random_tree_2 981.327973 57709
&& size_10000/random_tree_3 733.020476 55609
&& size_10000/random_tree_4 774.716801 40006
&& size_10000/random_tree_5 875.520628 88278
&& size_2000/random_tree_1 399.769419 4426
&& size_2000/random_tree_2 212.648653 4823
&& size_2000/random_tree_3 195.792914 11699
&& size_2000/random_tree_4 200.574231 4955
&& size_2000/random_tree_5 562.882483 2982
&& size_20000/random_tree_1 1808.154118 340023
&& size_20000/random_tree_2 1846.857697 520868
&& size_20000/random_tree_3 1536.089462 204698
&& size_20000/random_tree_4 1348.072607 136782
&& size_20000/random_tree_5 1116.661301 652008
&& size_30000/random_tree_1 2077.568865 372790
&& size_30000/random_tree_2 3740.634435 324670
&& size_30000/random_tree_3 2013.542652 225941
&& size_30000/random_tree_4 2718.044767 394598
&& size_30000/random_tree_5 3333.849141 136877
&& size_4000/random_tree_1 491.313705 7918
&& size_4000/random_tree_2 271.005163 10607
&& size_4000/random_tree_3 353.112455 33626
&& size_4000/random_tree_4 686.105638 7943
&& size_4000/random_tree_5 449.548261 17773
&& size_50000/random_tree_1 3025.628613 1783776
&& size_50000/random_tree_2 3450.245828 1316564
&& size_50000/random_tree_3 3157.083843 534624
&& size_50000/random_tree_4 3759.513955 456523
&& size_50000/random_tree_5 4769.077246 1509094
&& size_50000/random_tree_5 4769.077246 1554662
!! /work/kulagins/scheduler-homp2/real_Trees/random_trees/large_edge_weights
!! 36proc_0,5-1-1,5-3.json
/work/kulagins/scheduler-homp2/real_Trees/random_trees/large_edge_weights
&& size_10000/random_tree_1 70315.765644 132064
&& size_10000/random_tree_2 57892.378304 68402
&& size_10000/random_tree_3 91382.534019 62193
&& size_10000/random_tree_4 73519.996295 76647
&& size_10000/random_tree_5 67441.045285 146465
&& size_2000/random_tree_1 43473.695623 3850
&& size_2000/random_tree_2 26611.652487 4165
&& size_2000/random_tree_3 21119.579171 6617
&& size_2000/random_tree_4 17012.422075 10373
&& size_2000/random_tree_5 23010.617031 10659
&& size_20000/random_tree_1 154604.279066 681547
&& size_20000/random_tree_2 160573.940242 263692
&& size_20000/random_tree_3 119781.084302 451879
&& size_20000/random_tree_4 121324.003691 171188
&& size_20000/random_tree_5 165950.738840 529394
&& size_30000/random_tree_1 250874.759477 638404
&& size_30000/random_tree_2 275988.011177 659119
&& size_30000/random_tree_3 241312.715729 1044844
&& size_30000/random_tree_4 410096.298243 454129
&& size_30000/random_tree_5 239530.616959 743556
&& size_4000/random_tree_1 36820.655274 36677
&& size_4000/random_tree_2 45685.291202 63353
&& size_4000/random_tree_3 64964.045873 11089
&& size_4000/random_tree_4 140831.161266 11358
&& size_4000/random_tree_5 30680.873284 25709
&& size_50000/random_tree_1 392987.572658 1022112
&& size_50000/random_tree_2 525026.016561 2053304
&& size_50000/random_tree_3 1293785.560118 1442690
&& size_50000/random_tree_4 331918.105251 4628371
&& size_50000/random_tree_5 344868.802834 4037319
&& size_50000/random_tree_5 344868.802834 4034121
!! /work/kulagins/scheduler-homp2/real_Trees/random_trees/10_children
!! 36proc-1-3.json
/work/kulagins/scheduler-homp2/real_Trees/random_trees/10_children
&& size_10000/random_tree_1 832.512985 22522
&& size_10000/random_tree_2 2553.650219 13594
&& size_10000/random_tree_3 932.864472 27555
&& size_10000/random_tree_4 1202.173370 25630
&& size_10000/random_tree_5 3952.595813 11214
&& size_2000/random_tree_1 533.845132 1782
&& size_2000/random_tree_2 564.094251 1758
&& size_2000/random_tree_3 405.894351 2285
&& size_2000/random_tree_4 345.768822 1819
&& size_2000/random_tree_5 478.669327 1925
&& size_20000/random_tree_1 1645.589490 78715
&& size_20000/random_tree_2 1963.687883 155106
&& size_20000/random_tree_3 1564.516868 62409
&& size_20000/random_tree_4 1972.627503 201254
&& size_20000/random_tree_5 1527.430256 135664
&& size_30000/random_tree_1 2635.378212 125491
&& size_30000/random_tree_2 2222.010887 246192
&& size_30000/random_tree_3 3159.648282 236349
&& size_30000/random_tree_4 8265.231515 140465
&& size_30000/random_tree_5 2309.465576 126792
&& size_4000/random_tree_1 977.184548 4024
&& size_4000/random_tree_2 372.704079 5604
&& size_4000/random_tree_3 742.461046 4969
&& size_4000/random_tree_4 1092.423968 3951
&& size_4000/random_tree_5 461.734034 9010
&& size_50000/random_tree_1 4755.461468 504674
&& size_50000/random_tree_2 6902.902119 315605
&& size_50000/random_tree_3 3350.759788 382431
&& size_50000/random_tree_4 4681.919341 232594
&& size_50000/random_tree_5 4260.496985 252642
&& size_50000/random_tree_5 4260.496985 249888
!! /work/kulagins/scheduler-homp2/real_Trees/random_trees/all_large
!! 36proc-1-3.json
/work/kulagins/scheduler-homp2/real_Trees/random_trees/all_large
&& size_10000/random_tree_1 80456.815622 92297
&& size_10000/random_tree_2 75104.984146 70221
&& size_10000/random_tree_3 83577.337111 41998
&& size_10000/random_tree_4 66041.553644 70443
&& size_10000/random_tree_5 106965.738215 90926
&& size_2000/random_tree_1 26083.886812 4575
&& size_2000/random_tree_2 27646.287583 5050
&& size_2000/random_tree_3 23572.915591 4834
&& size_2000/random_tree_4 27229.567899 7809
&& size_2000/random_tree_5 20396.646394 9051
&& size_20000/random_tree_1 169863.476082 419868
&& size_20000/random_tree_2 177552.760409 390065
&& size_20000/random_tree_3 163251.656049 318679
&& size_20000/random_tree_4 133927.994576 836887
&& size_20000/random_tree_5 292982.942137 218221
&& size_30000/random_tree_1 234322.476969 1123804
&& size_30000/random_tree_2 241958.078938 289010
&& size_30000/random_tree_3 257064.914369 395077
&& size_30000/random_tree_4 289406.655291 1611742
&& size_30000/random_tree_5 234198.186030 719270
&& size_4000/random_tree_1 40483.506433 54738
&& size_4000/random_tree_2 33655.134238 79466
&& size_4000/random_tree_3 34704.054041 18600
&& size_4000/random_tree_4 93425.633008 13977
&& size_4000/random_tree_5 32648.124716 40620
&& size_50000/random_tree_1 495756.485262 1258346
&& size_50000/random_tree_2 436258.302437 1752591
&& size_50000/random_tree_3 399910.637108 1753761
&& size_50000/random_tree_4 350933.226703 3450151
&& size_50000/random_tree_5 514262.285480 5321328
&& size_50000/random_tree_5 514262.285480 5282193
!! /work/kulagins/scheduler-homp2/real_Trees/random_trees/large_makespan_weights
!! 36proc-1-3.json
/work/kulagins/scheduler-homp2/real_Trees/random_trees/large_makespan_weights
&& size_10000/random_tree_1 4275.965519 120017
&& size_10000/random_tree_2 4377.611962 205496
&& size_10000/random_tree_3 1859.477792 62715
&& size_10000/random_tree_4 5112.985599 70679
&& size_10000/random_tree_5 2212.784308 357432
&& size_2000/random_tree_1 1495.306093 4532
&& size_2000/random_tree_2 1909.656552 4812
&& size_2000/random_tree_3 1449.286201 8924
&& size_2000/random_tree_4 1574.826958 7047
&& size_2000/random_tree_5 1774.584342 6528
&& size_20000/random_tree_1 2828.007840 676958
&& size_20000/random_tree_2 5905.609763 495644
&& size_20000/random_tree_3 3792.687592 409476
&& size_20000/random_tree_4 2860.947900 545654
&& size_20000/random_tree_5 3700.551191 149382
&& size_30000/random_tree_1 7588.904132 2207034
&& size_30000/random_tree_2 5753.705983 1696697
&& size_30000/random_tree_3 6285.447870 1614301
&& size_30000/random_tree_4 5215.101675 463597
&& size_30000/random_tree_5 4449.738535 2308804
&& size_4000/random_tree_1 2365.184090 20124
&& size_4000/random_tree_2 2340.399357 20951
&& size_4000/random_tree_3 2504.075864 21532
&& size_4000/random_tree_4 2379.645578 25985
&& size_4000/random_tree_5 2605.815193 17052
&& size_50000/random_tree_1 4768.970033 3696969
&& size_50000/random_tree_2 5446.103253 3683524
&& size_50000/random_tree_3 9572.912698 1169842
&& size_50000/random_tree_4 4807.132680 4210783
&& size_50000/random_tree_5 7165.256745 699639
&& size_50000/random_tree_5 7165.256745 697363
!! /work/kulagins/scheduler-homp2/real_Trees/random_trees/20_children
!! 36proc-1-3.json
/work/kulagins/scheduler-homp2/real_Trees/random_trees/20_children
&& size_10000/random_tree_1 1896.388981 13757
&& size_10000/random_tree_2 1491.727123 15246
&& size_10000/random_tree_3 1106.679389 13132
&& size_10000/random_tree_4 1711.828095 14580
&& size_10000/random_tree_5 1648.250790 20036
&& size_2000/random_tree_1 208.707589 1658
&& size_2000/random_tree_2 434.362873 1556
&& size_2000/random_tree_3 409.240380 1572
&& size_2000/random_tree_4 450.549803 1621
&& size_2000/random_tree_5 253.661229 2819
&& size_20000/random_tree_1 1675.950012 118408
&& size_20000/random_tree_2 1666.870020 108688
&& size_20000/random_tree_3 2969.169363 49349
&& size_20000/random_tree_4 1639.603063 265558
&& size_20000/random_tree_5 1702.656182 82795
&& size_30000/random_tree_1 3652.952390 201148
&& size_30000/random_tree_2 7726.845405 64767
&& size_30000/random_tree_3 3226.927303 57346
&& size_30000/random_tree_4 7582.780391 75518
&& size_30000/random_tree_5 3847.317452 194476
&& size_4000/random_tree_1 976.776980 3813
&& size_4000/random_tree_2 1351.755708 3522
&& size_4000/random_tree_3 993.236332 3133
&& size_4000/random_tree_4 434.345766 3817
&& size_4000/random_tree_5 590.441375 3872
&& size_50000/random_tree_1 4016.637066 247584
&& size_50000/random_tree_2 4490.805460 290833
&& size_50000/random_tree_3 3756.609435 891478
&& size_50000/random_tree_4 4965.647704 236438
&& size_50000/random_tree_5 6945.961598 234796
&& size_50000/random_tree_5 6945.961598 236585
!! /work/kulagins/scheduler-homp2/real_Trees/random_trees/all_small
!! 36proc-1-3.json
/work/kulagins/scheduler-homp2/real_Trees/random_trees/all_small
&& size_10000/random_tree_1 185.635849 53634
&& size_10000/random_tree_2 59.987172 85189
&& size_10000/random_tree_3 72.082036 93596
&& size_10000/random_tree_4 97.985759 87196
&& size_10000/random_tree_5 72.422588 55892
&& size_2000/random_tree_1 21.284849 8324
&& size_2000/random_tree_2 24.303536 5746
&& size_2000/random_tree_3 19.271564 6561
&& size_2000/random_tree_4 16.182306 7780
&& size_2000/random_tree_5 34.482849 4554
&& size_20000/random_tree_1 165.119334 269973
&& size_20000/random_tree_2 132.186138 200865
&& size_20000/random_tree_3 176.920500 229722
&& size_20000/random_tree_4 154.209802 189090
&& size_20000/random_tree_5 166.029096 296601
&& size_30000/random_tree_1 276.278692 349016
&& size_30000/random_tree_2 222.290736 335136
&& size_30000/random_tree_3 175.817383 631869
&& size_30000/random_tree_4 209.081879 285288
&& size_30000/random_tree_5 214.683289 607765
&& size_4000/random_tree_1 65.187245 11874
&& size_4000/random_tree_2 27.064124 25449
&& size_4000/random_tree_3 35.042690 19076
&& size_4000/random_tree_4 26.763660 14256
&& size_4000/random_tree_5 33.318214 16780
&& size_50000/random_tree_1 368.627455 1311097
&& size_50000/random_tree_2 421.228402 1344506
&& size_50000/random_tree_3 442.402631 930726
&& size_50000/random_tree_4 497.474235 838502
&& size_50000/random_tree_5 407.707643 1145830
&& size_50000/random_tree_5 407.707643 1096876
!! /work/kulagins/scheduler-homp2/real_Trees/random_trees/large_node_weights
!! 36proc-1-3.json
/work/kulagins/scheduler-homp2/real_Trees/random_trees/large_node_weights
&& size_10000/random_tree_1 1821.499447 45971
&& size_10000/random_tree_2 784.424503 158413
&& size_10000/random_tree_3 677.906056 99375
&& size_10000/random_tree_4 648.833884 127061
&& size_10000/random_tree_5 949.196532 79816
&& size_2000/random_tree_1 209.015247 7763
&& size_2000/random_tree_2 321.752749 5524
&& size_2000/random_tree_3 340.574048 5148
&& size_2000/random_tree_4 632.305713 4457
&& size_2000/random_tree_5 137.210467 9112
&& size_20000/random_tree_1 2242.277767 556285
&& size_20000/random_tree_2 1637.330710 1096753
&& size_20000/random_tree_3 2273.475105 223348
&& size_20000/random_tree_4 1975.785904 440249
&& size_20000/random_tree_5 1576.836751 445955
&& size_30000/random_tree_1 1886.592455 823677
&& size_30000/random_tree_2 2030.421978 950231
&& size_30000/random_tree_3 2014.423369 833293
&& size_30000/random_tree_4 2869.662821 341913
&& size_30000/random_tree_5 2173.478684 754182
&& size_4000/random_tree_1 362.819058 19452
&& size_4000/random_tree_2 320.987182 28768
&& size_4000/random_tree_3 359.884158 21885
&& size_4000/random_tree_4 515.292028 18559
&& size_4000/random_tree_5 387.152856 14042
&& size_50000/random_tree_1 4304.496807 1352672
&& size_50000/random_tree_2 3387.955892 2115127
&& size_50000/random_tree_3 3866.266658 2244685
&& size_50000/random_tree_4 3459.813905 7239010
&& size_50000/random_tree_5 7767.469872 1684185
&& size_50000/random_tree_5 7767.469872 1650029
!! /work/kulagins/scheduler-homp2/real_Trees/random_trees/3_children
!! 36proc-1-3.json
/work/kulagins/scheduler-homp2/real_Trees/random_trees/3_children
&& size_10000/random_tree_1 1132.330582 81536
&& size_10000/random_tree_2 981.327973 57225
&& size_10000/random_tree_3 733.020476 55192
&& size_10000/random_tree_4 774.716801 39717
&& size_10000/random_tree_5 875.520628 87786
&& size_2000/random_tree_1 399.769419 4416
&& size_2000/random_tree_2 212.648653 4809
&& size_2000/random_tree_3 195.792914 11720
&& size_2000/random_tree_4 200.574231 4922
&& size_2000/random_tree_5 562.882483 2980
&& size_20000/random_tree_1 1808.154118 337725
&& size_20000/random_tree_2 1846.857697 512739
&& size_20000/random_tree_3 1536.089462 203693
&& size_20000/random_tree_4 1348.072607 137443
&& size_20000/random_tree_5 1116.661301 639229
&& size_30000/random_tree_1 2077.568865 368316
&& size_30000/random_tree_2 3740.634435 321276
&& size_30000/random_tree_3 2013.542652 224353
&& size_30000/random_tree_4 2718.044767 391613
&& size_30000/random_tree_5 3333.849141 133798
&& size_4000/random_tree_1 491.313705 7717
&& size_4000/random_tree_2 271.005163 10095
&& size_4000/random_tree_3 353.112455 33173
&& size_4000/random_tree_4 686.105638 7789
&& size_4000/random_tree_5 449.548261 17359
&& size_50000/random_tree_1 3025.628613 1734788
&& size_50000/random_tree_2 3450.245828 1260952
&& size_50000/random_tree_3 3157.083843 489436
&& size_50000/random_tree_4 3759.513955 448032
&& size_50000/random_tree_5 4769.077246 1505605
&& size_50000/random_tree_5 4769.077246 1490128
!! /work/kulagins/scheduler-homp2/real_Trees/random_trees/large_edge_weights
!! 36proc-1-3.json
/work/kulagins/scheduler-homp2/real_Trees/random_trees/large_edge_weights
&& size_10000/random_tree_1 70315.765644 131999
&& size_10000/random_tree_2 57892.378304 66795
&& size_10000/random_tree_3 91382.534019 59918
&& size_10000/random_tree_4 73519.996295 76922
&& size_10000/random_tree_5 67441.045285 144249
&& size_2000/random_tree_1 43473.695623 3816
&& size_2000/random_tree_2 26611.652487 4146
&& size_2000/random_tree_3 21119.579171 6600
&& size_2000/random_tree_4 17012.422075 10377
&& size_2000/random_tree_5 23010.617031 10613
&& size_20000/random_tree_1 154604.279066 684148
&& size_20000/random_tree_2 160573.940242 265048
&& size_20000/random_tree_3 119781.084302 452848
&& size_20000/random_tree_4 121324.003691 172003
&& size_20000/random_tree_5 165950.738840 519186
&& size_30000/random_tree_1 250874.759477 608462
&& size_30000/random_tree_2 275988.011177 641221
&& size_30000/random_tree_3 241312.715729 1025854
&& size_30000/random_tree_4 410096.298243 437247
&& size_30000/random_tree_5 239530.616959 711534
&& size_4000/random_tree_1 36820.655274 36109
&& size_4000/random_tree_2 45685.291202 62528
&& size_4000/random_tree_3 64964.045873 10985
&& size_4000/random_tree_4 140831.161266 11272
&& size_4000/random_tree_5 30680.873284 25633
&& size_50000/random_tree_1 392987.572658 801625
&& size_50000/random_tree_2 525026.016561 1746092
&& size_50000/random_tree_3 1293785.560118 1256359
&& size_50000/random_tree_4 331918.105251 4269473
&& size_50000/random_tree_5 344868.802834 3827806
&& size_50000/random_tree_5 344868.802834 3736609
