single tree
RS-36-asap.sh
asap only hetp
matrix
/work/kulagins/scheduler-homp2
!! 36proc_0,5-1-1,5-3.json
./real_Trees/trees/
&& dump.0.1.amd.Dehghani.light_in_tissue-1873.tree.nf 72513.208667 198695
&& dump.1.3.metis.IPSO.HTC_336_4438-2534.tree.nf 7522.370000 4294904
&& dump.1.4.metis.IPSO.HTC_336_4438-2534.tree.nf 15441.762000 4705104
&& dump.0.1.amd.Bova.rma10-374.tree.nf 353451.618667 1001469
&& dump.0.1.amd.IPSO.HTC_336_4438-2534.tree.nf 21477.953333 14855522
&& dump.0.1.amd.MaxPlanck.shallow_water1-2261.tree.nf 256363.909333 562775
&& dump.0.1.amd.QY.case39-2136.tree.nf 97387.253333 332917
&& dump.0.1.amd.TSOPF.TSOPF_RS_b300_c3-2239.tree.nf 970445.930000 1603922
&& dump.0.1.metis.Boeing.ct20stif-356.tree.nf 1349979.602000 1451107
&& dump.0.1.metis.Bova.rma10-374.tree.nf 106047.928667 631836
&& dump.0.1.metis.CPM.cz40948-2567.tree.nf 762.544000 133614
&& dump.0.1.metis.DNVS.shipsec5-1280.tree.nf 17655794.032000 28220151
&& dump.0.1.metis.FEMLAB.sme3Dc-932.tree.nf 1398463.820000 1337749
&& dump.0.1.metis.Goodwin.rim-447.tree.nf 16977.932000 239137
&& dump.0.1.metis.HVDC.hvdc2-1875.tree.nf 6198.684667 1237830
&& dump.0.1.metis.Schenk_IBMSDS.matrix_9-959.tree.nf 31986717.862667 12088550
&& dump.0.1.metis.Schmid.thermal1-1402.tree.nf 32542.193333 1560952
&& dump.0.1.metis.Shyy.shyy161-809.tree.nf 57437.241333 1212990
&& dump.0.1.metis.Wang.wang4-833.tree.nf 925189.228000 580816
&& dump.0.1.metis.Watson.Baumann-1855.tree.nf 3272358.380667 11204312
&& dump.1.1.amd.QY.case39-2136.tree.nf 134438.893333 82346
&& dump.1.1.metis.CPM.cz40948-2567.tree.nf 763.014667 60221
&& dump.1.1.metis.IPSO.HTC_336_4438-2534.tree.nf 6784.776000 4712302
&& dump.1.2.amd.QY.case39-2136.tree.nf 135330.644667 41284
&& dump.1.3.amd.QY.case39-2136.tree.nf 138716.591333 22378
&& dump.1.3.metis.Schenk_IBMNA.c-big-1579.tree.nf 41114477.398000 434976
&& dump.1.4.metis.Schenk_IBMNA.c-big-1579.tree.nf 41342717.911334 240604
&& dump.0.1.metis.Mancktelow.viscorocks-1879.tree.nf 49872.569333 567593
&& dump.0.1.metis.Mancktelow.viscorocks-1879.tree.nf 49872.569333 571530
!! 36proc-1-3.json
./real_Trees/trees/
&& dump.0.1.amd.Dehghani.light_in_tissue-1873.tree.nf 72513.208667 200016
&& dump.1.3.metis.IPSO.HTC_336_4438-2534.tree.nf 7522.370000 4347991
&& dump.1.4.metis.IPSO.HTC_336_4438-2534.tree.nf 15441.762000 4683837
&& dump.0.1.amd.Bova.rma10-374.tree.nf 353451.618667 1019131
&& dump.0.1.amd.IPSO.HTC_336_4438-2534.tree.nf 21477.953333 14835052
&& dump.0.1.amd.MaxPlanck.shallow_water1-2261.tree.nf 256363.909333 580320
&& dump.0.1.amd.QY.case39-2136.tree.nf 97387.253333 342353
&& dump.0.1.amd.TSOPF.TSOPF_RS_b300_c3-2239.tree.nf 970445.930000 1542675
&& dump.0.1.metis.Boeing.ct20stif-356.tree.nf 1349979.602000 1515952
&& dump.0.1.metis.Bova.rma10-374.tree.nf 106047.928667 560178
&& dump.0.1.metis.CPM.cz40948-2567.tree.nf 762.544000 113324
&& dump.0.1.metis.DNVS.shipsec5-1280.tree.nf 17655794.032000 26988153
&& dump.0.1.metis.FEMLAB.sme3Dc-932.tree.nf 1398463.820000 1375249
&& dump.0.1.metis.Goodwin.rim-447.tree.nf 15676.748000 277626
&& dump.0.1.metis.HVDC.hvdc2-1875.tree.nf 6198.684667 1186048
&& dump.0.1.metis.Schenk_IBMSDS.matrix_9-959.tree.nf 31986717.862667 11922241
&& dump.0.1.metis.Schmid.thermal1-1402.tree.nf 32542.193333 1532406
&& dump.0.1.metis.Shyy.shyy161-809.tree.nf 57437.241333 1152676
&& dump.0.1.metis.Wang.wang4-833.tree.nf 925189.228000 571342
&& dump.0.1.metis.Watson.Baumann-1855.tree.nf 3272358.380667 9988739
&& dump.1.1.amd.QY.case39-2136.tree.nf 134438.893333 67461
&& dump.1.1.metis.CPM.cz40948-2567.tree.nf 763.014667 51184
&& dump.1.1.metis.IPSO.HTC_336_4438-2534.tree.nf 6784.776000 4710101
&& dump.1.2.amd.QY.case39-2136.tree.nf 135330.644667 41640
&& dump.1.3.amd.QY.case39-2136.tree.nf 138716.591333 21420
&& dump.1.3.metis.Schenk_IBMNA.c-big-1579.tree.nf 41114477.398000 427618
&& dump.1.4.metis.Schenk_IBMNA.c-big-1579.tree.nf 41342717.911334 242328
&& dump.0.1.metis.Mancktelow.viscorocks-1879.tree.nf 49872.569333 581333
&& dump.0.1.metis.Mancktelow.viscorocks-1879.tree.nf 49872.569333 593098
normal random
!! 36proc_0,5-1-1,5-3.json
./real_Trees/random_trees/old_trees/
&& size_10000/random_tree_1 734.553660 156579
&& size_10000/random_tree_2 1121.104845 123737
&& size_10000/random_tree_3 843.869137 86174
&& size_10000/random_tree_4 619.245370 164865
&& size_10000/random_tree_5 1071.537504 133207
&& size_2000/random_tree_1 258.950223 5278
&& size_2000/random_tree_2 459.939008 3535
&& size_2000/random_tree_3 198.931335 8073
&& size_2000/random_tree_4 189.764836 6578
&& size_2000/random_tree_5 188.140906 12951
&& size_20000/random_tree_1 1605.716285 965993
&& size_20000/random_tree_2 1594.609909 455232
&& size_20000/random_tree_3 1469.865971 247892
&& size_20000/random_tree_4 1545.713494 299745
&& size_20000/random_tree_5 1588.011776 368808
&& size_30000/random_tree_1 1996.327865 1447968
&& size_30000/random_tree_2 2573.902174 1081055
&& size_30000/random_tree_3 2456.325719 1876353
&& size_30000/random_tree_4 2586.016136 543185
&& size_30000/random_tree_5 2449.380287 271298
&& size_4000/random_tree_1 277.328984 14533
&& size_4000/random_tree_2 921.660448 16563
&& size_4000/random_tree_3 976.920127 14124
&& size_4000/random_tree_4 473.633716 21847
&& size_4000/random_tree_5 409.236876 20429
&& size_50000/random_tree_1 4333.330397 2227718
&& size_50000/random_tree_2 3563.460562 2325708
&& size_50000/random_tree_3 3426.026922 1788676
&& size_50000/random_tree_4 5033.315887 1839810
&& size_50000/random_tree_5 2708.915569 1515313
&& size_50000/random_tree_5 2708.915569 1498411
!! 36proc-1-3.json
./real_Trees/random_trees/old_trees/
&& size_10000/random_tree_1 734.553660 155557
&& size_10000/random_tree_2 1121.104845 122713
&& size_10000/random_tree_3 843.869137 86617
&& size_10000/random_tree_4 619.245370 163020
&& size_10000/random_tree_5 1071.537504 131058
&& size_2000/random_tree_1 258.950223 5302
&& size_2000/random_tree_2 459.939008 3551
&& size_2000/random_tree_3 198.931335 8047
&& size_2000/random_tree_4 189.764836 6616
&& size_2000/random_tree_5 188.140906 12963
&& size_20000/random_tree_1 1605.716285 948932
&& size_20000/random_tree_2 1594.609909 446214
&& size_20000/random_tree_3 1469.865971 243258
&& size_20000/random_tree_4 1545.713494 296549
&& size_20000/random_tree_5 1588.011776 367181
&& size_30000/random_tree_1 1996.327865 1439468
&& size_30000/random_tree_2 2573.902174 1077587
&& size_30000/random_tree_3 2456.325719 1865472
&& size_30000/random_tree_4 2586.016136 538671
&& size_30000/random_tree_5 2449.380287 275132
&& size_4000/random_tree_1 277.328984 14145
&& size_4000/random_tree_2 921.660448 16415
&& size_4000/random_tree_3 976.920127 13595
&& size_4000/random_tree_4 473.633716 21438
&& size_4000/random_tree_5 409.236876 20337
&& size_50000/random_tree_1 4333.330397 2200039
&& size_50000/random_tree_2 3563.460562 2326728
&& size_50000/random_tree_3 3426.026922 1788055
&& size_50000/random_tree_4 5033.315887 1814338
&& size_50000/random_tree_5 2708.915569 1510601
&& size_50000/random_tree_5 2708.915569 1476120
/work/kulagins/scheduler-homp2
/work/kulagins/scheduler-homp2/real_Trees/random_trees
!! /work/kulagins/scheduler-homp2/real_Trees/random_trees/10_children
!! 36proc_0,5-1-1,5-3.json
/work/kulagins/scheduler-homp2/real_Trees/random_trees/10_children
&& size_10000/random_tree_1 832.512985 22653
&& size_10000/random_tree_2 3163.474802 16549
&& size_10000/random_tree_3 932.864472 27517
&& size_10000/random_tree_4 1202.173370 25552
&& size_10000/random_tree_5 4751.774607 14477
&& size_2000/random_tree_1 584.259103 1740
&& size_2000/random_tree_2 670.731592 1761
&& size_2000/random_tree_3 405.894351 2255
&& size_2000/random_tree_4 345.768822 1803
&& size_2000/random_tree_5 478.669327 1908
&& size_20000/random_tree_1 1645.589490 77341
&& size_20000/random_tree_2 1963.687883 154377
&& size_20000/random_tree_3 1564.516868 61749
&& size_20000/random_tree_4 1972.627503 198393
&& size_20000/random_tree_5 1527.430256 133584
&& size_30000/random_tree_1 2635.378212 125171
&& size_30000/random_tree_2 2222.010887 242181
&& size_30000/random_tree_3 3159.648282 230624
&& size_30000/random_tree_4 8253.073946 146216
&& size_30000/random_tree_5 2309.465576 126537
&& size_4000/random_tree_1 1257.403674 4010
&& size_4000/random_tree_2 372.704079 5708
&& size_4000/random_tree_3 742.461046 4978
&& size_4000/random_tree_4 1362.619160 4110
&& size_4000/random_tree_5 461.734034 9061
&& size_50000/random_tree_1 4755.461468 480171
&& size_50000/random_tree_2 7583.615886 311215
&& size_50000/random_tree_3 3350.759788 373230
&& size_50000/random_tree_4 4681.919341 225982
&& size_50000/random_tree_5 4260.496985 239111
&& size_50000/random_tree_5 4260.496985 240240
!! /work/kulagins/scheduler-homp2/real_Trees/random_trees/all_large
!! 36proc_0,5-1-1,5-3.json
/work/kulagins/scheduler-homp2/real_Trees/random_trees/all_large
&& size_10000/random_tree_1 80456.815622 92976
&& size_10000/random_tree_2 75104.984146 70344
&& size_10000/random_tree_3 83577.337111 40596
&& size_10000/random_tree_4 66041.553644 69018
&& size_10000/random_tree_5 106965.738215 89480
&& size_2000/random_tree_1 26083.886812 4507
&& size_2000/random_tree_2 27646.287583 5029
&& size_2000/random_tree_3 23572.915591 4828
&& size_2000/random_tree_4 27229.567899 7746
&& size_2000/random_tree_5 20396.646394 9013
&& size_20000/random_tree_1 169863.476082 412975
&& size_20000/random_tree_2 177552.760409 380876
&& size_20000/random_tree_3 163251.656049 313273
&& size_20000/random_tree_4 133927.994576 823213
&& size_20000/random_tree_5 292982.942137 216040
&& size_30000/random_tree_1 234322.476969 1066400
&& size_30000/random_tree_2 241958.078938 258053
&& size_30000/random_tree_3 257064.914369 349487
&& size_30000/random_tree_4 289406.655291 1532737
&& size_30000/random_tree_5 234198.186030 654981
&& size_4000/random_tree_1 40483.506433 53048
&& size_4000/random_tree_2 33655.134238 77478
&& size_4000/random_tree_3 34704.054041 17147
&& size_4000/random_tree_4 93425.633008 12931
&& size_4000/random_tree_5 32648.124716 38985
&& size_50000/random_tree_1 495756.485262 950163
&& size_50000/random_tree_2 436258.302437 1319186
&& size_50000/random_tree_3 399910.637108 1421876
&& size_50000/random_tree_4 350933.226703 3059791
&& size_50000/random_tree_5 514262.285480 4659537
&& size_50000/random_tree_5 514262.285480 4672994
!! /work/kulagins/scheduler-homp2/real_Trees/random_trees/large_makespan_weights
!! 36proc_0,5-1-1,5-3.json
/work/kulagins/scheduler-homp2/real_Trees/random_trees/large_makespan_weights
&& size_10000/random_tree_1 4275.965519 119334
&& size_10000/random_tree_2 4377.611962 204877
&& size_10000/random_tree_3 1859.477792 62895
&& size_10000/random_tree_4 5112.985599 70587
&& size_10000/random_tree_5 2212.784308 356406
&& size_2000/random_tree_1 1495.306093 4531
&& size_2000/random_tree_2 1909.656552 4774
&& size_2000/random_tree_3 1449.286201 8863
&& size_2000/random_tree_4 1574.826958 7045
&& size_2000/random_tree_5 1774.584342 6479
&& size_20000/random_tree_1 2828.007840 662587
&& size_20000/random_tree_2 5905.609763 480267
&& size_20000/random_tree_3 3792.687592 403824
&& size_20000/random_tree_4 2860.947900 541831
&& size_20000/random_tree_5 3700.551191 149919
&& size_30000/random_tree_1 7588.904132 2114920
&& size_30000/random_tree_2 5753.705983 1622123
&& size_30000/random_tree_3 6285.447870 1555244
&& size_30000/random_tree_4 5215.101675 415353
&& size_30000/random_tree_5 4449.738535 2183947
&& size_4000/random_tree_1 2365.184090 18676
&& size_4000/random_tree_2 2340.399357 19332
&& size_4000/random_tree_3 2504.075864 20031
&& size_4000/random_tree_4 2379.645578 24387
&& size_4000/random_tree_5 2605.815193 15357
&& size_50000/random_tree_1 4768.970033 3541009
&& size_50000/random_tree_2 5446.103253 3560564
&& size_50000/random_tree_3 9572.912698 1035080
&& size_50000/random_tree_4 4807.132680 3876740
&& size_50000/random_tree_5 7165.256745 615741
&& size_50000/random_tree_5 7165.256745 610822
!! /work/kulagins/scheduler-homp2/real_Trees/random_trees/20_children
!! 36proc_0,5-1-1,5-3.json
/work/kulagins/scheduler-homp2/real_Trees/random_trees/20_children
&& size_10000/random_tree_1 2309.481187 14150
&& size_10000/random_tree_2 1491.727123 15521
&& size_10000/random_tree_3 1106.679389 13227
&& size_10000/random_tree_4 1711.828095 14786
&& size_10000/random_tree_5 1648.250790 19823
&& size_2000/random_tree_1 252.111182 1534
&& size_2000/random_tree_2 528.111061 1940
&& size_2000/random_tree_3 530.881805 1855
&& size_2000/random_tree_4 569.213774 1913
&& size_2000/random_tree_5 253.661229 2811
&& size_20000/random_tree_1 1675.950012 118508
&& size_20000/random_tree_2 1666.870020 109141
&& size_20000/random_tree_3 2969.169363 49282
&& size_20000/random_tree_4 1639.603063 266355
&& size_20000/random_tree_5 1702.656182 81934
&& size_30000/random_tree_1 3652.952390 201701
&& size_30000/random_tree_2 9257.950757 68011
&& size_30000/random_tree_3 3226.927303 58474
&& size_30000/random_tree_4 9356.692777 73897
&& size_30000/random_tree_5 3847.317452 196530
&& size_4000/random_tree_1 1125.996532 3715
&& size_4000/random_tree_2 1422.473740 4068
&& size_4000/random_tree_3 977.552977 4325
&& size_4000/random_tree_4 434.345766 3906
&& size_4000/random_tree_5 656.475639 3848
&& size_50000/random_tree_1 4016.637066 248174
&& size_50000/random_tree_2 4490.805460 290272
&& size_50000/random_tree_3 3756.609435 877875
&& size_50000/random_tree_4 4965.647704 234580
&& size_50000/random_tree_5 6945.961598 231473
&& size_50000/random_tree_5 6945.961598 232960
!! /work/kulagins/scheduler-homp2/real_Trees/random_trees/all_small
!! 36proc_0,5-1-1,5-3.json
/work/kulagins/scheduler-homp2/real_Trees/random_trees/all_small
&& size_10000/random_tree_1 185.635849 53659
&& size_10000/random_tree_2 59.987172 86112
&& size_10000/random_tree_3 72.082036 94134
&& size_10000/random_tree_4 97.985759 87127
&& size_10000/random_tree_5 72.422588 56008
&& size_2000/random_tree_1 21.284849 8334
&& size_2000/random_tree_2 24.303536 5781
&& size_2000/random_tree_3 19.271564 6554
&& size_2000/random_tree_4 16.182306 7753
&& size_2000/random_tree_5 34.482849 4537
&& size_20000/random_tree_1 165.119334 275621
&& size_20000/random_tree_2 132.186138 200796
&& size_20000/random_tree_3 176.920500 225998
&& size_20000/random_tree_4 154.209802 187409
&& size_20000/random_tree_5 166.029096 296268
&& size_30000/random_tree_1 276.278692 331608
&& size_30000/random_tree_2 222.290736 318406
&& size_30000/random_tree_3 175.817383 602070
&& size_30000/random_tree_4 209.081879 268747
&& size_30000/random_tree_5 214.683289 578663
&& size_4000/random_tree_1 65.187245 11505
&& size_4000/random_tree_2 27.064124 24597
&& size_4000/random_tree_3 35.042690 18395
&& size_4000/random_tree_4 26.763660 14214
&& size_4000/random_tree_5 33.318214 16612
&& size_50000/random_tree_1 368.627455 1111628
&& size_50000/random_tree_2 421.228402 1023168
&& size_50000/random_tree_3 442.402631 659276
&& size_50000/random_tree_4 497.474235 629001
&& size_50000/random_tree_5 407.707643 902909
&& size_50000/random_tree_5 407.707643 900444
!! /work/kulagins/scheduler-homp2/real_Trees/random_trees/large_node_weights
!! 36proc_0,5-1-1,5-3.json
/work/kulagins/scheduler-homp2/real_Trees/random_trees/large_node_weights
&& size_10000/random_tree_1 1821.499447 45124
&& size_10000/random_tree_2 784.424503 157821
&& size_10000/random_tree_3 677.906056 98903
&& size_10000/random_tree_4 648.833884 125787
&& size_10000/random_tree_5 949.196532 78831
&& size_2000/random_tree_1 209.015247 7671
&& size_2000/random_tree_2 321.752749 5495
&& size_2000/random_tree_3 340.574048 5114
&& size_2000/random_tree_4 696.142482 4233
&& size_2000/random_tree_5 137.210467 9000
&& size_20000/random_tree_1 2242.277767 540917
&& size_20000/random_tree_2 1637.330710 1066579
&& size_20000/random_tree_3 2273.475105 218084
&& size_20000/random_tree_4 1975.785904 431644
&& size_20000/random_tree_5 1576.836751 434988
&& size_30000/random_tree_1 1886.592455 792545
&& size_30000/random_tree_2 2030.421978 897757
&& size_30000/random_tree_3 2014.423369 769170
&& size_30000/random_tree_4 2869.662821 311083
&& size_30000/random_tree_5 2173.478684 699200
&& size_4000/random_tree_1 362.819058 17810
&& size_4000/random_tree_2 320.987182 27122
&& size_4000/random_tree_3 359.884158 20073
&& size_4000/random_tree_4 515.292028 17099
&& size_4000/random_tree_5 387.152856 12821
&& size_50000/random_tree_1 4304.496807 1080547
&& size_50000/random_tree_2 3387.955892 1770958
&& size_50000/random_tree_3 3866.266658 2017337
&& size_50000/random_tree_4 3459.813905 7011488
&& size_50000/random_tree_5 7767.469872 1474295
&& size_50000/random_tree_5 7767.469872 1481391
!! /work/kulagins/scheduler-homp2/real_Trees/random_trees/3_children
!! 36proc_0,5-1-1,5-3.json
/work/kulagins/scheduler-homp2/real_Trees/random_trees/3_children
&& size_10000/random_tree_1 1132.330582 81841
&& size_10000/random_tree_2 981.327973 58079
&& size_10000/random_tree_3 733.020476 55519
&& size_10000/random_tree_4 774.716801 39926
&& size_10000/random_tree_5 875.520628 88093
&& size_2000/random_tree_1 399.769419 4403
&& size_2000/random_tree_2 212.648653 4788
&& size_2000/random_tree_3 195.792914 11660
&& size_2000/random_tree_4 200.574231 4915
&& size_2000/random_tree_5 562.882483 2956
&& size_20000/random_tree_1 1808.154118 335852
&& size_20000/random_tree_2 1846.857697 507971
&& size_20000/random_tree_3 1536.089462 202696
&& size_20000/random_tree_4 1348.072607 136820
&& size_20000/random_tree_5 1116.661301 632852
&& size_30000/random_tree_1 2077.568865 367832
&& size_30000/random_tree_2 3740.634435 322921
&& size_30000/random_tree_3 2013.542652 222912
&& size_30000/random_tree_4 2718.044767 391453
&& size_30000/random_tree_5 3333.849141 132699
&& size_4000/random_tree_1 491.313705 7736
&& size_4000/random_tree_2 271.005163 10392
&& size_4000/random_tree_3 353.112455 33130
&& size_4000/random_tree_4 686.105638 7799
&& size_4000/random_tree_5 449.548261 17326
&& size_50000/random_tree_1 3025.628613 1711194
&& size_50000/random_tree_2 3450.245828 1237486
&& size_50000/random_tree_3 3157.083843 482266
&& size_50000/random_tree_4 3759.513955 420883
&& size_50000/random_tree_5 4769.077246 1450923
&& size_50000/random_tree_5 4769.077246 1435147
!! /work/kulagins/scheduler-homp2/real_Trees/random_trees/large_edge_weights
!! 36proc_0,5-1-1,5-3.json
/work/kulagins/scheduler-homp2/real_Trees/random_trees/large_edge_weights
&& size_10000/random_tree_1 70315.765644 132261
&& size_10000/random_tree_2 57892.378304 67936
&& size_10000/random_tree_3 91382.534019 60520
&& size_10000/random_tree_4 73519.996295 76314
&& size_10000/random_tree_5 67441.045285 145546
&& size_2000/random_tree_1 43473.695623 3818
&& size_2000/random_tree_2 26611.652487 4148
&& size_2000/random_tree_3 21119.579171 6579
&& size_2000/random_tree_4 17012.422075 10320
&& size_2000/random_tree_5 23010.617031 10584
&& size_20000/random_tree_1 154604.279066 667244
&& size_20000/random_tree_2 160573.940242 257041
&& size_20000/random_tree_3 119781.084302 440494
&& size_20000/random_tree_4 121324.003691 168181
&& size_20000/random_tree_5 165950.738840 519198
&& size_30000/random_tree_1 250874.759477 617434
&& size_30000/random_tree_2 275988.011177 651972
&& size_30000/random_tree_3 241312.715729 1004829
&& size_30000/random_tree_4 410096.298243 433601
&& size_30000/random_tree_5 239530.616959 713415
&& size_4000/random_tree_1 36820.655274 34751
&& size_4000/random_tree_2 45685.291202 61523
&& size_4000/random_tree_3 64964.045873 10238
&& size_4000/random_tree_4 140831.161266 10737
&& size_4000/random_tree_5 30680.873284 24030
&& size_50000/random_tree_1 392987.572658 723746
&& size_50000/random_tree_2 525026.016561 1728270
&& size_50000/random_tree_3 1293785.560118 1232557
&& size_50000/random_tree_4 331918.105251 4008533
&& size_50000/random_tree_5 344868.802834 3607705
&& size_50000/random_tree_5 344868.802834 3594375
!! /work/kulagins/scheduler-homp2/real_Trees/random_trees/10_children
!! 36proc-1-3.json
/work/kulagins/scheduler-homp2/real_Trees/random_trees/10_children
&& size_10000/random_tree_1 832.512985 22538
&& size_10000/random_tree_2 2553.650219 13565
&& size_10000/random_tree_3 932.864472 27391
&& size_10000/random_tree_4 1202.173370 25461
&& size_10000/random_tree_5 3952.595813 11184
&& size_2000/random_tree_1 533.845132 1750
&& size_2000/random_tree_2 564.094251 1727
&& size_2000/random_tree_3 405.894351 2252
&& size_2000/random_tree_4 345.768822 1789
&& size_2000/random_tree_5 478.669327 1894
&& size_20000/random_tree_1 1645.589490 77298
&& size_20000/random_tree_2 1963.687883 153862
&& size_20000/random_tree_3 1564.516868 61258
&& size_20000/random_tree_4 1972.627503 197934
&& size_20000/random_tree_5 1527.430256 133248
&& size_30000/random_tree_1 2635.378212 123963
&& size_30000/random_tree_2 2222.010887 239937
&& size_30000/random_tree_3 3159.648282 231249
&& size_30000/random_tree_4 8265.231515 138475
&& size_30000/random_tree_5 2309.465576 125380
&& size_4000/random_tree_1 977.184548 3973
&& size_4000/random_tree_2 372.704079 5592
&& size_4000/random_tree_3 742.461046 4977
&& size_4000/random_tree_4 1092.423968 3949
&& size_4000/random_tree_5 461.734034 9015
&& size_50000/random_tree_1 4755.461468 482316
&& size_50000/random_tree_2 6902.902119 309721
&& size_50000/random_tree_3 3350.759788 369516
&& size_50000/random_tree_4 4681.919341 226670
&& size_50000/random_tree_5 4260.496985 239119
&& size_50000/random_tree_5 4260.496985 239153
!! /work/kulagins/scheduler-homp2/real_Trees/random_trees/all_large
!! 36proc-1-3.json
/work/kulagins/scheduler-homp2/real_Trees/random_trees/all_large
&& size_10000/random_tree_1 80456.815622 91413
&& size_10000/random_tree_2 75104.984146 69817
&& size_10000/random_tree_3 83577.337111 42003
&& size_10000/random_tree_4 66041.553644 70467
&& size_10000/random_tree_5 106965.738215 90983
&& size_2000/random_tree_1 26083.886812 4554
&& size_2000/random_tree_2 27646.287583 5040
&& size_2000/random_tree_3 23572.915591 4855
&& size_2000/random_tree_4 27229.567899 7787
&& size_2000/random_tree_5 20396.646394 9144
&& size_20000/random_tree_1 169863.476082 412633
&& size_20000/random_tree_2 177552.760409 384165
&& size_20000/random_tree_3 163251.656049 316166
&& size_20000/random_tree_4 133927.994576 821055
&& size_20000/random_tree_5 292982.942137 214965
&& size_30000/random_tree_1 234322.476969 1057858
&& size_30000/random_tree_2 241958.078938 254815
&& size_30000/random_tree_3 257064.914369 345694
&& size_30000/random_tree_4 289406.655291 1533341
&& size_30000/random_tree_5 234198.186030 651779
&& size_4000/random_tree_1 40483.506433 52528
&& size_4000/random_tree_2 33655.134238 77863
&& size_4000/random_tree_3 34704.054041 17601
&& size_4000/random_tree_4 93425.633008 13375
&& size_4000/random_tree_5 32648.124716 39429
&& size_50000/random_tree_1 495756.485262 992506
&& size_50000/random_tree_2 436258.302437 1341974
&& size_50000/random_tree_3 399910.637108 1354367
&& size_50000/random_tree_4 350933.226703 3078859
&& size_50000/random_tree_5 514262.285480 4652688
&& size_50000/random_tree_5 514262.285480 4636018
!! /work/kulagins/scheduler-homp2/real_Trees/random_trees/large_makespan_weights
!! 36proc-1-3.json
/work/kulagins/scheduler-homp2/real_Trees/random_trees/large_makespan_weights
&& size_10000/random_tree_1 4275.965519 119820
&& size_10000/random_tree_2 4377.611962 205038
&& size_10000/random_tree_3 1859.477792 62862
&& size_10000/random_tree_4 5112.985599 70883
&& size_10000/random_tree_5 2212.784308 353739
&& size_2000/random_tree_1 1495.306093 4490
&& size_2000/random_tree_2 1909.656552 4786
&& size_2000/random_tree_3 1449.286201 8906
&& size_2000/random_tree_4 1574.826958 7085
&& size_2000/random_tree_5 1774.584342 6518
&& size_20000/random_tree_1 2828.007840 665445
&& size_20000/random_tree_2 5905.609763 482286
&& size_20000/random_tree_3 3792.687592 404003
&& size_20000/random_tree_4 2860.947900 539993
&& size_20000/random_tree_5 3700.551191 143436
&& size_30000/random_tree_1 7588.904132 2112205
&& size_30000/random_tree_2 5753.705983 1622623
&& size_30000/random_tree_3 6285.447870 1547583
&& size_30000/random_tree_4 5215.101675 407219
&& size_30000/random_tree_5 4449.738535 2185643
&& size_4000/random_tree_1 2365.184090 18837
&& size_4000/random_tree_2 2340.399357 19544
&& size_4000/random_tree_3 2504.075864 20284
&& size_4000/random_tree_4 2379.645578 24586
&& size_4000/random_tree_5 2605.815193 15541
&& size_50000/random_tree_1 4768.970033 3532700
&& size_50000/random_tree_2 5446.103253 3545088
&& size_50000/random_tree_3 9572.912698 1071420
&& size_50000/random_tree_4 4807.132680 3886966
&& size_50000/random_tree_5 7165.256745 639869
&& size_50000/random_tree_5 7165.256745 613405
!! /work/kulagins/scheduler-homp2/real_Trees/random_trees/20_children
!! 36proc-1-3.json
/work/kulagins/scheduler-homp2/real_Trees/random_trees/20_children
&& size_10000/random_tree_1 1896.388981 14004
&& size_10000/random_tree_2 1491.727123 15556
&& size_10000/random_tree_3 1106.679389 13220
&& size_10000/random_tree_4 1711.828095 14664
&& size_10000/random_tree_5 1648.250790 19814
&& size_2000/random_tree_1 208.707589 1593
&& size_2000/random_tree_2 434.362873 1526
&& size_2000/random_tree_3 409.240380 1554
&& size_2000/random_tree_4 450.549803 1600
&& size_2000/random_tree_5 253.661229 2808
&& size_20000/random_tree_1 1675.950012 119195
&& size_20000/random_tree_2 1666.870020 109315
&& size_20000/random_tree_3 2969.169363 49747
&& size_20000/random_tree_4 1639.603063 266095
&& size_20000/random_tree_5 1702.656182 82112
&& size_30000/random_tree_1 3652.952390 204829
&& size_30000/random_tree_2 7726.845405 65296
&& size_30000/random_tree_3 3226.927303 58979
&& size_30000/random_tree_4 7582.780391 76331
&& size_30000/random_tree_5 3847.317452 196983
&& size_4000/random_tree_1 976.776980 3828
&& size_4000/random_tree_2 1351.755708 3587
&& size_4000/random_tree_3 993.236332 3239
&& size_4000/random_tree_4 434.345766 3938
&& size_4000/random_tree_5 590.441375 3998
&& size_50000/random_tree_1 4016.637066 247444
&& size_50000/random_tree_2 4490.805460 289902
&& size_50000/random_tree_3 3756.609435 880164
&& size_50000/random_tree_4 4965.647704 235320
&& size_50000/random_tree_5 6945.961598 232004
&& size_50000/random_tree_5 6945.961598 231572
!! /work/kulagins/scheduler-homp2/real_Trees/random_trees/all_small
!! 36proc-1-3.json
/work/kulagins/scheduler-homp2/real_Trees/random_trees/all_small
&& size_10000/random_tree_1 185.635849 54224
&& size_10000/random_tree_2 59.987172 85567
&& size_10000/random_tree_3 72.082036 95369
&& size_10000/random_tree_4 97.985759 87631
&& size_10000/random_tree_5 72.422588 58379
&& size_2000/random_tree_1 21.284849 8384
&& size_2000/random_tree_2 24.303536 5802
&& size_2000/random_tree_3 19.271564 6631
&& size_2000/random_tree_4 16.182306 7884
&& size_2000/random_tree_5 34.482849 4655
&& size_20000/random_tree_1 165.119334 271652
&& size_20000/random_tree_2 132.186138 199034
&& size_20000/random_tree_3 176.920500 225411
&& size_20000/random_tree_4 154.209802 187386
&& size_20000/random_tree_5 166.029096 298334
&& size_30000/random_tree_1 276.278692 327842
&& size_30000/random_tree_2 222.290736 322514
&& size_30000/random_tree_3 175.817383 605246
&& size_30000/random_tree_4 209.081879 271444
&& size_30000/random_tree_5 214.683289 582560
&& size_4000/random_tree_1 65.187245 11729
&& size_4000/random_tree_2 27.064124 25269
&& size_4000/random_tree_3 35.042690 19195
&& size_4000/random_tree_4 26.763660 14605
&& size_4000/random_tree_5 33.318214 17429
&& size_50000/random_tree_1 368.627455 1113961
&& size_50000/random_tree_2 421.228402 1006901
&& size_50000/random_tree_3 442.402631 661064
&& size_50000/random_tree_4 497.474235 629274
&& size_50000/random_tree_5 407.707643 953663
&& size_50000/random_tree_5 407.707643 917167
!! /work/kulagins/scheduler-homp2/real_Trees/random_trees/large_node_weights
!! 36proc-1-3.json
/work/kulagins/scheduler-homp2/real_Trees/random_trees/large_node_weights
&& size_10000/random_tree_1 1821.499447 45310
&& size_10000/random_tree_2 784.424503 158038
&& size_10000/random_tree_3 677.906056 98949
&& size_10000/random_tree_4 648.833884 126904
&& size_10000/random_tree_5 949.196532 79191
&& size_2000/random_tree_1 209.015247 7716
&& size_2000/random_tree_2 321.752749 5484
&& size_2000/random_tree_3 340.574048 5144
&& size_2000/random_tree_4 632.305713 4456
&& size_2000/random_tree_5 137.210467 9137
&& size_20000/random_tree_1 2242.277767 542076
&& size_20000/random_tree_2 1637.330710 1066772
&& size_20000/random_tree_3 2273.475105 217904
&& size_20000/random_tree_4 1975.785904 432244
&& size_20000/random_tree_5 1576.836751 436417
&& size_30000/random_tree_1 1886.592455 784785
&& size_30000/random_tree_2 2030.421978 904630
&& size_30000/random_tree_3 2014.423369 771722
&& size_30000/random_tree_4 2869.662821 314282
&& size_30000/random_tree_5 2173.478684 697948
&& size_4000/random_tree_1 362.819058 18157
&& size_4000/random_tree_2 320.987182 27188
&& size_4000/random_tree_3 359.884158 20440
&& size_4000/random_tree_4 515.292028 17432
&& size_4000/random_tree_5 387.152856 12981
&& size_50000/random_tree_1 4304.496807 1081091
&& size_50000/random_tree_2 3387.955892 1772425
&& size_50000/random_tree_3 3866.266658 2022116
&& size_50000/random_tree_4 3459.813905 7031828
&& size_50000/random_tree_5 7767.469872 1479279
&& size_50000/random_tree_5 7767.469872 1484892
!! /work/kulagins/scheduler-homp2/real_Trees/random_trees/3_children
!! 36proc-1-3.json
/work/kulagins/scheduler-homp2/real_Trees/random_trees/3_children
&& size_10000/random_tree_1 1132.330582 82075
&& size_10000/random_tree_2 981.327973 57626
&& size_10000/random_tree_3 733.020476 55445
&& size_10000/random_tree_4 774.716801 39962
&& size_10000/random_tree_5 875.520628 87911
&& size_2000/random_tree_1 399.769419 4387
&& size_2000/random_tree_2 212.648653 4806
&& size_2000/random_tree_3 195.792914 11663
&& size_2000/random_tree_4 200.574231 4914
&& size_2000/random_tree_5 562.882483 2970
&& size_20000/random_tree_1 1808.154118 336012
&& size_20000/random_tree_2 1846.857697 507792
&& size_20000/random_tree_3 1536.089462 204404
&& size_20000/random_tree_4 1348.072607 137007
&& size_20000/random_tree_5 1116.661301 634268
&& size_30000/random_tree_1 2077.568865 367717
&& size_30000/random_tree_2 3740.634435 323861
&& size_30000/random_tree_3 2013.542652 222498
&& size_30000/random_tree_4 2718.044767 389067
&& size_30000/random_tree_5 3333.849141 132099
&& size_4000/random_tree_1 491.313705 7508
&& size_4000/random_tree_2 271.005163 9768
&& size_4000/random_tree_3 353.112455 32500
&& size_4000/random_tree_4 686.105638 7468
&& size_4000/random_tree_5 449.548261 16592
&& size_50000/random_tree_1 3025.628613 1717340
&& size_50000/random_tree_2 3450.245828 1243767
&& size_50000/random_tree_3 3157.083843 479205
&& size_50000/random_tree_4 3759.513955 420896
&& size_50000/random_tree_5 4769.077246 1445773
&& size_50000/random_tree_5 4769.077246 1435493
!! /work/kulagins/scheduler-homp2/real_Trees/random_trees/large_edge_weights
!! 36proc-1-3.json
/work/kulagins/scheduler-homp2/real_Trees/random_trees/large_edge_weights
&& size_10000/random_tree_1 70315.765644 131941
&& size_10000/random_tree_2 57892.378304 67045
&& size_10000/random_tree_3 91382.534019 60795
&& size_10000/random_tree_4 73519.996295 77710
&& size_10000/random_tree_5 67441.045285 147162
&& size_2000/random_tree_1 43473.695623 3801
&& size_2000/random_tree_2 26611.652487 4139
&& size_2000/random_tree_3 21119.579171 6664
&& size_2000/random_tree_4 17012.422075 10406
&& size_2000/random_tree_5 23010.617031 10601
&& size_20000/random_tree_1 154604.279066 675318
&& size_20000/random_tree_2 160573.940242 258063
&& size_20000/random_tree_3 119781.084302 442265
&& size_20000/random_tree_4 121324.003691 165921
&& size_20000/random_tree_5 165950.738840 517590
&& size_30000/random_tree_1 250874.759477 615313
&& size_30000/random_tree_2 275988.011177 645441
&& size_30000/random_tree_3 241312.715729 1009202
&& size_30000/random_tree_4 410096.298243 433547
&& size_30000/random_tree_5 239530.616959 718972
&& size_4000/random_tree_1 36820.655274 35104
&& size_4000/random_tree_2 45685.291202 61749
&& size_4000/random_tree_3 64964.045873 10204
&& size_4000/random_tree_4 140831.161266 10694
&& size_4000/random_tree_5 30680.873284 24360
&& size_50000/random_tree_1 392987.572658 701453
&& size_50000/random_tree_2 525026.016561 1765764
&& size_50000/random_tree_3 1293785.560118 1242645
&& size_50000/random_tree_4 331918.105251 4061440
&& size_50000/random_tree_5 344868.802834 3629383
&& size_50000/random_tree_5 344868.802834 3618791
