single tree
RS-36-asap.sh
asap only hetp
matrix
/work/kulagins/scheduler-homp2
!! 36proc_0,5-1-1,5-3.json
./real_Trees/trees/
&& dump.0.1.amd.Dehghani.light_in_tissue-1873.tree.nf 72513.208667 207763
&& dump.1.3.metis.IPSO.HTC_336_4438-2534.tree.nf 7522.370000 4434681
&& dump.1.4.metis.IPSO.HTC_336_4438-2534.tree.nf 15441.762000 4672446
&& dump.0.1.amd.Bova.rma10-374.tree.nf 353451.618667 1046631
&& dump.0.1.amd.IPSO.HTC_336_4438-2534.tree.nf 21477.953333 15376940
&& dump.0.1.amd.MaxPlanck.shallow_water1-2261.tree.nf 256363.909333 645856
&& dump.0.1.amd.QY.case39-2136.tree.nf 97387.253333 355274
&& dump.0.1.amd.TSOPF.TSOPF_RS_b300_c3-2239.tree.nf 970445.930000 1593056
&& dump.0.1.metis.Boeing.ct20stif-356.tree.nf 1349979.602000 1662939
&& dump.0.1.metis.Bova.rma10-374.tree.nf 106047.928667 637823
&& dump.0.1.metis.CPM.cz40948-2567.tree.nf 762.544000 214504
&& dump.0.1.metis.DNVS.shipsec5-1280.tree.nf 17655794.032000 31649323
&& dump.0.1.metis.FEMLAB.sme3Dc-932.tree.nf 1398463.820000 1350215
&& dump.0.1.metis.Goodwin.rim-447.tree.nf 16977.932000 294289
&& dump.0.1.metis.HVDC.hvdc2-1875.tree.nf 6198.684667 1540800
&& dump.0.1.metis.Schenk_IBMSDS.matrix_9-959.tree.nf 31986717.862667 13373347
&& dump.0.1.metis.Schmid.thermal1-1402.tree.nf 32542.193333 2952022
&& dump.0.1.metis.Shyy.shyy161-809.tree.nf 57437.241333 2040100
&& dump.0.1.metis.Wang.wang4-833.tree.nf 925189.228000 800643
&& dump.0.1.metis.Watson.Baumann-1855.tree.nf 3272358.380667 15589360
&& dump.1.1.amd.QY.case39-2136.tree.nf 134438.893333 143417
&& dump.1.1.metis.CPM.cz40948-2567.tree.nf 763.014667 88882
&& dump.1.1.metis.IPSO.HTC_336_4438-2534.tree.nf 6784.776000 4861239
&& dump.1.2.amd.QY.case39-2136.tree.nf 135330.644667 55283
&& dump.1.3.amd.QY.case39-2136.tree.nf 138716.591333 23455
&& dump.1.3.metis.Schenk_IBMNA.c-big-1579.tree.nf 41114477.398000 491481
&& dump.1.4.metis.Schenk_IBMNA.c-big-1579.tree.nf 41342717.911334 291289
&& dump.0.1.metis.Mancktelow.viscorocks-1879.tree.nf 49872.569333 664769
&& dump.0.1.metis.Mancktelow.viscorocks-1879.tree.nf 49872.569333 757842
!! 36proc-1-3.json
./real_Trees/trees/
&& dump.0.1.amd.Dehghani.light_in_tissue-1873.tree.nf 72513.208667 215076
&& dump.1.3.metis.IPSO.HTC_336_4438-2534.tree.nf 7522.370000 4318446
&& dump.1.4.metis.IPSO.HTC_336_4438-2534.tree.nf 15441.762000 4658062
&& dump.0.1.amd.Bova.rma10-374.tree.nf 353451.618667 987525
&& dump.0.1.amd.IPSO.HTC_336_4438-2534.tree.nf 21477.953333 15341648
&& dump.0.1.amd.MaxPlanck.shallow_water1-2261.tree.nf 256363.909333 645935
&& dump.0.1.amd.QY.case39-2136.tree.nf 97387.253333 350535
&& dump.0.1.amd.TSOPF.TSOPF_RS_b300_c3-2239.tree.nf 970445.930000 1562703
&& dump.0.1.metis.Boeing.ct20stif-356.tree.nf 1349979.602000 1627899
&& dump.0.1.metis.Bova.rma10-374.tree.nf 106047.928667 632011
&& dump.0.1.metis.CPM.cz40948-2567.tree.nf 762.544000 118607
&& dump.0.1.metis.DNVS.shipsec5-1280.tree.nf 17655794.032000 29392593
&& dump.0.1.metis.FEMLAB.sme3Dc-932.tree.nf 1398463.820000 1353060
&& dump.0.1.metis.Goodwin.rim-447.tree.nf 15676.748000 269607
&& dump.0.1.metis.HVDC.hvdc2-1875.tree.nf 6198.684667 1418101
&& dump.0.1.metis.Schenk_IBMSDS.matrix_9-959.tree.nf 31986717.862667 13207930
&& dump.0.1.metis.Schmid.thermal1-1402.tree.nf 32542.193333 2707033
&& dump.0.1.metis.Shyy.shyy161-809.tree.nf 57437.241333 1642213
&& dump.0.1.metis.Wang.wang4-833.tree.nf 925189.228000 601788
&& dump.0.1.metis.Watson.Baumann-1855.tree.nf 3272358.380667 12925961
&& dump.1.1.amd.QY.case39-2136.tree.nf 134438.893333 66042
&& dump.1.1.metis.CPM.cz40948-2567.tree.nf 763.014667 54348
&& dump.1.1.metis.IPSO.HTC_336_4438-2534.tree.nf 6784.776000 4778961
&& dump.1.2.amd.QY.case39-2136.tree.nf 135330.644667 42628
&& dump.1.3.amd.QY.case39-2136.tree.nf 138716.591333 21453
&& dump.1.3.metis.Schenk_IBMNA.c-big-1579.tree.nf 41114477.398000 444212
&& dump.1.4.metis.Schenk_IBMNA.c-big-1579.tree.nf 41342717.911334 268719
&& dump.0.1.metis.Mancktelow.viscorocks-1879.tree.nf 49872.569333 572992
&& dump.0.1.metis.Mancktelow.viscorocks-1879.tree.nf 49872.569333 603155
normal random
!! 36proc_0,5-1-1,5-3.json
./real_Trees/random_trees/old_trees/
&& size_10000/random_tree_1 734.553660 157842
&& size_10000/random_tree_2 1121.104845 123090
&& size_10000/random_tree_3 843.869137 86855
&& size_10000/random_tree_4 619.245370 164025
&& size_10000/random_tree_5 1071.537504 132010
&& size_2000/random_tree_1 258.950223 5305
&& size_2000/random_tree_2 459.939008 3555
&& size_2000/random_tree_3 198.931335 8058
&& size_2000/random_tree_4 189.764836 6609
&& size_2000/random_tree_5 188.140906 12961
&& size_20000/random_tree_1 1605.716285 968005
&& size_20000/random_tree_2 1594.609909 460297
&& size_20000/random_tree_3 1469.865971 250740
&& size_20000/random_tree_4 1545.713494 304310
&& size_20000/random_tree_5 1588.011776 376241
&& size_30000/random_tree_1 1996.327865 1523327
&& size_30000/random_tree_2 2573.902174 1139691
&& size_30000/random_tree_3 2456.325719 1958360
&& size_30000/random_tree_4 2586.016136 573898
&& size_30000/random_tree_5 2449.380287 295843
&& size_4000/random_tree_1 277.328984 15607
&& size_4000/random_tree_2 921.660448 17467
&& size_4000/random_tree_3 976.920127 14881
&& size_4000/random_tree_4 473.633716 23718
&& size_4000/random_tree_5 409.236876 22064
&& size_50000/random_tree_1 4333.330397 2650333
&& size_50000/random_tree_2 3563.460562 2763920
&& size_50000/random_tree_3 3426.026922 2115719
&& size_50000/random_tree_4 5033.315887 2166314
&& size_50000/random_tree_5 2708.915569 1814017
&& size_50000/random_tree_5 2708.915569 1842858
!! 36proc-1-3.json
./real_Trees/random_trees/old_trees/
&& size_10000/random_tree_1 734.553660 157937
&& size_10000/random_tree_2 1121.104845 124341
&& size_10000/random_tree_3 843.869137 87267
&& size_10000/random_tree_4 619.245370 165286
&& size_10000/random_tree_5 1071.537504 132794
&& size_2000/random_tree_1 258.950223 5350
&& size_2000/random_tree_2 459.939008 3580
&& size_2000/random_tree_3 198.931335 8123
&& size_2000/random_tree_4 189.764836 6638
&& size_2000/random_tree_5 188.140906 13090
&& size_20000/random_tree_1 1605.716285 975291
&& size_20000/random_tree_2 1594.609909 463168
&& size_20000/random_tree_3 1469.865971 251112
&& size_20000/random_tree_4 1545.713494 308252
&& size_20000/random_tree_5 1588.011776 378224
&& size_30000/random_tree_1 1996.327865 1558748
&& size_30000/random_tree_2 2573.902174 1138037
&& size_30000/random_tree_3 2456.325719 1960780
&& size_30000/random_tree_4 2586.016136 579262
&& size_30000/random_tree_5 2449.380287 298402
&& size_4000/random_tree_1 277.328984 15939
&& size_4000/random_tree_2 921.660448 17748
&& size_4000/random_tree_3 976.920127 15275
&& size_4000/random_tree_4 473.633716 24144
&& size_4000/random_tree_5 409.236876 22715
&& size_50000/random_tree_1 4333.330397 2698474
&& size_50000/random_tree_2 3563.460562 2780598
&& size_50000/random_tree_3 3426.026922 2146567
&& size_50000/random_tree_4 5033.315887 2252975
&& size_50000/random_tree_5 2708.915569 1855215
&& size_50000/random_tree_5 2708.915569 1837424
/work/kulagins/scheduler-homp2
/work/kulagins/scheduler-homp2/real_Trees/random_trees
!! /work/kulagins/scheduler-homp2/real_Trees/random_trees/10_children
!! 36proc_0,5-1-1,5-3.json
/work/kulagins/scheduler-homp2/real_Trees/random_trees/10_children
&& size_10000/random_tree_1 832.512985 22806
&& size_10000/random_tree_2 3163.474802 16923
&& size_10000/random_tree_3 932.864472 28014
&& size_10000/random_tree_4 1202.173370 25831
&& size_10000/random_tree_5 4751.774607 14411
&& size_2000/random_tree_1 584.259103 1774
&& size_2000/random_tree_2 670.731592 1811
&& size_2000/random_tree_3 405.894351 2287
&& size_2000/random_tree_4 345.768822 1827
&& size_2000/random_tree_5 478.669327 1936
&& size_20000/random_tree_1 1645.589490 78902
&& size_20000/random_tree_2 1963.687883 155418
&& size_20000/random_tree_3 1564.516868 62665
&& size_20000/random_tree_4 1972.627503 202192
&& size_20000/random_tree_5 1527.430256 136788
&& size_30000/random_tree_1 2635.378212 127450
&& size_30000/random_tree_2 2222.010887 247043
&& size_30000/random_tree_3 3159.648282 239093
&& size_30000/random_tree_4 8253.073946 148191
&& size_30000/random_tree_5 2309.465576 128192
&& size_4000/random_tree_1 1257.403674 4072
&& size_4000/random_tree_2 372.704079 5770
&& size_4000/random_tree_3 742.461046 5130
&& size_4000/random_tree_4 1362.619160 4164
&& size_4000/random_tree_5 461.734034 9232
&& size_50000/random_tree_1 4755.461468 502656
&& size_50000/random_tree_2 7583.615886 314314
&& size_50000/random_tree_3 3350.759788 382742
&& size_50000/random_tree_4 4681.919341 236818
&& size_50000/random_tree_5 4260.496985 250349
&& size_50000/random_tree_5 4260.496985 254429
!! /work/kulagins/scheduler-homp2/real_Trees/random_trees/all_large
!! 36proc_0,5-1-1,5-3.json
/work/kulagins/scheduler-homp2/real_Trees/random_trees/all_large
&& size_10000/random_tree_1 80456.815622 93758
&& size_10000/random_tree_2 75104.984146 71896
&& size_10000/random_tree_3 83577.337111 41830
&& size_10000/random_tree_4 66041.553644 70545
&& size_10000/random_tree_5 106965.738215 91755
&& size_2000/random_tree_1 26083.886812 4564
&& size_2000/random_tree_2 27646.287583 5068
&& size_2000/random_tree_3 23572.915591 4844
&& size_2000/random_tree_4 27229.567899 7799
&& size_2000/random_tree_5 20396.646394 9068
&& size_20000/random_tree_1 169863.476082 424777
&& size_20000/random_tree_2 177552.760409 388125
&& size_20000/random_tree_3 163251.656049 318886
&& size_20000/random_tree_4 133927.994576 843097
&& size_20000/random_tree_5 292982.942137 220847
&& size_30000/random_tree_1 234322.476969 1113275
&& size_30000/random_tree_2 241958.078938 281797
&& size_30000/random_tree_3 257064.914369 373419
&& size_30000/random_tree_4 289406.655291 1612703
&& size_30000/random_tree_5 234198.186030 708869
&& size_4000/random_tree_1 40483.506433 55328
&& size_4000/random_tree_2 33655.134238 79606
&& size_4000/random_tree_3 34704.054041 18960
&& size_4000/random_tree_4 93425.633008 14437
&& size_4000/random_tree_5 32648.124716 40840
&& size_50000/random_tree_1 495756.485262 1182812
&& size_50000/random_tree_2 436258.302437 1704007
&& size_50000/random_tree_3 399910.637108 1716002
&& size_50000/random_tree_4 350933.226703 3447829
&& size_50000/random_tree_5 514262.285480 5304372
&& size_50000/random_tree_5 514262.285480 5306018
!! /work/kulagins/scheduler-homp2/real_Trees/random_trees/large_makespan_weights
!! 36proc_0,5-1-1,5-3.json
/work/kulagins/scheduler-homp2/real_Trees/random_trees/large_makespan_weights
&& size_10000/random_tree_1 4275.965519 120981
&& size_10000/random_tree_2 4377.611962 206996
&& size_10000/random_tree_3 1859.477792 63823
&& size_10000/random_tree_4 5112.985599 71724
&& size_10000/random_tree_5 2212.784308 363080
&& size_2000/random_tree_1 1495.306093 4567
&& size_2000/random_tree_2 1909.656552 4800
&& size_2000/random_tree_3 1449.286201 8910
&& size_2000/random_tree_4 1574.826958 7109
&& size_2000/random_tree_5 1774.584342 6512
&& size_20000/random_tree_1 2828.007840 676526
&& size_20000/random_tree_2 5905.609763 493267
&& size_20000/random_tree_3 3792.687592 415061
&& size_20000/random_tree_4 2860.947900 559932
&& size_20000/random_tree_5 3700.551191 156760
&& size_30000/random_tree_1 7588.904132 2195186
&& size_30000/random_tree_2 5753.705983 1697266
&& size_30000/random_tree_3 6285.447870 1639400
&& size_30000/random_tree_4 5215.101675 455109
&& size_30000/random_tree_5 4449.738535 2316688
&& size_4000/random_tree_1 2365.184090 20587
&& size_4000/random_tree_2 2340.399357 21240
&& size_4000/random_tree_3 2504.075864 21844
&& size_4000/random_tree_4 2379.645578 26296
&& size_4000/random_tree_5 2605.815193 17204
&& size_50000/random_tree_1 4768.970033 3997651
&& size_50000/random_tree_2 5446.103253 3952907
&& size_50000/random_tree_3 9572.912698 1266060
&& size_50000/random_tree_4 4807.132680 4371531
&& size_50000/random_tree_5 7165.256745 907871
&& size_50000/random_tree_5 7165.256745 906451
!! /work/kulagins/scheduler-homp2/real_Trees/random_trees/20_children
!! 36proc_0,5-1-1,5-3.json
/work/kulagins/scheduler-homp2/real_Trees/random_trees/20_children
&& size_10000/random_tree_1 2309.481187 14357
&& size_10000/random_tree_2 1491.727123 15656
&& size_10000/random_tree_3 1106.679389 13282
&& size_10000/random_tree_4 1711.828095 15002
&& size_10000/random_tree_5 1648.250790 20180
&& size_2000/random_tree_1 252.111182 1561
&& size_2000/random_tree_2 528.111061 1976
&& size_2000/random_tree_3 530.881805 1894
&& size_2000/random_tree_4 569.213774 1964
&& size_2000/random_tree_5 253.661229 2881
&& size_20000/random_tree_1 1675.950012 121296
&& size_20000/random_tree_2 1666.870020 110464
&& size_20000/random_tree_3 2969.169363 50169
&& size_20000/random_tree_4 1639.603063 272397
&& size_20000/random_tree_5 1702.656182 83658
&& size_30000/random_tree_1 3652.952390 208359
&& size_30000/random_tree_2 9257.950757 68577
&& size_30000/random_tree_3 3226.927303 59171
&& size_30000/random_tree_4 9356.692777 75328
&& size_30000/random_tree_5 3847.317452 201127
&& size_4000/random_tree_1 1125.996532 3779
&& size_4000/random_tree_2 1422.473740 4088
&& size_4000/random_tree_3 977.552977 4357
&& size_4000/random_tree_4 434.345766 3880
&& size_4000/random_tree_5 656.475639 3823
&& size_50000/random_tree_1 4016.637066 258428
&& size_50000/random_tree_2 4490.805460 302348
&& size_50000/random_tree_3 3756.609435 911658
&& size_50000/random_tree_4 4965.647704 244198
&& size_50000/random_tree_5 6945.961598 239389
&& size_50000/random_tree_5 6945.961598 240311
!! /work/kulagins/scheduler-homp2/real_Trees/random_trees/all_small
!! 36proc_0,5-1-1,5-3.json
/work/kulagins/scheduler-homp2/real_Trees/random_trees/all_small
&& size_10000/random_tree_1 185.635849 54486
&& size_10000/random_tree_2 59.987172 86972
&& size_10000/random_tree_3 72.082036 94851
&& size_10000/random_tree_4 97.985759 88147
&& size_10000/random_tree_5 72.422588 57220
&& size_2000/random_tree_1 21.284849 8370
&& size_2000/random_tree_2 24.303536 5821
&& size_2000/random_tree_3 19.271564 6585
&& size_2000/random_tree_4 16.182306 7841
&& size_2000/random_tree_5 34.482849 4556
&& size_20000/random_tree_1 165.119334 281678
&& size_20000/random_tree_2 132.186138 205980
&& size_20000/random_tree_3 176.920500 231052
&& size_20000/random_tree_4 154.209802 194391
&& size_20000/random_tree_5 166.029096 306927
&& size_30000/random_tree_1 276.278692 347032
&& size_30000/random_tree_2 222.290736 349165
&& size_30000/random_tree_3 175.817383 652826
&& size_30000/random_tree_4 209.081879 315791
&& size_30000/random_tree_5 214.683289 626463
&& size_4000/random_tree_1 65.187245 11964
&& size_4000/random_tree_2 27.064124 25367
&& size_4000/random_tree_3 35.042690 18729
&& size_4000/random_tree_4 26.763660 14111
&& size_4000/random_tree_5 33.318214 17028
&& size_50000/random_tree_1 368.627455 1480661
&& size_50000/random_tree_2 421.228402 1380743
&& size_50000/random_tree_3 442.402631 908879
&& size_50000/random_tree_4 497.474235 873499
&& size_50000/random_tree_5 407.707643 1138743
&& size_50000/random_tree_5 407.707643 1159484
!! /work/kulagins/scheduler-homp2/real_Trees/random_trees/large_node_weights
!! 36proc_0,5-1-1,5-3.json
/work/kulagins/scheduler-homp2/real_Trees/random_trees/large_node_weights
&& size_10000/random_tree_1 1821.499447 45780
&& size_10000/random_tree_2 784.424503 158918
&& size_10000/random_tree_3 677.906056 100222
&& size_10000/random_tree_4 648.833884 127229
&& size_10000/random_tree_5 949.196532 80610
&& size_2000/random_tree_1 209.015247 7681
&& size_2000/random_tree_2 321.752749 5491
&& size_2000/random_tree_3 340.574048 5122
&& size_2000/random_tree_4 696.142482 4245
&& size_2000/random_tree_5 137.210467 9076
&& size_20000/random_tree_1 2242.277767 556050
&& size_20000/random_tree_2 1637.330710 1100341
&& size_20000/random_tree_3 2273.475105 224901
&& size_20000/random_tree_4 1975.785904 444831
&& size_20000/random_tree_5 1576.836751 447790
&& size_30000/random_tree_1 1886.592455 836296
&& size_30000/random_tree_2 2030.421978 961993
&& size_30000/random_tree_3 2014.423369 828477
&& size_30000/random_tree_4 2869.662821 333868
&& size_30000/random_tree_5 2173.478684 744816
&& size_4000/random_tree_1 362.819058 18856
&& size_4000/random_tree_2 320.987182 28234
&& size_4000/random_tree_3 359.884158 21489
&& size_4000/random_tree_4 515.292028 18087
&& size_4000/random_tree_5 387.152856 13388
&& size_50000/random_tree_1 4304.496807 1400964
&& size_50000/random_tree_2 3387.955892 2038905
&& size_50000/random_tree_3 3866.266658 2290715
&& size_50000/random_tree_4 3459.813905 7617313
&& size_50000/random_tree_5 7767.469872 1748940
&& size_50000/random_tree_5 7767.469872 1745298
!! /work/kulagins/scheduler-homp2/real_Trees/random_trees/3_children
!! 36proc_0,5-1-1,5-3.json
/work/kulagins/scheduler-homp2/real_Trees/random_trees/3_children
&& size_10000/random_tree_1 1132.330582 81743
&& size_10000/random_tree_2 981.327973 58030
&& size_10000/random_tree_3 733.020476 55713
&& size_10000/random_tree_4 774.716801 40302
&& size_10000/random_tree_5 875.520628 88247
&& size_2000/random_tree_1 399.769419 4429
&& size_2000/random_tree_2 212.648653 4812
&& size_2000/random_tree_3 195.792914 11728
&& size_2000/random_tree_4 200.574231 4941
&& size_2000/random_tree_5 562.882483 2979
&& size_20000/random_tree_1 1808.154118 341212
&& size_20000/random_tree_2 1846.857697 522123
&& size_20000/random_tree_3 1536.089462 205689
&& size_20000/random_tree_4 1348.072607 137505
&& size_20000/random_tree_5 1116.661301 654370
&& size_30000/random_tree_1 2077.568865 372837
&& size_30000/random_tree_2 3740.634435 334193
&& size_30000/random_tree_3 2013.542652 232564
&& size_30000/random_tree_4 2718.044767 400458
&& size_30000/random_tree_5 3333.849141 142020
&& size_4000/random_tree_1 491.313705 7810
&& size_4000/random_tree_2 271.005163 10575
&& size_4000/random_tree_3 353.112455 33353
&& size_4000/random_tree_4 686.105638 7814
&& size_4000/random_tree_5 449.548261 17451
&& size_50000/random_tree_1 3025.628613 1774563
&& size_50000/random_tree_2 3450.245828 1322752
&& size_50000/random_tree_3 3157.083843 504125
&& size_50000/random_tree_4 3759.513955 436050
&& size_50000/random_tree_5 4769.077246 1506497
&& size_50000/random_tree_5 4769.077246 1503870
!! /work/kulagins/scheduler-homp2/real_Trees/random_trees/large_edge_weights
!! 36proc_0,5-1-1,5-3.json
/work/kulagins/scheduler-homp2/real_Trees/random_trees/large_edge_weights
&& size_10000/random_tree_1 70315.765644 132646
&& size_10000/random_tree_2 57892.378304 68814
&& size_10000/random_tree_3 91382.534019 62181
&& size_10000/random_tree_4 73519.996295 77444
&& size_10000/random_tree_5 67441.045285 146735
&& size_2000/random_tree_1 43473.695623 3834
&& size_2000/random_tree_2 26611.652487 4139
&& size_2000/random_tree_3 21119.579171 6607
&& size_2000/random_tree_4 17012.422075 10387
&& size_2000/random_tree_5 23010.617031 10669
&& size_20000/random_tree_1 154604.279066 681744
&& size_20000/random_tree_2 160573.940242 265120
&& size_20000/random_tree_3 119781.084302 450908
&& size_20000/random_tree_4 121324.003691 175612
&& size_20000/random_tree_5 165950.738840 529754
&& size_30000/random_tree_1 250874.759477 647366
&& size_30000/random_tree_2 275988.011177 674447
&& size_30000/random_tree_3 241312.715729 1048311
&& size_30000/random_tree_4 410096.298243 460529
&& size_30000/random_tree_5 239530.616959 746928
&& size_4000/random_tree_1 36820.655274 36609
&& size_4000/random_tree_2 45685.291202 62570
&& size_4000/random_tree_3 64964.045873 10870
&& size_4000/random_tree_4 140831.161266 11066
&& size_4000/random_tree_5 30680.873284 25144
&& size_50000/random_tree_1 392987.572658 1036117
&& size_50000/random_tree_2 525026.016561 2135995
&& size_50000/random_tree_3 1293785.560118 1449348
&& size_50000/random_tree_4 331918.105251 4604367
&& size_50000/random_tree_5 344868.802834 4025194
&& size_50000/random_tree_5 344868.802834 4062112
!! /work/kulagins/scheduler-homp2/real_Trees/random_trees/10_children
!! 36proc-1-3.json
/work/kulagins/scheduler-homp2/real_Trees/random_trees/10_children
&& size_10000/random_tree_1 832.512985 22836
&& size_10000/random_tree_2 2553.650219 14008
&& size_10000/random_tree_3 932.864472 27663
&& size_10000/random_tree_4 1202.173370 25582
&& size_10000/random_tree_5 3952.595813 11426
&& size_2000/random_tree_1 533.845132 1782
&& size_2000/random_tree_2 564.094251 1753
&& size_2000/random_tree_3 405.894351 2282
&& size_2000/random_tree_4 345.768822 1823
&& size_2000/random_tree_5 478.669327 1936
&& size_20000/random_tree_1 1645.589490 79305
&& size_20000/random_tree_2 1963.687883 155812
&& size_20000/random_tree_3 1564.516868 62060
&& size_20000/random_tree_4 1972.627503 202283
&& size_20000/random_tree_5 1527.430256 135621
&& size_30000/random_tree_1 2635.378212 127219
&& size_30000/random_tree_2 2222.010887 246492
&& size_30000/random_tree_3 3159.648282 237424
&& size_30000/random_tree_4 8265.231515 140518
&& size_30000/random_tree_5 2309.465576 127248
&& size_4000/random_tree_1 977.184548 4092
&& size_4000/random_tree_2 372.704079 5727
&& size_4000/random_tree_3 742.461046 5098
&& size_4000/random_tree_4 1092.423968 4036
&& size_4000/random_tree_5 461.734034 9188
&& size_50000/random_tree_1 4755.461468 503219
&& size_50000/random_tree_2 6902.902119 315686
&& size_50000/random_tree_3 3350.759788 383986
&& size_50000/random_tree_4 4681.919341 238248
&& size_50000/random_tree_5 4260.496985 251662
&& size_50000/random_tree_5 4260.496985 257415
!! /work/kulagins/scheduler-homp2/real_Trees/random_trees/all_large
!! 36proc-1-3.json
/work/kulagins/scheduler-homp2/real_Trees/random_trees/all_large
&& size_10000/random_tree_1 80456.815622 92722
&& size_10000/random_tree_2 75104.984146 70764
&& size_10000/random_tree_3 83577.337111 42292
&& size_10000/random_tree_4 66041.553644 71145
&& size_10000/random_tree_5 106965.738215 92035
&& size_2000/random_tree_1 26083.886812 4559
&& size_2000/random_tree_2 27646.287583 5045
&& size_2000/random_tree_3 23572.915591 4846
&& size_2000/random_tree_4 27229.567899 7743
&& size_2000/random_tree_5 20396.646394 9032
&& size_20000/random_tree_1 169863.476082 421899
&& size_20000/random_tree_2 177552.760409 389349
&& size_20000/random_tree_3 163251.656049 321153
&& size_20000/random_tree_4 133927.994576 838808
&& size_20000/random_tree_5 292982.942137 220338
&& size_30000/random_tree_1 234322.476969 1108395
&& size_30000/random_tree_2 241958.078938 284120
&& size_30000/random_tree_3 257064.914369 380634
&& size_30000/random_tree_4 289406.655291 1609604
&& size_30000/random_tree_5 234198.186030 703491
&& size_4000/random_tree_1 40483.506433 54549
&& size_4000/random_tree_2 33655.134238 78258
&& size_4000/random_tree_3 34704.054041 17962
&& size_4000/random_tree_4 93425.633008 13259
&& size_4000/random_tree_5 32648.124716 39770
&& size_50000/random_tree_1 495756.485262 1272550
&& size_50000/random_tree_2 436258.302437 1758975
&& size_50000/random_tree_3 399910.637108 1735777
&& size_50000/random_tree_4 350933.226703 3463689
&& size_50000/random_tree_5 514262.285480 5320449
&& size_50000/random_tree_5 514262.285480 5188891
!! /work/kulagins/scheduler-homp2/real_Trees/random_trees/large_makespan_weights
!! 36proc-1-3.json
/work/kulagins/scheduler-homp2/real_Trees/random_trees/large_makespan_weights
&& size_10000/random_tree_1 4275.965519 120185
&& size_10000/random_tree_2 4377.611962 205370
&& size_10000/random_tree_3 1859.477792 63344
&& size_10000/random_tree_4 5112.985599 71481
&& size_10000/random_tree_5 2212.784308 359803
&& size_2000/random_tree_1 1495.306093 4555
&& size_2000/random_tree_2 1909.656552 4806
&& size_2000/random_tree_3 1449.286201 8993
&& size_2000/random_tree_4 1574.826958 7184
&& size_2000/random_tree_5 1774.584342 6565
&& size_20000/random_tree_1 2828.007840 680918
&& size_20000/random_tree_2 5905.609763 500317
&& size_20000/random_tree_3 3792.687592 414419
&& size_20000/random_tree_4 2860.947900 563005
&& size_20000/random_tree_5 3700.551191 153750
&& size_30000/random_tree_1 7588.904132 2181097
&& size_30000/random_tree_2 5753.705983 1714089
&& size_30000/random_tree_3 6285.447870 1572928
&& size_30000/random_tree_4 5215.101675 419773
&& size_30000/random_tree_5 4449.738535 2228701
&& size_4000/random_tree_1 2365.184090 20115
&& size_4000/random_tree_2 2340.399357 21090
&& size_4000/random_tree_3 2504.075864 21681
&& size_4000/random_tree_4 2379.645578 25726
&& size_4000/random_tree_5 2605.815193 16804
&& size_50000/random_tree_1 4768.970033 3712324
&& size_50000/random_tree_2 5446.103253 3803662
&& size_50000/random_tree_3 9572.912698 1251046
&& size_50000/random_tree_4 4807.132680 4068275
&& size_50000/random_tree_5 7165.256745 726744
&& size_50000/random_tree_5 7165.256745 715114
!! /work/kulagins/scheduler-homp2/real_Trees/random_trees/20_children
!! 36proc-1-3.json
/work/kulagins/scheduler-homp2/real_Trees/random_trees/20_children
&& size_10000/random_tree_1 1896.388981 13762
&& size_10000/random_tree_2 1491.727123 15417
&& size_10000/random_tree_3 1106.679389 13062
&& size_10000/random_tree_4 1711.828095 14517
&& size_10000/random_tree_5 1648.250790 19741
&& size_2000/random_tree_1 208.707589 1599
&& size_2000/random_tree_2 434.362873 1531
&& size_2000/random_tree_3 409.240380 1564
&& size_2000/random_tree_4 450.549803 1611
&& size_2000/random_tree_5 253.661229 2808
&& size_20000/random_tree_1 1675.950012 119066
&& size_20000/random_tree_2 1666.870020 108830
&& size_20000/random_tree_3 2969.169363 49151
&& size_20000/random_tree_4 1639.603063 266757
&& size_20000/random_tree_5 1702.656182 82990
&& size_30000/random_tree_1 3652.952390 202326
&& size_30000/random_tree_2 7726.845405 65134
&& size_30000/random_tree_3 3226.927303 58117
&& size_30000/random_tree_4 7582.780391 76229
&& size_30000/random_tree_5 3847.317452 195478
&& size_4000/random_tree_1 976.776980 3893
&& size_4000/random_tree_2 1351.755708 3582
&& size_4000/random_tree_3 993.236332 3158
&& size_4000/random_tree_4 434.345766 3862
&& size_4000/random_tree_5 590.441375 3919
&& size_50000/random_tree_1 4016.637066 250191
&& size_50000/random_tree_2 4490.805460 296353
&& size_50000/random_tree_3 3756.609435 892943
&& size_50000/random_tree_4 4965.647704 240051
&& size_50000/random_tree_5 6945.961598 235822
&& size_50000/random_tree_5 6945.961598 238050
!! /work/kulagins/scheduler-homp2/real_Trees/random_trees/all_small
!! 36proc-1-3.json
/work/kulagins/scheduler-homp2/real_Trees/random_trees/all_small
&& size_10000/random_tree_1 185.635849 55088
&& size_10000/random_tree_2 59.987172 86443
&& size_10000/random_tree_3 72.082036 95494
&& size_10000/random_tree_4 97.985759 89405
&& size_10000/random_tree_5 72.422588 58544
&& size_2000/random_tree_1 21.284849 9414
&& size_2000/random_tree_2 24.303536 6825
&& size_2000/random_tree_3 19.271564 7458
&& size_2000/random_tree_4 16.182306 8485
&& size_2000/random_tree_5 34.482849 4969
&& size_20000/random_tree_1 165.119334 276702
&& size_20000/random_tree_2 132.186138 206395
&& size_20000/random_tree_3 176.920500 232131
&& size_20000/random_tree_4 154.209802 193111
&& size_20000/random_tree_5 166.029096 307616
&& size_30000/random_tree_1 276.278692 352204
&& size_30000/random_tree_2 222.290736 375122
&& size_30000/random_tree_3 175.817383 676157
&& size_30000/random_tree_4 209.081879 304041
&& size_30000/random_tree_5 214.683289 643596
&& size_4000/random_tree_1 65.187245 12966
&& size_4000/random_tree_2 27.064124 26778
&& size_4000/random_tree_3 35.042690 20174
&& size_4000/random_tree_4 26.763660 15324
&& size_4000/random_tree_5 33.318214 18053
&& size_50000/random_tree_1 368.627455 1407829
&& size_50000/random_tree_2 421.228402 1368512
&& size_50000/random_tree_3 442.402631 873768
&& size_50000/random_tree_4 497.474235 837766
&& size_50000/random_tree_5 407.707643 1104938
&& size_50000/random_tree_5 407.707643 1093736
!! /work/kulagins/scheduler-homp2/real_Trees/random_trees/large_node_weights
!! 36proc-1-3.json
/work/kulagins/scheduler-homp2/real_Trees/random_trees/large_node_weights
&& size_10000/random_tree_1 1821.499447 46283
&& size_10000/random_tree_2 784.424503 159564
&& size_10000/random_tree_3 677.906056 100095
&& size_10000/random_tree_4 648.833884 127504
&& size_10000/random_tree_5 949.196532 80756
&& size_2000/random_tree_1 209.015247 7745
&& size_2000/random_tree_2 321.752749 5526
&& size_2000/random_tree_3 340.574048 5167
&& size_2000/random_tree_4 632.305713 4470
&& size_2000/random_tree_5 137.210467 9120
&& size_20000/random_tree_1 2242.277767 557109
&& size_20000/random_tree_2 1637.330710 1099747
&& size_20000/random_tree_3 2273.475105 223712
&& size_20000/random_tree_4 1975.785904 441156
&& size_20000/random_tree_5 1576.836751 445840
&& size_30000/random_tree_1 1886.592455 836971
&& size_30000/random_tree_2 2030.421978 1002744
&& size_30000/random_tree_3 2014.423369 840178
&& size_30000/random_tree_4 2869.662821 345824
&& size_30000/random_tree_5 2173.478684 746420
&& size_4000/random_tree_1 362.819058 18810
&& size_4000/random_tree_2 320.987182 28206
&& size_4000/random_tree_3 359.884158 21239
&& size_4000/random_tree_4 515.292028 18080
&& size_4000/random_tree_5 387.152856 13607
&& size_50000/random_tree_1 4304.496807 1215917
&& size_50000/random_tree_2 3387.955892 1873258
&& size_50000/random_tree_3 3866.266658 2126333
&& size_50000/random_tree_4 3459.813905 7385451
&& size_50000/random_tree_5 7767.469872 1621172
&& size_50000/random_tree_5 7767.469872 1610326
!! /work/kulagins/scheduler-homp2/real_Trees/random_trees/3_children
!! 36proc-1-3.json
/work/kulagins/scheduler-homp2/real_Trees/random_trees/3_children
&& size_10000/random_tree_1 1132.330582 81525
&& size_10000/random_tree_2 981.327973 57394
&& size_10000/random_tree_3 733.020476 55376
&& size_10000/random_tree_4 774.716801 39874
&& size_10000/random_tree_5 875.520628 87816
&& size_2000/random_tree_1 399.769419 4413
&& size_2000/random_tree_2 212.648653 4806
&& size_2000/random_tree_3 195.792914 11687
&& size_2000/random_tree_4 200.574231 4919
&& size_2000/random_tree_5 562.882483 2976
&& size_20000/random_tree_1 1808.154118 334923
&& size_20000/random_tree_2 1846.857697 510868
&& size_20000/random_tree_3 1536.089462 203452
&& size_20000/random_tree_4 1348.072607 136994
&& size_20000/random_tree_5 1116.661301 640060
&& size_30000/random_tree_1 2077.568865 368354
&& size_30000/random_tree_2 3740.634435 322213
&& size_30000/random_tree_3 2013.542652 221587
&& size_30000/random_tree_4 2718.044767 393830
&& size_30000/random_tree_5 3333.849141 134224
&& size_4000/random_tree_1 491.313705 7938
&& size_4000/random_tree_2 271.005163 10811
&& size_4000/random_tree_3 353.112455 33649
&& size_4000/random_tree_4 686.105638 7971
&& size_4000/random_tree_5 449.548261 17843
&& size_50000/random_tree_1 3025.628613 1765554
&& size_50000/random_tree_2 3450.245828 1283828
&& size_50000/random_tree_3 3157.083843 504399
&& size_50000/random_tree_4 3759.513955 435741
&& size_50000/random_tree_5 4769.077246 1510222
&& size_50000/random_tree_5 4769.077246 1452177
!! /work/kulagins/scheduler-homp2/real_Trees/random_trees/large_edge_weights
!! 36proc-1-3.json
/work/kulagins/scheduler-homp2/real_Trees/random_trees/large_edge_weights
&& size_10000/random_tree_1 70315.765644 131980
&& size_10000/random_tree_2 57892.378304 67822
&& size_10000/random_tree_3 91382.534019 60984
&& size_10000/random_tree_4 73519.996295 77388
&& size_10000/random_tree_5 67441.045285 145349
&& size_2000/random_tree_1 43473.695623 3816
&& size_2000/random_tree_2 26611.652487 4136
&& size_2000/random_tree_3 21119.579171 6605
&& size_2000/random_tree_4 17012.422075 10406
&& size_2000/random_tree_5 23010.617031 10619
&& size_20000/random_tree_1 154604.279066 674150
&& size_20000/random_tree_2 160573.940242 256030
&& size_20000/random_tree_3 119781.084302 440477
&& size_20000/random_tree_4 121324.003691 165694
&& size_20000/random_tree_5 165950.738840 516516
&& size_30000/random_tree_1 250874.759477 619791
&& size_30000/random_tree_2 275988.011177 644916
&& size_30000/random_tree_3 241312.715729 1011448
&& size_30000/random_tree_4 410096.298243 432574
&& size_30000/random_tree_5 239530.616959 713571
&& size_4000/random_tree_1 36820.655274 36783
&& size_4000/random_tree_2 45685.291202 62536
&& size_4000/random_tree_3 64964.045873 11139
&& size_4000/random_tree_4 140831.161266 11272
&& size_4000/random_tree_5 30680.873284 25057
&& size_50000/random_tree_1 392987.572658 734147
&& size_50000/random_tree_2 525026.016561 1739663
&& size_50000/random_tree_3 1293785.560118 1308819
&& size_50000/random_tree_4 331918.105251 4380556
&& size_50000/random_tree_5 344868.802834 3748583
&& size_50000/random_tree_5 344868.802834 3954482
