2-level
heterogeneous
/work/kulagins/tree-scheduler/real_Trees/random_trees
/work/kulagins/tree-scheduler/real_Trees/random_trees/10_children
blabla
&& size_10000/random_tree_1 8793.493491 36133
&& size_10000/random_tree_2 7305.363815 24992
&& size_10000/random_tree_3 3439.209182 20194
&& size_15000/random_tree_1 10481.216652 44606
&& size_15000/random_tree_2 6189.836883 44716
&& size_15000/random_tree_3 9982.161235 34558
&& size_20000/random_tree_1 6134.641594 67863
&& size_20000/random_tree_2 12978.175372 75840
&& size_20000/random_tree_3 5583.308798 69383
&& size_25000/random_tree_1 6617.631964 165681
&& size_25000/random_tree_2 6179.071762 118872
&& size_25000/random_tree_3 12463.569604 109956
&& size_5000/random_tree_1 7178.899456 5818
&& size_5000/random_tree_2 5013.587893 7541
&& size_5000/random_tree_3 7190.519630 11824
&& size_5000/random_tree_3 7190.519630 11831
/work/kulagins/tree-scheduler/real_Trees/random_trees/all_large
blabla
&& size_10000/random_tree_1 101690.747507 80295
&& size_10000/random_tree_10 129944.723733 113056
&& size_10000/random_tree_2 159501.260946 95776
&& size_10000/random_tree_3 139022.854149 98922
&& size_10000/random_tree_4 157259.791022 99682
&& size_10000/random_tree_5 115149.331572 103543
&& size_10000/random_tree_6 124336.287877 87341
&& size_10000/random_tree_7 165841.647260 92590
&& size_10000/random_tree_8 153742.393617 100372
&& size_10000/random_tree_9 159110.701777 93224
&& size_2000/random_tree_1 109398.918629 6447
&& size_2000/random_tree_10 62898.651275 4248
&& size_2000/random_tree_2 70128.747163 4805
&& size_2000/random_tree_3 97943.068849 4578
&& size_2000/random_tree_4 102187.803382 4166
&& size_2000/random_tree_5 47287.710782 5076
&& size_2000/random_tree_6 100515.594472 3735
&& size_2000/random_tree_7 104111.139211 5350
&& size_2000/random_tree_8 69036.439333 5514
&& size_2000/random_tree_9 98630.701177 4717
&& size_20000/random_tree_1 179619.450678 325319
&& size_20000/random_tree_2 193128.621245 374099
&& size_20000/random_tree_3 241050.726046 428685
&& size_20000/random_tree_4 155983.968986 398758
&& size_20000/random_tree_5 180885.606233 357112
&& size_30000/random_tree_1 332049.627876 1009046
&& size_30000/random_tree_2 268254.708669 758767
&& size_30000/random_tree_3 303173.277037 956981
&& size_30000/random_tree_4 238656.326091 770164
&& size_30000/random_tree_5 290313.321511 900553
&& size_4000/random_tree_1 125651.613085 17847
&& size_4000/random_tree_10 117325.081200 15052
&& size_4000/random_tree_2 71532.950602 17210
&& size_4000/random_tree_3 100958.618402 21418
&& size_4000/random_tree_4 88627.675326 15695
&& size_4000/random_tree_5 66042.301793 17603
&& size_4000/random_tree_6 122992.408725 17305
&& size_4000/random_tree_7 102573.730156 14758
&& size_4000/random_tree_8 120411.571945 16058
&& size_4000/random_tree_9 98122.463488 20719
&& size_50000/random_tree_1 345513.968673 2525044
&& size_50000/random_tree_2 480333.637330 2437531
&& size_50000/random_tree_3 316296.774393 2393325
&& size_50000/random_tree_4 367624.543138 2361504
&& size_50000/random_tree_5 490315.529045 2446813
&& size_50000/random_tree_5 490315.529045 2444671
/work/kulagins/tree-scheduler/real_Trees/random_trees/large_makespan_weights
blabla
&& size_10000/random_tree_1 33332.999684 53533
&& size_10000/random_tree_10 51015.191898 53939
&& size_10000/random_tree_2 52404.826281 39441
&& size_10000/random_tree_3 47216.256699 125196
&& size_10000/random_tree_4 21401.721654 71548
&& size_10000/random_tree_5 19841.858736 151690
&& size_10000/random_tree_6 15742.423375 248142
&& size_10000/random_tree_7 48322.883854 33513
&& size_10000/random_tree_8 43560.317900 152235
&& size_10000/random_tree_9 49949.063116 104162
&& size_2000/random_tree_1 33211.271928 4358
&& size_2000/random_tree_10 15520.711752 3493
&& size_2000/random_tree_2 31165.197722 4159
&& size_2000/random_tree_3 45343.357622 4256
&& size_2000/random_tree_4 26909.628824 7309
&& size_2000/random_tree_5 33141.060449 5701
&& size_2000/random_tree_6 34092.952041 7726
&& size_2000/random_tree_7 46978.566464 1817
&& size_2000/random_tree_8 27297.722652 2654
&& size_2000/random_tree_9 32401.321527 4096
&& size_20000/random_tree_1 45616.494060 507044
&& size_20000/random_tree_2 50651.718847 368783
&& size_20000/random_tree_3 22105.661348 672619
&& size_20000/random_tree_4 36957.226963 196629
&& size_20000/random_tree_5 24421.283284 843018
&& size_30000/random_tree_1 59459.215234 642804
&& size_30000/random_tree_2 63699.212632 1959035
&& size_30000/random_tree_3 39573.806589 586413
&& size_30000/random_tree_4 29095.792088 665208
&& size_30000/random_tree_5 42102.083078 1586820
&& size_4000/random_tree_1 21109.826776 4346
&& size_4000/random_tree_10 42927.987822 12306
&& size_4000/random_tree_2 44617.859956 10320
&& size_4000/random_tree_3 43577.828840 12487
&& size_4000/random_tree_4 36459.937301 8303
&& size_4000/random_tree_5 31290.648993 17224
&& size_4000/random_tree_6 36805.573232 22168
&& size_4000/random_tree_7 22116.092757 28329
&& size_4000/random_tree_8 27145.256567 22445
&& size_4000/random_tree_9 19351.745565 10588
&& size_50000/random_tree_1 50461.484453 1771408
&& size_50000/random_tree_2 47054.384082 4550501
&& size_50000/random_tree_3 61152.855231 1996670
&& size_50000/random_tree_4 71073.352653 1550252
&& size_50000/random_tree_5 26151.754867 487137
&& size_50000/random_tree_5 26151.754867 485377
/work/kulagins/tree-scheduler/real_Trees/random_trees/20_children
blabla
&& size_10000/random_tree_1 8650.175052 31305
&& size_10000/random_tree_2 4739.142335 19799
&& size_10000/random_tree_3 8312.221120 35236
&& size_15000/random_tree_1 5907.498489 49490
&& size_15000/random_tree_2 6332.616574 43704
&& size_15000/random_tree_3 4583.003652 41107
&& size_20000/random_tree_1 10847.896716 69681
&& size_20000/random_tree_2 12094.859017 83449
&& size_20000/random_tree_3 12295.758053 63442
&& size_25000/random_tree_1 5052.187122 134857
&& size_25000/random_tree_2 11119.574825 130738
&& size_25000/random_tree_3 5225.437465 119926
&& size_5000/random_tree_1 5582.392243 5585
&& size_5000/random_tree_2 6672.672804 8782
&& size_5000/random_tree_3 3838.085817 5927
&& size_5000/random_tree_3 3838.085817 5927
/work/kulagins/tree-scheduler/real_Trees/random_trees/all_small
blabla
&& size_10000/random_tree_1 548.756368 44674
&& size_10000/random_tree_10 437.009173 41771
&& size_10000/random_tree_2 582.903701 48078
&& size_10000/random_tree_3 451.318159 57949
&& size_10000/random_tree_4 721.833985 43603
&& size_10000/random_tree_5 951.960065 78970
&& size_10000/random_tree_6 411.676250 57472
&& size_10000/random_tree_7 833.913247 31704
&& size_10000/random_tree_8 377.791907 47235
&& size_10000/random_tree_9 774.904871 51666
&& size_2000/random_tree_1 365.289356 5180
&& size_2000/random_tree_10 471.618491 4540
&& size_2000/random_tree_2 405.625408 4117
&& size_2000/random_tree_3 518.059676 2927
&& size_2000/random_tree_4 216.332816 3539
&& size_2000/random_tree_5 468.064994 1808
&& size_2000/random_tree_6 411.132619 5427
&& size_2000/random_tree_7 578.157237 3420
&& size_2000/random_tree_8 551.843726 2958
&& size_2000/random_tree_9 289.033465 5199
&& size_20000/random_tree_1 723.227488 100932
&& size_20000/random_tree_2 795.785895 169953
&& size_20000/random_tree_3 788.645009 132981
&& size_20000/random_tree_4 1072.559057 164541
&& size_20000/random_tree_5 585.006359 122815
&& size_30000/random_tree_1 1004.618102 226454
&& size_30000/random_tree_2 1403.200244 403163
&& size_30000/random_tree_3 955.446226 285451
&& size_30000/random_tree_4 1315.087037 346404
&& size_30000/random_tree_5 1144.838929 309203
&& size_4000/random_tree_1 388.316612 22429
&& size_4000/random_tree_10 596.024084 10400
&& size_4000/random_tree_2 461.171340 12075
&& size_4000/random_tree_3 650.310661 23675
&& size_4000/random_tree_4 681.699277 10877
&& size_4000/random_tree_5 640.941586 18484
&& size_4000/random_tree_6 615.008596 21635
&& size_4000/random_tree_7 456.804497 8213
&& size_4000/random_tree_8 276.462416 7998
&& size_4000/random_tree_9 524.856602 14398
&& size_50000/random_tree_1 1247.641865 788724
&& size_50000/random_tree_2 1231.454235 574092
&& size_50000/random_tree_3 1314.081489 766190
&& size_50000/random_tree_4 1377.299855 731029
&& size_50000/random_tree_5 867.206547 722139
&& size_50000/random_tree_5 867.206547 723127
/work/kulagins/tree-scheduler/real_Trees/random_trees/large_node_weights
blabla
&& size_10000/random_tree_1 9501.659333 71423
&& size_10000/random_tree_10 9145.170261 35832
&& size_10000/random_tree_2 4867.454811 50634
&& size_10000/random_tree_3 6113.535952 45556
&& size_10000/random_tree_4 7315.672612 41941
&& size_10000/random_tree_5 9481.582969 64841
&& size_10000/random_tree_6 9497.909865 170091
&& size_10000/random_tree_7 6569.871646 46671
&& size_10000/random_tree_8 5929.752462 36259
&& size_10000/random_tree_9 8721.106556 53145
&& size_2000/random_tree_1 5620.140335 5767
&& size_2000/random_tree_10 2442.924941 7299
&& size_2000/random_tree_2 3921.083731 12886
&& size_2000/random_tree_3 2018.824017 4194
&& size_2000/random_tree_4 2993.911446 4550
&& size_2000/random_tree_5 2600.433989 7422
&& size_2000/random_tree_6 4698.679381 3562
&& size_2000/random_tree_7 2060.926194 11979
&& size_2000/random_tree_8 3423.944706 5432
&& size_2000/random_tree_9 5804.890914 2801
&& size_20000/random_tree_1 11060.296200 215404
&& size_20000/random_tree_2 6608.737083 143186
&& size_20000/random_tree_3 10904.006843 135515
&& size_20000/random_tree_4 12402.172908 191466
&& size_20000/random_tree_5 9159.721351 116945
&& size_30000/random_tree_1 6424.497261 365684
&& size_30000/random_tree_2 5262.682808 416546
&& size_30000/random_tree_3 10150.928947 314570
&& size_30000/random_tree_4 10926.733392 342668
&& size_30000/random_tree_5 12808.115182 296452
&& size_4000/random_tree_1 5940.017374 16470
&& size_4000/random_tree_10 4342.477913 17818
&& size_4000/random_tree_2 4496.114340 36327
&& size_4000/random_tree_3 4773.200890 15986
&& size_4000/random_tree_4 4347.968474 38243
&& size_4000/random_tree_5 5451.737515 15965
&& size_4000/random_tree_6 4561.594314 29500
&& size_4000/random_tree_7 3451.578881 11154
&& size_4000/random_tree_8 6715.504885 10142
&& size_4000/random_tree_9 4520.027349 12949
&& size_50000/random_tree_1 15104.031053 669092
&& size_50000/random_tree_2 11318.281311 650272
&& size_50000/random_tree_3 10392.250493 765686
&& size_50000/random_tree_4 12896.866177 801609
&& size_50000/random_tree_5 8791.367572 890457
&& size_50000/random_tree_5 8791.367572 891415
/work/kulagins/tree-scheduler/real_Trees/random_trees/3_children
blabla
&& size_10000/random_tree_1 3160.982967 87571
&& size_10000/random_tree_2 6190.414604 57017
&& size_10000/random_tree_3 5068.398922 84162
&& size_15/random_tree_1 2245.123210 10
&& size_15000/random_tree_1 8812.174842 100831
&& size_15000/random_tree_2 9409.032811 53312
&& size_15000/random_tree_3 11621.535275 145665
&& size_20/random_tree_1 4253.203671 14
&& size_20000/random_tree_1 7608.767312 136272
&& size_20000/random_tree_2 5189.834239 151996
&& size_20000/random_tree_3 5380.342867 282186
&& size_25000/random_tree_1 10124.467059 1377121
&& size_25000/random_tree_2 7062.829376 427326
&& size_25000/random_tree_3 5922.741435 383881
&& size_5000/random_tree_1 5412.573943 12516
&& size_5000/random_tree_2 6914.888733 11258
&& size_5000/random_tree_3 4297.346526 19792
&& size_5000/random_tree_3 4297.346526 19997
/work/kulagins/tree-scheduler/real_Trees/random_trees/large_edge_weights
blabla
&& size_10000/random_tree_1 79461.669732 567547
&& size_10000/random_tree_10 52727.001199 523028
&& size_10000/random_tree_2 100956.662615 564657
&& size_10000/random_tree_3 78449.846845 564227
&& size_10000/random_tree_4 88617.438158 569026
&& size_10000/random_tree_5 79227.544513 531280
&& size_10000/random_tree_6 68979.397737 543797
&& size_10000/random_tree_7 55955.420831 532439
&& size_10000/random_tree_8 67498.194020 529425
&& size_10000/random_tree_9 93151.943560 559107
&& size_2000/random_tree_1 18031.567080 21842
&& size_2000/random_tree_10 16841.662930 20141
&& size_2000/random_tree_2 16172.684381 19866
&& size_2000/random_tree_3 16165.084921 20935
&& size_2000/random_tree_4 17725.206795 20574
&& size_2000/random_tree_5 22280.157139 22048
&& size_2000/random_tree_6 20038.022009 21492
&& size_2000/random_tree_7 16836.715470 19932
&& size_2000/random_tree_8 17031.161641 20020
&& size_2000/random_tree_9 23150.139244 22588
&& size_20000/random_tree_1 175685.775135 2400153
&& size_20000/random_tree_2 123923.793936 2346068
&& size_20000/random_tree_3 163002.724383 2430928
&& size_20000/random_tree_4 159809.700534 2335782
&& size_20000/random_tree_5 110119.337491 2270931
&& size_30000/random_tree_1 196896.243546 5554868
&& size_30000/random_tree_2 147966.880365 5496703
&& size_30000/random_tree_3 203795.508807 5487021
&& size_30000/random_tree_4 212565.150729 5500855
&& size_30000/random_tree_5 209095.939353 5669555
&& size_4000/random_tree_1 35820.957915 84531
&& size_4000/random_tree_10 56946.694880 92415
&& size_4000/random_tree_2 39253.977903 85854
&& size_4000/random_tree_3 30207.055307 80029
&& size_4000/random_tree_4 36055.733348 87783
&& size_4000/random_tree_5 34496.902552 82822
&& size_4000/random_tree_6 38608.740118 87791
&& size_4000/random_tree_7 26601.032626 85153
&& size_4000/random_tree_8 34701.959269 84558
&& size_4000/random_tree_9 35163.355124 81473
&& size_50000/random_tree_1 248557.173501 18123706
&& size_50000/random_tree_2 446410.833259 19353180
&& size_50000/random_tree_3 489191.979028 19064751
&& size_50000/random_tree_4 482700.613738 19229160
&& size_50000/random_tree_5 335246.777951 19485220
&& size_50000/random_tree_5 335246.777951 20068275
many small
/work/kulagins/tree-scheduler/real_Trees/random_trees/10_children
blabla
&& size_10000/random_tree_1 17138.008388 471665
&& size_10000/random_tree_2 -1.000000 351273
&& size_10000/random_tree_3 -1.000000 520780
&& size_15000/random_tree_1 -1.000000 759423
&& size_15000/random_tree_2 -1.000000 1012642
&& size_15000/random_tree_3 -1.000000 673376
&& size_20000/random_tree_1 -1.000000 1145949
&& size_20000/random_tree_2 -1.000000 1044976
&& size_20000/random_tree_3 -1.000000 1180613
&& size_25000/random_tree_1 -1.000000 2748230
&& size_25000/random_tree_2 -1.000000 2818697
&& size_25000/random_tree_3 -1.000000 1099540
&& size_5000/random_tree_1 22106.700629 85314
&& size_5000/random_tree_2 11648.011665 54291
&& size_5000/random_tree_3 22198.001985 77088
&& size_5000/random_tree_3 22198.001985 77875
/work/kulagins/tree-scheduler/real_Trees/random_trees/all_large
blabla
&& size_10000/random_tree_1 119652.162010 169403
&& size_10000/random_tree_10 152575.619228 139511
&& size_10000/random_tree_2 209783.711016 111445
&& size_10000/random_tree_3 180631.285363 137935
&& size_10000/random_tree_4 157259.791022 100961
&& size_10000/random_tree_5 -1.000000 55533
&& size_10000/random_tree_6 182654.331891 112063
&& size_10000/random_tree_7 182230.368905 97588
&& size_10000/random_tree_8 153742.393617 102166
&& size_10000/random_tree_9 159110.701777 92612
&& size_2000/random_tree_1 157908.918629 7583
&& size_2000/random_tree_10 62898.651275 4140
&& size_2000/random_tree_2 70128.747163 4652
&& size_2000/random_tree_3 97943.068849 4438
&& size_2000/random_tree_4 108307.333532 4995
&& size_2000/random_tree_5 47287.710782 4906
&& size_2000/random_tree_6 146512.558378 5300
&& size_2000/random_tree_7 178311.420833 14750
&& size_2000/random_tree_8 69036.439333 5127
&& size_2000/random_tree_9 105050.820154 5838
&& size_20000/random_tree_1 187093.937169 339359
&& size_20000/random_tree_2 221057.199773 434755
&& size_20000/random_tree_3 -1.000000 581932
&& size_20000/random_tree_4 170921.027721 414959
&& size_20000/random_tree_5 241292.525971 691814
&& size_30000/random_tree_1 332049.627876 1021293
&& size_30000/random_tree_2 301249.121351 1082255
&& size_30000/random_tree_3 366884.662764 1294535
&& size_30000/random_tree_4 264592.254677 790652
&& size_30000/random_tree_5 334878.092003 2505439
&& size_4000/random_tree_1 135149.454136 18677
&& size_4000/random_tree_10 123891.606696 15852
&& size_4000/random_tree_2 83619.228382 18203
&& size_4000/random_tree_3 100958.618402 20769
&& size_4000/random_tree_4 120253.127848 38133
&& size_4000/random_tree_5 97203.425573 21863
&& size_4000/random_tree_6 224613.819417 172819
&& size_4000/random_tree_7 102573.730156 14604
&& size_4000/random_tree_8 120411.571945 15895
&& size_4000/random_tree_9 127553.299240 23686
&& size_50000/random_tree_1 492803.527987 4608398
&& size_50000/random_tree_2 573927.537916 5601523
&& size_50000/random_tree_3 324723.720686 2422309
&& size_50000/random_tree_4 427534.392433 4001243
&& size_50000/random_tree_5 565611.103373 3655897
&& size_50000/random_tree_5 565611.103373 3681555
/work/kulagins/tree-scheduler/real_Trees/random_trees/large_makespan_weights
blabla
&& size_10000/random_tree_1 61581.924282 132491
&& size_10000/random_tree_10 189908.020232 186977
&& size_10000/random_tree_2 147478.811773 183168
&& size_10000/random_tree_3 263522.883944 478030
&& size_10000/random_tree_4 104280.801455 131909
&& size_10000/random_tree_5 46926.028886 245887
&& size_10000/random_tree_6 33976.577516 470624
&& size_10000/random_tree_7 350239.265099 166194
&& size_10000/random_tree_8 156434.111225 633177
&& size_10000/random_tree_9 181032.305763 252386
&& size_2000/random_tree_1 163563.255591 15979
&& size_2000/random_tree_10 30298.760146 6487
&& size_2000/random_tree_2 92741.197722 9665
&& size_2000/random_tree_3 137366.390292 16260
&& size_2000/random_tree_4 131070.256615 32789
&& size_2000/random_tree_5 126856.863108 11851
&& size_2000/random_tree_6 67008.331746 13586
&& size_2000/random_tree_7 186613.587131 13996
&& size_2000/random_tree_8 130517.888406 10822
&& size_2000/random_tree_9 63540.884730 7254
&& size_20000/random_tree_1 79984.766188 1455242
&& size_20000/random_tree_2 132276.349360 1359739
&& size_20000/random_tree_3 82088.536483 6492359
&& size_20000/random_tree_4 62924.216150 501341
&& size_20000/random_tree_5 71047.231872 1519017
&& size_30000/random_tree_1 138534.171040 3337009
&& size_30000/random_tree_2 162089.515790 5530670
&& size_30000/random_tree_3 65408.806589 837416
&& size_30000/random_tree_4 62641.665911 3898035
&& size_30000/random_tree_5 125929.465446 6277317
&& size_4000/random_tree_1 40160.826776 9297
&& size_4000/random_tree_10 166210.782709 38677
&& size_4000/random_tree_2 130753.793163 50031
&& size_4000/random_tree_3 128166.687818 39353
&& size_4000/random_tree_4 173246.716762 42888
&& size_4000/random_tree_5 176359.694427 81198
&& size_4000/random_tree_6 142489.183639 92294
&& size_4000/random_tree_7 61114.191006 66799
&& size_4000/random_tree_8 77652.544585 35005
&& size_4000/random_tree_9 35786.907411 24267
&& size_50000/random_tree_1 103971.779388 119841395
&& size_50000/random_tree_2 97253.732739 21899079
&& size_50000/random_tree_3 232779.539039 8061792
&& size_50000/random_tree_4 161554.425928 2711582
&& size_50000/random_tree_5 26151.754867 489551
&& size_50000/random_tree_5 26151.754867 489768
/work/kulagins/tree-scheduler/real_Trees/random_trees/20_children
blabla
&& size_10000/random_tree_1 12577.408880 114323
&& size_10000/random_tree_2 -1.000000 204143
&& size_10000/random_tree_3 16854.177797 335902
&& size_15000/random_tree_1 -1.000000 490591
&& size_15000/random_tree_2 -1.000000 519428
&& size_15000/random_tree_3 -1.000000 503195
&& size_20000/random_tree_1 -1.000000 822258
&& size_20000/random_tree_2 -1.000000 1504763
&& size_20000/random_tree_3 -1.000000 956294
&& size_25000/random_tree_1 -1.000000 1276851
&& size_25000/random_tree_2 -1.000000 1165126
&& size_25000/random_tree_3 -1.000000 1454855
&& size_5000/random_tree_1 14280.472540 19378
&& size_5000/random_tree_2 19926.684998 51330
&& size_5000/random_tree_3 5478.606557 16829
&& size_5000/random_tree_3 5478.606557 16746
/work/kulagins/tree-scheduler/real_Trees/random_trees/all_small
blabla
&& size_10000/random_tree_1 760.826136 57806
&& size_10000/random_tree_10 437.009173 41673
&& size_10000/random_tree_2 584.633246 53698
&& size_10000/random_tree_3 628.333212 69978
&& size_10000/random_tree_4 1054.320692 68961
&& size_10000/random_tree_5 1865.791183 225271
&& size_10000/random_tree_6 566.242174 87004
&& size_10000/random_tree_7 833.913247 31458
&& size_10000/random_tree_8 518.840186 83466
&& size_10000/random_tree_9 1100.765889 70615
&& size_2000/random_tree_1 637.279334 7134
&& size_2000/random_tree_10 847.174910 9831
&& size_2000/random_tree_2 976.103555 7124
&& size_2000/random_tree_3 1366.059676 5485
&& size_2000/random_tree_4 342.332816 4825
&& size_2000/random_tree_5 832.064994 3367
&& size_2000/random_tree_6 733.132619 6721
&& size_2000/random_tree_7 1550.040613 7916
&& size_2000/random_tree_8 1453.631014 14421
&& size_2000/random_tree_9 1063.580940 12205
&& size_20000/random_tree_1 1002.842816 118412
&& size_20000/random_tree_2 1363.329213 641637
&& size_20000/random_tree_3 788.645009 135101
&& size_20000/random_tree_4 1146.033647 181132
&& size_20000/random_tree_5 619.174648 131578
&& size_30000/random_tree_1 1393.576315 405611
&& size_30000/random_tree_2 1403.200244 408175
&& size_30000/random_tree_3 1325.316884 388530
&& size_30000/random_tree_4 1801.775755 548615
&& size_30000/random_tree_5 1609.554835 524618
&& size_4000/random_tree_1 1007.577117 55690
&& size_4000/random_tree_10 1011.024084 14224
&& size_4000/random_tree_2 998.867933 38018
&& size_4000/random_tree_3 1099.310661 28694
&& size_4000/random_tree_4 2633.614651 26242
&& size_4000/random_tree_5 1547.536412 47591
&& size_4000/random_tree_6 996.736018 37186
&& size_4000/random_tree_7 456.804497 8322
&& size_4000/random_tree_8 399.835330 29758
&& size_4000/random_tree_9 524.856602 14623
&& size_50000/random_tree_1 2012.603644 2360104
&& size_50000/random_tree_2 -1.000000 3675574
&& size_50000/random_tree_3 1783.927181 2052613
&& size_50000/random_tree_4 2345.730340 3094316
&& size_50000/random_tree_5 1066.812385 806489
&& size_50000/random_tree_5 1066.812385 804908
/work/kulagins/tree-scheduler/real_Trees/random_trees/large_node_weights
blabla
&& size_10000/random_tree_1 19192.453487 155544
&& size_10000/random_tree_10 13616.934207 125408
&& size_10000/random_tree_2 8812.971959 86246
&& size_10000/random_tree_3 8853.420026 115703
&& size_10000/random_tree_4 7315.672612 41653
&& size_10000/random_tree_5 24867.785205 223662
&& size_10000/random_tree_6 25356.402508 456638
&& size_10000/random_tree_7 9068.535630 55274
&& size_10000/random_tree_8 -1.000000 364689
&& size_10000/random_tree_9 16897.646058 194012
&& size_2000/random_tree_1 24413.526272 19100
&& size_2000/random_tree_10 5209.681521 9223
&& size_2000/random_tree_2 12450.249089 19743
&& size_2000/random_tree_3 3267.789480 12187
&& size_2000/random_tree_4 5025.911446 6133
&& size_2000/random_tree_5 12316.896027 20908
&& size_2000/random_tree_6 12024.439206 11008
&& size_2000/random_tree_7 7810.602345 19397
&& size_2000/random_tree_8 5955.122016 11652
&& size_2000/random_tree_9 15477.726160 15295
&& size_20000/random_tree_1 12006.680218 231393
&& size_20000/random_tree_2 6608.737083 145432
&& size_20000/random_tree_3 -1.000000 2636034
&& size_20000/random_tree_4 12402.172908 195163
&& size_20000/random_tree_5 9159.721351 120056
&& size_30000/random_tree_1 7388.746052 400021
&& size_30000/random_tree_2 6235.895234 461580
&& size_30000/random_tree_3 13941.039203 663659
&& size_30000/random_tree_4 15446.793212 973075
&& size_30000/random_tree_5 17754.290276 404577
&& size_4000/random_tree_1 10054.017374 21606
&& size_4000/random_tree_10 6916.365152 44865
&& size_4000/random_tree_2 8435.482118 62685
&& size_4000/random_tree_3 15213.501255 58519
&& size_4000/random_tree_4 22482.608824 173418
&& size_4000/random_tree_5 15892.307378 37228
&& size_4000/random_tree_6 7197.378357 34705
&& size_4000/random_tree_7 6855.257781 30926
&& size_4000/random_tree_8 11615.504885 15601
&& size_4000/random_tree_9 18015.608662 52475
&& size_50000/random_tree_1 -1.000000 6479960
&& size_50000/random_tree_2 14819.576800 756354
&& size_50000/random_tree_3 -1.000000 13269600
&& size_50000/random_tree_4 17955.393606 3358253
&& size_50000/random_tree_5 10996.556343 2192570
&& size_50000/random_tree_5 10996.556343 2205632
/work/kulagins/tree-scheduler/real_Trees/random_trees/3_children
blabla
&& size_10000/random_tree_1 -1.000000 522935
&& size_10000/random_tree_2 -1.000000 613463
&& size_10000/random_tree_3 -1.000000 512716
&& size_15/random_tree_1 2245.123210 9
&& size_15000/random_tree_1 -1.000000 1025644
&& size_15000/random_tree_2 -1.000000 1301216
&& size_15000/random_tree_3 -1.000000 2184831
&& size_20/random_tree_1 4253.203671 12
&& size_20000/random_tree_1 -1.000000 3396971
&& size_20000/random_tree_2 -1.000000 2972818
&& size_20000/random_tree_3 -1.000000 1807682
&& size_25000/random_tree_1 -1.000000 4604704
&& size_25000/random_tree_2 -1.000000 4733205
&& size_25000/random_tree_3 -1.000000 5114693
&& size_5000/random_tree_1 18448.553259 186582
&& size_5000/random_tree_2 25326.801105 97301
&& size_5000/random_tree_3 13591.766479 179602
&& size_5000/random_tree_3 13591.766479 179007
/work/kulagins/tree-scheduler/real_Trees/random_trees/large_edge_weights
blabla
&& size_10000/random_tree_1 99268.647471 735197
&& size_10000/random_tree_10 58695.940589 576886
&& size_10000/random_tree_2 100956.662615 566250
&& size_10000/random_tree_3 78449.846845 562680
&& size_10000/random_tree_4 96149.485165 615563
&& size_10000/random_tree_5 80729.252301 534978
&& size_10000/random_tree_6 75077.335348 550826
&& size_10000/random_tree_7 58763.703330 539888
&& size_10000/random_tree_8 77552.063440 614376
&& size_10000/random_tree_9 102316.367508 600255
&& size_2000/random_tree_1 18031.567080 21690
&& size_2000/random_tree_10 18891.718123 22348
&& size_2000/random_tree_2 16172.684381 19752
&& size_2000/random_tree_3 16165.084921 21077
&& size_2000/random_tree_4 17725.206795 20623
&& size_2000/random_tree_5 22330.824898 22674
&& size_2000/random_tree_6 20038.022009 21436
&& size_2000/random_tree_7 18725.897301 24401
&& size_2000/random_tree_8 19472.884137 20621
&& size_2000/random_tree_9 23150.139244 22659
&& size_20000/random_tree_1 175685.775135 2353805
&& size_20000/random_tree_2 -1.000000 1676531
&& size_20000/random_tree_3 163002.724383 2429924
&& size_20000/random_tree_4 162518.688223 2360636
&& size_20000/random_tree_5 117073.454275 2332648
&& size_30000/random_tree_1 196896.243546 5705011
&& size_30000/random_tree_2 -1.000000 1889486
&& size_30000/random_tree_3 203795.508807 5599526
&& size_30000/random_tree_4 234312.788230 6287578
&& size_30000/random_tree_5 226908.138507 5677844
&& size_4000/random_tree_1 35820.957915 83331
&& size_4000/random_tree_10 56946.694880 90778
&& size_4000/random_tree_2 39253.977903 84096
&& size_4000/random_tree_3 33832.545070 87212
&& size_4000/random_tree_4 36055.733348 87016
&& size_4000/random_tree_5 36454.202172 86298
&& size_4000/random_tree_6 45226.870672 93614
&& size_4000/random_tree_7 40415.578798 107010
&& size_4000/random_tree_8 35171.726346 89169
&& size_4000/random_tree_9 35163.355124 80251
&& size_50000/random_tree_1 273535.295513 20668994
&& size_50000/random_tree_2 513915.901024 18538431
&& size_50000/random_tree_3 489191.979028 16845790
&& size_50000/random_tree_4 500666.191459 22067264
&& size_50000/random_tree_5 415640.737273 18273524
&& size_50000/random_tree_5 415640.737273 18698548
few big
/work/kulagins/tree-scheduler/real_Trees/random_trees/10_children
blabla
&& size_10000/random_tree_1 8793.493491 36058
&& size_10000/random_tree_2 7461.146289 22196
&& size_10000/random_tree_3 3729.284179 20708
&& size_15000/random_tree_1 10675.169516 41405
&& size_15000/random_tree_2 6473.467800 44203
&& size_15000/random_tree_3 10288.777571 32740
&& size_20000/random_tree_1 6465.677304 63017
&& size_20000/random_tree_2 10747.451561 66371
&& size_20000/random_tree_3 5759.350717 63552
&& size_25000/random_tree_1 7234.523105 111517
&& size_25000/random_tree_2 6377.126541 99891
&& size_25000/random_tree_3 12635.091727 85608
&& size_5000/random_tree_1 7178.899456 5748
&& size_5000/random_tree_2 5013.587893 7470
&& size_5000/random_tree_3 7190.519630 11742
&& size_5000/random_tree_3 7190.519630 11765
/work/kulagins/tree-scheduler/real_Trees/random_trees/all_large
blabla
&& size_10000/random_tree_1 109241.398295 82976
&& size_10000/random_tree_10 148929.622310 115915
&& size_10000/random_tree_2 176172.567310 95267
&& size_10000/random_tree_3 152060.762656 99875
&& size_10000/random_tree_4 173662.319851 100735
&& size_10000/random_tree_5 126450.891243 103500
&& size_10000/random_tree_6 149671.292144 90703
&& size_10000/random_tree_7 192334.778178 94604
&& size_10000/random_tree_8 171556.003046 102665
&& size_10000/random_tree_9 176871.793294 93472
&& size_2000/random_tree_1 109398.918629 6440
&& size_2000/random_tree_10 66703.549667 4373
&& size_2000/random_tree_2 73388.274387 4877
&& size_2000/random_tree_3 100990.524660 5289
&& size_2000/random_tree_4 105088.893685 12829
&& size_2000/random_tree_5 49810.946035 5061
&& size_2000/random_tree_6 102219.871446 3802
&& size_2000/random_tree_7 104111.139211 5326
&& size_2000/random_tree_8 71805.420872 5460
&& size_2000/random_tree_9 101127.002025 9984
&& size_20000/random_tree_1 202834.456770 325883
&& size_20000/random_tree_2 220534.692154 373997
&& size_20000/random_tree_3 302713.362801 445563
&& size_20000/random_tree_4 176763.176141 407844
&& size_20000/random_tree_5 211263.662308 361747
&& size_30000/random_tree_1 385890.682720 1023646
&& size_30000/random_tree_2 303963.430243 767309
&& size_30000/random_tree_3 349513.062859 959107
&& size_30000/random_tree_4 296754.842992 786654
&& size_30000/random_tree_5 316042.971409 899543
&& size_4000/random_tree_1 133735.278358 18040
&& size_4000/random_tree_10 120969.824060 15142
&& size_4000/random_tree_2 75999.452859 17593
&& size_4000/random_tree_3 110659.074570 21600
&& size_4000/random_tree_4 93448.899128 15983
&& size_4000/random_tree_5 75807.376887 17983
&& size_4000/random_tree_6 127904.430180 17139
&& size_4000/random_tree_7 106512.180055 15189
&& size_4000/random_tree_8 125843.912623 16246
&& size_4000/random_tree_9 102539.226102 20437
&& size_50000/random_tree_1 460566.016055 2552118
&& size_50000/random_tree_2 565904.381574 2432907
&& size_50000/random_tree_3 422765.568799 2411845
&& size_50000/random_tree_4 425311.025149 2430230
&& size_50000/random_tree_5 563063.726107 2450225
&& size_50000/random_tree_5 563063.726107 2456008
/work/kulagins/tree-scheduler/real_Trees/random_trees/large_makespan_weights
blabla
&& size_10000/random_tree_1 33332.999684 53266
&& size_10000/random_tree_10 51015.191898 54668
&& size_10000/random_tree_2 52404.826281 39453
&& size_10000/random_tree_3 47216.256699 124808
&& size_10000/random_tree_4 21401.721654 72658
&& size_10000/random_tree_5 19841.858736 151814
&& size_10000/random_tree_6 15742.423375 248374
&& size_10000/random_tree_7 48322.883854 33655
&& size_10000/random_tree_8 43560.317900 152764
&& size_10000/random_tree_9 49949.063116 104387
&& size_2000/random_tree_1 33211.271928 3618
&& size_2000/random_tree_10 15520.711752 2954
&& size_2000/random_tree_2 31165.197722 3495
&& size_2000/random_tree_3 45343.357622 3558
&& size_2000/random_tree_4 26909.628824 6188
&& size_2000/random_tree_5 33141.060449 5723
&& size_2000/random_tree_6 34092.952041 7733
&& size_2000/random_tree_7 46978.566464 1808
&& size_2000/random_tree_8 27297.722652 2664
&& size_2000/random_tree_9 32401.321527 4116
&& size_20000/random_tree_1 45616.494060 508061
&& size_20000/random_tree_2 50651.718847 364690
&& size_20000/random_tree_3 22105.661348 671166
&& size_20000/random_tree_4 36957.226963 196432
&& size_20000/random_tree_5 24421.283284 841303
&& size_30000/random_tree_1 59459.215234 641302
&& size_30000/random_tree_2 63699.212632 1953345
&& size_30000/random_tree_3 39573.806589 589270
&& size_30000/random_tree_4 29095.792088 665717
&& size_30000/random_tree_5 42102.083078 1586439
&& size_4000/random_tree_1 21109.826776 4425
&& size_4000/random_tree_10 42927.987822 12402
&& size_4000/random_tree_2 44617.859956 10422
&& size_4000/random_tree_3 43577.828840 12581
&& size_4000/random_tree_4 36459.937301 8445
&& size_4000/random_tree_5 31290.648993 17389
&& size_4000/random_tree_6 36805.573232 22537
&& size_4000/random_tree_7 22116.092757 28667
&& size_4000/random_tree_8 27145.256567 22672
&& size_4000/random_tree_9 19351.745565 10774
&& size_50000/random_tree_1 50461.484453 1773134
&& size_50000/random_tree_2 47054.384082 4557721
&& size_50000/random_tree_3 61152.855231 2004118
&& size_50000/random_tree_4 71073.352653 1548152
&& size_50000/random_tree_5 27367.745697 522919
&& size_50000/random_tree_5 27367.745697 516918
/work/kulagins/tree-scheduler/real_Trees/random_trees/20_children
blabla
&& size_10000/random_tree_1 8650.175052 31254
&& size_10000/random_tree_2 5044.717279 20023
&& size_10000/random_tree_3 8312.221120 35258
&& size_15000/random_tree_1 6247.134565 51863
&& size_15000/random_tree_2 6681.988272 44468
&& size_15000/random_tree_3 4773.565289 44719
&& size_20000/random_tree_1 11249.032195 70203
&& size_20000/random_tree_2 12450.476380 85276
&& size_20000/random_tree_3 13109.689457 63819
&& size_25000/random_tree_1 5573.034325 134488
&& size_25000/random_tree_2 11742.457642 123974
&& size_25000/random_tree_3 6067.056286 121915
&& size_5000/random_tree_1 5582.392243 5579
&& size_5000/random_tree_2 6672.672804 8728
&& size_5000/random_tree_3 3883.430171 8350
&& size_5000/random_tree_3 3883.430171 8338
/work/kulagins/tree-scheduler/real_Trees/random_trees/all_small
blabla
&& size_10000/random_tree_1 565.238822 44491
&& size_10000/random_tree_10 465.221163 43756
&& size_10000/random_tree_2 619.189820 47228
&& size_10000/random_tree_3 478.402962 59407
&& size_10000/random_tree_4 755.838136 45875
&& size_10000/random_tree_5 951.960065 79092
&& size_10000/random_tree_6 432.270777 72085
&& size_10000/random_tree_7 837.352334 85452
&& size_10000/random_tree_8 391.547911 50172
&& size_10000/random_tree_9 785.274534 67365
&& size_2000/random_tree_1 365.289356 5221
&& size_2000/random_tree_10 471.618491 4569
&& size_2000/random_tree_2 405.625408 4136
&& size_2000/random_tree_3 518.059676 2974
&& size_2000/random_tree_4 216.332816 3560
&& size_2000/random_tree_5 468.064994 1841
&& size_2000/random_tree_6 411.132619 5459
&& size_2000/random_tree_7 578.157237 3377
&& size_2000/random_tree_8 551.843726 2974
&& size_2000/random_tree_9 289.033465 5222
&& size_20000/random_tree_1 746.319184 101857
&& size_20000/random_tree_2 884.184300 191754
&& size_20000/random_tree_3 832.705055 142942
&& size_20000/random_tree_4 1106.673802 167444
&& size_20000/random_tree_5 657.216204 125313
&& size_30000/random_tree_1 1066.662463 241010
&& size_30000/random_tree_2 1520.473791 422704
&& size_30000/random_tree_3 1047.233441 297469
&& size_30000/random_tree_4 1377.318697 353750
&& size_30000/random_tree_5 1199.691494 325416
&& size_4000/random_tree_1 388.316612 22451
&& size_4000/random_tree_10 596.024084 10027
&& size_4000/random_tree_2 461.171340 12011
&& size_4000/random_tree_3 650.310661 23682
&& size_4000/random_tree_4 681.699277 10695
&& size_4000/random_tree_5 640.941586 18453
&& size_4000/random_tree_6 615.008596 21664
&& size_4000/random_tree_7 456.804497 8177
&& size_4000/random_tree_8 283.268361 8153
&& size_4000/random_tree_9 524.856602 14327
&& size_50000/random_tree_1 1356.458566 887274
&& size_50000/random_tree_2 1388.040375 617325
&& size_50000/random_tree_3 1469.587103 795458
&& size_50000/random_tree_4 1507.219091 1064554
&& size_50000/random_tree_5 949.970275 736245
&& size_50000/random_tree_5 949.970275 736129
/work/kulagins/tree-scheduler/real_Trees/random_trees/large_node_weights
blabla
&& size_10000/random_tree_1 9501.659333 71225
&& size_10000/random_tree_10 9145.170261 35748
&& size_10000/random_tree_2 5187.763044 50641
&& size_10000/random_tree_3 6272.898590 49763
&& size_10000/random_tree_4 7520.713364 42302
&& size_10000/random_tree_5 9481.582969 62010
&& size_10000/random_tree_6 9497.909865 169946
&& size_10000/random_tree_7 6788.854246 57718
&& size_10000/random_tree_8 6232.351564 35657
&& size_10000/random_tree_9 8721.106556 53069
&& size_2000/random_tree_1 5620.140335 5785
&& size_2000/random_tree_10 2442.924941 7330
&& size_2000/random_tree_2 3921.083731 12871
&& size_2000/random_tree_3 2018.824017 4203
&& size_2000/random_tree_4 2993.911446 4556
&& size_2000/random_tree_5 2600.433989 7436
&& size_2000/random_tree_6 4698.679381 3563
&& size_2000/random_tree_7 2060.926194 11988
&& size_2000/random_tree_8 3423.944706 5517
&& size_2000/random_tree_9 5804.890914 2859
&& size_20000/random_tree_1 11452.547171 214200
&& size_20000/random_tree_2 6968.303332 143445
&& size_20000/random_tree_3 11122.945917 127443
&& size_20000/random_tree_4 13073.156141 191561
&& size_20000/random_tree_5 9664.515616 123454
&& size_30000/random_tree_1 7065.341951 359328
&& size_30000/random_tree_2 5896.178322 412721
&& size_30000/random_tree_3 10696.651784 334029
&& size_30000/random_tree_4 11699.510692 361990
&& size_30000/random_tree_5 13504.342291 299292
&& size_4000/random_tree_1 5940.017374 16515
&& size_4000/random_tree_10 4342.477913 17905
&& size_4000/random_tree_2 4496.114340 36550
&& size_4000/random_tree_3 4773.200890 16115
&& size_4000/random_tree_4 4347.968474 38439
&& size_4000/random_tree_5 5451.737515 16042
&& size_4000/random_tree_6 4561.594314 29609
&& size_4000/random_tree_7 3451.578881 11239
&& size_4000/random_tree_8 6715.504885 10273
&& size_4000/random_tree_9 4520.027349 13126
&& size_50000/random_tree_1 15885.041805 710809
&& size_50000/random_tree_2 12441.754635 667667
&& size_50000/random_tree_3 11796.821627 810025
&& size_50000/random_tree_4 14231.479359 819897
&& size_50000/random_tree_5 9613.222076 924459
&& size_50000/random_tree_5 9613.222076 929253
/work/kulagins/tree-scheduler/real_Trees/random_trees/3_children
blabla
&& size_10000/random_tree_1 3297.616982 31282
&& size_10000/random_tree_2 6342.121336 31492
&& size_10000/random_tree_3 5287.236498 33271
&& size_15/random_tree_1 2245.123210 10
&& size_15000/random_tree_1 9062.707868 51364
&& size_15000/random_tree_2 9481.598119 45095
&& size_15000/random_tree_3 8741.675468 65031
&& size_20/random_tree_1 4253.203671 11
&& size_20000/random_tree_1 6655.467049 91424
&& size_20000/random_tree_2 5489.872342 69206
&& size_20000/random_tree_3 5795.025117 85815
&& size_25000/random_tree_1 11087.692911 163890
&& size_25000/random_tree_2 7362.754247 153629
&& size_25000/random_tree_3 6236.073121 133623
&& size_5000/random_tree_1 5412.573943 11631
&& size_5000/random_tree_2 6914.888733 10701
&& size_5000/random_tree_3 4297.346526 19279
&& size_5000/random_tree_3 4297.346526 19323
/work/kulagins/tree-scheduler/real_Trees/random_trees/large_edge_weights
blabla
&& size_10000/random_tree_1 93635.432748 565623
&& size_10000/random_tree_10 61894.575860 524385
&& size_10000/random_tree_2 123166.452259 568264
&& size_10000/random_tree_3 87718.480585 576711
&& size_10000/random_tree_4 107303.637080 565605
&& size_10000/random_tree_5 95282.350729 533780
&& size_10000/random_tree_6 81261.925113 546601
&& size_10000/random_tree_7 67723.465518 534372
&& size_10000/random_tree_8 79780.130574 532129
&& size_10000/random_tree_9 109928.968340 564717
&& size_2000/random_tree_1 20531.599384 22281
&& size_2000/random_tree_10 20134.360994 20271
&& size_2000/random_tree_2 20445.386107 19966
&& size_2000/random_tree_3 17263.650620 21340
&& size_2000/random_tree_4 19419.018924 20862
&& size_2000/random_tree_5 26924.029156 22099
&& size_2000/random_tree_6 23144.040031 21722
&& size_2000/random_tree_7 19043.889821 20016
&& size_2000/random_tree_8 20686.201887 20236
&& size_2000/random_tree_9 27192.966278 22785
&& size_20000/random_tree_1 215905.463275 2383211
&& size_20000/random_tree_2 146558.294978 2309618
&& size_20000/random_tree_3 207906.259992 2423117
&& size_20000/random_tree_4 215664.774679 2342259
&& size_20000/random_tree_5 135102.624223 2277507
&& size_30000/random_tree_1 263842.123039 5684624
&& size_30000/random_tree_2 183658.781941 5625600
&& size_30000/random_tree_3 224673.813119 5632944
&& size_30000/random_tree_4 241949.781598 5829189
&& size_30000/random_tree_5 263825.749130 5971394
&& size_4000/random_tree_1 43951.953287 84438
&& size_4000/random_tree_10 70346.583177 93019
&& size_4000/random_tree_2 48180.652178 86237
&& size_4000/random_tree_3 34569.447092 79075
&& size_4000/random_tree_4 42016.437617 87447
&& size_4000/random_tree_5 41269.185649 82851
&& size_4000/random_tree_6 44748.841948 87003
&& size_4000/random_tree_7 30951.327130 84407
&& size_4000/random_tree_8 37544.563803 84326
&& size_4000/random_tree_9 40547.626989 82708
&& size_50000/random_tree_1 289382.561034 19389589
&& size_50000/random_tree_2 568445.999909 19891709
&& size_50000/random_tree_3 554769.543578 19683089
&& size_50000/random_tree_4 505405.728168 18803356
&& size_50000/random_tree_5 471997.377445 18152834
&& size_50000/random_tree_5 471997.377445 18100225
3-level
heterogeneous
/work/kulagins/tree-scheduler/real_Trees/random_trees
/work/kulagins/tree-scheduler/real_Trees/random_trees/10_children
blabla
&& size_10000/random_tree_1 8793.493491 36105
&& size_10000/random_tree_2 7305.363815 24878
&& size_10000/random_tree_3 3439.209182 20260
&& size_15000/random_tree_1 10481.216652 44776
&& size_15000/random_tree_2 6189.836883 44519
&& size_15000/random_tree_3 9982.161235 34606
&& size_20000/random_tree_1 6134.641594 67465
&& size_20000/random_tree_2 12978.175372 76017
&& size_20000/random_tree_3 5583.308798 69363
&& size_25000/random_tree_1 6617.631964 164942
&& size_25000/random_tree_2 6179.071762 118726
&& size_25000/random_tree_3 12463.569604 109233
&& size_5000/random_tree_1 7178.899456 5816
&& size_5000/random_tree_2 5013.587893 7514
&& size_5000/random_tree_3 7190.519630 11831
&& size_5000/random_tree_3 7190.519630 11802
/work/kulagins/tree-scheduler/real_Trees/random_trees/all_large
blabla
&& size_10000/random_tree_1 101690.747507 79694
&& size_10000/random_tree_10 129944.723733 111917
&& size_10000/random_tree_2 159501.260946 95306
&& size_10000/random_tree_3 139022.854149 99317
&& size_10000/random_tree_4 157259.791022 100028
&& size_10000/random_tree_5 115149.331572 103118
&& size_10000/random_tree_6 124336.287877 87357
&& size_10000/random_tree_7 165841.647260 93107
&& size_10000/random_tree_8 153742.393617 100245
&& size_10000/random_tree_9 159110.701777 93921
&& size_2000/random_tree_1 109398.918629 6453
&& size_2000/random_tree_10 62898.651275 4250
&& size_2000/random_tree_2 70128.747163 4795
&& size_2000/random_tree_3 97943.068849 4571
&& size_2000/random_tree_4 102187.803382 4161
&& size_2000/random_tree_5 47287.710782 5052
&& size_2000/random_tree_6 100515.594472 3742
&& size_2000/random_tree_7 104111.139211 5303
&& size_2000/random_tree_8 69036.439333 5509
&& size_2000/random_tree_9 98630.701177 4744
&& size_20000/random_tree_1 179619.450678 326171
&& size_20000/random_tree_2 193128.621245 374587
&& size_20000/random_tree_3 241050.726046 426720
&& size_20000/random_tree_4 155983.968986 400918
&& size_20000/random_tree_5 180885.606233 355778
&& size_30000/random_tree_1 332049.627876 1015862
&& size_30000/random_tree_2 268254.708669 756734
&& size_30000/random_tree_3 303173.277037 948701
&& size_30000/random_tree_4 238656.326091 767326
&& size_30000/random_tree_5 290313.321511 896236
&& size_4000/random_tree_1 125651.613085 17304
&& size_4000/random_tree_10 117325.081200 14613
&& size_4000/random_tree_2 71532.950602 16571
&& size_4000/random_tree_3 100958.618402 20524
&& size_4000/random_tree_4 88627.675326 15186
&& size_4000/random_tree_5 66042.301793 17152
&& size_4000/random_tree_6 122992.408725 16902
&& size_4000/random_tree_7 102573.730156 14461
&& size_4000/random_tree_8 120411.571945 15677
&& size_4000/random_tree_9 98122.463488 20211
&& size_50000/random_tree_1 345513.968673 2513244
&& size_50000/random_tree_2 480333.637330 2440545
&& size_50000/random_tree_3 316296.774393 2373987
&& size_50000/random_tree_4 367624.543138 2329954
&& size_50000/random_tree_5 490315.529045 2418643
&& size_50000/random_tree_5 490315.529045 2428572
/work/kulagins/tree-scheduler/real_Trees/random_trees/large_makespan_weights
blabla
&& size_10000/random_tree_1 33332.999684 53212
&& size_10000/random_tree_10 51015.191898 55350
&& size_10000/random_tree_2 52404.826281 39353
&& size_10000/random_tree_3 47216.256699 125026
&& size_10000/random_tree_4 21401.721654 71471
&& size_10000/random_tree_5 19841.858736 151532
&& size_10000/random_tree_6 15742.423375 247999
&& size_10000/random_tree_7 48322.883854 33512
&& size_10000/random_tree_8 43560.317900 152658
&& size_10000/random_tree_9 49949.063116 105345
&& size_2000/random_tree_1 33211.271928 3592
&& size_2000/random_tree_10 15520.711752 2909
&& size_2000/random_tree_2 31165.197722 3462
&& size_2000/random_tree_3 45343.357622 3562
&& size_2000/random_tree_4 26909.628824 6185
&& size_2000/random_tree_5 33141.060449 5697
&& size_2000/random_tree_6 34092.952041 7718
&& size_2000/random_tree_7 46978.566464 1815
&& size_2000/random_tree_8 27297.722652 2661
&& size_2000/random_tree_9 32401.321527 4106
&& size_20000/random_tree_1 45616.494060 504467
&& size_20000/random_tree_2 50651.718847 363296
&& size_20000/random_tree_3 22105.661348 669468
&& size_20000/random_tree_4 36957.226963 195517
&& size_20000/random_tree_5 24421.283284 840527
&& size_30000/random_tree_1 59459.215234 639470
&& size_30000/random_tree_2 63699.212632 1948268
&& size_30000/random_tree_3 39573.806589 583072
&& size_30000/random_tree_4 29095.792088 658966
&& size_30000/random_tree_5 42102.083078 1580170
&& size_4000/random_tree_1 21109.826776 4337
&& size_4000/random_tree_10 42927.987822 12304
&& size_4000/random_tree_2 44617.859956 10323
&& size_4000/random_tree_3 43577.828840 12442
&& size_4000/random_tree_4 36459.937301 8319
&& size_4000/random_tree_5 31290.648993 17234
&& size_4000/random_tree_6 36805.573232 22228
&& size_4000/random_tree_7 22116.092757 28408
&& size_4000/random_tree_8 27145.256567 22422
&& size_4000/random_tree_9 19351.745565 10556
&& size_50000/random_tree_1 50461.484453 1746512
&& size_50000/random_tree_2 47054.384082 4550252
&& size_50000/random_tree_3 61152.855231 2005120
&& size_50000/random_tree_4 71073.352653 1544896
&& size_50000/random_tree_5 26151.754867 486439
&& size_50000/random_tree_5 26151.754867 489594
/work/kulagins/tree-scheduler/real_Trees/random_trees/20_children
blabla
&& size_10000/random_tree_1 8650.175052 31408
&& size_10000/random_tree_2 4739.142335 19801
&& size_10000/random_tree_3 8312.221120 35275
&& size_15000/random_tree_1 5907.498489 49479
&& size_15000/random_tree_2 6332.616574 43886
&& size_15000/random_tree_3 4583.003652 41285
&& size_20000/random_tree_1 10847.896716 69364
&& size_20000/random_tree_2 12094.859017 84786
&& size_20000/random_tree_3 12295.758053 63401
&& size_25000/random_tree_1 5052.187122 134324
&& size_25000/random_tree_2 11119.574825 131204
&& size_25000/random_tree_3 5225.437465 120945
&& size_5000/random_tree_1 5582.392243 5582
&& size_5000/random_tree_2 6672.672804 8742
&& size_5000/random_tree_3 3838.085817 5904
&& size_5000/random_tree_3 3838.085817 5924
/work/kulagins/tree-scheduler/real_Trees/random_trees/all_small
blabla
&& size_10000/random_tree_1 548.756368 44730
&& size_10000/random_tree_10 437.009173 41999
&& size_10000/random_tree_2 582.903701 48280
&& size_10000/random_tree_3 451.318159 58112
&& size_10000/random_tree_4 721.833985 43322
&& size_10000/random_tree_5 951.960065 78730
&& size_10000/random_tree_6 411.676250 57220
&& size_10000/random_tree_7 833.913247 31617
&& size_10000/random_tree_8 377.791907 46957
&& size_10000/random_tree_9 774.904871 51266
&& size_2000/random_tree_1 365.289356 5172
&& size_2000/random_tree_10 471.618491 4526
&& size_2000/random_tree_2 405.625408 4114
&& size_2000/random_tree_3 518.059676 2933
&& size_2000/random_tree_4 216.332816 3528
&& size_2000/random_tree_5 468.064994 1806
&& size_2000/random_tree_6 411.132619 5434
&& size_2000/random_tree_7 578.157237 3346
&& size_2000/random_tree_8 551.843726 2967
&& size_2000/random_tree_9 289.033465 5208
&& size_20000/random_tree_1 723.227488 102166
&& size_20000/random_tree_2 795.785895 172622
&& size_20000/random_tree_3 788.645009 133528
&& size_20000/random_tree_4 1072.559057 165188
&& size_20000/random_tree_5 585.006359 121169
&& size_30000/random_tree_1 1004.618102 226670
&& size_30000/random_tree_2 1403.200244 400530
&& size_30000/random_tree_3 955.446226 288168
&& size_30000/random_tree_4 1315.087037 348212
&& size_30000/random_tree_5 1144.838929 311138
&& size_4000/random_tree_1 388.316612 22147
&& size_4000/random_tree_10 596.024084 9623
&& size_4000/random_tree_2 461.171340 11589
&& size_4000/random_tree_3 650.310661 23163
&& size_4000/random_tree_4 681.699277 10305
&& size_4000/random_tree_5 640.941586 18144
&& size_4000/random_tree_6 615.008596 21216
&& size_4000/random_tree_7 456.804497 7875
&& size_4000/random_tree_8 276.462416 7779
&& size_4000/random_tree_9 524.856602 13620
&& size_50000/random_tree_1 1247.641865 796478
&& size_50000/random_tree_2 1231.454235 577729
&& size_50000/random_tree_3 1314.081489 762936
&& size_50000/random_tree_4 1377.299855 732652
&& size_50000/random_tree_5 867.206547 721265
&& size_50000/random_tree_5 867.206547 725167
/work/kulagins/tree-scheduler/real_Trees/random_trees/large_node_weights
blabla
&& size_10000/random_tree_1 9501.659333 71202
&& size_10000/random_tree_10 9145.170261 35506
&& size_10000/random_tree_2 4867.454811 50353
&& size_10000/random_tree_3 6113.535952 45304
&& size_10000/random_tree_4 7315.672612 41855
&& size_10000/random_tree_5 9481.582969 62696
&& size_10000/random_tree_6 9497.909865 169257
&& size_10000/random_tree_7 6569.871646 46912
&& size_10000/random_tree_8 5929.752462 36312
&& size_10000/random_tree_9 8721.106556 53359
&& size_2000/random_tree_1 5620.140335 5787
&& size_2000/random_tree_10 2442.924941 7278
&& size_2000/random_tree_2 3921.083731 12882
&& size_2000/random_tree_3 2018.824017 4196
&& size_2000/random_tree_4 2993.911446 4537
&& size_2000/random_tree_5 2600.433989 7442
&& size_2000/random_tree_6 4698.679381 3559
&& size_2000/random_tree_7 2060.926194 11978
&& size_2000/random_tree_8 3423.944706 5520
&& size_2000/random_tree_9 5804.890914 2872
&& size_20000/random_tree_1 11060.296200 217482
&& size_20000/random_tree_2 6608.737083 143892
&& size_20000/random_tree_3 10904.006843 137455
&& size_20000/random_tree_4 12402.172908 191879
&& size_20000/random_tree_5 9159.721351 118870
&& size_30000/random_tree_1 6424.497261 370074
&& size_30000/random_tree_2 5262.682808 415882
&& size_30000/random_tree_3 10150.928947 313391
&& size_30000/random_tree_4 10926.733392 340417
&& size_30000/random_tree_5 12808.115182 295471
&& size_4000/random_tree_1 5940.017374 16334
&& size_4000/random_tree_10 4342.477913 17461
&& size_4000/random_tree_2 4496.114340 36180
&& size_4000/random_tree_3 4773.200890 15605
&& size_4000/random_tree_4 4347.968474 38052
&& size_4000/random_tree_5 5451.737515 15843
&& size_4000/random_tree_6 4561.594314 29251
&& size_4000/random_tree_7 3451.578881 11081
&& size_4000/random_tree_8 6715.504885 9991
&& size_4000/random_tree_9 4520.027349 12742
&& size_50000/random_tree_1 15104.031053 677622
&& size_50000/random_tree_2 11318.281311 652637
&& size_50000/random_tree_3 10392.250493 771805
&& size_50000/random_tree_4 12896.866177 803131
&& size_50000/random_tree_5 8791.367572 911790
&& size_50000/random_tree_5 8791.367572 907209
/work/kulagins/tree-scheduler/real_Trees/random_trees/3_children
blabla
&& size_10000/random_tree_1 3160.982967 87997
&& size_10000/random_tree_2 6190.414604 56836
&& size_10000/random_tree_3 5068.398922 83813
&& size_15/random_tree_1 2245.123210 9
&& size_15000/random_tree_1 8812.983400 101863
&& size_15000/random_tree_2 12845.622329 65216
&& size_15000/random_tree_3 11996.261512 367956
&& size_20/random_tree_1 4253.203671 29
&& size_20000/random_tree_1 8668.661296 148319
&& size_20000/random_tree_2 6799.842131 722167
&& size_20000/random_tree_3 7016.976171 1090970
&& size_25000/random_tree_1 10845.910905 3016037
&& size_25000/random_tree_2 7451.048072 1343388
&& size_25000/random_tree_3 7317.558774 1762981
&& size_5000/random_tree_1 5412.573943 12788
&& size_5000/random_tree_2 6914.888733 11417
&& size_5000/random_tree_3 4297.346526 19893
&& size_5000/random_tree_3 4297.346526 19900
/work/kulagins/tree-scheduler/real_Trees/random_trees/large_edge_weights
blabla
&& size_10000/random_tree_1 79461.669732 562654
&& size_10000/random_tree_10 52727.001199 518798
&& size_10000/random_tree_2 100956.662615 562916
&& size_10000/random_tree_3 78449.846845 557316
&& size_10000/random_tree_4 88617.438158 562772
&& size_10000/random_tree_5 79227.544513 526270
&& size_10000/random_tree_6 68979.397737 539553
&& size_10000/random_tree_7 55955.420831 529428
&& size_10000/random_tree_8 67498.194020 526275
&& size_10000/random_tree_9 93151.943560 552557
&& size_2000/random_tree_1 18031.567080 21700
&& size_2000/random_tree_10 16841.662930 19975
&& size_2000/random_tree_2 16172.684381 19639
&& size_2000/random_tree_3 16165.084921 20849
&& size_2000/random_tree_4 17725.206795 20643
&& size_2000/random_tree_5 22280.157139 22099
&& size_2000/random_tree_6 20038.022009 21441
&& size_2000/random_tree_7 16836.715470 20031
&& size_2000/random_tree_8 17031.161641 20057
&& size_2000/random_tree_9 23150.139244 22550
&& size_20000/random_tree_1 175685.775135 2372053
&& size_20000/random_tree_2 123923.793936 2329499
&& size_20000/random_tree_3 163002.724383 2439171
&& size_20000/random_tree_4 159809.700534 2353914
&& size_20000/random_tree_5 110119.337491 2299595
&& size_30000/random_tree_1 196896.243546 5701010
&& size_30000/random_tree_2 147966.880365 5636472
&& size_30000/random_tree_3 203795.508807 5643751
&& size_30000/random_tree_4 212565.150729 5617598
&& size_30000/random_tree_5 209095.939353 5675563
&& size_4000/random_tree_1 35820.957915 83783
&& size_4000/random_tree_10 56946.694880 91906
&& size_4000/random_tree_2 39253.977903 85317
&& size_4000/random_tree_3 30207.055307 79845
&& size_4000/random_tree_4 36055.733348 87926
&& size_4000/random_tree_5 34496.902552 82049
&& size_4000/random_tree_6 38608.740118 87155
&& size_4000/random_tree_7 26601.032626 84416
&& size_4000/random_tree_8 34701.959269 84508
&& size_4000/random_tree_9 35163.355124 81261
&& size_50000/random_tree_1 248557.173501 17878484
&& size_50000/random_tree_2 446410.833259 18819181
&& size_50000/random_tree_3 489191.979028 18745965
&& size_50000/random_tree_4 482700.613738 18948328
&& size_50000/random_tree_5 335246.777951 19033338
&& size_50000/random_tree_5 335246.777951 19009968
many small
/work/kulagins/tree-scheduler/real_Trees/random_trees/10_children
blabla
&& size_10000/random_tree_1 17138.008388 472758
&& size_10000/random_tree_2 -1.000000 350643
&& size_10000/random_tree_3 -1.000000 520442
&& size_15000/random_tree_1 -1.000000 759721
&& size_15000/random_tree_2 -1.000000 1014251
&& size_15000/random_tree_3 -1.000000 674056
&& size_20000/random_tree_1 -1.000000 1147366
&& size_20000/random_tree_2 -1.000000 1047067
&& size_20000/random_tree_3 -1.000000 1184590
&& size_25000/random_tree_1 -1.000000 2744344
&& size_25000/random_tree_2 -1.000000 2820910
&& size_25000/random_tree_3 -1.000000 1100598
&& size_5000/random_tree_1 22106.700629 85226
&& size_5000/random_tree_2 11648.011665 54185
&& size_5000/random_tree_3 22198.001985 77170
&& size_5000/random_tree_3 22198.001985 77932
/work/kulagins/tree-scheduler/real_Trees/random_trees/all_large
blabla
&& size_10000/random_tree_1 119652.162010 169501
&& size_10000/random_tree_10 152575.619228 139782
&& size_10000/random_tree_2 209783.711016 113062
&& size_10000/random_tree_3 180631.285363 137926
&& size_10000/random_tree_4 157259.791022 100359
&& size_10000/random_tree_5 -1.000000 55678
&& size_10000/random_tree_6 182654.331891 111647
&& size_10000/random_tree_7 182230.368905 97257
&& size_10000/random_tree_8 153742.393617 101115
&& size_10000/random_tree_9 159110.701777 93360
&& size_2000/random_tree_1 157908.918629 7732
&& size_2000/random_tree_10 62898.651275 4244
&& size_2000/random_tree_2 70128.747163 4805
&& size_2000/random_tree_3 97943.068849 4574
&& size_2000/random_tree_4 108307.333532 5090
&& size_2000/random_tree_5 47287.710782 5093
&& size_2000/random_tree_6 146512.558378 5373
&& size_2000/random_tree_7 178311.420833 14901
&& size_2000/random_tree_8 69036.439333 5305
&& size_2000/random_tree_9 105050.820154 6012
&& size_20000/random_tree_1 187093.937169 342021
&& size_20000/random_tree_2 221057.199773 435789
&& size_20000/random_tree_3 -1.000000 584108
&& size_20000/random_tree_4 170921.027721 413483
&& size_20000/random_tree_5 241292.525971 696530
&& size_30000/random_tree_1 332049.627876 1023221
&& size_30000/random_tree_2 301249.121351 1084317
&& size_30000/random_tree_3 366884.662764 1299521
&& size_30000/random_tree_4 264592.254677 795007
&& size_30000/random_tree_5 334878.092003 2511165
&& size_4000/random_tree_1 135149.454136 18752
&& size_4000/random_tree_10 123891.606696 15876
&& size_4000/random_tree_2 83619.228382 18137
&& size_4000/random_tree_3 100958.618402 20472
&& size_4000/random_tree_4 120253.127848 38194
&& size_4000/random_tree_5 97203.425573 21920
&& size_4000/random_tree_6 224613.819417 173488
&& size_4000/random_tree_7 102573.730156 14624
&& size_4000/random_tree_8 120411.571945 15868
&& size_4000/random_tree_9 127553.299240 23957
&& size_50000/random_tree_1 492803.527987 4622263
&& size_50000/random_tree_2 573927.537916 5614146
&& size_50000/random_tree_3 324723.720686 2425763
&& size_50000/random_tree_4 427534.392433 4009725
&& size_50000/random_tree_5 565611.103373 3674700
&& size_50000/random_tree_5 565611.103373 3694649
/work/kulagins/tree-scheduler/real_Trees/random_trees/large_makespan_weights
blabla
&& size_10000/random_tree_1 61581.924282 132264
&& size_10000/random_tree_10 189908.020232 186566
&& size_10000/random_tree_2 147478.811773 182602
&& size_10000/random_tree_3 263522.883944 477419
&& size_10000/random_tree_4 104280.801455 131613
&& size_10000/random_tree_5 46926.028886 245208
&& size_10000/random_tree_6 33976.577516 468489
&& size_10000/random_tree_7 350239.265099 166113
&& size_10000/random_tree_8 156434.111225 632682
&& size_10000/random_tree_9 181032.305763 252000
&& size_2000/random_tree_1 163563.255591 15924
&& size_2000/random_tree_10 30298.760146 6481
&& size_2000/random_tree_2 92741.197722 9636
&& size_2000/random_tree_3 137366.390292 16248
&& size_2000/random_tree_4 131070.256615 32698
&& size_2000/random_tree_5 126856.863108 11790
&& size_2000/random_tree_6 67008.331746 13515
&& size_2000/random_tree_7 186613.587131 13973
&& size_2000/random_tree_8 130517.888406 10793
&& size_2000/random_tree_9 63540.884730 7228
&& size_20000/random_tree_1 79984.766188 1453239
&& size_20000/random_tree_2 132276.349360 1357412
&& size_20000/random_tree_3 82088.536483 6494951
&& size_20000/random_tree_4 62924.216150 500142
&& size_20000/random_tree_5 71047.231872 1515345
&& size_30000/random_tree_1 138534.171040 3333029
&& size_30000/random_tree_2 162089.515790 5531168
&& size_30000/random_tree_3 65408.806589 836282
&& size_30000/random_tree_4 62641.665911 3898623
&& size_30000/random_tree_5 125929.465446 6278566
&& size_4000/random_tree_1 40160.826776 9289
&& size_4000/random_tree_10 166210.782709 38658
&& size_4000/random_tree_2 130753.793163 49967
&& size_4000/random_tree_3 128166.687818 39243
&& size_4000/random_tree_4 173246.716762 42855
&& size_4000/random_tree_5 176359.694427 81039
&& size_4000/random_tree_6 142489.183639 92164
&& size_4000/random_tree_7 61114.191006 66429
&& size_4000/random_tree_8 77652.544585 34943
&& size_4000/random_tree_9 35786.907411 24210
&& size_50000/random_tree_1 103971.779388 119448831
&& size_50000/random_tree_2 97253.732739 21611586
&& size_50000/random_tree_3 232779.539039 7951377
&& size_50000/random_tree_4 161554.425928 2661080
&& size_50000/random_tree_5 26151.754867 469728
&& size_50000/random_tree_5 26151.754867 470039
/work/kulagins/tree-scheduler/real_Trees/random_trees/20_children
blabla
&& size_10000/random_tree_1 12577.408880 113923
&& size_10000/random_tree_2 -1.000000 203762
&& size_10000/random_tree_3 16854.177797 336384
&& size_15000/random_tree_1 -1.000000 491942
&& size_15000/random_tree_2 -1.000000 519774
&& size_15000/random_tree_3 -1.000000 508434
&& size_20000/random_tree_1 -1.000000 824405
&& size_20000/random_tree_2 -1.000000 1507152
&& size_20000/random_tree_3 -1.000000 958184
&& size_25000/random_tree_1 -1.000000 1279840
&& size_25000/random_tree_2 -1.000000 1167152
&& size_25000/random_tree_3 -1.000000 1454318
&& size_5000/random_tree_1 14280.472540 19400
&& size_5000/random_tree_2 19926.684998 51239
&& size_5000/random_tree_3 5478.606557 16808
&& size_5000/random_tree_3 5478.606557 16741
/work/kulagins/tree-scheduler/real_Trees/random_trees/all_small
blabla
&& size_10000/random_tree_1 760.826136 57920
&& size_10000/random_tree_10 437.009173 41652
&& size_10000/random_tree_2 584.633246 53294
&& size_10000/random_tree_3 628.333212 69485
&& size_10000/random_tree_4 1054.320692 68848
&& size_10000/random_tree_5 1865.791183 226884
&& size_10000/random_tree_6 566.242174 87009
&& size_10000/random_tree_7 833.913247 31560
&& size_10000/random_tree_8 518.840186 83893
&& size_10000/random_tree_9 1100.765889 70527
&& size_2000/random_tree_1 637.279334 7149
&& size_2000/random_tree_10 847.174910 9824
&& size_2000/random_tree_2 976.103555 7116
&& size_2000/random_tree_3 1366.059676 5473
&& size_2000/random_tree_4 342.332816 4825
&& size_2000/random_tree_5 832.064994 3356
&& size_2000/random_tree_6 733.132619 6722
&& size_2000/random_tree_7 1550.040613 7938
&& size_2000/random_tree_8 1453.631014 14457
&& size_2000/random_tree_9 1063.580940 12191
&& size_20000/random_tree_1 1002.842816 118647
&& size_20000/random_tree_2 1363.329213 640936
&& size_20000/random_tree_3 788.645009 135442
&& size_20000/random_tree_4 1146.033647 181977
&& size_20000/random_tree_5 619.174648 131728
&& size_30000/random_tree_1 1393.576315 406464
&& size_30000/random_tree_2 1403.200244 408705
&& size_30000/random_tree_3 1325.316884 388562
&& size_30000/random_tree_4 1801.775755 549880
&& size_30000/random_tree_5 1609.554835 523438
&& size_4000/random_tree_1 1007.577117 55647
&& size_4000/random_tree_10 1011.024084 14534
&& size_4000/random_tree_2 998.867933 38319
&& size_4000/random_tree_3 1099.310661 28942
&& size_4000/random_tree_4 2633.614651 26400
&& size_4000/random_tree_5 1547.536412 47750
&& size_4000/random_tree_6 996.736018 37309
&& size_4000/random_tree_7 456.804497 8285
&& size_4000/random_tree_8 399.835330 29738
&& size_4000/random_tree_9 524.856602 14747
&& size_50000/random_tree_1 2012.603644 2354674
&& size_50000/random_tree_2 -1.000000 3662809
&& size_50000/random_tree_3 1783.927181 2051124
&& size_50000/random_tree_4 2345.730340 3087979
&& size_50000/random_tree_5 1066.812385 806496
&& size_50000/random_tree_5 1066.812385 806025
/work/kulagins/tree-scheduler/real_Trees/random_trees/large_node_weights
blabla
&& size_10000/random_tree_1 19192.453487 155778
&& size_10000/random_tree_10 13616.934207 125676
&& size_10000/random_tree_2 8812.971959 85653
&& size_10000/random_tree_3 8853.420026 115597
&& size_10000/random_tree_4 7315.672612 41439
&& size_10000/random_tree_5 24867.785205 224072
&& size_10000/random_tree_6 25356.402508 456936
&& size_10000/random_tree_7 9068.535630 54871
&& size_10000/random_tree_8 -1.000000 364822
&& size_10000/random_tree_9 16897.646058 194194
&& size_2000/random_tree_1 24413.526272 19126
&& size_2000/random_tree_10 5209.681521 9241
&& size_2000/random_tree_2 12450.249089 19721
&& size_2000/random_tree_3 3267.789480 12185
&& size_2000/random_tree_4 5025.911446 6130
&& size_2000/random_tree_5 12316.896027 20860
&& size_2000/random_tree_6 12024.439206 10999
&& size_2000/random_tree_7 7810.602345 19352
&& size_2000/random_tree_8 5955.122016 11595
&& size_2000/random_tree_9 15477.726160 15304
&& size_20000/random_tree_1 12006.680218 231239
&& size_20000/random_tree_2 6608.737083 145219
&& size_20000/random_tree_3 -1.000000 2636475
&& size_20000/random_tree_4 12402.172908 195902
&& size_20000/random_tree_5 9159.721351 121094
&& size_30000/random_tree_1 7388.746052 401624
&& size_30000/random_tree_2 6235.895234 464809
&& size_30000/random_tree_3 13941.039203 667402
&& size_30000/random_tree_4 15446.793212 977749
&& size_30000/random_tree_5 17754.290276 411572
&& size_4000/random_tree_1 10054.017374 21986
&& size_4000/random_tree_10 6916.365152 45541
&& size_4000/random_tree_2 8435.482118 63315
&& size_4000/random_tree_3 15213.501255 59443
&& size_4000/random_tree_4 22482.608824 174440
&& size_4000/random_tree_5 15892.307378 37558
&& size_4000/random_tree_6 7197.378357 35418
&& size_4000/random_tree_7 6855.257781 31281
&& size_4000/random_tree_8 11615.504885 16173
&& size_4000/random_tree_9 18015.608662 53188
&& size_50000/random_tree_1 -1.000000 6486761
&& size_50000/random_tree_2 14819.576800 769565
&& size_50000/random_tree_3 -1.000000 13280259
&& size_50000/random_tree_4 17955.393606 3376697
&& size_50000/random_tree_5 10996.556343 2213761
&& size_50000/random_tree_5 10996.556343 2223550
/work/kulagins/tree-scheduler/real_Trees/random_trees/3_children
blabla
&& size_10000/random_tree_1 -1.000000 523773
&& size_10000/random_tree_2 -1.000000 619535
&& size_10000/random_tree_3 -1.000000 512674
&& size_15/random_tree_1 2245.123210 10
&& size_15000/random_tree_1 -1.000000 1023538
&& size_15000/random_tree_2 -1.000000 1299515
&& size_15000/random_tree_3 -1.000000 2183332
&& size_20/random_tree_1 4253.203671 13
&& size_20000/random_tree_1 -1.000000 3404141
&& size_20000/random_tree_2 -1.000000 2976097
&& size_20000/random_tree_3 -1.000000 1807780
&& size_25000/random_tree_1 -1.000000 4601040
&& size_25000/random_tree_2 -1.000000 4764553
&& size_25000/random_tree_3 -1.000000 5156959
&& size_5000/random_tree_1 18448.553259 187389
&& size_5000/random_tree_2 25326.801105 97960
&& size_5000/random_tree_3 13591.766479 181715
&& size_5000/random_tree_3 13591.766479 179724
/work/kulagins/tree-scheduler/real_Trees/random_trees/large_edge_weights
blabla
&& size_10000/random_tree_1 99268.647471 732483
&& size_10000/random_tree_10 58695.940589 574845
&& size_10000/random_tree_2 100956.662615 565654
&& size_10000/random_tree_3 78449.846845 563507
&& size_10000/random_tree_4 96149.485165 616091
&& size_10000/random_tree_5 80729.252301 537967
&& size_10000/random_tree_6 75077.335348 549462
&& size_10000/random_tree_7 58763.703330 538150
&& size_10000/random_tree_8 77552.063440 618099
&& size_10000/random_tree_9 102316.367508 610322
&& size_2000/random_tree_1 18031.567080 21935
&& size_2000/random_tree_10 18891.718123 22449
&& size_2000/random_tree_2 16172.684381 19918
&& size_2000/random_tree_3 16165.084921 21251
&& size_2000/random_tree_4 17725.206795 21029
&& size_2000/random_tree_5 22330.824898 22945
&& size_2000/random_tree_6 20038.022009 21650
&& size_2000/random_tree_7 18725.897301 24624
&& size_2000/random_tree_8 19472.884137 20701
&& size_2000/random_tree_9 23150.139244 22908
&& size_20000/random_tree_1 175685.775135 2340255
&& size_20000/random_tree_2 -1.000000 1676963
&& size_20000/random_tree_3 163002.724383 2428379
&& size_20000/random_tree_4 162518.688223 2370607
&& size_20000/random_tree_5 117073.454275 2392122
&& size_30000/random_tree_1 196896.243546 5845540
&& size_30000/random_tree_2 -1.000000 1890465
&& size_30000/random_tree_3 203795.508807 5758164
&& size_30000/random_tree_4 234312.788230 6569290
&& size_30000/random_tree_5 226908.138507 5943763
&& size_4000/random_tree_1 35820.957915 84369
&& size_4000/random_tree_10 56946.694880 91921
&& size_4000/random_tree_2 39253.977903 85221
&& size_4000/random_tree_3 33832.545070 88546
&& size_4000/random_tree_4 36055.733348 87732
&& size_4000/random_tree_5 36454.202172 87276
&& size_4000/random_tree_6 45226.870672 94933
&& size_4000/random_tree_7 40415.578798 107931
&& size_4000/random_tree_8 35171.726346 90159
&& size_4000/random_tree_9 35163.355124 81962
&& size_50000/random_tree_1 273535.295513 20774756
&& size_50000/random_tree_2 513915.901024 19808286
&& size_50000/random_tree_3 489191.979028 18190627
&& size_50000/random_tree_4 500666.191459 22009381
&& size_50000/random_tree_5 415640.737273 18243878
&& size_50000/random_tree_5 415640.737273 18692008
avg avg
/work/kulagins/tree-scheduler/real_Trees/random_trees/10_children
blabla
&& size_10000/random_tree_1 8793.493491 36152
&& size_10000/random_tree_2 7461.146289 22144
&& size_10000/random_tree_3 3729.284179 20707
&& size_15000/random_tree_1 10675.169516 41193
&& size_15000/random_tree_2 6473.467800 43991
&& size_15000/random_tree_3 10288.777571 32640
&& size_20000/random_tree_1 6465.677304 62866
&& size_20000/random_tree_2 10747.451561 66146
&& size_20000/random_tree_3 5759.350717 63589
&& size_25000/random_tree_1 7234.523105 111253
&& size_25000/random_tree_2 6377.126541 99448
&& size_25000/random_tree_3 12635.091727 85234
&& size_5000/random_tree_1 7178.899456 5738
&& size_5000/random_tree_2 5013.587893 7483
&& size_5000/random_tree_3 7190.519630 11796
&& size_5000/random_tree_3 7190.519630 11819
/work/kulagins/tree-scheduler/real_Trees/random_trees/all_large
blabla
&& size_10000/random_tree_1 109241.398295 82625
&& size_10000/random_tree_10 148929.622310 116138
&& size_10000/random_tree_2 176172.567310 95392
&& size_10000/random_tree_3 152060.762656 100222
&& size_10000/random_tree_4 173662.319851 100732
&& size_10000/random_tree_5 126450.891243 103916
&& size_10000/random_tree_6 149671.292144 90336
&& size_10000/random_tree_7 192334.778178 94892
&& size_10000/random_tree_8 171556.003046 103092
&& size_10000/random_tree_9 176871.793294 93223
&& size_2000/random_tree_1 109398.918629 6444
&& size_2000/random_tree_10 66703.549667 4379
&& size_2000/random_tree_2 73388.274387 4876
&& size_2000/random_tree_3 100990.524660 5304
&& size_2000/random_tree_4 105088.893685 12881
&& size_2000/random_tree_5 49810.946035 5080
&& size_2000/random_tree_6 102219.871446 3797
&& size_2000/random_tree_7 104111.139211 5334
&& size_2000/random_tree_8 71805.420872 5485
&& size_2000/random_tree_9 101127.002025 9979
&& size_20000/random_tree_1 202834.456770 325700
&& size_20000/random_tree_2 220534.692154 373453
&& size_20000/random_tree_3 302713.362801 446727
&& size_20000/random_tree_4 176763.176141 408672
&& size_20000/random_tree_5 211263.662308 360767
&& size_30000/random_tree_1 385890.682720 1027739
&& size_30000/random_tree_2 303963.430243 767286
&& size_30000/random_tree_3 349513.062859 960282
&& size_30000/random_tree_4 296754.842992 783456
&& size_30000/random_tree_5 316042.971409 899112
&& size_4000/random_tree_1 133735.278358 18307
&& size_4000/random_tree_10 120969.824060 15239
&& size_4000/random_tree_2 75999.452859 17571
&& size_4000/random_tree_3 110659.074570 21644
&& size_4000/random_tree_4 93448.899128 16060
&& size_4000/random_tree_5 75807.376887 20459
&& size_4000/random_tree_6 127904.430180 17188
&& size_4000/random_tree_7 106512.180055 15337
&& size_4000/random_tree_8 125843.912623 16364
&& size_4000/random_tree_9 102539.226102 20470
&& size_50000/random_tree_1 460566.016055 2557801
&& size_50000/random_tree_2 565904.381574 2440495
&& size_50000/random_tree_3 422765.568799 2417477
&& size_50000/random_tree_4 425311.025149 2426109
&& size_50000/random_tree_5 563063.726107 2459745
&& size_50000/random_tree_5 563063.726107 2460628
/work/kulagins/tree-scheduler/real_Trees/random_trees/large_makespan_weights
blabla
&& size_10000/random_tree_1 33332.999684 53179
&& size_10000/random_tree_10 51015.191898 54081
&& size_10000/random_tree_2 52404.826281 39423
&& size_10000/random_tree_3 47216.256699 124976
&& size_10000/random_tree_4 21401.721654 71852
&& size_10000/random_tree_5 19841.858736 152005
&& size_10000/random_tree_6 15742.423375 249043
&& size_10000/random_tree_7 48322.883854 33761
&& size_10000/random_tree_8 43560.317900 153353
&& size_10000/random_tree_9 49949.063116 104295
&& size_2000/random_tree_1 33211.271928 3640
&& size_2000/random_tree_10 15520.711752 2959
&& size_2000/random_tree_2 31165.197722 3508
&& size_2000/random_tree_3 45343.357622 3582
&& size_2000/random_tree_4 26909.628824 6206
&& size_2000/random_tree_5 33141.060449 5734
&& size_2000/random_tree_6 34092.952041 7752
&& size_2000/random_tree_7 46978.566464 1807
&& size_2000/random_tree_8 27297.722652 2681
&& size_2000/random_tree_9 32401.321527 4111
&& size_20000/random_tree_1 45616.494060 508646
&& size_20000/random_tree_2 50651.718847 365466
&& size_20000/random_tree_3 22105.661348 672642
&& size_20000/random_tree_4 36957.226963 197143
&& size_20000/random_tree_5 24421.283284 842118
&& size_30000/random_tree_1 59459.215234 641831
&& size_30000/random_tree_2 63699.212632 1959049
&& size_30000/random_tree_3 39573.806589 587275
&& size_30000/random_tree_4 29095.792088 666041
&& size_30000/random_tree_5 42102.083078 1589445
&& size_4000/random_tree_1 21109.826776 4447
&& size_4000/random_tree_10 42927.987822 12442
&& size_4000/random_tree_2 44617.859956 10465
&& size_4000/random_tree_3 43577.828840 12637
&& size_4000/random_tree_4 36459.937301 8550
&& size_4000/random_tree_5 31290.648993 17478
&& size_4000/random_tree_6 36805.573232 22635
&& size_4000/random_tree_7 22116.092757 28933
&& size_4000/random_tree_8 27145.256567 22818
&& size_4000/random_tree_9 19351.745565 10822
&& size_50000/random_tree_1 50461.484453 1776898
&& size_50000/random_tree_2 47054.384082 4595387
&& size_50000/random_tree_3 61152.855231 2018049
&& size_50000/random_tree_4 71073.352653 1573617
&& size_50000/random_tree_5 27367.745697 524726
&& size_50000/random_tree_5 27367.745697 522016
/work/kulagins/tree-scheduler/real_Trees/random_trees/20_children
blabla
&& size_10000/random_tree_1 8650.175052 31309
&& size_10000/random_tree_2 5044.717279 19962
&& size_10000/random_tree_3 8312.221120 35249
&& size_15000/random_tree_1 6247.134565 52378
&& size_15000/random_tree_2 6681.988272 44378
&& size_15000/random_tree_3 4773.565289 44797
&& size_20000/random_tree_1 11249.032195 69886
&& size_20000/random_tree_2 12450.476380 84954
&& size_20000/random_tree_3 13109.689457 63583
&& size_25000/random_tree_1 5573.034325 134839
&& size_25000/random_tree_2 11742.457642 124396
&& size_25000/random_tree_3 6067.056286 121087
&& size_5000/random_tree_1 5582.392243 5585
&& size_5000/random_tree_2 6672.672804 8746
&& size_5000/random_tree_3 3883.430171 8445
&& size_5000/random_tree_3 3883.430171 8410
/work/kulagins/tree-scheduler/real_Trees/random_trees/all_small
blabla
&& size_10000/random_tree_1 565.238822 44610
&& size_10000/random_tree_10 465.221163 43176
&& size_10000/random_tree_2 619.189820 47657
&& size_10000/random_tree_3 478.402962 59112
&& size_10000/random_tree_4 755.838136 45606
&& size_10000/random_tree_5 951.960065 79069
&& size_10000/random_tree_6 432.270777 72095
&& size_10000/random_tree_7 837.352334 85204
&& size_10000/random_tree_8 391.547911 50115
&& size_10000/random_tree_9 785.274534 67352
&& size_2000/random_tree_1 365.289356 5205
&& size_2000/random_tree_10 471.618491 4538
&& size_2000/random_tree_2 405.625408 4147
&& size_2000/random_tree_3 518.059676 2965
&& size_2000/random_tree_4 216.332816 3567
&& size_2000/random_tree_5 468.064994 1835
&& size_2000/random_tree_6 411.132619 5439
&& size_2000/random_tree_7 578.157237 3390
&& size_2000/random_tree_8 551.843726 2986
&& size_2000/random_tree_9 289.033465 5237
&& size_20000/random_tree_1 746.319184 100716
&& size_20000/random_tree_2 884.184300 191771
&& size_20000/random_tree_3 832.705055 141233
&& size_20000/random_tree_4 1106.673802 166586
&& size_20000/random_tree_5 657.216204 124449
&& size_30000/random_tree_1 1066.662463 240313
&& size_30000/random_tree_2 1520.473791 423361
&& size_30000/random_tree_3 1047.233441 297820
&& size_30000/random_tree_4 1377.318697 353525
&& size_30000/random_tree_5 1199.691494 325204
&& size_4000/random_tree_1 388.316612 22503
&& size_4000/random_tree_10 596.024084 10073
&& size_4000/random_tree_2 461.171340 12147
&& size_4000/random_tree_3 650.310661 23744
&& size_4000/random_tree_4 681.699277 10872
&& size_4000/random_tree_5 640.941586 18513
&& size_4000/random_tree_6 615.008596 21640
&& size_4000/random_tree_7 456.804497 8234
&& size_4000/random_tree_8 283.268361 9673
&& size_4000/random_tree_9 524.856602 14480
&& size_50000/random_tree_1 1356.458566 891279
&& size_50000/random_tree_2 1388.040375 616398
&& size_50000/random_tree_3 1469.587103 795489
&& size_50000/random_tree_4 1507.219091 1064180
&& size_50000/random_tree_5 949.970275 735721
&& size_50000/random_tree_5 949.970275 738001
/work/kulagins/tree-scheduler/real_Trees/random_trees/large_node_weights
blabla
&& size_10000/random_tree_1 9501.659333 71481
&& size_10000/random_tree_10 9145.170261 34898
&& size_10000/random_tree_2 5187.763044 50121
&& size_10000/random_tree_3 6272.898590 49704
&& size_10000/random_tree_4 7520.713364 42484
&& size_10000/random_tree_5 9481.582969 62104
&& size_10000/random_tree_6 9497.909865 170032
&& size_10000/random_tree_7 6788.854246 57517
&& size_10000/random_tree_8 6232.351564 35698
&& size_10000/random_tree_9 8721.106556 53122
&& size_2000/random_tree_1 5620.140335 5789
&& size_2000/random_tree_10 2442.924941 7370
&& size_2000/random_tree_2 3921.083731 12969
&& size_2000/random_tree_3 2018.824017 4221
&& size_2000/random_tree_4 2993.911446 4575
&& size_2000/random_tree_5 2600.433989 7478
&& size_2000/random_tree_6 4698.679381 3581
&& size_2000/random_tree_7 2060.926194 12023
&& size_2000/random_tree_8 3423.944706 5452
&& size_2000/random_tree_9 5804.890914 2798
&& size_20000/random_tree_1 11452.547171 215522
&& size_20000/random_tree_2 6968.303332 144119
&& size_20000/random_tree_3 11122.945917 126845
&& size_20000/random_tree_4 13073.156141 191535
&& size_20000/random_tree_5 9664.515616 124072
&& size_30000/random_tree_1 7065.341951 359280
&& size_30000/random_tree_2 5896.178322 413920
&& size_30000/random_tree_3 10696.651784 333352
&& size_30000/random_tree_4 11699.510692 362823
&& size_30000/random_tree_5 13504.342291 298763
&& size_4000/random_tree_1 5940.017374 16684
&& size_4000/random_tree_10 4342.477913 18095
&& size_4000/random_tree_2 4496.114340 36538
&& size_4000/random_tree_3 4773.200890 16313
&& size_4000/random_tree_4 4347.968474 38826
&& size_4000/random_tree_5 5451.737515 16237
&& size_4000/random_tree_6 4561.594314 29814
&& size_4000/random_tree_7 3451.578881 11461
&& size_4000/random_tree_8 6715.504885 10577
&& size_4000/random_tree_9 4520.027349 13491
&& size_50000/random_tree_1 15885.041805 712753
&& size_50000/random_tree_2 12441.754635 671759
&& size_50000/random_tree_3 11796.821627 813857
&& size_50000/random_tree_4 14231.479359 824804
&& size_50000/random_tree_5 9613.222076 922520
&& size_50000/random_tree_5 9613.222076 931161
/work/kulagins/tree-scheduler/real_Trees/random_trees/3_children
blabla
&& size_10000/random_tree_1 4368.678573 46134
&& size_10000/random_tree_2 -1.000000 542349
&& size_10000/random_tree_3 -1.000000 164790
&& size_15/random_tree_1 2245.123210 10
&& size_15000/random_tree_1 -1.000000 616283
&& size_15000/random_tree_2 -1.000000 768778
&& size_15000/random_tree_3 -1.000000 1064977
&& size_20/random_tree_1 4253.203671 13
&& size_20000/random_tree_1 -1.000000 1459816
&& size_20000/random_tree_2 -1.000000 876060
&& size_20000/random_tree_3 -1.000000 970338
&& size_25000/random_tree_1 -1.000000 3463195
&& size_25000/random_tree_2 -1.000000 2375770
&& size_25000/random_tree_3 -1.000000 1990594
&& size_5000/random_tree_1 16038.314034 38372
&& size_5000/random_tree_2 15932.853429 47583
&& size_5000/random_tree_3 11814.787199 73996
&& size_5000/random_tree_3 11814.787199 76905
/work/kulagins/tree-scheduler/real_Trees/random_trees/large_edge_weights
blabla
&& size_10000/random_tree_1 93635.432748 566810
&& size_10000/random_tree_10 61894.575860 526777
&& size_10000/random_tree_2 123166.452259 567570
&& size_10000/random_tree_3 87718.480585 570653
&& size_10000/random_tree_4 107303.637080 565803
&& size_10000/random_tree_5 95282.350729 532891
&& size_10000/random_tree_6 81261.925113 546496
&& size_10000/random_tree_7 67723.465518 535348
&& size_10000/random_tree_8 79780.130574 529511
&& size_10000/random_tree_9 109928.968340 565066
&& size_2000/random_tree_1 20531.599384 22493
&& size_2000/random_tree_10 20134.360994 20383
&& size_2000/random_tree_2 20445.386107 19990
&& size_2000/random_tree_3 17263.650620 21263
&& size_2000/random_tree_4 19419.018924 20904
&& size_2000/random_tree_5 26924.029156 22078
&& size_2000/random_tree_6 23144.040031 21721
&& size_2000/random_tree_7 19043.889821 20022
&& size_2000/random_tree_8 20686.201887 20137
&& size_2000/random_tree_9 27192.966278 22833
&& size_20000/random_tree_1 215905.463275 2382292
&& size_20000/random_tree_2 146558.294978 2305380
&& size_20000/random_tree_3 207906.259992 2418967
&& size_20000/random_tree_4 215664.774679 2338478
&& size_20000/random_tree_5 135102.624223 2264824
&& size_30000/random_tree_1 263842.123039 5625039
&& size_30000/random_tree_2 183658.781941 5617888
&& size_30000/random_tree_3 224673.813119 5553658
&& size_30000/random_tree_4 241949.781598 5448861
&& size_30000/random_tree_5 263825.749130 5589088
&& size_4000/random_tree_1 43951.953287 82796
&& size_4000/random_tree_10 70346.583177 91436
&& size_4000/random_tree_2 48180.652178 84183
&& size_4000/random_tree_3 34569.447092 78568
&& size_4000/random_tree_4 42016.437617 86666
&& size_4000/random_tree_5 41269.185649 81983
&& size_4000/random_tree_6 44748.841948 85809
&& size_4000/random_tree_7 30951.327130 83937
&& size_4000/random_tree_8 37544.563803 84134
&& size_4000/random_tree_9 40547.626989 82254
&& size_50000/random_tree_1 289382.561034 18905327
&& size_50000/random_tree_2 568445.999909 19317529
&& size_50000/random_tree_3 554769.543578 18458703
&& size_50000/random_tree_4 505405.728168 18206762
&& size_50000/random_tree_5 471997.377445 18357208
&& size_50000/random_tree_5 471997.377445 18048326
few big
/work/kulagins/tree-scheduler/real_Trees/random_trees/10_children
blabla
&& size_10000/random_tree_1 8793.493491 36083
&& size_10000/random_tree_2 7461.146289 22045
&& size_10000/random_tree_3 4144.704065 22942
&& size_15000/random_tree_1 11289.494522 65111
&& size_15000/random_tree_2 7088.168422 49347
&& size_15000/random_tree_3 11132.706779 35083
&& size_20000/random_tree_1 7228.997784 69947
&& size_20000/random_tree_2 11754.737687 65880
&& size_20000/random_tree_3 6553.728363 67894
&& size_25000/random_tree_1 9230.127119 111868
&& size_25000/random_tree_2 7171.014062 99831
&& size_25000/random_tree_3 13687.051730 83321
&& size_5000/random_tree_1 7178.899456 5788
&& size_5000/random_tree_2 5013.587893 7474
&& size_5000/random_tree_3 7190.519630 11872
&& size_5000/random_tree_3 7190.519630 11812
/work/kulagins/tree-scheduler/real_Trees/random_trees/all_large
blabla
&& size_10000/random_tree_1 119197.379810 83596
&& size_10000/random_tree_10 184540.157108 121651
&& size_10000/random_tree_2 227863.571798 99959
&& size_10000/random_tree_3 189915.473372 113246
&& size_10000/random_tree_4 205739.464424 100696
&& size_10000/random_tree_5 150855.217979 117562
&& size_10000/random_tree_6 181051.151483 100216
&& size_10000/random_tree_7 221523.640842 112912
&& size_10000/random_tree_8 193119.486580 111574
&& size_10000/random_tree_9 225105.730084 95769
&& size_2000/random_tree_1 109398.918629 6463
&& size_2000/random_tree_10 74746.340503 4606
&& size_2000/random_tree_2 81368.476813 4982
&& size_2000/random_tree_3 101452.758562 5102
&& size_2000/random_tree_4 105088.893685 12790
&& size_2000/random_tree_5 57669.368860 5450
&& size_2000/random_tree_6 104816.040493 4856
&& size_2000/random_tree_7 104111.139211 5324
&& size_2000/random_tree_8 78018.928907 5511
&& size_2000/random_tree_9 101127.002025 9985
&& size_20000/random_tree_1 262434.186454 336588
&& size_20000/random_tree_2 285006.607221 377090
&& size_20000/random_tree_3 383284.573521 427599
&& size_20000/random_tree_4 251630.259934 419954
&& size_20000/random_tree_5 311897.520029 379501
&& size_30000/random_tree_1 486029.357715 1033972
&& size_30000/random_tree_2 427372.434405 773882
&& size_30000/random_tree_3 470129.271769 1023649
&& size_30000/random_tree_4 407536.219866 810894
&& size_30000/random_tree_5 361475.918141 884103
&& size_4000/random_tree_1 154649.854448 19296
&& size_4000/random_tree_10 131782.086953 15863
&& size_4000/random_tree_2 92405.274652 18531
&& size_4000/random_tree_3 129150.741873 21745
&& size_4000/random_tree_4 102194.090355 16692
&& size_4000/random_tree_5 89382.709250 22476
&& size_4000/random_tree_6 138406.649229 17633
&& size_4000/random_tree_7 112698.775470 15319
&& size_4000/random_tree_8 144887.467939 17328
&& size_4000/random_tree_9 115721.592946 20702
&& size_50000/random_tree_1 737333.602842 2780743
&& size_50000/random_tree_2 742183.571558 2473824
&& size_50000/random_tree_3 572116.867604 2575081
&& size_50000/random_tree_4 623323.437399 2572607
&& size_50000/random_tree_5 768441.840548 2530600
&& size_50000/random_tree_5 768441.840548 2542303
/work/kulagins/tree-scheduler/real_Trees/random_trees/large_makespan_weights
blabla
&& size_10000/random_tree_1 33332.999684 53480
&& size_10000/random_tree_10 51015.191898 54263
&& size_10000/random_tree_2 52404.826281 39266
&& size_10000/random_tree_3 47216.256699 125363
&& size_10000/random_tree_4 21401.721654 71636
&& size_10000/random_tree_5 19841.858736 151768
&& size_10000/random_tree_6 15742.423375 248676
&& size_10000/random_tree_7 48322.883854 33614
&& size_10000/random_tree_8 43560.317900 152842
&& size_10000/random_tree_9 49949.063116 104740
&& size_2000/random_tree_1 33211.271928 3630
&& size_2000/random_tree_10 15520.711752 2962
&& size_2000/random_tree_2 31165.197722 3506
&& size_2000/random_tree_3 45343.357622 3578
&& size_2000/random_tree_4 26909.628824 6193
&& size_2000/random_tree_5 33141.060449 5722
&& size_2000/random_tree_6 34092.952041 7747
&& size_2000/random_tree_7 46978.566464 1810
&& size_2000/random_tree_8 27297.722652 2655
&& size_2000/random_tree_9 32401.321527 4114
&& size_20000/random_tree_1 45616.494060 507393
&& size_20000/random_tree_2 50651.718847 371513
&& size_20000/random_tree_3 22105.661348 673472
&& size_20000/random_tree_4 36957.226963 196709
&& size_20000/random_tree_5 24421.283284 843800
&& size_30000/random_tree_1 59459.215234 643057
&& size_30000/random_tree_2 63699.212632 1955699
&& size_30000/random_tree_3 39573.806589 589902
&& size_30000/random_tree_4 29095.792088 666363
&& size_30000/random_tree_5 42102.083078 1587933
&& size_4000/random_tree_1 21109.826776 4404
&& size_4000/random_tree_10 42927.987822 12496
&& size_4000/random_tree_2 44617.859956 10455
&& size_4000/random_tree_3 43577.828840 12620
&& size_4000/random_tree_4 36459.937301 8547
&& size_4000/random_tree_5 31290.648993 17444
&& size_4000/random_tree_6 36805.573232 22563
&& size_4000/random_tree_7 22116.092757 28876
&& size_4000/random_tree_8 27145.256567 22729
&& size_4000/random_tree_9 19351.745565 10828
&& size_50000/random_tree_1 50461.484453 1759807
&& size_50000/random_tree_2 47054.384082 4561802
&& size_50000/random_tree_3 61152.855231 2002031
&& size_50000/random_tree_4 71073.352653 1549280
&& size_50000/random_tree_5 30904.512919 675745
&& size_50000/random_tree_5 30904.512919 668830
/work/kulagins/tree-scheduler/real_Trees/random_trees/20_children
blabla
&& size_10000/random_tree_1 8650.175052 31290
&& size_10000/random_tree_2 5596.394768 23604
&& size_10000/random_tree_3 8312.221120 35234
&& size_15000/random_tree_1 6877.005600 52396
&& size_15000/random_tree_2 7456.051208 46614
&& size_15000/random_tree_3 5239.827525 47002
&& size_20000/random_tree_1 12765.105241 71816
&& size_20000/random_tree_2 13166.309088 87554
&& size_20000/random_tree_3 14064.175756 104998
&& size_25000/random_tree_1 6725.751669 146035
&& size_25000/random_tree_2 13315.469587 133839
&& size_25000/random_tree_3 7192.759993 123022
&& size_5000/random_tree_1 5582.392243 5555
&& size_5000/random_tree_2 6672.672804 8799
&& size_5000/random_tree_3 3883.430171 8406
&& size_5000/random_tree_3 3883.430171 8216
/work/kulagins/tree-scheduler/real_Trees/random_trees/all_small
blabla
&& size_10000/random_tree_1 650.255861 45621
&& size_10000/random_tree_10 510.496661 43334
&& size_10000/random_tree_2 682.327060 61413
&& size_10000/random_tree_3 559.187003 58335
&& size_10000/random_tree_4 759.604226 46118
&& size_10000/random_tree_5 951.960065 78935
&& size_10000/random_tree_6 445.311433 72380
&& size_10000/random_tree_7 837.352334 85009
&& size_10000/random_tree_8 430.878984 52551
&& size_10000/random_tree_9 785.274534 66468
&& size_2000/random_tree_1 365.289356 5188
&& size_2000/random_tree_10 471.618491 4533
&& size_2000/random_tree_2 405.625408 4113
&& size_2000/random_tree_3 518.059676 2941
&& size_2000/random_tree_4 216.332816 3538
&& size_2000/random_tree_5 468.064994 1822
&& size_2000/random_tree_6 411.132619 5426
&& size_2000/random_tree_7 578.157237 3336
&& size_2000/random_tree_8 551.843726 2954
&& size_2000/random_tree_9 289.033465 5214
&& size_20000/random_tree_1 859.649080 103712
&& size_20000/random_tree_2 948.453899 193599
&& size_20000/random_tree_3 937.661489 149442
&& size_20000/random_tree_4 1188.913202 169279
&& size_20000/random_tree_5 817.247179 152312
&& size_30000/random_tree_1 1176.459981 252691
&& size_30000/random_tree_2 1689.457247 416074
&& size_30000/random_tree_3 1219.038457 298258
&& size_30000/random_tree_4 1464.676223 339514
&& size_30000/random_tree_5 1427.212485 319907
&& size_4000/random_tree_1 388.316612 22219
&& size_4000/random_tree_10 596.024084 9843
&& size_4000/random_tree_2 461.171340 11756
&& size_4000/random_tree_3 650.310661 23354
&& size_4000/random_tree_4 681.699277 10413
&& size_4000/random_tree_5 640.941586 18396
&& size_4000/random_tree_6 615.008596 21507
&& size_4000/random_tree_7 456.804497 8191
&& size_4000/random_tree_8 300.843042 8145
&& size_4000/random_tree_9 524.856602 14048
&& size_50000/random_tree_1 1591.066379 896870
&& size_50000/random_tree_2 1693.924825 668227
&& size_50000/random_tree_3 1700.595948 1074038
&& size_50000/random_tree_4 1649.666207 1166716
&& size_50000/random_tree_5 1300.065576 742419
&& size_50000/random_tree_5 1300.065576 747289
/work/kulagins/tree-scheduler/real_Trees/random_trees/large_node_weights
blabla
&& size_10000/random_tree_1 9501.659333 71277
&& size_10000/random_tree_10 9145.170261 35842
&& size_10000/random_tree_2 6172.523444 57481
&& size_10000/random_tree_3 6846.640682 50030
&& size_10000/random_tree_4 7703.040020 70795
&& size_10000/random_tree_5 9481.582969 62194
&& size_10000/random_tree_6 9497.909865 169710
&& size_10000/random_tree_7 7046.015750 58894
&& size_10000/random_tree_8 7013.920704 41820
&& size_10000/random_tree_9 8721.106556 53593
&& size_2000/random_tree_1 5620.140335 5803
&& size_2000/random_tree_10 2442.924941 7334
&& size_2000/random_tree_2 3921.083731 12908
&& size_2000/random_tree_3 2018.824017 4218
&& size_2000/random_tree_4 2993.911446 4563
&& size_2000/random_tree_5 2600.433989 7449
&& size_2000/random_tree_6 4698.679381 3562
&& size_2000/random_tree_7 2060.926194 11989
&& size_2000/random_tree_8 3423.944706 5523
&& size_2000/random_tree_9 5804.890914 2856
&& size_20000/random_tree_1 12664.170716 238766
&& size_20000/random_tree_2 8230.995103 146370
&& size_20000/random_tree_3 11876.356869 131144
&& size_20000/random_tree_4 14120.010737 940449
&& size_20000/random_tree_5 10368.883717 131070
&& size_30000/random_tree_1 9126.715248 419666
&& size_30000/random_tree_2 7049.223446 472385
&& size_30000/random_tree_3 11775.280754 330979
&& size_30000/random_tree_4 13619.115777 421266
&& size_30000/random_tree_5 15018.379399 315906
&& size_4000/random_tree_1 5940.017374 16600
&& size_4000/random_tree_10 4342.477913 17906
&& size_4000/random_tree_2 4496.114340 36491
&& size_4000/random_tree_3 4773.200890 16038
&& size_4000/random_tree_4 4347.968474 38303
&& size_4000/random_tree_5 5451.737515 16100
&& size_4000/random_tree_6 4561.594314 29584
&& size_4000/random_tree_7 3451.578881 11212
&& size_4000/random_tree_8 6715.504885 10309
&& size_4000/random_tree_9 4520.027349 13092
&& size_50000/random_tree_1 17454.119644 790905
&& size_50000/random_tree_2 15198.023136 751651
&& size_50000/random_tree_3 13793.111541 1084474
&& size_50000/random_tree_4 17870.700537 1226216
&& size_50000/random_tree_5 12799.558421 966293
&& size_50000/random_tree_5 12799.558421 968822
/work/kulagins/tree-scheduler/real_Trees/random_trees/3_children
blabla
&& size_10000/random_tree_1 3670.484925 30558
&& size_10000/random_tree_2 6855.091051 32692
&& size_10000/random_tree_3 6317.687548 67237
&& size_15/random_tree_1 2245.123210 9
&& size_15000/random_tree_1 10090.245666 53676
&& size_15000/random_tree_2 10172.126311 52350
&& size_15000/random_tree_3 9309.911781 66225
&& size_20/random_tree_1 4253.203671 12
&& size_20000/random_tree_1 7902.506939 94517
&& size_20000/random_tree_2 6281.501948 81156
&& size_20000/random_tree_3 6734.997810 94794
&& size_25000/random_tree_1 12993.839599 178830
&& size_25000/random_tree_2 8227.131750 169775
&& size_25000/random_tree_3 7441.177372 138864
&& size_5000/random_tree_1 5412.573943 11629
&& size_5000/random_tree_2 6914.888733 10657
&& size_5000/random_tree_3 4297.346526 19313
&& size_5000/random_tree_3 4297.346526 19312
/work/kulagins/tree-scheduler/real_Trees/random_trees/large_edge_weights
blabla
&& size_10000/random_tree_1 124860.235739 570072
&& size_10000/random_tree_10 93633.039901 531946
&& size_10000/random_tree_2 164283.699730 574007
&& size_10000/random_tree_3 101389.374415 576088
&& size_10000/random_tree_4 138312.446925 566702
&& size_10000/random_tree_5 128515.016974 545656
&& size_10000/random_tree_6 111843.657714 549919
&& size_10000/random_tree_7 92590.870464 538077
&& size_10000/random_tree_8 112678.623691 535370
&& size_10000/random_tree_9 145001.887934 566820
&& size_2000/random_tree_1 26610.830144 22478
&& size_2000/random_tree_10 28135.984323 20431
&& size_2000/random_tree_2 29132.181061 20410
&& size_2000/random_tree_3 19983.263020 21296
&& size_2000/random_tree_4 23941.336835 20925
&& size_2000/random_tree_5 39519.372982 22340
&& size_2000/random_tree_6 30977.643756 21819
&& size_2000/random_tree_7 23241.349978 20963
&& size_2000/random_tree_8 30640.475218 20495
&& size_2000/random_tree_9 35464.434426 23031
&& size_20000/random_tree_1 319918.903610 2396272
&& size_20000/random_tree_2 245748.883584 2339280
&& size_20000/random_tree_3 288019.516644 2415479
&& size_20000/random_tree_4 347201.293294 2344385
&& size_20000/random_tree_5 193710.743742 2307078
&& size_30000/random_tree_1 364412.785926 5711705
&& size_30000/random_tree_2 299690.973263 5611893
&& size_30000/random_tree_3 301181.577688 5459353
&& size_30000/random_tree_4 313773.027019 5590024
&& size_30000/random_tree_5 402721.008321 5707566
&& size_4000/random_tree_1 51832.332136 85033
&& size_4000/random_tree_10 93252.222019 94333
&& size_4000/random_tree_2 67431.197614 86952
&& size_4000/random_tree_3 49066.547184 81365
&& size_4000/random_tree_4 47275.667826 88211
&& size_4000/random_tree_5 52906.331423 83751
&& size_4000/random_tree_6 59377.534310 88868
&& size_4000/random_tree_7 43746.704082 85526
&& size_4000/random_tree_8 47901.805471 84510
&& size_4000/random_tree_9 48027.756011 84356
&& size_50000/random_tree_1 436647.336932 19888318
&& size_50000/random_tree_2 807199.032793 19357422
&& size_50000/random_tree_3 678925.259768 18726390
&& size_50000/random_tree_4 556803.916456 18365643
&& size_50000/random_tree_5 754343.556979 18639403
&& size_50000/random_tree_5 754343.556979 18680757
