dump.1.4.metis.IPSO.HTC_336_4438-2534.tree.nf 15178  5 -1.000000 
dump.0.1.amd.Dehghani.light_in_tissue-1873.tree.nf 2  1 197813.525333 
dump.1.3.metis.IPSO.HTC_336_4438-2534.tree.nf 14904  2 -1.000000 
dump.0.1.amd.Bova.rma10-374.tree.nf 2  1 710441.713333 
dump.0.1.amd.IPSO.HTC_336_4438-2534.tree.nf 14799  2 -1.000000 
dump.0.1.amd.MaxPlanck.shallow_water1-2261.tree.nf 2  1 582399.717333 
dump.0.1.amd.QY.case39-2136.tree.nf 3  1 428927.492667 
dump.0.1.amd.TSOPF.TSOPF_RS_b300_c3-2239.tree.nf 2  1 2808284.878000 
dump.0.1.metis.Boeing.ct20stif-356.tree.nf 2  1 4683181.508000 
dump.0.1.metis.Bova.rma10-374.tree.nf 2  1 837502.771333 
dump.0.1.metis.CPM.cz40948-2567.tree.nf 2  1 10809.584667
size_10000/random 8  4 4562.838657 
size_10000/random 8  2 4578.490341 
size_10000/random 3  1 4504.838675 
size_10000/random 13  4 4555.989674 
size_10000/random 23  9 3803.345612 
size_2000/random 4  2 561.475753 
size_2000/random 11  4 923.793795 
size_2000/random 5  2 939.878758 
size_2000/random 5  2 924.690290 
size_2000/random 4  2 917.166424 
size_20000/random 5  2 9043.816338 
size_20000/random 5  2 9104.165886 
size_20000/random 7  3 4758.478778 
size_20000/random 5  3 9067.494456 
size_20000/random 7  3 9057.504175 
size_30000/random 2  1 13568.934681 
size_30000/random 12  5 13343.502256 
size_30000/random 12  6 13601.340238 
size_30000/random 12  5 13679.377946 
size_30000/random 8  3 13720.551284 
size_4000/random 2  1 1831.386139 
size_4000/random 4  2 1863.576154 
size_4000/random 11  4 1786.157590 
size_4000/random 12  5 1748.743757 
size_4000/random 14  5 1763.459119 
size_50000/random 4  2 22897.512989 
size_50000/random 9  5 22554.764450 
size_50000/random 9  4 22701.348255 
size_50000/random 2  1 22785.954625 
size_50000/random 7  3 22724.795938 
size_50000/random 7  3 22724.795938 
size_10000/random 594  59 -1.000000 
size_10000/random 290  30 -1.000000 
size_10000/random 578  57 -1.000000 
size_10000/random 420  42 -1.000000 
size_10000/random 361  36 -1.000000 
size_2000/random 276  28 -1.000000 
size_2000/random 218  23 -1.000000 
size_2000/random 228  24 -1.000000 
size_2000/random 155  16 -1.000000 
size_2000/random 302  30 -1.000000 
size_20000/random 386  38 -1.000000 
size_20000/random 690  68 -1.000000 
size_20000/random 517  52 -1.000000 
size_20000/random 619  60 -1.000000 
size_20000/random 720  74 -1.000000 
size_30000/random 790  80 -1.000000 
size_30000/random 825  82 -1.000000 
size_30000/random 1287  124 -1.000000 
size_30000/random 358  36 -1.000000 
size_30000/random 465  46 -1.000000 
size_4000/random 281  27 -1.000000 
size_4000/random 96  11 -1.000000 
size_4000/random 226  23 -1.000000 
size_4000/random 328  33 -1.000000 
size_4000/random 430  43 -1.000000 
size_50000/random 1603  156 -1.000000 
size_50000/random 287  27 -1.000000 
size_50000/random 1189  117 -1.000000 
size_50000/random 1290  129 -1.000000 
size_50000/random 823  82 -1.000000 
size_50000/random 823  82 -1.000000
size_10000/random 14  6 450635.307141 
size_10000/random 8  3 376431.318633 
size_10000/random 16  7 449983.377488 
size_10000/random 5  2 457176.990411 
size_10000/random 19  9 452900.862201 
size_2000/random 3  1 81994.530259 
size_2000/random 2  1 94518.947545 
size_2000/random 4  2 91634.846084 
size_2000/random 7  2 92805.538371 
size_2000/random 9  3 93618.279052 
size_20000/random 4  1 912065.371518 
size_20000/random 8  4 912317.915979 
size_20000/random 9  3 905196.813656 
size_20000/random 3  1 911961.855760 
size_20000/random 3  1 914210.363365 
size_30000/random 4  2 1376605.988281 
size_30000/random 3  1 1359074.911234 
size_30000/random 2  1 1364623.215770 
size_30000/random 10  4 1367988.760374 
size_30000/random 15  6 1262106.315117 
size_4000/random 19  7 167978.236028 
size_4000/random 15  6 180780.268786 
size_4000/random 12  4 170199.328853 
size_4000/random 8  5 173741.827575 
size_4000/random 19  5 181917.670473 
size_50000/random 4  2 2274845.954195 
size_50000/random 10  4 2279280.411351 
size_50000/random 11  6 2279059.713399 
size_50000/random 20  10 2253262.206717 
size_50000/random 4  2 2268086.758363 
size_50000/random 4  2 2268086.758363 
size_10000/random 8  3 5484.165979 
size_10000/random 6  2 6470.709604 
size_10000/random 4  2 4981.217033 
size_10000/random 4  2 5710.611119 
size_10000/random 6  3 5414.797244 
size_2000/random 7  3 1706.585177 
size_2000/random 5  2 2805.758819 
size_2000/random 3  1 1978.698321 
size_2000/random 5  2 2005.698064 
size_2000/random 11  6 2486.638970 
size_20000/random 4  1 9530.573817 
size_20000/random 4  1 10587.884255 
size_20000/random 4  3 9852.586785 
size_20000/random 3  1 9946.098337 
size_20000/random 5  2 10098.230267 
size_30000/random 7  3 14767.458255 
size_30000/random 2  1 14644.451128 
size_30000/random 3  1 15389.441360 
size_30000/random 3  2 14561.200199 
size_30000/random 4  1 14573.586150 
size_4000/random 2  1 2928.126090 
size_4000/random 3  1 2993.059015 
size_4000/random 3  2 3139.771864 
size_4000/random 4  1 2537.521535 
size_4000/random 3  1 3431.913479 
size_50000/random 3  1 23585.292238 
size_50000/random 3  1 23426.816147 
size_50000/random 2  1 24507.538359 
size_50000/random 5  1 24063.899955 
size_50000/random 3  1 24403.553941 
size_50000/random 3  1 24403.553941
size_10000/random 330  17 -1.000000 
size_10000/random 499  26 -1.000000 
size_10000/random 265  14 -1.000000 
size_10000/random 486  25 -1.000000 
size_10000/random 525  27 -1.000000 
size_2000/random 187  10 -1.000000 
size_2000/random 265  14 -1.000000 
size_2000/random 156  8 -1.000000 
size_2000/random 321  17 -1.000000 
size_2000/random 180  10 -1.000000 
size_20000/random 1352  68 -1.000000 
size_20000/random 1114  57 -1.000000 
size_20000/random 541  27 -1.000000 
size_20000/random 991  51 -1.000000 
size_20000/random 875  45 -1.000000 
size_30000/random 2085  103 -1.000000 
size_30000/random 683  35 -1.000000 
size_30000/random 436  22 -1.000000 
size_30000/random 661  34 -1.000000 
size_30000/random 2123  109 -1.000000 
size_4000/random 540  27 -1.000000 
size_4000/random 525  27 -1.000000 
size_4000/random 446  22 -1.000000 
size_4000/random 105  6 -1.000000 
size_4000/random 261  14 -1.000000 
size_50000/random 1300  66 -1.000000 
size_50000/random 2303  114 -1.000000 
size_50000/random 922  46 -1.000000 
size_50000/random 1758  88 -1.000000 
size_50000/random 536  27 -1.000000 
size_50000/random 536  27 -1.000000
size_10000/random 12  5 456.212741 
size_10000/random 2  1 453.813055 
size_10000/random 2  1 453.758362 
size_10000/random 2  1 457.913786 
size_10000/random 11  4 453.457810 
size_2000/random 4  1 93.015338 
size_2000/random 3  1 93.274821 
size_2000/random 25  10 77.934685 
size_2000/random 4  1 92.888960 
size_2000/random 11  5 91.359606 
size_20000/random 4  1 912.951258 
size_20000/random 6  3 911.469285 
size_20000/random 4  3 907.811407 
size_20000/random 46  19 496.186612 
size_20000/random 15  7 876.201807 
size_30000/random 11  4 1365.410601 
size_30000/random 4  2 1334.297250 
size_30000/random 19  8 1349.321524 
size_30000/random 5  2 1363.455846 
size_30000/random 48  22 1246.157002 
size_4000/random 10  4 177.167952 
size_4000/random 9  4 182.419445 
size_4000/random 8  4 180.513017 
size_4000/random 4  1 150.816027 
size_4000/random 8  4 184.202332 
size_50000/random 10  4 2277.381386 
size_50000/random 14  5 2223.681482 
size_50000/random 7  3 2268.357767 
size_50000/random 21  8 2271.106472 
size_50000/random 5  2 2278.000863 
size_50000/random 5  2 2278.000863
size_10000/random 4  1 4565.570777 
size_10000/random 5  1 4562.930136 
size_10000/random 3  1 4560.562606 
size_10000/random 7  4 4243.167623 
size_10000/random 12  6 4464.530009 
size_2000/random 4  2 902.139103 
size_2000/random 18  9 912.878411 
size_2000/random 18  7 462.767720 
size_2000/random 2  1 902.056642 
size_2000/random 6  2 909.408548 
size_20000/random 4  1 9078.711424 
size_20000/random 14  6 9097.923968 
size_20000/random 3  1 9154.682236 
size_20000/random 18  8 9112.256225 
size_20000/random 9  4 9104.434750 
size_30000/random 10  3 13638.869241 
size_30000/random 4  2 13672.167099 
size_30000/random 4  2 13691.006211 
size_30000/random 6  3 13648.939627 
size_30000/random 6  3 13642.928689 
size_4000/random 9  4 1815.165140 
size_4000/random 7  3 1848.849421 
size_4000/random 13  5 1650.305185 
size_4000/random 3  1 1837.950824 
size_4000/random 13  4 690.692936 
size_50000/random 2  1 22710.777072 
size_50000/random 6  2 22541.806615 
size_50000/random 13  6 16613.056325 
size_50000/random 12  5 22470.929800 
size_50000/random 4  2 22676.321083 
size_50000/random 4  2 22676.321083 
size_10000/random 42  12 -1.000000 
size_10000/random 28  8 4432.850204 
size_10000/random 21  6 4489.476281 
size_10000/random 12  3 4553.937617 
size_10000/random 2  1 4513.221272 
size_2000/random 105  31 -1.000000 
size_2000/random 16  4 896.027631 
size_2000/random 10  4 716.013348 
size_2000/random 8  3 897.989107 
size_2000/random 29  9 517.707575 
size_20000/random 33  11 8805.724189 
size_20000/random 49  15 -1.000000 
size_20000/random 2  1 9081.765092 
size_20000/random 124  42 -1.000000 
size_20000/random 44  12  -1.000000 
size_30000/random 214  66 -1.000000 
size_30000/random 20  6 13468.235909 
size_30000/random 21  7 13668.759732 
size_30000/random 20  6 13584.959290 
size_30000/random 2  1 13665.987285 
size_4000/random 2  1 1840.946223 
size_4000/random 55  17 -1.000000 
size_4000/random 89  30 -1.000000 
size_4000/random 14  5 1831.051676 
size_4000/random 9  2 1806.350400 
size_50000/random 39  11 -1.000000 
size_50000/random 23  6 22551.400266 
size_50000/random 60  19 -1.000000 
size_50000/random 122  40 -1.000000 
size_50000/random 2  1 22732.768016 
size_50000/random 2  1 22732.768016 
size_10000/random 7  4 443480.302005 
size_10000/random 33  16 331238.596493 
size_10000/random 3  1 458511.290696 
size_10000/random 11  6 458013.180734 
size_10000/random 2  1 456069.110322 
size_2000/random 10  3 78676.664133 
size_2000/random 11  5 69131.253968 
size_2000/random 4  1 90169.585633 
size_2000/random 20  8 75983.909094 
size_2000/random 12  5 90464.394666 
size_20000/random 19  8 886059.757319 
size_20000/random 3  1 910930.088926 
size_20000/random 2  1 908091.045880 
size_20000/random 10  4 910045.732139 
size_20000/random 8  3 903665.213574 
size_30000/random 2  1 1361839.694696 
size_30000/random 2  1 1367496.009607 
size_30000/random 10  4 1370958.358856 
size_30000/random 2  1 1357807.994492 
size_30000/random 8  4 1365181.439612 
size_4000/random 9  5 183548.247366 
size_4000/random 11  5 176955.162864 
size_4000/random 8  4 181633.171203 
size_4000/random 2  1 185020.036065 
size_4000/random 25  9 174198.117512 
size_50000/random 2  1 2265716.625296 
size_50000/random 4  2 2275914.870639 
size_50000/random 13  5 2265586.474071 
size_50000/random 2  1 2268574.909537 
size_50000/random 3  1 2274566.245617 
size_50000/random 3  1 2274566.245617 

