small with extra output
2-level
heterogeneous
&& tree_15 2245.123210 58
&& ./size_20000/random_tree_1_20000 5765.229018 681559
&& ./size_20000/random_tree_11_20000 11371.830631 559575
&& ./size_20000/random_tree_0_20000 10572.381314 542862
&& ./size_20000/random_tree_2_20000 6542.582967 874592
&& ./size_20000/random_tree_3_20000 5277.353009 626989
&& ./size_20000/random_tree_4_20000 5958.926822 726515
&& ./size_4000/random_tree_8_4000 3676.017258 171383
&& ./size_4000/random_tree_7_4000 5130.517753 129053
&& ./size_4000/random_tree_6_4000 5227.099594 271514
&& ./size_4000/random_tree_5_4000 5761.062211 95691
&& ./size_10000/random_tree_9_10000 8501.584463 1358034
&& ./size_10000/random_tree_10_10000 9570.126127 472572
&& ./size_50000/random_tree_13_50000 11646.568809 3675852
&& ./size_50000/random_tree_11_50000 11748.335387 4042888
&& ./size_50000/random_tree_14_50000 8399.003534 3468716
&& ./size_50000/random_tree_10_50000 7376.035103 4021376
&& ./size_50000/random_tree_12_50000 9938.920235 3787583
&& ./size_2000/random_tree_4_2000 4552.592169 56823
&& ./size_2000/random_tree_1_2000 2562.512447 13458
&& ./size_2000/random_tree_2_2000 2162.036456 42071
&& ./size_2000/random_tree_3_2000 5184.156397 80739
&& ./size_30000/random_tree_9_30000 9142.624051 1350999
&& ./size_30000/random_tree_6_30000 8521.735818 1583594
&& ./size_30000/random_tree_5_30000 7298.683065 1842978
&& ./size_30000/random_tree_7_30000 9032.298842 1477974
&& ./size_30000/random_tree_8_30000 12416.026598 1282819
&& ./size_30000/random_tree_8_30000 12416.026598 1280815
homogeneous many small
terminate called after throwing an instance of 'nlohmann::detail::parse_error'
  what():  [json.exception.parse_error.101] parse error at line 1, column 1: syntax error while parsing value - unexpected end of input; expected '[', '{', or a literal
/work/kulagins/tree-scheduler/runscript-randomtrees.sh: Zeile 7: 2395764 Abgebrochen             (Speicherabzug geschrieben) ./main ./real_Trees/random_trees/old_trees/ treesList.txt 0 0 1 -1 1 ./cluster-hom-27proc-1.json
homogeneous few big
&& tree_15 2245.123210 56
&& ./size_20000/random_tree_1_20000 6245.374770 627078
&& ./size_20000/random_tree_11_20000 11959.192604 567235
&& ./size_20000/random_tree_0_20000 10908.672630 617935
&& ./size_20000/random_tree_2_20000 7129.249843 943298
&& ./size_20000/random_tree_3_20000 5762.283451 670491
&& ./size_20000/random_tree_4_20000 6517.452558 779679
&& ./size_4000/random_tree_8_4000 3676.017258 171280
&& ./size_4000/random_tree_7_4000 5130.517753 129055
&& ./size_4000/random_tree_6_4000 5227.099594 271182
&& ./size_4000/random_tree_5_4000 5761.062211 96138
&& ./size_10000/random_tree_9_10000 8501.584463 1354170
&& ./size_10000/random_tree_10_10000 9570.126127 473102
&& ./size_50000/random_tree_13_50000 12726.126983 3656051
&& ./size_50000/random_tree_11_50000 12653.275950 4293447
&& ./size_50000/random_tree_14_50000 9543.483001 3847686
&& ./size_50000/random_tree_10_50000 8157.124107 4988460
&& ./size_50000/random_tree_12_50000 10460.533260 4148306
&& ./size_2000/random_tree_4_2000 4552.592169 56937
&& ./size_2000/random_tree_1_2000 2562.512447 13631
&& ./size_2000/random_tree_2_2000 2162.036456 42163
&& ./size_2000/random_tree_3_2000 5184.156397 80957
&& ./size_30000/random_tree_9_30000 10502.256506 1395249
&& ./size_30000/random_tree_6_30000 9193.081795 1874479
&& ./size_30000/random_tree_5_30000 7834.594855 1891342
&& ./size_30000/random_tree_7_30000 10068.670173 1747672
&& ./size_30000/random_tree_8_30000 13074.634790 1340217
&& ./size_30000/random_tree_8_30000 13074.634790 1341385
3-level
heterogeneous
&& tree_15 2245.123210 57
&& ./size_20000/random_tree_1_20000 5765.229018 684015
&& ./size_20000/random_tree_11_20000 11371.830631 558075
&& ./size_20000/random_tree_0_20000 10572.381314 544135
&& ./size_20000/random_tree_2_20000 6542.582967 874594
&& ./size_20000/random_tree_3_20000 5277.353009 630431
&& ./size_20000/random_tree_4_20000 5958.926822 729440
&& ./size_4000/random_tree_8_4000 3676.017258 171690
&& ./size_4000/random_tree_7_4000 5130.517753 129901
&& ./size_4000/random_tree_6_4000 5227.099594 272164
&& ./size_4000/random_tree_5_4000 5761.062211 96316
&& ./size_10000/random_tree_9_10000 8501.584463 1354729
&& ./size_10000/random_tree_10_10000 9570.126127 473678
&& ./size_50000/random_tree_13_50000 11646.568809 3685877
&& ./size_50000/random_tree_11_50000 11748.335387 4062545
&& ./size_50000/random_tree_14_50000 8399.003534 3474857
&& ./size_50000/random_tree_10_50000 7376.035103 4026424
&& ./size_50000/random_tree_12_50000 9938.920235 3792306
&& ./size_2000/random_tree_4_2000 4552.592169 56736
&& ./size_2000/random_tree_1_2000 2562.512447 13410
&& ./size_2000/random_tree_2_2000 2162.036456 41997
&& ./size_2000/random_tree_3_2000 5184.156397 80644
&& ./size_30000/random_tree_9_30000 9142.624051 1350912
&& ./size_30000/random_tree_6_30000 8521.735818 1582300
&& ./size_30000/random_tree_5_30000 7298.683065 1838983
&& ./size_30000/random_tree_7_30000 9032.298842 1478631
&& ./size_30000/random_tree_8_30000 12416.026598 1279886
&& ./size_30000/random_tree_8_30000 12416.026598 1281767
homogeneous many small
&& tree_15 2245.123210 57
&& ./size_20000/random_tree_1_20000 9366.277677 1143252
&& ./size_20000/random_tree_11_20000 22940.569632 676487
&& ./size_20000/random_tree_0_20000 22268.127657 813933
&& ./size_20000/random_tree_2_20000 6542.582967 871722
&& ./size_20000/random_tree_3_20000 5277.353009 627263
&& ./size_20000/random_tree_4_20000 5958.926822 730067
&& ./size_4000/random_tree_8_4000 13459.480928 419187
&& ./size_4000/random_tree_7_4000 16228.896473 398835
&& ./size_4000/random_tree_6_4000 17996.088581 721220
&& ./size_4000/random_tree_5_4000 34838.782601 506868
&& ./size_10000/random_tree_9_10000 23499.310590 2787067
&& ./size_10000/random_tree_10_10000 20270.564279 1819034
&& ./size_50000/random_tree_13_50000 29197.880525 6539822
&& ./size_50000/random_tree_11_50000 34993.704700 5992984
&& ./size_50000/random_tree_14_50000 8415.434592 5166144
&& ./size_50000/random_tree_10_50000 12635.437033 5713453
&& ./size_50000/random_tree_12_50000 22698.392153 6183997
&& ./size_2000/random_tree_4_2000 26679.991351 171755
&& ./size_2000/random_tree_1_2000 2562.512447 13543
&& ./size_2000/random_tree_2_2000 7966.159868 121864
&& ./size_2000/random_tree_3_2000 16832.205450 165746
&& ./size_30000/random_tree_9_30000 9142.624051 1362492
&& ./size_30000/random_tree_6_30000 17140.096650 3275893
&& ./size_30000/random_tree_5_30000 16949.610386 3177887
&& ./size_30000/random_tree_7_30000 9032.298842 1496409
&& ./size_30000/random_tree_8_30000 12416.026598 1295349
&& ./size_30000/random_tree_8_30000 12416.026598 1294069
homogeneous average average
&& tree_15 2245.123210 55
&& ./size_20000/random_tree_1_20000 6245.374770 626573
&& ./size_20000/random_tree_11_20000 11959.192604 566790
&& ./size_20000/random_tree_0_20000 10908.672630 618414
&& ./size_20000/random_tree_2_20000 7129.249843 943581
&& ./size_20000/random_tree_3_20000 5762.283451 669503
&& ./size_20000/random_tree_4_20000 6517.452558 780484
&& ./size_4000/random_tree_8_4000 3676.017258 171652
&& ./size_4000/random_tree_7_4000 5130.517753 129642
&& ./size_4000/random_tree_6_4000 5227.099594 272049
&& ./size_4000/random_tree_5_4000 5761.062211 96175
&& ./size_10000/random_tree_9_10000 8501.584463 1356057
&& ./size_10000/random_tree_10_10000 9570.126127 473089
&& ./size_50000/random_tree_13_50000 12726.126983 3652628
&& ./size_50000/random_tree_11_50000 12653.275950 4288883
&& ./size_50000/random_tree_14_50000 9543.483001 3837234
&& ./size_50000/random_tree_10_50000 8157.124107 4974524
&& ./size_50000/random_tree_12_50000 10460.533260 4112906
&& ./size_2000/random_tree_4_2000 4552.592169 56837
&& ./size_2000/random_tree_1_2000 2562.512447 13528
&& ./size_2000/random_tree_2_2000 2162.036456 42019
&& ./size_2000/random_tree_3_2000 5184.156397 80652
&& ./size_30000/random_tree_9_30000 10502.256506 1379923
&& ./size_30000/random_tree_6_30000 9193.081795 1860177
&& ./size_30000/random_tree_5_30000 7834.594855 1880838
&& ./size_30000/random_tree_7_30000 10068.670173 1734237
&& ./size_30000/random_tree_8_30000 13074.634790 1330889
&& ./size_30000/random_tree_8_30000 13074.634790 1332194
homogeneous few big
&& tree_15 2245.123210 53
&& ./size_20000/random_tree_1_20000 7086.865989 700068
&& ./size_20000/random_tree_11_20000 12645.414276 926635
&& ./size_20000/random_tree_0_20000 11523.331908 896376
&& ./size_20000/random_tree_2_20000 8364.020031 1090212
&& ./size_20000/random_tree_3_20000 6640.921173 1150650
&& ./size_20000/random_tree_4_20000 7490.758257 718159
&& ./size_4000/random_tree_8_4000 3676.017258 171381
&& ./size_4000/random_tree_7_4000 5130.517753 128919
&& ./size_4000/random_tree_6_4000 5227.099594 271444
&& ./size_4000/random_tree_5_4000 5761.062211 95848
&& ./size_10000/random_tree_9_10000 8501.584463 1356472
&& ./size_10000/random_tree_10_10000 9570.126127 472629
&& ./size_50000/random_tree_13_50000 16089.974061 4986613
&& ./size_50000/random_tree_11_50000 14615.812256 4383525
&& ./size_50000/random_tree_14_50000 12497.660278 5086501
&& ./size_50000/random_tree_10_50000 10216.114886 4939312
&& ./size_50000/random_tree_12_50000 13878.378574 4652663
&& ./size_2000/random_tree_4_2000 4552.592169 56887
&& ./size_2000/random_tree_1_2000 2562.512447 13572
&& ./size_2000/random_tree_2_2000 2162.036456 42075
&& ./size_2000/random_tree_3_2000 5184.156397 80803
&& ./size_30000/random_tree_9_30000 12852.152409 1359634
&& ./size_30000/random_tree_6_30000 10119.994209 1884113
&& ./size_30000/random_tree_5_30000 8747.314865 4853358
&& ./size_30000/random_tree_7_30000 11633.225909 1720387
&& ./size_30000/random_tree_8_30000 14226.028001 1401704
&& ./size_30000/random_tree_8_30000 14226.028001 1403906
