matrix
dump.1.4.metis.IPSO.HTC_336_4438-2534.tree.nf
Makespan 119681 #trees: 0
tried 15178 added to SS 5
dump.1.4.metis.IPSO.HTC_336_4438-2534.tree.nf	-1.000000	
dump.0.1.amd.Dehghani.light_in_tissue-1873.tree.nf
Makespan 197814 #trees: 0
tried 2 added to SS 1
Makespan 197814 #trees: 1
Makespan 197814 #trees: 2
dump.0.1.amd.Dehghani.light_in_tissue-1873.tree.nf	197813.525333	
dump.1.3.metis.IPSO.HTC_336_4438-2534.tree.nf
Makespan 59547.1 #trees: 0
tried 14904 added to SS 2
dump.1.3.metis.IPSO.HTC_336_4438-2534.tree.nf	-1.000000	
dump.0.1.amd.Bova.rma10-374.tree.nf
Makespan 710442 #trees: 0
tried 2 added to SS 1
Makespan 710442 #trees: 1
Makespan 710442 #trees: 2
dump.0.1.amd.Bova.rma10-374.tree.nf	710441.713333	
dump.0.1.amd.IPSO.HTC_336_4438-2534.tree.nf
Makespan 55537.7 #trees: 0
tried 14799 added to SS 2
dump.0.1.amd.IPSO.HTC_336_4438-2534.tree.nf	-1.000000	
dump.0.1.amd.MaxPlanck.shallow_water1-2261.tree.nf
Makespan 582400 #trees: 0
tried 2 added to SS 1
Makespan 582400 #trees: 1
Makespan 582400 #trees: 2
dump.0.1.amd.MaxPlanck.shallow_water1-2261.tree.nf	582399.717333	
dump.0.1.amd.QY.case39-2136.tree.nf
Makespan 428927 #trees: 0
tried 3 added to SS 1
Makespan 428927 #trees: 2
Makespan 428927 #trees: 3
dump.0.1.amd.QY.case39-2136.tree.nf	428927.492667	
dump.0.1.amd.TSOPF.TSOPF_RS_b300_c3-2239.tree.nf
Makespan 2.80828e+06 #trees: 0
tried 2 added to SS 1
Makespan 2.80828e+06 #trees: 1
Makespan 2.80828e+06 #trees: 2
dump.0.1.amd.TSOPF.TSOPF_RS_b300_c3-2239.tree.nf	2808284.878000	
dump.0.1.metis.Boeing.ct20stif-356.tree.nf
Makespan 4.68318e+06 #trees: 0
tried 2 added to SS 1
Makespan 4.68318e+06 #trees: 1
Makespan 4.68318e+06 #trees: 2
dump.0.1.metis.Boeing.ct20stif-356.tree.nf	4683181.508000	
dump.0.1.metis.Bova.rma10-374.tree.nf
Makespan 837503 #trees: 0
tried 2 added to SS 1
Makespan 837503 #trees: 1
Makespan 837503 #trees: 2
dump.0.1.metis.Bova.rma10-374.tree.nf	837502.771333	
dump.0.1.metis.CPM.cz40948-2567.tree.nf
Makespan 10809.6 #trees: 0
tried 2 added to SS 1
Makespan 10809.6 #trees: 1
Makespan 10809.6 #trees: 2
dump.0.1.metis.CPM.cz40948-2567.tree.nf	10809.584667	
dump.0.1.metis.DNVS.shipsec5-1280.tree.nf
./main 
normal random
size_10000/random_tree_1
Makespan 4561.41 #trees: 0
tried 8 added to SS 4
Makespan 4562.84 #trees: 4
Makespan 4562.84 #trees: 5
size_10000/random_tree_1	4562.838657	
size_10000/random_tree_2
Makespan 4574.77 #trees: 0
tried 8 added to SS 2
Makespan 4578.49 #trees: 6
Makespan 4578.49 #trees: 7
size_10000/random_tree_2	4578.490341	
size_10000/random_tree_3
Makespan 4501.08 #trees: 0
tried 3 added to SS 1
Makespan 4504.84 #trees: 2
Makespan 4504.84 #trees: 3
size_10000/random_tree_3	4504.838675	
size_10000/random_tree_4
Makespan 4568.48 #trees: 0
tried 13 added to SS 4
Makespan 4555.99 #trees: 9
Makespan 4555.99 #trees: 10
size_10000/random_tree_4	4555.989674	
size_10000/random_tree_5
Makespan 4617.03 #trees: 0
tried 23 added to SS 9
Makespan 3803.35 #trees: 14
Makespan 3803.35 #trees: 15
size_10000/random_tree_5	3803.345612	
size_2000/random_tree_1
Makespan 911.732 #trees: 0
tried 4 added to SS 2
Makespan 561.476 #trees: 2
Makespan 561.476 #trees: 3
size_2000/random_tree_1	561.475753	
size_2000/random_tree_2
Makespan 926.719 #trees: 0
tried 11 added to SS 4
Makespan 923.794 #trees: 7
Makespan 923.794 #trees: 8
size_2000/random_tree_2	923.793795	
size_2000/random_tree_3
Makespan 933.549 #trees: 0
tried 5 added to SS 2
Makespan 939.879 #trees: 3
Makespan 939.879 #trees: 4
size_2000/random_tree_3	939.878758	
size_2000/random_tree_4
Makespan 921.584 #trees: 0
tried 5 added to SS 2
Makespan 924.69 #trees: 3
Makespan 924.69 #trees: 4
size_2000/random_tree_4	924.690290	
size_2000/random_tree_5
Makespan 915.014 #trees: 0
tried 4 added to SS 2
Makespan 917.166 #trees: 2
Makespan 917.166 #trees: 3
size_2000/random_tree_5	917.166424	
size_20000/random_tree_1
Makespan 9044.46 #trees: 0
tried 5 added to SS 2
Makespan 9043.82 #trees: 3
Makespan 9043.82 #trees: 4
size_20000/random_tree_1	9043.816338	
size_20000/random_tree_2
Makespan 9103.65 #trees: 0
tried 5 added to SS 2
Makespan 9104.17 #trees: 3
Makespan 9104.17 #trees: 4
size_20000/random_tree_2	9104.165886	
size_20000/random_tree_3
Makespan 9088.57 #trees: 0
tried 7 added to SS 3
Makespan 4758.48 #trees: 4
Makespan 4758.48 #trees: 5
size_20000/random_tree_3	4758.478778	
size_20000/random_tree_4
Makespan 9067.92 #trees: 0
tried 5 added to SS 3
Makespan 9067.49 #trees: 2
Makespan 9067.49 #trees: 3
size_20000/random_tree_4	9067.494456	
size_20000/random_tree_5
Makespan 9060.39 #trees: 0
tried 7 added to SS 3
Makespan 9057.5 #trees: 4
Makespan 9057.5 #trees: 5
size_20000/random_tree_5	9057.504175	
size_30000/random_tree_1
Makespan 13565.7 #trees: 0
tried 2 added to SS 1
Makespan 13568.9 #trees: 1
Makespan 13568.9 #trees: 2
size_30000/random_tree_1	13568.934681	
size_30000/random_tree_2
Makespan 13653.5 #trees: 0
tried 12 added to SS 5
Makespan 13343.5 #trees: 7
Makespan 13343.5 #trees: 8
size_30000/random_tree_2	13343.502256	
size_30000/random_tree_3
Makespan 13623.3 #trees: 0
tried 12 added to SS 6
Makespan 13601.3 #trees: 6
Makespan 13601.3 #trees: 7
size_30000/random_tree_3	13601.340238	
size_30000/random_tree_4
Makespan 13714.4 #trees: 0
tried 12 added to SS 5
Makespan 13679.4 #trees: 7
Makespan 13679.4 #trees: 8
size_30000/random_tree_4	13679.377946	
size_30000/random_tree_5
Makespan 13731.6 #trees: 0
tried 8 added to SS 3
Makespan 13720.6 #trees: 5
Makespan 13720.6 #trees: 6
size_30000/random_tree_5	13720.551284	
size_4000/random_tree_1
Makespan 1829.69 #trees: 0
tried 2 added to SS 1
Makespan 1831.39 #trees: 1
Makespan 1831.39 #trees: 2
size_4000/random_tree_1	1831.386139	
size_4000/random_tree_2
Makespan 1859.89 #trees: 0
tried 4 added to SS 2
Makespan 1863.58 #trees: 2
Makespan 1863.58 #trees: 3
size_4000/random_tree_2	1863.576154	
size_4000/random_tree_3
Makespan 1836.66 #trees: 0
tried 11 added to SS 4
Makespan 1786.16 #trees: 7
Makespan 1786.16 #trees: 8
size_4000/random_tree_3	1786.157590	
size_4000/random_tree_4
Makespan 1813.09 #trees: 0
tried 12 added to SS 5
Makespan 1748.74 #trees: 7
Makespan 1748.74 #trees: 8
size_4000/random_tree_4	1748.743757	
size_4000/random_tree_5
Makespan 1811.64 #trees: 0
tried 14 added to SS 5
Makespan 1763.46 #trees: 9
Makespan 1763.46 #trees: 10
size_4000/random_tree_5	1763.459119	
size_50000/random_tree_1
Makespan 22892.2 #trees: 0
tried 4 added to SS 2
Makespan 22897.5 #trees: 2
Makespan 22897.5 #trees: 3
size_50000/random_tree_1	22897.512989	
size_50000/random_tree_2
Makespan 22742 #trees: 0
tried 9 added to SS 5
Makespan 22554.8 #trees: 4
Makespan 22554.8 #trees: 5
size_50000/random_tree_2	22554.764450	
size_50000/random_tree_3
Makespan 22706.7 #trees: 0
tried 9 added to SS 4
Makespan 22701.3 #trees: 5
Makespan 22701.3 #trees: 6
size_50000/random_tree_3	22701.348255	
size_50000/random_tree_4
Makespan 22778.1 #trees: 0
tried 2 added to SS 1
Makespan 22786 #trees: 1
Makespan 22786 #trees: 2
size_50000/random_tree_4	22785.954625	
size_50000/random_tree_5
Makespan 22721.1 #trees: 0
tried 7 added to SS 3
Makespan 22724.8 #trees: 4
Makespan 22724.8 #trees: 5
size_50000/random_tree_5	22724.795938	
size_50000/random_tree_5
Makespan 22721.1 #trees: 0
tried 7 added to SS 3
Makespan 22724.8 #trees: 4
Makespan 22724.8 #trees: 5
size_50000/random_tree_5	22724.795938	
!! 
!! 
size_10000/random_tree_1
Makespan 4548.95 #trees: 0
tried 594 added to SS 59
size_10000/random_tree_1	-1.000000	
size_10000/random_tree_2
Makespan 4559.11 #trees: 0
tried 290 added to SS 30
size_10000/random_tree_2	-1.000000	
size_10000/random_tree_3
Makespan 4529.75 #trees: 0
tried 578 added to SS 57
size_10000/random_tree_3	-1.000000	
size_10000/random_tree_4
Makespan 4546.61 #trees: 0
tried 420 added to SS 42
size_10000/random_tree_4	-1.000000	
size_10000/random_tree_5
Makespan 4573.9 #trees: 0
tried 361 added to SS 36
size_10000/random_tree_5	-1.000000	
size_2000/random_tree_1
Makespan 923.316 #trees: 0
tried 276 added to SS 28
size_2000/random_tree_1	-1.000000	
size_2000/random_tree_2
Makespan 926.984 #trees: 0
tried 218 added to SS 23
size_2000/random_tree_2	-1.000000	
size_2000/random_tree_3
Makespan 900.1 #trees: 0
tried 228 added to SS 24
size_2000/random_tree_3	-1.000000	
size_2000/random_tree_4
Makespan 887.105 #trees: 0
tried 155 added to SS 16
size_2000/random_tree_4	-1.000000	
size_2000/random_tree_5
Makespan 900.307 #trees: 0
tried 302 added to SS 30
size_2000/random_tree_5	-1.000000	
size_20000/random_tree_1
Makespan 9150.2 #trees: 0
tried 386 added to SS 38
size_20000/random_tree_1	-1.000000	
size_20000/random_tree_2
Makespan 9147.02 #trees: 0
tried 690 added to SS 68
size_20000/random_tree_2	-1.000000	
size_20000/random_tree_3
Makespan 9199.05 #trees: 0
tried 517 added to SS 52
size_20000/random_tree_3	-1.000000	
size_20000/random_tree_4
Makespan 9106.26 #trees: 0
tried 619 added to SS 60
size_20000/random_tree_4	-1.000000	
size_20000/random_tree_5
Makespan 9136.89 #trees: 0
tried 720 added to SS 74
size_20000/random_tree_5	-1.000000	
size_30000/random_tree_1
Makespan 13642.2 #trees: 0
tried 790 added to SS 80
size_30000/random_tree_1	-1.000000	
size_30000/random_tree_2
Makespan 13637.3 #trees: 0
tried 825 added to SS 82
size_30000/random_tree_2	-1.000000	
size_30000/random_tree_3
Makespan 13667.9 #trees: 0
tried 1287 added to SS 124
size_30000/random_tree_3	-1.000000	
size_30000/random_tree_4
Makespan 13594.6 #trees: 0
tried 358 added to SS 36
size_30000/random_tree_4	-1.000000	
size_30000/random_tree_5
Makespan 13639.7 #trees: 0
tried 465 added to SS 46
size_30000/random_tree_5	-1.000000	
size_4000/random_tree_1
Makespan 1814.57 #trees: 0
tried 281 added to SS 27
size_4000/random_tree_1	-1.000000	
size_4000/random_tree_2
Makespan 1835.51 #trees: 0
tried 96 added to SS 11
size_4000/random_tree_2	-1.000000	
size_4000/random_tree_3
Makespan 1824.24 #trees: 0
tried 226 added to SS 23
size_4000/random_tree_3	-1.000000	
size_4000/random_tree_4
Makespan 1810.58 #trees: 0
tried 328 added to SS 33
size_4000/random_tree_4	-1.000000	
size_4000/random_tree_5
Makespan 1825.12 #trees: 0
tried 430 added to SS 43
size_4000/random_tree_5	-1.000000	
size_50000/random_tree_1
Makespan 22735.9 #trees: 0
tried 1603 added to SS 156
size_50000/random_tree_1	-1.000000	
size_50000/random_tree_2
Makespan 22782.2 #trees: 0
tried 287 added to SS 27
size_50000/random_tree_2	-1.000000	
size_50000/random_tree_3
Makespan 22743.3 #trees: 0
tried 1189 added to SS 117
size_50000/random_tree_3	-1.000000	
size_50000/random_tree_4
Makespan 22747 #trees: 0
tried 1290 added to SS 129
size_50000/random_tree_4	-1.000000	
size_50000/random_tree_5
Makespan 22865.2 #trees: 0
tried 823 added to SS 82
size_50000/random_tree_5	-1.000000	
size_50000/random_tree_5
Makespan 22865.2 #trees: 0
tried 823 added to SS 82
size_50000/random_tree_5	-1.000000	
!! 
!! 
size_10000/random_tree_1
Makespan 452029 #trees: 0
tried 14 added to SS 6
Makespan 450635 #trees: 8
Makespan 450635 #trees: 9
size_10000/random_tree_1	450635.307141	
size_10000/random_tree_2
Makespan 463583 #trees: 0
tried 8 added to SS 3
Makespan 376431 #trees: 5
Makespan 376431 #trees: 6
size_10000/random_tree_2	376431.318633	
size_10000/random_tree_3
Makespan 457744 #trees: 0
tried 16 added to SS 7
Makespan 449983 #trees: 9
Makespan 449983 #trees: 10
size_10000/random_tree_3	449983.377488	
size_10000/random_tree_4
Makespan 456795 #trees: 0
tried 5 added to SS 2
Makespan 457177 #trees: 3
Makespan 457177 #trees: 4
size_10000/random_tree_4	457176.990411	
size_10000/random_tree_5
Makespan 453867 #trees: 0
tried 19 added to SS 9
Makespan 452901 #trees: 10
Makespan 452901 #trees: 11
size_10000/random_tree_5	452900.862201	
size_2000/random_tree_1
Makespan 92574.7 #trees: 0
tried 3 added to SS 1
Makespan 81994.5 #trees: 2
Makespan 81994.5 #trees: 3
size_2000/random_tree_1	81994.530259	
size_2000/random_tree_2
Makespan 93686.8 #trees: 0
tried 2 added to SS 1
Makespan 94518.9 #trees: 1
Makespan 94518.9 #trees: 2
size_2000/random_tree_2	94518.947545	
size_2000/random_tree_3
Makespan 92102.3 #trees: 0
tried 4 added to SS 2
Makespan 91634.8 #trees: 2
Makespan 91634.8 #trees: 3
size_2000/random_tree_3	91634.846084	
size_2000/random_tree_4
Makespan 93197.5 #trees: 0
tried 7 added to SS 2
Makespan 92805.5 #trees: 5
Makespan 92805.5 #trees: 6
size_2000/random_tree_4	92805.538371	
size_2000/random_tree_5
Makespan 93130.6 #trees: 0
tried 9 added to SS 3
Makespan 93618.3 #trees: 6
Makespan 93618.3 #trees: 7
size_2000/random_tree_5	93618.279052	
size_20000/random_tree_1
Makespan 913494 #trees: 0
tried 4 added to SS 1
Makespan 912065 #trees: 3
Makespan 912065 #trees: 4
size_20000/random_tree_1	912065.371518	
size_20000/random_tree_2
Makespan 914521 #trees: 0
tried 8 added to SS 4
Makespan 912318 #trees: 4
Makespan 912318 #trees: 5
size_20000/random_tree_2	912317.915979	
size_20000/random_tree_3
Makespan 913834 #trees: 0
tried 9 added to SS 3
Makespan 905197 #trees: 6
Makespan 905197 #trees: 7
size_20000/random_tree_3	905196.813656	
size_20000/random_tree_4
Makespan 911466 #trees: 0
tried 3 added to SS 1
Makespan 911962 #trees: 2
Makespan 911962 #trees: 3
size_20000/random_tree_4	911961.855760	
size_20000/random_tree_5
Makespan 913861 #trees: 0
tried 3 added to SS 1
Makespan 914210 #trees: 2
Makespan 914210 #trees: 3
size_20000/random_tree_5	914210.363365	
size_30000/random_tree_1
Makespan 1.37645e+06 #trees: 0
tried 4 added to SS 2
Makespan 1.37661e+06 #trees: 2
Makespan 1.37661e+06 #trees: 3
size_30000/random_tree_1	1376605.988281	
size_30000/random_tree_2
Makespan 1.36034e+06 #trees: 0
tried 3 added to SS 1
Makespan 1.35907e+06 #trees: 2
Makespan 1.35907e+06 #trees: 3
size_30000/random_tree_2	1359074.911234	
size_30000/random_tree_3
Makespan 1.3645e+06 #trees: 0
tried 2 added to SS 1
Makespan 1.36462e+06 #trees: 1
Makespan 1.36462e+06 #trees: 2
size_30000/random_tree_3	1364623.215770	
size_30000/random_tree_4
Makespan 1.36845e+06 #trees: 0
tried 10 added to SS 4
Makespan 1.36799e+06 #trees: 6
Makespan 1.36799e+06 #trees: 7
size_30000/random_tree_4	1367988.760374	
size_30000/random_tree_5
Makespan 1.37216e+06 #trees: 0
tried 15 added to SS 6
Makespan 1.26211e+06 #trees: 9
Makespan 1.26211e+06 #trees: 10
size_30000/random_tree_5	1262106.315117	
size_4000/random_tree_1
Makespan 182811 #trees: 0
tried 19 added to SS 7
Makespan 167978 #trees: 12
Makespan 167978 #trees: 13
size_4000/random_tree_1	167978.236028	
size_4000/random_tree_2
Makespan 182269 #trees: 0
tried 15 added to SS 6
Makespan 180780 #trees: 9
Makespan 180780 #trees: 10
size_4000/random_tree_2	180780.268786	
size_4000/random_tree_3
Makespan 182542 #trees: 0
tried 12 added to SS 4
Makespan 170199 #trees: 8
Makespan 170199 #trees: 9
size_4000/random_tree_3	170199.328853	
size_4000/random_tree_4
Makespan 181984 #trees: 0
tried 8 added to SS 5
Makespan 173742 #trees: 3
Makespan 173742 #trees: 4
size_4000/random_tree_4	173741.827575	
size_4000/random_tree_5
Makespan 185748 #trees: 0
tried 19 added to SS 5
Makespan 181918 #trees: 14
Makespan 181918 #trees: 15
size_4000/random_tree_5	181917.670473	
size_50000/random_tree_1
Makespan 2.27418e+06 #trees: 0
tried 4 added to SS 2
Makespan 2.27485e+06 #trees: 2
Makespan 2.27485e+06 #trees: 3
size_50000/random_tree_1	2274845.954195	
size_50000/random_tree_2
Makespan 2.27936e+06 #trees: 0
tried 10 added to SS 4
Makespan 2.27928e+06 #trees: 6
Makespan 2.27928e+06 #trees: 7
size_50000/random_tree_2	2279280.411351	
size_50000/random_tree_3
Makespan 2.28096e+06 #trees: 0
tried 11 added to SS 6
Makespan 2.27906e+06 #trees: 5
Makespan 2.27906e+06 #trees: 6
size_50000/random_tree_3	2279059.713399	
size_50000/random_tree_4
Makespan 2.27349e+06 #trees: 0
tried 20 added to SS 10
Makespan 2.25326e+06 #trees: 10
Makespan 2.25326e+06 #trees: 11
size_50000/random_tree_4	2253262.206717	
size_50000/random_tree_5
Makespan 2.26741e+06 #trees: 0
tried 4 added to SS 2
Makespan 2.26809e+06 #trees: 2
Makespan 2.26809e+06 #trees: 3
size_50000/random_tree_5	2268086.758363	
size_50000/random_tree_5
Makespan 2.26741e+06 #trees: 0
tried 4 added to SS 2
Makespan 2.26809e+06 #trees: 2
Makespan 2.26809e+06 #trees: 3
size_50000/random_tree_5	2268086.758363	
!! 
!! 
size_10000/random_tree_1
Makespan 5015.84 #trees: 0
tried 8 added to SS 3
Makespan 5484.17 #trees: 5
Makespan 5484.17 #trees: 6
size_10000/random_tree_1	5484.165979	
size_10000/random_tree_2
Makespan 5541.82 #trees: 0
tried 6 added to SS 2
Makespan 6470.71 #trees: 4
Makespan 6470.71 #trees: 5
size_10000/random_tree_2	6470.709604	
size_10000/random_tree_3
Makespan 4795.54 #trees: 0
tried 4 added to SS 2
Makespan 4981.22 #trees: 2
Makespan 4981.22 #trees: 3
size_10000/random_tree_3	4981.217033	
size_10000/random_tree_4
Makespan 5112.99 #trees: 0
tried 4 added to SS 2
Makespan 5710.61 #trees: 2
Makespan 5710.61 #trees: 3
size_10000/random_tree_4	5710.611119	
size_10000/random_tree_5
Makespan 5055.54 #trees: 0
tried 6 added to SS 3
Makespan 5414.8 #trees: 3
Makespan 5414.8 #trees: 4
size_10000/random_tree_5	5414.797244	
size_2000/random_tree_1
Makespan 1495.31 #trees: 0
tried 7 added to SS 3
Makespan 1706.59 #trees: 4
Makespan 1706.59 #trees: 5
size_2000/random_tree_1	1706.585177	
size_2000/random_tree_2
Makespan 1909.66 #trees: 0
tried 5 added to SS 2
Makespan 2805.76 #trees: 3
Makespan 2805.76 #trees: 4
size_2000/random_tree_2	2805.758819	
size_2000/random_tree_3
Makespan 1449.29 #trees: 0
tried 3 added to SS 1
Makespan 1978.7 #trees: 2
Makespan 1978.7 #trees: 3
size_2000/random_tree_3	1978.698321	
size_2000/random_tree_4
Makespan 1574.83 #trees: 0
tried 5 added to SS 2
Makespan 2005.7 #trees: 3
Makespan 2005.7 #trees: 4
size_2000/random_tree_4	2005.698064	
size_2000/random_tree_5
Makespan 1774.58 #trees: 0
tried 11 added to SS 6
Makespan 2486.64 #trees: 5
Makespan 2486.64 #trees: 6
size_2000/random_tree_5	2486.638970	
size_20000/random_tree_1
Makespan 9322.99 #trees: 0
tried 4 added to SS 1
Makespan 9530.57 #trees: 3
Makespan 9530.57 #trees: 4
size_20000/random_tree_1	9530.573817	
size_20000/random_tree_2
Makespan 9817.5 #trees: 0
tried 4 added to SS 1
Makespan 10587.9 #trees: 3
Makespan 10587.9 #trees: 4
size_20000/random_tree_2	10587.884255	
size_20000/random_tree_3
Makespan 9456.27 #trees: 0
tried 4 added to SS 3
Makespan 9852.59 #trees: 1
Makespan 9852.59 #trees: 2
size_20000/random_tree_3	9852.586785	
size_20000/random_tree_4
Makespan 9587.47 #trees: 0
tried 3 added to SS 1
Makespan 9946.1 #trees: 2
Makespan 9946.1 #trees: 3
size_20000/random_tree_4	9946.098337	
size_20000/random_tree_5
Makespan 9645.05 #trees: 0
tried 5 added to SS 2
Makespan 10098.2 #trees: 3
Makespan 10098.2 #trees: 4
size_20000/random_tree_5	10098.230267	
size_30000/random_tree_1
Makespan 14452.3 #trees: 0
tried 7 added to SS 3
Makespan 14767.5 #trees: 4
Makespan 14767.5 #trees: 5
size_30000/random_tree_1	14767.458255	
size_30000/random_tree_2
Makespan 14158.4 #trees: 0
tried 2 added to SS 1
Makespan 14644.5 #trees: 1
Makespan 14644.5 #trees: 2
size_30000/random_tree_2	14644.451128	
size_30000/random_tree_3
Makespan 14565.3 #trees: 0
tried 3 added to SS 1
Makespan 15389.4 #trees: 2
Makespan 15389.4 #trees: 3
size_30000/random_tree_3	15389.441360	
size_30000/random_tree_4
Makespan 14149.1 #trees: 0
tried 3 added to SS 2
Makespan 14561.2 #trees: 1
Makespan 14561.2 #trees: 2
size_30000/random_tree_4	14561.200199	
size_30000/random_tree_5
Makespan 14136.8 #trees: 0
tried 4 added to SS 1
Makespan 14573.6 #trees: 3
Makespan 14573.6 #trees: 4
size_30000/random_tree_5	14573.586150	
size_4000/random_tree_1
Makespan 2365.18 #trees: 0
tried 2 added to SS 1
Makespan 2928.13 #trees: 1
Makespan 2928.13 #trees: 2
size_4000/random_tree_1	2928.126090	
size_4000/random_tree_2
Makespan 2418.6 #trees: 0
tried 3 added to SS 1
Makespan 2993.06 #trees: 2
Makespan 2993.06 #trees: 3
size_4000/random_tree_2	2993.059015	
size_4000/random_tree_3
Makespan 2504.08 #trees: 0
tried 3 added to SS 2
Makespan 3139.77 #trees: 1
Makespan 3139.77 #trees: 2
size_4000/random_tree_3	3139.771864	
size_4000/random_tree_4
Makespan 2379.65 #trees: 0
tried 4 added to SS 1
Makespan 2537.52 #trees: 3
Makespan 2537.52 #trees: 4
size_4000/random_tree_4	2537.521535	
size_4000/random_tree_5
Makespan 2605.82 #trees: 0
tried 3 added to SS 1
Makespan 3431.91 #trees: 2
Makespan 3431.91 #trees: 3
size_4000/random_tree_5	3431.913479	
size_50000/random_tree_1
Makespan 23285.5 #trees: 0
tried 3 added to SS 1
Makespan 23585.3 #trees: 2
Makespan 23585.3 #trees: 3
size_50000/random_tree_1	23585.292238	
size_50000/random_tree_2
Makespan 23098.5 #trees: 0
tried 3 added to SS 1
Makespan 23426.8 #trees: 2
Makespan 23426.8 #trees: 3
size_50000/random_tree_2	23426.816147	
size_50000/random_tree_3
Makespan 23675.8 #trees: 0
tried 2 added to SS 1
Makespan 24507.5 #trees: 1
Makespan 24507.5 #trees: 2
size_50000/random_tree_3	24507.538359	
size_50000/random_tree_4
Makespan 23443.4 #trees: 0
tried 5 added to SS 1
Makespan 24063.9 #trees: 4
Makespan 24063.9 #trees: 5
size_50000/random_tree_4	24063.899955	
size_50000/random_tree_5
Makespan 23547.7 #trees: 0
tried 3 added to SS 1
Makespan 24403.6 #trees: 2
Makespan 24403.6 #trees: 3
size_50000/random_tree_5	24403.553941	
size_50000/random_tree_5
Makespan 23547.7 #trees: 0
tried 3 added to SS 1
Makespan 24403.6 #trees: 2
Makespan 24403.6 #trees: 3
size_50000/random_tree_5	24403.553941	
!! 
!! 
size_10000/random_tree_1
Makespan 4568.44 #trees: 0
tried 330 added to SS 17
size_10000/random_tree_1	-1.000000	
size_10000/random_tree_2
Makespan 4561.76 #trees: 0
tried 499 added to SS 26
size_10000/random_tree_2	-1.000000	
size_10000/random_tree_3
Makespan 4553.68 #trees: 0
tried 265 added to SS 14
size_10000/random_tree_3	-1.000000	
size_10000/random_tree_4
Makespan 4606.12 #trees: 0
tried 486 added to SS 25
size_10000/random_tree_4	-1.000000	
size_10000/random_tree_5
Makespan 4544.64 #trees: 0
tried 525 added to SS 27
size_10000/random_tree_5	-1.000000	
size_2000/random_tree_1
Makespan 911.73 #trees: 0
tried 187 added to SS 10
size_2000/random_tree_1	-1.000000	
size_2000/random_tree_2
Makespan 897.62 #trees: 0
tried 265 added to SS 14
size_2000/random_tree_2	-1.000000	
size_2000/random_tree_3
Makespan 939.279 #trees: 0
tried 156 added to SS 8
size_2000/random_tree_3	-1.000000	
size_2000/random_tree_4
Makespan 903.681 #trees: 0
tried 321 added to SS 17
size_2000/random_tree_4	-1.000000	
size_2000/random_tree_5
Makespan 909.212 #trees: 0
tried 180 added to SS 10
size_2000/random_tree_5	-1.000000	
size_20000/random_tree_1
Makespan 9069.76 #trees: 0
tried 1352 added to SS 68
size_20000/random_tree_1	-1.000000	
size_20000/random_tree_2
Makespan 9059.25 #trees: 0
tried 1114 added to SS 57
size_20000/random_tree_2	-1.000000	
size_20000/random_tree_3
Makespan 9109.58 #trees: 0
tried 541 added to SS 27
size_20000/random_tree_3	-1.000000	
size_20000/random_tree_4
Makespan 9062.4 #trees: 0
tried 991 added to SS 51
size_20000/random_tree_4	-1.000000	
size_20000/random_tree_5
Makespan 9112.68 #trees: 0
tried 875 added to SS 45
size_20000/random_tree_5	-1.000000	
size_30000/random_tree_1
Makespan 13691 #trees: 0
tried 2085 added to SS 103
size_30000/random_tree_1	-1.000000	
size_30000/random_tree_2
Makespan 13558.6 #trees: 0
tried 683 added to SS 35
size_30000/random_tree_2	-1.000000	
size_30000/random_tree_3
Makespan 13638.1 #trees: 0
tried 436 added to SS 22
size_30000/random_tree_3	-1.000000	
size_30000/random_tree_4
Makespan 13693.5 #trees: 0
tried 661 added to SS 34
size_30000/random_tree_4	-1.000000	
size_30000/random_tree_5
Makespan 13737.6 #trees: 0
tried 2123 added to SS 109
size_30000/random_tree_5	-1.000000	
size_4000/random_tree_1
Makespan 1823.86 #trees: 0
tried 540 added to SS 27
size_4000/random_tree_1	-1.000000	
size_4000/random_tree_2
Makespan 1840.23 #trees: 0
tried 525 added to SS 27
size_4000/random_tree_2	-1.000000	
size_4000/random_tree_3
Makespan 1817.83 #trees: 0
tried 446 added to SS 22
size_4000/random_tree_3	-1.000000	
size_4000/random_tree_4
Makespan 1847.7 #trees: 0
tried 105 added to SS 6
size_4000/random_tree_4	-1.000000	
size_4000/random_tree_5
Makespan 1819.39 #trees: 0
tried 261 added to SS 14
size_4000/random_tree_5	-1.000000	
size_50000/random_tree_1
Makespan 22766.2 #trees: 0
tried 1300 added to SS 66
size_50000/random_tree_1	-1.000000	
size_50000/random_tree_2
Makespan 22770 #trees: 0
tried 2303 added to SS 114
size_50000/random_tree_2	-1.000000	
size_50000/random_tree_3
Makespan 22741.1 #trees: 0
tried 922 added to SS 46
size_50000/random_tree_3	-1.000000	
size_50000/random_tree_4
Makespan 22723.1 #trees: 0
tried 1758 added to SS 88
size_50000/random_tree_4	-1.000000	
size_50000/random_tree_5
Makespan 22841.7 #trees: 0
tried 536 added to SS 27
size_50000/random_tree_5	-1.000000	
size_50000/random_tree_5
Makespan 22841.7 #trees: 0
tried 536 added to SS 27
size_50000/random_tree_5	-1.000000	
!! 
!! 
size_10000/random_tree_1
Makespan 458.262 #trees: 0
tried 12 added to SS 5
Makespan 456.213 #trees: 7
Makespan 456.213 #trees: 8
size_10000/random_tree_1	456.212741	
size_10000/random_tree_2
Makespan 453.479 #trees: 0
tried 2 added to SS 1
Makespan 453.813 #trees: 1
Makespan 453.813 #trees: 2
size_10000/random_tree_2	453.813055	
size_10000/random_tree_3
Makespan 453.54 #trees: 0
tried 2 added to SS 1
Makespan 453.758 #trees: 1
Makespan 453.758 #trees: 2
size_10000/random_tree_3	453.758362	
size_10000/random_tree_4
Makespan 457.356 #trees: 0
tried 2 added to SS 1
Makespan 457.914 #trees: 1
Makespan 457.914 #trees: 2
size_10000/random_tree_4	457.913786	
size_10000/random_tree_5
Makespan 453.313 #trees: 0
tried 11 added to SS 4
Makespan 453.458 #trees: 7
Makespan 453.458 #trees: 8
size_10000/random_tree_5	453.457810	
size_2000/random_tree_1
Makespan 92.3712 #trees: 0
tried 4 added to SS 1
Makespan 93.0153 #trees: 3
Makespan 93.0153 #trees: 4
size_2000/random_tree_1	93.015338	
size_2000/random_tree_2
Makespan 92.4172 #trees: 0
tried 3 added to SS 1
Makespan 93.2748 #trees: 2
Makespan 93.2748 #trees: 3
size_2000/random_tree_2	93.274821	
size_2000/random_tree_3
Makespan 89.5888 #trees: 0
tried 25 added to SS 10
Makespan 77.9347 #trees: 15
Makespan 77.9347 #trees: 16
size_2000/random_tree_3	77.934685	
size_2000/random_tree_4
Makespan 92.4175 #trees: 0
tried 4 added to SS 1
Makespan 92.889 #trees: 3
Makespan 92.889 #trees: 4
size_2000/random_tree_4	92.888960	
size_2000/random_tree_5
Makespan 93.206 #trees: 0
tried 11 added to SS 5
Makespan 91.3596 #trees: 6
Makespan 91.3596 #trees: 7
size_2000/random_tree_5	91.359606	
size_20000/random_tree_1
Makespan 913.23 #trees: 0
tried 4 added to SS 1
Makespan 912.951 #trees: 3
Makespan 912.951 #trees: 4
size_20000/random_tree_1	912.951258	
size_20000/random_tree_2
Makespan 911.122 #trees: 0
tried 6 added to SS 3
Makespan 911.469 #trees: 3
Makespan 911.469 #trees: 4
size_20000/random_tree_2	911.469285	
size_20000/random_tree_3
Makespan 906.993 #trees: 0
tried 4 added to SS 3
Makespan 907.811 #trees: 1
Makespan 907.811 #trees: 2
size_20000/random_tree_3	907.811407	
size_20000/random_tree_4
Makespan 906.367 #trees: 0
tried 46 added to SS 19
Makespan 496.187 #trees: 27
Makespan 496.187 #trees: 28
size_20000/random_tree_4	496.186612	
size_20000/random_tree_5
Makespan 911.498 #trees: 0
tried 15 added to SS 7
Makespan 876.202 #trees: 8
Makespan 876.202 #trees: 9
size_20000/random_tree_5	876.201807	
size_30000/random_tree_1
Makespan 1366.23 #trees: 0
tried 11 added to SS 4
Makespan 1365.41 #trees: 7
Makespan 1365.41 #trees: 8
size_30000/random_tree_1	1365.410601	
size_30000/random_tree_2
Makespan 1357.23 #trees: 0
tried 4 added to SS 2
Makespan 1334.3 #trees: 2
Makespan 1334.3 #trees: 3
size_30000/random_tree_2	1334.297250	
size_30000/random_tree_3
Makespan 1361.18 #trees: 0
tried 19 added to SS 8
Makespan 1349.32 #trees: 11
Makespan 1349.32 #trees: 12
size_30000/random_tree_3	1349.321524	
size_30000/random_tree_4
Makespan 1365.07 #trees: 0
tried 5 added to SS 2
Makespan 1363.46 #trees: 3
Makespan 1363.46 #trees: 4
size_30000/random_tree_4	1363.455846	
size_30000/random_tree_5
Makespan 1366.54 #trees: 0
tried 48 added to SS 22
Makespan 1246.16 #trees: 26
Makespan 1246.16 #trees: 27
size_30000/random_tree_5	1246.157002	
size_4000/random_tree_1
Makespan 179.038 #trees: 0
tried 10 added to SS 4
Makespan 177.168 #trees: 6
Makespan 177.168 #trees: 7
size_4000/random_tree_1	177.167952	
size_4000/random_tree_2
Makespan 182.525 #trees: 0
tried 9 added to SS 4
Makespan 182.419 #trees: 5
Makespan 182.419 #trees: 6
size_4000/random_tree_2	182.419445	
size_4000/random_tree_3
Makespan 184.297 #trees: 0
tried 8 added to SS 4
Makespan 180.513 #trees: 4
Makespan 180.513 #trees: 5
size_4000/random_tree_3	180.513017	
size_4000/random_tree_4
Makespan 180.93 #trees: 0
tried 4 added to SS 1
Makespan 150.816 #trees: 3
Makespan 150.816 #trees: 4
size_4000/random_tree_4	150.816027	
size_4000/random_tree_5
Makespan 183.486 #trees: 0
tried 8 added to SS 4
Makespan 184.202 #trees: 4
Makespan 184.202 #trees: 5
size_4000/random_tree_5	184.202332	
size_50000/random_tree_1
Makespan 2278.35 #trees: 0
tried 10 added to SS 4
Makespan 2277.38 #trees: 6
Makespan 2277.38 #trees: 7
size_50000/random_tree_1	2277.381386	
size_50000/random_tree_2
Makespan 2279.18 #trees: 0
tried 14 added to SS 5
Makespan 2223.68 #trees: 9
Makespan 2223.68 #trees: 10
size_50000/random_tree_2	2223.681482	
size_50000/random_tree_3
Makespan 2268.97 #trees: 0
tried 7 added to SS 3
Makespan 2268.36 #trees: 4
Makespan 2268.36 #trees: 5
size_50000/random_tree_3	2268.357767	
size_50000/random_tree_4
Makespan 2279.66 #trees: 0
tried 21 added to SS 8
Makespan 2271.11 #trees: 13
Makespan 2271.11 #trees: 14
size_50000/random_tree_4	2271.106472	
size_50000/random_tree_5
Makespan 2277.63 #trees: 0
tried 5 added to SS 2
Makespan 2278 #trees: 3
Makespan 2278 #trees: 4
size_50000/random_tree_5	2278.000863	
size_50000/random_tree_5
Makespan 2277.63 #trees: 0
tried 5 added to SS 2
Makespan 2278 #trees: 3
Makespan 2278 #trees: 4
size_50000/random_tree_5	2278.000863	
!! 
!! 
size_10000/random_tree_1
Makespan 4559 #trees: 0
tried 4 added to SS 1
Makespan 4565.57 #trees: 3
Makespan 4565.57 #trees: 4
size_10000/random_tree_1	4565.570777	
size_10000/random_tree_2
Makespan 4559.74 #trees: 0
tried 5 added to SS 1
Makespan 4562.93 #trees: 4
Makespan 4562.93 #trees: 5
size_10000/random_tree_2	4562.930136	
size_10000/random_tree_3
Makespan 4565.21 #trees: 0
tried 3 added to SS 1
Makespan 4560.56 #trees: 2
Makespan 4560.56 #trees: 3
size_10000/random_tree_3	4560.562606	
size_10000/random_tree_4
Makespan 4550.06 #trees: 0
tried 7 added to SS 4
Makespan 4243.17 #trees: 3
Makespan 4243.17 #trees: 4
size_10000/random_tree_4	4243.167623	
size_10000/random_tree_5
Makespan 4559.95 #trees: 0
tried 12 added to SS 6
Makespan 4464.53 #trees: 6
Makespan 4464.53 #trees: 7
size_10000/random_tree_5	4464.530009	
size_2000/random_tree_1
Makespan 894.832 #trees: 0
tried 4 added to SS 2
Makespan 902.139 #trees: 2
Makespan 902.139 #trees: 3
size_2000/random_tree_1	902.139103	
size_2000/random_tree_2
Makespan 933.843 #trees: 0
tried 18 added to SS 9
Makespan 912.878 #trees: 9
Makespan 912.878 #trees: 10
size_2000/random_tree_2	912.878411	
size_2000/random_tree_3
Makespan 907.602 #trees: 0
tried 18 added to SS 7
Makespan 462.768 #trees: 11
Makespan 462.768 #trees: 12
size_2000/random_tree_3	462.767720	
size_2000/random_tree_4
Makespan 899.369 #trees: 0
tried 2 added to SS 1
Makespan 902.057 #trees: 1
Makespan 902.057 #trees: 2
size_2000/random_tree_4	902.056642	
size_2000/random_tree_5
Makespan 905.155 #trees: 0
tried 6 added to SS 2
Makespan 909.409 #trees: 4
Makespan 909.409 #trees: 5
size_2000/random_tree_5	909.408548	
size_20000/random_tree_1
Makespan 9110.64 #trees: 0
tried 4 added to SS 1
Makespan 9078.71 #trees: 3
Makespan 9078.71 #trees: 4
size_20000/random_tree_1	9078.711424	
size_20000/random_tree_2
Makespan 9130.63 #trees: 0
tried 14 added to SS 6
Makespan 9097.92 #trees: 8
Makespan 9097.92 #trees: 9
size_20000/random_tree_2	9097.923968	
size_20000/random_tree_3
Makespan 9158.88 #trees: 0
tried 3 added to SS 1
Makespan 9154.68 #trees: 2
Makespan 9154.68 #trees: 3
size_20000/random_tree_3	9154.682236	
size_20000/random_tree_4
Makespan 9141.24 #trees: 0
tried 18 added to SS 8
Makespan 9112.26 #trees: 10
Makespan 9112.26 #trees: 11
size_20000/random_tree_4	9112.256225	
size_20000/random_tree_5
Makespan 9118.68 #trees: 0
tried 9 added to SS 4
Makespan 9104.43 #trees: 5
Makespan 9104.43 #trees: 6
size_20000/random_tree_5	9104.434750	
size_30000/random_tree_1
Makespan 13695.5 #trees: 0
tried 10 added to SS 3
Makespan 13638.9 #trees: 7
Makespan 13638.9 #trees: 8
size_30000/random_tree_1	13638.869241	
size_30000/random_tree_2
Makespan 13668 #trees: 0
tried 4 added to SS 2
Makespan 13672.2 #trees: 2
Makespan 13672.2 #trees: 3
size_30000/random_tree_2	13672.167099	
size_30000/random_tree_3
Makespan 13684.6 #trees: 0
tried 4 added to SS 2
Makespan 13691 #trees: 2
Makespan 13691 #trees: 3
size_30000/random_tree_3	13691.006211	
size_30000/random_tree_4
Makespan 13643.4 #trees: 0
tried 6 added to SS 3
Makespan 13648.9 #trees: 3
Makespan 13648.9 #trees: 4
size_30000/random_tree_4	13648.939627	
size_30000/random_tree_5
Makespan 13646 #trees: 0
tried 6 added to SS 3
Makespan 13642.9 #trees: 3
Makespan 13642.9 #trees: 4
size_30000/random_tree_5	13642.928689	
size_4000/random_tree_1
Makespan 1813.26 #trees: 0
tried 9 added to SS 4
Makespan 1815.17 #trees: 5
Makespan 1815.17 #trees: 6
size_4000/random_tree_1	1815.165140	
size_4000/random_tree_2
Makespan 1844.59 #trees: 0
tried 7 added to SS 3
Makespan 1848.85 #trees: 4
Makespan 1848.85 #trees: 5
size_4000/random_tree_2	1848.849421	
size_4000/random_tree_3
Makespan 1800.85 #trees: 0
tried 13 added to SS 5
Makespan 1650.31 #trees: 8
Makespan 1650.31 #trees: 9
size_4000/random_tree_3	1650.305185	
size_4000/random_tree_4
Makespan 1833.16 #trees: 0
tried 3 added to SS 1
Makespan 1837.95 #trees: 2
Makespan 1837.95 #trees: 3
size_4000/random_tree_4	1837.950824	
size_4000/random_tree_5
Makespan 1797.78 #trees: 0
tried 13 added to SS 4
Makespan 690.693 #trees: 9
Makespan 690.693 #trees: 10
size_4000/random_tree_5	690.692936	
size_50000/random_tree_1
Makespan 22703.6 #trees: 0
tried 2 added to SS 1
Makespan 22710.8 #trees: 1
Makespan 22710.8 #trees: 2
size_50000/random_tree_1	22710.777072	
size_50000/random_tree_2
Makespan 22755.7 #trees: 0
tried 6 added to SS 2
Makespan 22541.8 #trees: 4
Makespan 22541.8 #trees: 5
size_50000/random_tree_2	22541.806615	
size_50000/random_tree_3
Makespan 22828.8 #trees: 0
tried 13 added to SS 6
Makespan 16613.1 #trees: 7
Makespan 16613.1 #trees: 8
size_50000/random_tree_3	16613.056325	
size_50000/random_tree_4
Makespan 22676.6 #trees: 0
tried 12 added to SS 5
Makespan 22470.9 #trees: 7
Makespan 22470.9 #trees: 8
size_50000/random_tree_4	22470.929800	
size_50000/random_tree_5
Makespan 22673.2 #trees: 0
tried 4 added to SS 2
Makespan 22676.3 #trees: 2
Makespan 22676.3 #trees: 3
size_50000/random_tree_5	22676.321083	
size_50000/random_tree_5
Makespan 22673.2 #trees: 0
tried 4 added to SS 2
Makespan 22676.3 #trees: 2
Makespan 22676.3 #trees: 3
size_50000/random_tree_5	22676.321083	
!! 
!! 
size_10000/random_tree_1
Makespan 4573.74 #trees: 0
tried 42 added to SS 12
Makespan 4479.54 #trees: 30
Task30 has 0 feasible processors during iterations. 9 are still free.
size_10000/random_tree_1	-1.000000	
size_10000/random_tree_2
Makespan 4554.32 #trees: 0
tried 28 added to SS 8
Makespan 4432.85 #trees: 20
Makespan 4432.85 #trees: 21
size_10000/random_tree_2	4432.850204	
size_10000/random_tree_3
Makespan 4541.05 #trees: 0
tried 21 added to SS 6
Makespan 4489.48 #trees: 15
Makespan 4489.48 #trees: 16
size_10000/random_tree_3	4489.476281	
size_10000/random_tree_4
Makespan 4559.54 #trees: 0
tried 12 added to SS 3
Makespan 4553.94 #trees: 9
Makespan 4553.94 #trees: 10
size_10000/random_tree_4	4553.937617	
size_10000/random_tree_5
Makespan 4508.37 #trees: 0
tried 2 added to SS 1
Makespan 4513.22 #trees: 1
Makespan 4513.22 #trees: 2
size_10000/random_tree_5	4513.221272	
size_2000/random_tree_1
Makespan 918.689 #trees: 0
tried 105 added to SS 31
size_2000/random_tree_1	-1.000000	
size_2000/random_tree_2
Makespan 903.675 #trees: 0
tried 16 added to SS 4
Makespan 896.028 #trees: 12
Makespan 896.028 #trees: 13
size_2000/random_tree_2	896.027631	
size_2000/random_tree_3
Makespan 924.151 #trees: 0
tried 10 added to SS 4
Makespan 716.013 #trees: 6
Makespan 716.013 #trees: 7
size_2000/random_tree_3	716.013348	
size_2000/random_tree_4
Makespan 898.792 #trees: 0
tried 8 added to SS 3
Makespan 897.989 #trees: 5
Makespan 897.989 #trees: 6
size_2000/random_tree_4	897.989107	
size_2000/random_tree_5
Makespan 928.777 #trees: 0
tried 29 added to SS 9
Makespan 517.708 #trees: 20
Makespan 517.708 #trees: 21
size_2000/random_tree_5	517.707575	
size_20000/random_tree_1
Makespan 9057.37 #trees: 0
tried 33 added to SS 11
Makespan 8805.72 #trees: 22
Makespan 8805.72 #trees: 23
size_20000/random_tree_1	8805.724189	
size_20000/random_tree_2
Makespan 9148.6 #trees: 0
tried 49 added to SS 15
Makespan 9053.82 #trees: 34
Task9 has 0 feasible processors during iterations. 9 are still free.
size_20000/random_tree_2	-1.000000	
size_20000/random_tree_3
Makespan 9078.41 #trees: 0
tried 2 added to SS 1
Makespan 9081.77 #trees: 1
Makespan 9081.77 #trees: 2
size_20000/random_tree_3	9081.765092	
size_20000/random_tree_4
Makespan 9144.91 #trees: 0
tried 124 added to SS 42
size_20000/random_tree_4	-1.000000	
size_20000/random_tree_5
Makespan 9122.21 #trees: 0
tried 44 added to SS 12
Makespan 4997.67 #trees: 32
Task29 has 0 feasible processors during iterations. 9 are still free.
size_20000/random_tree_5	-1.000000	
size_30000/random_tree_1
Makespan 13706.4 #trees: 0
tried 214 added to SS 66
size_30000/random_tree_1	-1.000000	
size_30000/random_tree_2
Makespan 13671.2 #trees: 0
tried 20 added to SS 6
Makespan 13468.2 #trees: 14
Makespan 13468.2 #trees: 15
size_30000/random_tree_2	13468.235909	
size_30000/random_tree_3
Makespan 13712.6 #trees: 0
tried 21 added to SS 7
Makespan 13668.8 #trees: 14
Makespan 13668.8 #trees: 15
size_30000/random_tree_3	13668.759732	
size_30000/random_tree_4
Makespan 13655.2 #trees: 0
tried 20 added to SS 6
Makespan 13585 #trees: 14
Makespan 13585 #trees: 15
size_30000/random_tree_4	13584.959290	
size_30000/random_tree_5
Makespan 13657.5 #trees: 0
tried 2 added to SS 1
Makespan 13666 #trees: 1
Makespan 13666 #trees: 2
size_30000/random_tree_5	13665.987285	
size_4000/random_tree_1
Makespan 1835.59 #trees: 0
tried 2 added to SS 1
Makespan 1840.95 #trees: 1
Makespan 1840.95 #trees: 2
size_4000/random_tree_1	1840.946223	
size_4000/random_tree_2
Makespan 1825.57 #trees: 0
tried 55 added to SS 17
size_4000/random_tree_2	-1.000000	
size_4000/random_tree_3
Makespan 1835.43 #trees: 0
tried 89 added to SS 30
size_4000/random_tree_3	-1.000000	
size_4000/random_tree_4
Makespan 1831.43 #trees: 0
tried 14 added to SS 5
Makespan 1831.05 #trees: 9
Makespan 1831.05 #trees: 10
size_4000/random_tree_4	1831.051676	
size_4000/random_tree_5
Makespan 1817.96 #trees: 0
tried 9 added to SS 2
Makespan 1806.35 #trees: 7
Makespan 1806.35 #trees: 8
size_4000/random_tree_5	1806.350400	
size_50000/random_tree_1
Makespan 22801.9 #trees: 0
tried 39 added to SS 11
Makespan 11433.6 #trees: 28
Task16 has 0 feasible processors during iterations. 9 are still free.
size_50000/random_tree_1	-1.000000	
size_50000/random_tree_2
Makespan 22741.8 #trees: 0
tried 23 added to SS 6
Makespan 22551.4 #trees: 17
Makespan 22551.4 #trees: 18
size_50000/random_tree_2	22551.400266	
size_50000/random_tree_3
Makespan 22815 #trees: 0
tried 60 added to SS 19
size_50000/random_tree_3	-1.000000	
size_50000/random_tree_4
Makespan 22818.5 #trees: 0
tried 122 added to SS 40
size_50000/random_tree_4	-1.000000	
size_50000/random_tree_5
Makespan 22725.4 #trees: 0
tried 2 added to SS 1
Makespan 22732.8 #trees: 1
Makespan 22732.8 #trees: 2
size_50000/random_tree_5	22732.768016	
size_50000/random_tree_5
Makespan 22725.4 #trees: 0
tried 2 added to SS 1
Makespan 22732.8 #trees: 1
Makespan 22732.8 #trees: 2
size_50000/random_tree_5	22732.768016	
!! 
!! 
size_10000/random_tree_1
Makespan 454400 #trees: 0
tried 7 added to SS 4
Makespan 443480 #trees: 3
Makespan 443480 #trees: 4
size_10000/random_tree_1	443480.302005	
size_10000/random_tree_2
Makespan 453516 #trees: 0
tried 33 added to SS 16
Makespan 331239 #trees: 17
Makespan 331239 #trees: 18
size_10000/random_tree_2	331238.596493	
size_10000/random_tree_3
Makespan 458601 #trees: 0
tried 3 added to SS 1
Makespan 458511 #trees: 2
Makespan 458511 #trees: 3
size_10000/random_tree_3	458511.290696	
size_10000/random_tree_4
Makespan 458534 #trees: 0
tried 11 added to SS 6
Makespan 458013 #trees: 5
Makespan 458013 #trees: 6
size_10000/random_tree_4	458013.180734	
size_10000/random_tree_5
Makespan 456063 #trees: 0
tried 2 added to SS 1
Makespan 456069 #trees: 1
Makespan 456069 #trees: 2
size_10000/random_tree_5	456069.110322	
size_2000/random_tree_1
Makespan 88781.2 #trees: 0
tried 10 added to SS 3
Makespan 78676.7 #trees: 7
Makespan 78676.7 #trees: 8
size_2000/random_tree_1	78676.664133	
size_2000/random_tree_2
Makespan 91384.3 #trees: 0
tried 11 added to SS 5
Makespan 69131.3 #trees: 6
Makespan 69131.3 #trees: 7
size_2000/random_tree_2	69131.253968	
size_2000/random_tree_3
Makespan 92016.2 #trees: 0
tried 4 added to SS 1
Makespan 90169.6 #trees: 3
Makespan 90169.6 #trees: 4
size_2000/random_tree_3	90169.585633	
size_2000/random_tree_4
Makespan 88446.3 #trees: 0
tried 20 added to SS 8
Makespan 75983.9 #trees: 12
Makespan 75983.9 #trees: 13
size_2000/random_tree_4	75983.909094	
size_2000/random_tree_5
Makespan 91549.4 #trees: 0
tried 12 added to SS 5
Makespan 90464.4 #trees: 7
Makespan 90464.4 #trees: 8
size_2000/random_tree_5	90464.394666	
size_20000/random_tree_1
Makespan 906876 #trees: 0
tried 19 added to SS 8
Makespan 886060 #trees: 11
Makespan 886060 #trees: 12
size_20000/random_tree_1	886059.757319	
size_20000/random_tree_2
Makespan 911010 #trees: 0
tried 3 added to SS 1
Makespan 910930 #trees: 2
Makespan 910930 #trees: 3
size_20000/random_tree_2	910930.088926	
size_20000/random_tree_3
Makespan 908086 #trees: 0
tried 2 added to SS 1
Makespan 908091 #trees: 1
Makespan 908091 #trees: 2
size_20000/random_tree_3	908091.045880	
size_20000/random_tree_4
Makespan 913737 #trees: 0
tried 10 added to SS 4
Makespan 910046 #trees: 6
Makespan 910046 #trees: 7
size_20000/random_tree_4	910045.732139	
size_20000/random_tree_5
Makespan 904075 #trees: 0
tried 8 added to SS 3
Makespan 903665 #trees: 5
Makespan 903665 #trees: 6
size_20000/random_tree_5	903665.213574	
size_30000/random_tree_1
Makespan 1.36183e+06 #trees: 0
tried 2 added to SS 1
Makespan 1.36184e+06 #trees: 1
Makespan 1.36184e+06 #trees: 2
size_30000/random_tree_1	1361839.694696	
size_30000/random_tree_2
Makespan 1.36749e+06 #trees: 0
tried 2 added to SS 1
Makespan 1.3675e+06 #trees: 1
Makespan 1.3675e+06 #trees: 2
size_30000/random_tree_2	1367496.009607	
size_30000/random_tree_3
Makespan 1.37176e+06 #trees: 0
tried 10 added to SS 4
Makespan 1.37096e+06 #trees: 6
Makespan 1.37096e+06 #trees: 7
size_30000/random_tree_3	1370958.358856	
size_30000/random_tree_4
Makespan 1.3578e+06 #trees: 0
tried 2 added to SS 1
Makespan 1.35781e+06 #trees: 1
Makespan 1.35781e+06 #trees: 2
size_30000/random_tree_4	1357807.994492	
size_30000/random_tree_5
Makespan 1.36682e+06 #trees: 0
tried 8 added to SS 4
Makespan 1.36518e+06 #trees: 4
Makespan 1.36518e+06 #trees: 5
size_30000/random_tree_5	1365181.439612	
size_4000/random_tree_1
Makespan 183993 #trees: 0
tried 9 added to SS 5
Makespan 183548 #trees: 4
Makespan 183548 #trees: 5
size_4000/random_tree_1	183548.247366	
size_4000/random_tree_2
Makespan 180026 #trees: 0
tried 11 added to SS 5
Makespan 176955 #trees: 6
Makespan 176955 #trees: 7
size_4000/random_tree_2	176955.162864	
size_4000/random_tree_3
Makespan 181894 #trees: 0
tried 8 added to SS 4
Makespan 181633 #trees: 4
Makespan 181633 #trees: 5
size_4000/random_tree_3	181633.171203	
size_4000/random_tree_4
Makespan 185014 #trees: 0
tried 2 added to SS 1
Makespan 185020 #trees: 1
Makespan 185020 #trees: 2
size_4000/random_tree_4	185020.036065	
size_4000/random_tree_5
Makespan 181928 #trees: 0
tried 25 added to SS 9
Makespan 174198 #trees: 16
Makespan 174198 #trees: 17
size_4000/random_tree_5	174198.117512	
size_50000/random_tree_1
Makespan 2.26571e+06 #trees: 0
tried 2 added to SS 1
Makespan 2.26572e+06 #trees: 1
Makespan 2.26572e+06 #trees: 2
size_50000/random_tree_1	2265716.625296	
size_50000/random_tree_2
Makespan 2.27593e+06 #trees: 0
tried 4 added to SS 2
Makespan 2.27591e+06 #trees: 2
Makespan 2.27591e+06 #trees: 3
size_50000/random_tree_2	2275914.870639	
size_50000/random_tree_3
Makespan 2.27555e+06 #trees: 0
tried 13 added to SS 5
Makespan 2.26559e+06 #trees: 8
Makespan 2.26559e+06 #trees: 9
size_50000/random_tree_3	2265586.474071	
size_50000/random_tree_4
Makespan 2.26857e+06 #trees: 0
tried 2 added to SS 1
Makespan 2.26857e+06 #trees: 1
Makespan 2.26857e+06 #trees: 2
size_50000/random_tree_4	2268574.909537	
size_50000/random_tree_5
Makespan 2.27462e+06 #trees: 0
tried 3 added to SS 1
Makespan 2.27457e+06 #trees: 2
Makespan 2.27457e+06 #trees: 3
size_50000/random_tree_5	2274566.245617	
size_50000/random_tree_5
Makespan 2.27462e+06 #trees: 0
tried 3 added to SS 1
Makespan 2.27457e+06 #trees: 2
Makespan 2.27457e+06 #trees: 3
size_50000/random_tree_5	2274566.245617	
slurmstepd: error: Detected 1 oom-kill event(s) in step 367493.batch cgroup. Some of your processes may have been killed by the cgroup out-of-memory handler.
