matrix
treename	./clusters/#36-proc/36proc_0,3-0,5-0,8-1.json	./clusters/36-proc/36proc_0,5-1-1,5-3.json	
dump.1.4.metis.IPSO.HTC_336_4438-2534.tree.nf	-1.000000	
dump.0.1.amd.Dehghani.light_in_tissue-1873.tree.nf	197813.525333	
dump.1.3.metis.IPSO.HTC_336_4438-2534.tree.nf	-1.000000	
dump.0.1.amd.Bova.rma10-374.tree.nf	710441.713333	
dump.0.1.amd.IPSO.HTC_336_4438-2534.tree.nf	-1.000000	
dump.0.1.amd.MaxPlanck.shallow_water1-2261.tree.nf	582399.717333	
dump.0.1.amd.QY.case39-2136.tree.nf	428927.492667	
dump.0.1.amd.TSOPF.TSOPF_RS_b300_c3-2239.tree.nf	2808284.878000	
dump.0.1.metis.Boeing.ct20stif-356.tree.nf	4683181.508000	
dump.0.1.metis.Bova.rma10-374.tree.nf	837502.771333	
dump.0.1.metis.CPM.cz40948-2567.tree.nf	10809.584667	
/work/kulagins/scheduler-a2/runscripts/RS-36proc-A2-all.sh: line 6: 549553 Killed   
normal random
size_10000/random_tree_1	4562.838657	
size_10000/random_tree_2	4578.490341	
size_10000/random_tree_3	4504.838675	
size_10000/random_tree_4	4555.989674	
size_10000/random_tree_5	3803.345612	
size_2000/random_tree_1	561.475753	
size_2000/random_tree_2	923.793795	
size_2000/random_tree_3	939.878758	
size_2000/random_tree_4	924.690290	
size_2000/random_tree_5	917.166424	
size_20000/random_tree_1	9043.816338	
size_20000/random_tree_2	9104.165886	
size_20000/random_tree_3	4758.478778	
size_20000/random_tree_4	9067.494456	
size_20000/random_tree_5	9057.504175	
size_30000/random_tree_1	13568.934681	
size_30000/random_tree_2	13343.502256	
size_30000/random_tree_3	13601.340238	
size_30000/random_tree_4	13679.377946	
size_30000/random_tree_5	13720.551284	
size_4000/random_tree_1	1831.386139	
size_4000/random_tree_2	1863.576154	
size_4000/random_tree_3	1786.157590	
size_4000/random_tree_4	1748.743757	
size_4000/random_tree_5	1763.459119	
size_50000/random_tree_1	22897.512989	
size_50000/random_tree_2	22554.764450	
size_50000/random_tree_3	22701.348255	
size_50000/random_tree_4	22785.954625	
size_50000/random_tree_5	22724.795938	
size_50000/random_tree_5	22724.795938	
all_large
size_10000/random_tree_1	450635.307141	
size_10000/random_tree_2	376431.318633	
size_10000/random_tree_3	449983.377488	
size_10000/random_tree_4	457176.990411	
size_10000/random_tree_5	452900.862201	
size_2000/random_tree_1	81994.530259	
size_2000/random_tree_2	94518.947545	
size_2000/random_tree_3	91634.846084	
size_2000/random_tree_4	92805.538371	
size_2000/random_tree_5	93618.279052	
size_20000/random_tree_1	912065.371518	
size_20000/random_tree_2	912317.915979	
size_20000/random_tree_3	905196.813656	
size_20000/random_tree_4	911961.855760	
size_20000/random_tree_5	914210.363365	
size_30000/random_tree_1	1376605.988281	
size_30000/random_tree_2	1359074.911234	
size_30000/random_tree_3	1364623.215770	
size_30000/random_tree_4	1367988.760374	
size_30000/random_tree_5	1262106.315117	
size_4000/random_tree_1	167978.236028	
size_4000/random_tree_2	180780.268786	
size_4000/random_tree_3	170199.328853	
size_4000/random_tree_4	173741.827575	
size_4000/random_tree_5	181917.670473	
size_50000/random_tree_1	2274845.954195	
size_50000/random_tree_2	2279280.411351	
size_50000/random_tree_3	2279059.713399	
size_50000/random_tree_4	2253262.206717	
size_50000/random_tree_5	2268086.758363	
size_50000/random_tree_5	2268086.758363	
large_makespan_weights	
size_10000/random_tree_1	5484.165979	
size_10000/random_tree_2	6470.709604	
size_10000/random_tree_3	4981.217033	
size_10000/random_tree_4	5710.611119	
size_10000/random_tree_5	5414.797244	
size_2000/random_tree_1	1706.585177	
size_2000/random_tree_2	2805.758819	
size_2000/random_tree_3	1978.698321	
size_2000/random_tree_4	2005.698064	
size_2000/random_tree_5	2486.638970	
size_20000/random_tree_1	9530.573817	
size_20000/random_tree_2	10587.884255	
size_20000/random_tree_3	9852.586785	
size_20000/random_tree_4	9946.098337	
size_20000/random_tree_5	10098.230267	
size_30000/random_tree_1	14767.458255	
size_30000/random_tree_2	14644.451128	
size_30000/random_tree_3	15389.441360	
size_30000/random_tree_4	14561.200199	
size_30000/random_tree_5	14573.586150	
size_4000/random_tree_1	2928.126090	
size_4000/random_tree_2	2993.059015	
size_4000/random_tree_3	3139.771864	
size_4000/random_tree_4	2537.521535	
size_4000/random_tree_5	3431.913479	

