/work/kulagins/scheduler-a2/data/trees/
treename	clusters/36-proc/36proc_0,5-1-1,5-3.json	
first cut ready
dump.1.3.amd.QY.case39-2136.tree.nf	 501965.010000	33	1636964 1021841077 14905529 32194346.000000 501965.010000  33

first cut ready
dump.1.2.amd.QY.case39-2136.tree.nf	 497155.069333	35	3880637 3475067268 31446460 107489737.000000 497155.069333  35

first cut ready
dump.0.1.metis.Goodwin.rim-447.tree.nf	 48141.508000	7	123333097 3119396684 8719031 96488602.000000 48141.508000  7

first cut ready
dump.1.1.metis.CPM.cz40948-2567.tree.nf	 2738.023333	36	10374295 11665088257 71306709 329484529.000000 2738.023333  36

first cut ready
dump.1.1.amd.QY.case39-2136.tree.nf	 490883.005667	15	8021391 16070975712 36261923 449193255.000000 490883.005667  15

first cut ready
dump.0.1.metis.Wang.wang4-833.tree.nf	 980049.395444	5	1018259381 8412921886 9608983 270715891.000000 980049.395444  5

first cut ready
dump.0.1.amd.Dehghani.light_in_tissue-1873.tree.nf	 80143.988000	7	187770133 7398011894 11939478 214842664.000000 80143.988000  7

first cut ready
dump.0.1.metis.Mancktelow.viscorocks-1879.tree.nf	 222142.389333	3	620760086 5726284025 5474627 165847611.000000 222142.389333  3

first cut ready
dump.0.1.metis.Mancktelow.viscorocks-1879.tree.nf	 222142.389333	3	621050043 5732649514 5490916 170925794.000000 222142.389333  3


