/work/kulagins/scheduler-a2/data/trees/
treename	clusters/36-proc/36proc_0,5-1-1,5-3.json	
first cut ready
dump.1.3.amd.QY.case39-2136.tree.nf	 212716.903333	35	1636706 1021914827 76998653 35947924.000000 212716.903333  35

first cut ready
dump.1.2.amd.QY.case39-2136.tree.nf	 317036.015333	36	3876500 3473899162 98091752 110435663.000000 317036.015333  36

first cut ready
dump.0.1.metis.Goodwin.rim-447.tree.nf	 51531.108000	27	123300879 3120326133 68314231 100442819.000000 51531.108000  27

first cut ready
dump.1.1.metis.CPM.cz40948-2567.tree.nf	 5529.477667	35	10343284 11667416926 307028401 356588999.000000 5529.477667  35

first cut ready
dump.1.1.amd.QY.case39-2136.tree.nf	 322913.842000	35	7976803 16069034981 280577987 468852178.000000 322913.842000  35

first cut ready
dump.0.1.metis.Wang.wang4-833.tree.nf	 980049.395444	11	1017177530 8412431158 18810679 270259681.000000 980049.395444  11

first cut ready
dump.0.1.amd.Dehghani.light_in_tissue-1873.tree.nf	 82623.453556	22	187516358 7405275869 133390601 225589475.000000 82623.453556  22

first cut ready
dump.0.1.metis.Mancktelow.viscorocks-1879.tree.nf	 222142.389333	3	620718106 5729630114 5474260 166223870.000000 222142.389333  3

first cut ready
dump.0.1.metis.Mancktelow.viscorocks-1879.tree.nf	 222142.389333	3	620865834 5735141788 5480547 170435617.000000 222142.389333  3


