/work/kulagins/scheduler-a2/data/trees/
treename	clusters/36-proc/36proc_0,5-1-1,5-3.json	
first cut ready
dump.1.3.amd.QY.case39-2136.tree.nf	 492123.401333	35	1639524 1022249566 261906703 59186812.000000 492123.401333  35

first cut ready
dump.1.2.amd.QY.case39-2136.tree.nf	 483214.207889	35	3888284 3478437412 899297633 162070634.000000 483214.207889  35

first cut ready
dump.0.1.metis.Goodwin.rim-447.tree.nf	 59656.478000	27	123696666 3133710876 68717401 103217934.000000 59656.478000  27

first cut ready
dump.1.1.metis.CPM.cz40948-2567.tree.nf	 5538.387667	35	10364526 11715235990 959123620 405261913.000000 5538.387667  35

first cut ready
dump.1.1.amd.QY.case39-2136.tree.nf	 491381.219000	35	8059530 16147323360 748113657 520451263.000000 491381.219000  35

first cut ready
dump.0.1.metis.Wang.wang4-833.tree.nf	 980049.395444	11	1022514591 8463064907 18775311 283917962.000000 980049.395444  11

first cut ready
dump.0.1.amd.Dehghani.light_in_tissue-1873.tree.nf	 82645.244667	35	188597772 7447397982 182528612 243419881.000000 82645.244667  35

first cut ready
dump.0.1.metis.Mancktelow.viscorocks-1879.tree.nf	 83667.814667	21	624288568 5757020518 60961717 180107950.000000 83667.814667  21

first cut ready
dump.0.1.metis.Mancktelow.viscorocks-1879.tree.nf	 83667.814667	21	623683487 5740645995 60679334 174380369.000000 83667.814667  21


