/work/kulagins/scheduler-a2/data/trees/
treename	clusters/36-proc/36proc_0,5-1-1,5-3.json	
first cut ready
dump.1.3.amd.QY.case39-2136.tree.nf	 445955.291333	27	1646738 1071725559 10100318 31790596.000000 445955.291333  27

first cut ready
dump.1.2.amd.QY.case39-2136.tree.nf	 344615.151333	27	3893610 3643403927 17815880 104571315.000000 344615.151333  27

first cut ready
dump.0.1.metis.Goodwin.rim-447.tree.nf	 48141.508000	7	123315792 3273186856 8754578 96443883.000000 48141.508000  7

first cut ready
dump.1.1.metis.CPM.cz40948-2567.tree.nf	 5539.048000	20	10358384 12237991197 64918995 328715319.000000 5539.048000  20

first cut ready
dump.1.1.amd.QY.case39-2136.tree.nf	 428255.061333	27	8001445 16858390710 32304484 450289012.000000 428255.061333  27

first cut ready
dump.0.1.metis.Wang.wang4-833.tree.nf	 980049.395444	5	1018143921 8822132890 9685412 271201003.000000 980049.395444  5

first cut ready
dump.0.1.amd.Dehghani.light_in_tissue-1873.tree.nf	 80143.988000	7	187675093 7765563693 12082724 216570393.000000 80143.988000  7

first cut ready
dump.0.1.metis.Mancktelow.viscorocks-1879.tree.nf	 130232.569333	7	620497191 6007029476 17665431 166652977.000000 130232.569333  7

first cut ready
dump.0.1.metis.Mancktelow.viscorocks-1879.tree.nf	 130232.569333	7	621065842 6010398144 17670703 168542606.000000 130232.569333  7


