single tree
RS-36-asap.sh
asap only hetp
matrix
/work/kulagins/scheduler-homp2
!! 36proc_0,5-1-1,5-3.json
./real_Trees/trees/
&& dump.0.1.amd.Dehghani.light_in_tissue-1873.tree.nf 72513.208667 200440
&& dump.1.3.metis.IPSO.HTC_336_4438-2534.tree.nf 7522.370000 4176242
&& dump.1.4.metis.IPSO.HTC_336_4438-2534.tree.nf 15441.762000 4477434
&& dump.0.1.amd.Bova.rma10-374.tree.nf 353451.618667 955377
&& dump.0.1.amd.IPSO.HTC_336_4438-2534.tree.nf 21477.953333 14821854
&& dump.0.1.amd.MaxPlanck.shallow_water1-2261.tree.nf 256363.909333 602449
&& dump.0.1.amd.QY.case39-2136.tree.nf 97387.253333 330438
&& dump.0.1.amd.TSOPF.TSOPF_RS_b300_c3-2239.tree.nf 970445.930000 1507757
&& dump.0.1.metis.Boeing.ct20stif-356.tree.nf 1349979.602000 1455096
&& dump.0.1.metis.Bova.rma10-374.tree.nf 106047.928667 531800
&& dump.0.1.metis.CPM.cz40948-2567.tree.nf 762.544000 124369
&& dump.0.1.metis.DNVS.shipsec5-1280.tree.nf 17655794.032000 28769233
&& dump.0.1.metis.FEMLAB.sme3Dc-932.tree.nf 1398463.820000 1183748
&& dump.0.1.metis.Goodwin.rim-447.tree.nf 16977.932000 221458
&& dump.0.1.metis.HVDC.hvdc2-1875.tree.nf 6198.684667 1235101
&& dump.0.1.metis.Schenk_IBMSDS.matrix_9-959.tree.nf 31986717.862667 12628488
&& dump.0.1.metis.Schmid.thermal1-1402.tree.nf 32542.193333 2206976
&& dump.0.1.metis.Shyy.shyy161-809.tree.nf 57437.241333 1221611
&& dump.0.1.metis.Wang.wang4-833.tree.nf 925189.228000 565186
&& dump.0.1.metis.Watson.Baumann-1855.tree.nf 3272358.380667 12218205
&& dump.1.1.amd.QY.case39-2136.tree.nf 134438.893333 75547
&& dump.1.1.metis.CPM.cz40948-2567.tree.nf 763.014667 46767
&& dump.1.1.metis.IPSO.HTC_336_4438-2534.tree.nf 6784.776000 4494399
&& dump.1.2.amd.QY.case39-2136.tree.nf 135330.644667 39207
&& dump.1.3.amd.QY.case39-2136.tree.nf 138716.591333 21119
&& dump.1.3.metis.Schenk_IBMNA.c-big-1579.tree.nf 41114477.398000 401438
&& dump.1.4.metis.Schenk_IBMNA.c-big-1579.tree.nf 41342717.911334 243235
&& dump.0.1.metis.Mancktelow.viscorocks-1879.tree.nf 49872.569333 545631
&& dump.0.1.metis.Mancktelow.viscorocks-1879.tree.nf 49872.569333 608981
!! 36proc-1-3.json
./real_Trees/trees/
&& dump.0.1.amd.Dehghani.light_in_tissue-1873.tree.nf 72513.208667 200588
&& dump.1.3.metis.IPSO.HTC_336_4438-2534.tree.nf 7522.370000 4206178
&& dump.1.4.metis.IPSO.HTC_336_4438-2534.tree.nf 15441.762000 4476066
&& dump.0.1.amd.Bova.rma10-374.tree.nf 353451.618667 920139
&& dump.0.1.amd.IPSO.HTC_336_4438-2534.tree.nf 21477.953333 14625247
&& dump.0.1.amd.MaxPlanck.shallow_water1-2261.tree.nf 256363.909333 624486
&& dump.0.1.amd.QY.case39-2136.tree.nf 97387.253333 380094
&& dump.0.1.amd.TSOPF.TSOPF_RS_b300_c3-2239.tree.nf 970445.930000 1505157
&& dump.0.1.metis.Boeing.ct20stif-356.tree.nf 1349979.602000 1377294
&& dump.0.1.metis.Bova.rma10-374.tree.nf 106047.928667 541840
&& dump.0.1.metis.CPM.cz40948-2567.tree.nf 762.544000 93641
&& dump.0.1.metis.DNVS.shipsec5-1280.tree.nf 17655794.032000 27356702
&& dump.0.1.metis.FEMLAB.sme3Dc-932.tree.nf 1398463.820000 1217074
&& dump.0.1.metis.Goodwin.rim-447.tree.nf 15676.748000 218734
&& dump.0.1.metis.HVDC.hvdc2-1875.tree.nf 6198.684667 1188458
&& dump.0.1.metis.Schenk_IBMSDS.matrix_9-959.tree.nf 31986717.862667 12322724
&& dump.0.1.metis.Schmid.thermal1-1402.tree.nf 32542.193333 1912064
&& dump.0.1.metis.Shyy.shyy161-809.tree.nf 57437.241333 1222058
&& dump.0.1.metis.Wang.wang4-833.tree.nf 925189.228000 554281
&& dump.0.1.metis.Watson.Baumann-1855.tree.nf 3272358.380667 10995615
&& dump.1.1.amd.QY.case39-2136.tree.nf 134438.893333 64442
&& dump.1.1.metis.CPM.cz40948-2567.tree.nf 763.014667 44469
&& dump.1.1.metis.IPSO.HTC_336_4438-2534.tree.nf 6784.776000 4429850
&& dump.1.2.amd.QY.case39-2136.tree.nf 135330.644667 37907
&& dump.1.3.amd.QY.case39-2136.tree.nf 138716.591333 19486
&& dump.1.3.metis.Schenk_IBMNA.c-big-1579.tree.nf 41114477.398000 383466
&& dump.1.4.metis.Schenk_IBMNA.c-big-1579.tree.nf 41342717.911334 229554
&& dump.0.1.metis.Mancktelow.viscorocks-1879.tree.nf 49872.569333 525843
&& dump.0.1.metis.Mancktelow.viscorocks-1879.tree.nf 49872.569333 523555
normal random
!! 36proc_0,5-1-1,5-3.json
./real_Trees/random_trees/old_trees/
&& size_10000/random_tree_1 734.553660 155563
&& size_10000/random_tree_2 1121.104845 121960
&& size_10000/random_tree_3 843.869137 85730
&& size_10000/random_tree_4 619.245370 161761
&& size_10000/random_tree_5 1071.537504 130014
&& size_2000/random_tree_1 258.950223 5289
&& size_2000/random_tree_2 459.939008 3520
&& size_2000/random_tree_3 198.931335 8031
&& size_2000/random_tree_4 189.764836 6565
&& size_2000/random_tree_5 188.140906 12889
&& size_20000/random_tree_1 1605.716285 938926
&& size_20000/random_tree_2 1594.609909 440952
&& size_20000/random_tree_3 1469.865971 241166
&& size_20000/random_tree_4 1545.713494 291246
&& size_20000/random_tree_5 1588.011776 362955
&& size_30000/random_tree_1 1996.327865 1431500
&& size_30000/random_tree_2 2573.902174 1067867
&& size_30000/random_tree_3 2456.325719 1853236
&& size_30000/random_tree_4 2586.016136 532522
&& size_30000/random_tree_5 2449.380287 272303
&& size_4000/random_tree_1 277.328984 15642
&& size_4000/random_tree_2 921.660448 17290
&& size_4000/random_tree_3 976.920127 14958
&& size_4000/random_tree_4 473.633716 23035
&& size_4000/random_tree_5 409.236876 21278
&& size_50000/random_tree_1 4333.330397 2170749
&& size_50000/random_tree_2 3563.460562 2320516
&& size_50000/random_tree_3 3426.026922 1767402
&& size_50000/random_tree_4 5033.315887 1797386
&& size_50000/random_tree_5 2708.915569 1477607
&& size_50000/random_tree_5 2708.915569 1479185
!! 36proc-1-3.json
./real_Trees/random_trees/old_trees/
&& size_10000/random_tree_1 734.553660 155335
&& size_10000/random_tree_2 1121.104845 121316
&& size_10000/random_tree_3 843.869137 84887
&& size_10000/random_tree_4 619.245370 161860
&& size_10000/random_tree_5 1071.537504 129412
&& size_2000/random_tree_1 258.950223 5314
&& size_2000/random_tree_2 459.939008 3534
&& size_2000/random_tree_3 198.931335 8056
&& size_2000/random_tree_4 189.764836 6603
&& size_2000/random_tree_5 188.140906 12960
&& size_20000/random_tree_1 1605.716285 941045
&& size_20000/random_tree_2 1594.609909 440223
&& size_20000/random_tree_3 1469.865971 240128
&& size_20000/random_tree_4 1545.713494 292277
&& size_20000/random_tree_5 1588.011776 372215
&& size_30000/random_tree_1 1996.327865 1433014
&& size_30000/random_tree_2 2573.902174 1068088
&& size_30000/random_tree_3 2456.325719 1855580
&& size_30000/random_tree_4 2586.016136 535442
&& size_30000/random_tree_5 2449.380287 263767
&& size_4000/random_tree_1 277.328984 14998
&& size_4000/random_tree_2 921.660448 16820
&& size_4000/random_tree_3 976.920127 14319
&& size_4000/random_tree_4 473.633716 23097
&& size_4000/random_tree_5 409.236876 21492
&& size_50000/random_tree_1 4333.330397 2175982
&& size_50000/random_tree_2 3563.460562 2315856
&& size_50000/random_tree_3 3426.026922 1775168
&& size_50000/random_tree_4 5033.315887 1801714
&& size_50000/random_tree_5 2708.915569 1488813
&& size_50000/random_tree_5 2708.915569 1495330
/work/kulagins/scheduler-homp2
/work/kulagins/scheduler-homp2/real_Trees/random_trees
!! /work/kulagins/scheduler-homp2/real_Trees/random_trees/10_children
!! 36proc_0,5-1-1,5-3.json
/work/kulagins/scheduler-homp2/real_Trees/random_trees/10_children
&& size_10000/random_tree_1 832.512985 22351
&& size_10000/random_tree_2 3163.474802 16170
&& size_10000/random_tree_3 932.864472 27014
&& size_10000/random_tree_4 1202.173370 25007
&& size_10000/random_tree_5 4751.774607 14011
&& size_2000/random_tree_1 584.259103 1742
&& size_2000/random_tree_2 670.731592 1764
&& size_2000/random_tree_3 405.894351 2258
&& size_2000/random_tree_4 345.768822 1803
&& size_2000/random_tree_5 478.669327 1907
&& size_20000/random_tree_1 1645.589490 76089
&& size_20000/random_tree_2 1963.687883 152246
&& size_20000/random_tree_3 1564.516868 60395
&& size_20000/random_tree_4 1972.627503 197757
&& size_20000/random_tree_5 1527.430256 132285
&& size_30000/random_tree_1 2635.378212 122315
&& size_30000/random_tree_2 2222.010887 240321
&& size_30000/random_tree_3 3159.648282 230610
&& size_30000/random_tree_4 8253.073946 144052
&& size_30000/random_tree_5 2309.465576 124394
&& size_4000/random_tree_1 1257.403674 3892
&& size_4000/random_tree_2 372.704079 5566
&& size_4000/random_tree_3 742.461046 4898
&& size_4000/random_tree_4 1362.619160 4047
&& size_4000/random_tree_5 461.734034 8958
&& size_50000/random_tree_1 4755.461468 473839
&& size_50000/random_tree_2 7583.615886 305590
&& size_50000/random_tree_3 3350.759788 366497
&& size_50000/random_tree_4 4681.919341 222059
&& size_50000/random_tree_5 4260.496985 235999
&& size_50000/random_tree_5 4260.496985 240140
!! /work/kulagins/scheduler-homp2/real_Trees/random_trees/all_large
!! 36proc_0,5-1-1,5-3.json
/work/kulagins/scheduler-homp2/real_Trees/random_trees/all_large
&& size_10000/random_tree_1 80456.815622 91195
&& size_10000/random_tree_2 75104.984146 69596
&& size_10000/random_tree_3 83577.337111 39715
&& size_10000/random_tree_4 66041.553644 67739
&& size_10000/random_tree_5 106965.738215 88318
&& size_2000/random_tree_1 26083.886812 4523
&& size_2000/random_tree_2 27646.287583 5037
&& size_2000/random_tree_3 23572.915591 4825
&& size_2000/random_tree_4 27229.567899 7801
&& size_2000/random_tree_5 20396.646394 8991
&& size_20000/random_tree_1 169863.476082 407630
&& size_20000/random_tree_2 177552.760409 372323
&& size_20000/random_tree_3 163251.656049 307339
&& size_20000/random_tree_4 133927.994576 818936
&& size_20000/random_tree_5 292982.942137 212664
&& size_30000/random_tree_1 234322.476969 1058007
&& size_30000/random_tree_2 241958.078938 269119
&& size_30000/random_tree_3 257064.914369 341978
&& size_30000/random_tree_4 289406.655291 1528636
&& size_30000/random_tree_5 234198.186030 651215
&& size_4000/random_tree_1 40483.506433 53416
&& size_4000/random_tree_2 33655.134238 78106
&& size_4000/random_tree_3 34704.054041 17963
&& size_4000/random_tree_4 93425.633008 13746
&& size_4000/random_tree_5 32648.124716 39950
&& size_50000/random_tree_1 495756.485262 947387
&& size_50000/random_tree_2 436258.302437 1367318
&& size_50000/random_tree_3 399910.637108 1361733
&& size_50000/random_tree_4 350933.226703 3053926
&& size_50000/random_tree_5 514262.285480 4622895
&& size_50000/random_tree_5 514262.285480 4623696
!! /work/kulagins/scheduler-homp2/real_Trees/random_trees/large_makespan_weights
!! 36proc_0,5-1-1,5-3.json
/work/kulagins/scheduler-homp2/real_Trees/random_trees/large_makespan_weights
&& size_10000/random_tree_1 4275.965519 117149
&& size_10000/random_tree_2 4377.611962 203205
&& size_10000/random_tree_3 1859.477792 61325
&& size_10000/random_tree_4 5112.985599 69174
&& size_10000/random_tree_5 2212.784308 353383
&& size_2000/random_tree_1 1495.306093 4525
&& size_2000/random_tree_2 1909.656552 4779
&& size_2000/random_tree_3 1449.286201 8859
&& size_2000/random_tree_4 1574.826958 7016
&& size_2000/random_tree_5 1774.584342 6472
&& size_20000/random_tree_1 2828.007840 656454
&& size_20000/random_tree_2 5905.609763 474812
&& size_20000/random_tree_3 3792.687592 397019
&& size_20000/random_tree_4 2860.947900 537144
&& size_20000/random_tree_5 3700.551191 145238
&& size_30000/random_tree_1 7588.904132 2104231
&& size_30000/random_tree_2 5753.705983 1614934
&& size_30000/random_tree_3 6285.447870 1541082
&& size_30000/random_tree_4 5215.101675 408151
&& size_30000/random_tree_5 4449.738535 2173787
&& size_4000/random_tree_1 2365.184090 19854
&& size_4000/random_tree_2 2340.399357 20904
&& size_4000/random_tree_3 2504.075864 21592
&& size_4000/random_tree_4 2379.645578 25691
&& size_4000/random_tree_5 2605.815193 16568
&& size_50000/random_tree_1 4768.970033 3544609
&& size_50000/random_tree_2 5446.103253 3537824
&& size_50000/random_tree_3 9572.912698 1033592
&& size_50000/random_tree_4 4807.132680 3893169
&& size_50000/random_tree_5 7165.256745 618624
&& size_50000/random_tree_5 7165.256745 625258
!! /work/kulagins/scheduler-homp2/real_Trees/random_trees/20_children
!! 36proc_0,5-1-1,5-3.json
/work/kulagins/scheduler-homp2/real_Trees/random_trees/20_children
&& size_10000/random_tree_1 2309.481187 13839
&& size_10000/random_tree_2 1491.727123 15251
&& size_10000/random_tree_3 1106.679389 12919
&& size_10000/random_tree_4 1711.828095 14577
&& size_10000/random_tree_5 1648.250790 19532
&& size_2000/random_tree_1 252.111182 1544
&& size_2000/random_tree_2 528.111061 1943
&& size_2000/random_tree_3 530.881805 1860
&& size_2000/random_tree_4 569.213774 1925
&& size_2000/random_tree_5 253.661229 2810
&& size_20000/random_tree_1 1675.950012 117775
&& size_20000/random_tree_2 1666.870020 108468
&& size_20000/random_tree_3 2969.169363 48974
&& size_20000/random_tree_4 1639.603063 265162
&& size_20000/random_tree_5 1702.656182 81014
&& size_30000/random_tree_1 3652.952390 201315
&& size_30000/random_tree_2 9257.950757 65998
&& size_30000/random_tree_3 3226.927303 56225
&& size_30000/random_tree_4 9356.692777 73337
&& size_30000/random_tree_5 3847.317452 193884
&& size_4000/random_tree_1 1125.996532 3806
&& size_4000/random_tree_2 1422.473740 4121
&& size_4000/random_tree_3 977.552977 4285
&& size_4000/random_tree_4 434.345766 3841
&& size_4000/random_tree_5 656.475639 3775
&& size_50000/random_tree_1 4016.637066 243401
&& size_50000/random_tree_2 4490.805460 282912
&& size_50000/random_tree_3 3756.609435 870431
&& size_50000/random_tree_4 4965.647704 230689
&& size_50000/random_tree_5 6945.961598 228754
&& size_50000/random_tree_5 6945.961598 230847
!! /work/kulagins/scheduler-homp2/real_Trees/random_trees/all_small
!! 36proc_0,5-1-1,5-3.json
/work/kulagins/scheduler-homp2/real_Trees/random_trees/all_small
&& size_10000/random_tree_1 185.635849 52671
&& size_10000/random_tree_2 59.987172 84683
&& size_10000/random_tree_3 72.082036 92700
&& size_10000/random_tree_4 97.985759 85560
&& size_10000/random_tree_5 72.422588 54410
&& size_2000/random_tree_1 21.284849 8347
&& size_2000/random_tree_2 24.303536 5780
&& size_2000/random_tree_3 19.271564 6545
&& size_2000/random_tree_4 16.182306 7753
&& size_2000/random_tree_5 34.482849 4522
&& size_20000/random_tree_1 165.119334 271937
&& size_20000/random_tree_2 132.186138 197940
&& size_20000/random_tree_3 176.920500 220742
&& size_20000/random_tree_4 154.209802 183230
&& size_20000/random_tree_5 166.029096 292851
&& size_30000/random_tree_1 276.278692 320141
&& size_30000/random_tree_2 222.290736 308704
&& size_30000/random_tree_3 175.817383 596390
&& size_30000/random_tree_4 209.081879 265163
&& size_30000/random_tree_5 214.683289 573955
&& size_4000/random_tree_1 65.187245 11489
&& size_4000/random_tree_2 27.064124 24336
&& size_4000/random_tree_3 35.042690 18270
&& size_4000/random_tree_4 26.763660 13877
&& size_4000/random_tree_5 33.318214 16380
&& size_50000/random_tree_1 368.627455 1100693
&& size_50000/random_tree_2 421.228402 1007963
&& size_50000/random_tree_3 442.402631 677094
&& size_50000/random_tree_4 497.474235 651396
&& size_50000/random_tree_5 407.707643 867609
&& size_50000/random_tree_5 407.707643 862179
!! /work/kulagins/scheduler-homp2/real_Trees/random_trees/large_node_weights
!! 36proc_0,5-1-1,5-3.json
/work/kulagins/scheduler-homp2/real_Trees/random_trees/large_node_weights
&& size_10000/random_tree_1 1821.499447 43898
&& size_10000/random_tree_2 784.424503 155048
&& size_10000/random_tree_3 677.906056 97699
&& size_10000/random_tree_4 648.833884 124335
&& size_10000/random_tree_5 949.196532 77959
&& size_2000/random_tree_1 209.015247 7632
&& size_2000/random_tree_2 321.752749 5468
&& size_2000/random_tree_3 340.574048 5109
&& size_2000/random_tree_4 696.142482 4209
&& size_2000/random_tree_5 137.210467 9022
&& size_20000/random_tree_1 2242.277767 544363
&& size_20000/random_tree_2 1637.330710 1059860
&& size_20000/random_tree_3 2273.475105 214132
&& size_20000/random_tree_4 1975.785904 427814
&& size_20000/random_tree_5 1576.836751 432390
&& size_30000/random_tree_1 1886.592455 780266
&& size_30000/random_tree_2 2030.421978 894575
&& size_30000/random_tree_3 2014.423369 769779
&& size_30000/random_tree_4 2869.662821 310318
&& size_30000/random_tree_5 2173.478684 695981
&& size_4000/random_tree_1 362.819058 18499
&& size_4000/random_tree_2 320.987182 27673
&& size_4000/random_tree_3 359.884158 20580
&& size_4000/random_tree_4 515.292028 17694
&& size_4000/random_tree_5 387.152856 13201
&& size_50000/random_tree_1 4304.496807 1056983
&& size_50000/random_tree_2 3387.955892 1756563
&& size_50000/random_tree_3 3866.266658 2009809
&& size_50000/random_tree_4 3459.813905 7002176
&& size_50000/random_tree_5 7767.469872 1482556
&& size_50000/random_tree_5 7767.469872 1482068
!! /work/kulagins/scheduler-homp2/real_Trees/random_trees/3_children
!! 36proc_0,5-1-1,5-3.json
/work/kulagins/scheduler-homp2/real_Trees/random_trees/3_children
&& size_10000/random_tree_1 1132.330582 80460
&& size_10000/random_tree_2 981.327973 56876
&& size_10000/random_tree_3 733.020476 54710
&& size_10000/random_tree_4 774.716801 39269
&& size_10000/random_tree_5 875.520628 86975
&& size_2000/random_tree_1 399.769419 4419
&& size_2000/random_tree_2 212.648653 4807
&& size_2000/random_tree_3 195.792914 11672
&& size_2000/random_tree_4 200.574231 4899
&& size_2000/random_tree_5 562.882483 2950
&& size_20000/random_tree_1 1808.154118 334208
&& size_20000/random_tree_2 1846.857697 506726
&& size_20000/random_tree_3 1536.089462 201774
&& size_20000/random_tree_4 1348.072607 133523
&& size_20000/random_tree_5 1116.661301 631513
&& size_30000/random_tree_1 2077.568865 364176
&& size_30000/random_tree_2 3740.634435 315552
&& size_30000/random_tree_3 2013.542652 220660
&& size_30000/random_tree_4 2718.044767 387753
&& size_30000/random_tree_5 3333.849141 130724
&& size_4000/random_tree_1 491.313705 7638
&& size_4000/random_tree_2 271.005163 10005
&& size_4000/random_tree_3 353.112455 32861
&& size_4000/random_tree_4 686.105638 7647
&& size_4000/random_tree_5 449.548261 17052
&& size_50000/random_tree_1 3025.628613 1700005
&& size_50000/random_tree_2 3450.245828 1240264
&& size_50000/random_tree_3 3157.083843 476945
&& size_50000/random_tree_4 3759.513955 431075
&& size_50000/random_tree_5 4769.077246 1438152
&& size_50000/random_tree_5 4769.077246 1434505
!! /work/kulagins/scheduler-homp2/real_Trees/random_trees/large_edge_weights
!! 36proc_0,5-1-1,5-3.json
/work/kulagins/scheduler-homp2/real_Trees/random_trees/large_edge_weights
&& size_10000/random_tree_1 70315.765644 129728
&& size_10000/random_tree_2 57892.378304 66446
&& size_10000/random_tree_3 91382.534019 60205
&& size_10000/random_tree_4 73519.996295 75359
&& size_10000/random_tree_5 67441.045285 144226
&& size_2000/random_tree_1 43473.695623 3825
&& size_2000/random_tree_2 26611.652487 4135
&& size_2000/random_tree_3 21119.579171 6565
&& size_2000/random_tree_4 17012.422075 10358
&& size_2000/random_tree_5 23010.617031 10590
&& size_20000/random_tree_1 154604.279066 661526
&& size_20000/random_tree_2 160573.940242 252897
&& size_20000/random_tree_3 119781.084302 436792
&& size_20000/random_tree_4 121324.003691 163954
&& size_20000/random_tree_5 165950.738840 511459
&& size_30000/random_tree_1 250874.759477 608940
&& size_30000/random_tree_2 275988.011177 642123
&& size_30000/random_tree_3 241312.715729 995709
&& size_30000/random_tree_4 410096.298243 431775
&& size_30000/random_tree_5 239530.616959 709192
&& size_4000/random_tree_1 36820.655274 35988
&& size_4000/random_tree_2 45685.291202 62206
&& size_4000/random_tree_3 64964.045873 10852
&& size_4000/random_tree_4 140831.161266 10969
&& size_4000/random_tree_5 30680.873284 24670
&& size_50000/random_tree_1 392987.572658 716061
&& size_50000/random_tree_2 525026.016561 1698153
&& size_50000/random_tree_3 1293785.560118 1229015
&& size_50000/random_tree_4 331918.105251 3993707
&& size_50000/random_tree_5 344868.802834 3595841
&& size_50000/random_tree_5 344868.802834 3607552
!! /work/kulagins/scheduler-homp2/real_Trees/random_trees/10_children
!! 36proc-1-3.json
/work/kulagins/scheduler-homp2/real_Trees/random_trees/10_children
&& size_10000/random_tree_1 832.512985 22096
&& size_10000/random_tree_2 2553.650219 13251
&& size_10000/random_tree_3 932.864472 26856
&& size_10000/random_tree_4 1202.173370 24848
&& size_10000/random_tree_5 3952.595813 10978
&& size_2000/random_tree_1 533.845132 1749
&& size_2000/random_tree_2 564.094251 1725
&& size_2000/random_tree_3 405.894351 2249
&& size_2000/random_tree_4 345.768822 1786
&& size_2000/random_tree_5 478.669327 1892
&& size_20000/random_tree_1 1645.589490 76210
&& size_20000/random_tree_2 1963.687883 151931
&& size_20000/random_tree_3 1564.516868 60159
&& size_20000/random_tree_4 1972.627503 198402
&& size_20000/random_tree_5 1527.430256 132322
&& size_30000/random_tree_1 2635.378212 123164
&& size_30000/random_tree_2 2222.010887 238323
&& size_30000/random_tree_3 3159.648282 229061
&& size_30000/random_tree_4 8265.231515 137066
&& size_30000/random_tree_5 2309.465576 124884
&& size_4000/random_tree_1 977.184548 3943
&& size_4000/random_tree_2 372.704079 5533
&& size_4000/random_tree_3 742.461046 4898
&& size_4000/random_tree_4 1092.423968 3900
&& size_4000/random_tree_5 461.734034 8952
&& size_50000/random_tree_1 4755.461468 478235
&& size_50000/random_tree_2 6902.902119 304937
&& size_50000/random_tree_3 3350.759788 364654
&& size_50000/random_tree_4 4681.919341 221196
&& size_50000/random_tree_5 4260.496985 234076
&& size_50000/random_tree_5 4260.496985 236323
!! /work/kulagins/scheduler-homp2/real_Trees/random_trees/all_large
!! 36proc-1-3.json
/work/kulagins/scheduler-homp2/real_Trees/random_trees/all_large
&& size_10000/random_tree_1 80456.815622 90099
&& size_10000/random_tree_2 75104.984146 67912
&& size_10000/random_tree_3 83577.337111 40425
&& size_10000/random_tree_4 66041.553644 68817
&& size_10000/random_tree_5 106965.738215 88684
&& size_2000/random_tree_1 26083.886812 4560
&& size_2000/random_tree_2 27646.287583 5047
&& size_2000/random_tree_3 23572.915591 4835
&& size_2000/random_tree_4 27229.567899 7783
&& size_2000/random_tree_5 20396.646394 9006
&& size_20000/random_tree_1 169863.476082 406116
&& size_20000/random_tree_2 177552.760409 375009
&& size_20000/random_tree_3 163251.656049 307199
&& size_20000/random_tree_4 133927.994576 814985
&& size_20000/random_tree_5 292982.942137 212379
&& size_30000/random_tree_1 234322.476969 1052184
&& size_30000/random_tree_2 241958.078938 253293
&& size_30000/random_tree_3 257064.914369 340554
&& size_30000/random_tree_4 289406.655291 1528692
&& size_30000/random_tree_5 234198.186030 643242
&& size_4000/random_tree_1 40483.506433 53873
&& size_4000/random_tree_2 33655.134238 78566
&& size_4000/random_tree_3 34704.054041 17738
&& size_4000/random_tree_4 93425.633008 13505
&& size_4000/random_tree_5 32648.124716 39395
&& size_50000/random_tree_1 495756.485262 942981
&& size_50000/random_tree_2 436258.302437 1340554
&& size_50000/random_tree_3 399910.637108 1312959
&& size_50000/random_tree_4 350933.226703 3070477
&& size_50000/random_tree_5 514262.285480 4640212
&& size_50000/random_tree_5 514262.285480 4622581
!! /work/kulagins/scheduler-homp2/real_Trees/random_trees/large_makespan_weights
!! 36proc-1-3.json
/work/kulagins/scheduler-homp2/real_Trees/random_trees/large_makespan_weights
&& size_10000/random_tree_1 4275.965519 118162
&& size_10000/random_tree_2 4377.611962 203475
&& size_10000/random_tree_3 1859.477792 61299
&& size_10000/random_tree_4 5112.985599 69116
&& size_10000/random_tree_5 2212.784308 353556
&& size_2000/random_tree_1 1495.306093 4499
&& size_2000/random_tree_2 1909.656552 4782
&& size_2000/random_tree_3 1449.286201 8938
&& size_2000/random_tree_4 1574.826958 7076
&& size_2000/random_tree_5 1774.584342 6508
&& size_20000/random_tree_1 2828.007840 658291
&& size_20000/random_tree_2 5905.609763 475583
&& size_20000/random_tree_3 3792.687592 395506
&& size_20000/random_tree_4 2860.947900 536520
&& size_20000/random_tree_5 3700.551191 141670
&& size_30000/random_tree_1 7588.904132 2107780
&& size_30000/random_tree_2 5753.705983 1619828
&& size_30000/random_tree_3 6285.447870 1539431
&& size_30000/random_tree_4 5215.101675 406871
&& size_30000/random_tree_5 4449.738535 2174724
&& size_4000/random_tree_1 2365.184090 20135
&& size_4000/random_tree_2 2340.399357 21213
&& size_4000/random_tree_3 2504.075864 22048
&& size_4000/random_tree_4 2379.645578 26210
&& size_4000/random_tree_5 2605.815193 17148
&& size_50000/random_tree_1 4768.970033 3520311
&& size_50000/random_tree_2 5446.103253 3519904
&& size_50000/random_tree_3 9572.912698 1052187
&& size_50000/random_tree_4 4807.132680 3898649
&& size_50000/random_tree_5 7165.256745 619975
&& size_50000/random_tree_5 7165.256745 636249
!! /work/kulagins/scheduler-homp2/real_Trees/random_trees/20_children
!! 36proc-1-3.json
/work/kulagins/scheduler-homp2/real_Trees/random_trees/20_children
&& size_10000/random_tree_1 1896.388981 13760
&& size_10000/random_tree_2 1491.727123 15405
&& size_10000/random_tree_3 1106.679389 13056
&& size_10000/random_tree_4 1711.828095 14564
&& size_10000/random_tree_5 1648.250790 19529
&& size_2000/random_tree_1 208.707589 1594
&& size_2000/random_tree_2 434.362873 1523
&& size_2000/random_tree_3 409.240380 1555
&& size_2000/random_tree_4 450.549803 1600
&& size_2000/random_tree_5 253.661229 2805
&& size_20000/random_tree_1 1675.950012 118173
&& size_20000/random_tree_2 1666.870020 108900
&& size_20000/random_tree_3 2969.169363 48846
&& size_20000/random_tree_4 1639.603063 266909
&& size_20000/random_tree_5 1702.656182 82115
&& size_30000/random_tree_1 3652.952390 201891
&& size_30000/random_tree_2 7726.845405 64513
&& size_30000/random_tree_3 3226.927303 57147
&& size_30000/random_tree_4 7582.780391 75830
&& size_30000/random_tree_5 3847.317452 194248
&& size_4000/random_tree_1 976.776980 3729
&& size_4000/random_tree_2 1351.755708 3445
&& size_4000/random_tree_3 993.236332 3125
&& size_4000/random_tree_4 434.345766 3789
&& size_4000/random_tree_5 590.441375 3869
&& size_50000/random_tree_1 4016.637066 244299
&& size_50000/random_tree_2 4490.805460 289277
&& size_50000/random_tree_3 3756.609435 878423
&& size_50000/random_tree_4 4965.647704 227460
&& size_50000/random_tree_5 6945.961598 236856
&& size_50000/random_tree_5 6945.961598 236628
!! /work/kulagins/scheduler-homp2/real_Trees/random_trees/all_small
!! 36proc-1-3.json
/work/kulagins/scheduler-homp2/real_Trees/random_trees/all_small
&& size_10000/random_tree_1 185.635849 53304
&& size_10000/random_tree_2 59.987172 84632
&& size_10000/random_tree_3 72.082036 93488
&& size_10000/random_tree_4 97.985759 86473
&& size_10000/random_tree_5 72.422588 55679
&& size_2000/random_tree_1 21.284849 8317
&& size_2000/random_tree_2 24.303536 5753
&& size_2000/random_tree_3 19.271564 6568
&& size_2000/random_tree_4 16.182306 7761
&& size_2000/random_tree_5 34.482849 4564
&& size_20000/random_tree_1 165.119334 268471
&& size_20000/random_tree_2 132.186138 197076
&& size_20000/random_tree_3 176.920500 221126
&& size_20000/random_tree_4 154.209802 182540
&& size_20000/random_tree_5 166.029096 292556
&& size_30000/random_tree_1 276.278692 320962
&& size_30000/random_tree_2 222.290736 314945
&& size_30000/random_tree_3 175.817383 598341
&& size_30000/random_tree_4 209.081879 264764
&& size_30000/random_tree_5 214.683289 574472
&& size_4000/random_tree_1 65.187245 11489
&& size_4000/random_tree_2 27.064124 24277
&& size_4000/random_tree_3 35.042690 18397
&& size_4000/random_tree_4 26.763660 13817
&& size_4000/random_tree_5 33.318214 16631
&& size_50000/random_tree_1 368.627455 1150171
&& size_50000/random_tree_2 421.228402 1071243
&& size_50000/random_tree_3 442.402631 633365
&& size_50000/random_tree_4 497.474235 627411
&& size_50000/random_tree_5 407.707643 894114
&& size_50000/random_tree_5 407.707643 853324
!! /work/kulagins/scheduler-homp2/real_Trees/random_trees/large_node_weights
!! 36proc-1-3.json
/work/kulagins/scheduler-homp2/real_Trees/random_trees/large_node_weights
&& size_10000/random_tree_1 1821.499447 44756
&& size_10000/random_tree_2 784.424503 156749
&& size_10000/random_tree_3 677.906056 96748
&& size_10000/random_tree_4 648.833884 125577
&& size_10000/random_tree_5 949.196532 78375
&& size_2000/random_tree_1 209.015247 7691
&& size_2000/random_tree_2 321.752749 5492
&& size_2000/random_tree_3 340.574048 5136
&& size_2000/random_tree_4 632.305713 4419
&& size_2000/random_tree_5 137.210467 9029
&& size_20000/random_tree_1 2242.277767 535474
&& size_20000/random_tree_2 1637.330710 1056045
&& size_20000/random_tree_3 2273.475105 213582
&& size_20000/random_tree_4 1975.785904 427784
&& size_20000/random_tree_5 1576.836751 434955
&& size_30000/random_tree_1 1886.592455 779391
&& size_30000/random_tree_2 2030.421978 895546
&& size_30000/random_tree_3 2014.423369 765949
&& size_30000/random_tree_4 2869.662821 311311
&& size_30000/random_tree_5 2173.478684 693185
&& size_4000/random_tree_1 362.819058 19071
&& size_4000/random_tree_2 320.987182 28304
&& size_4000/random_tree_3 359.884158 21417
&& size_4000/random_tree_4 515.292028 18291
&& size_4000/random_tree_5 387.152856 13792
&& size_50000/random_tree_1 4304.496807 1065249
&& size_50000/random_tree_2 3387.955892 1785272
&& size_50000/random_tree_3 3866.266658 2018833
&& size_50000/random_tree_4 3459.813905 6987970
&& size_50000/random_tree_5 7767.469872 1474907
&& size_50000/random_tree_5 7767.469872 1474386
!! /work/kulagins/scheduler-homp2/real_Trees/random_trees/3_children
!! 36proc-1-3.json
/work/kulagins/scheduler-homp2/real_Trees/random_trees/3_children
&& size_10000/random_tree_1 1132.330582 81146
&& size_10000/random_tree_2 981.327973 57017
&& size_10000/random_tree_3 733.020476 54893
&& size_10000/random_tree_4 774.716801 39563
&& size_10000/random_tree_5 875.520628 87551
&& size_2000/random_tree_1 399.769419 4405
&& size_2000/random_tree_2 212.648653 4828
&& size_2000/random_tree_3 195.792914 11655
&& size_2000/random_tree_4 200.574231 4920
&& size_2000/random_tree_5 562.882483 2968
&& size_20000/random_tree_1 1808.154118 333606
&& size_20000/random_tree_2 1846.857697 506389
&& size_20000/random_tree_3 1536.089462 201630
&& size_20000/random_tree_4 1348.072607 135286
&& size_20000/random_tree_5 1116.661301 633577
&& size_30000/random_tree_1 2077.568865 365775
&& size_30000/random_tree_2 3740.634435 316495
&& size_30000/random_tree_3 2013.542652 218426
&& size_30000/random_tree_4 2718.044767 389751
&& size_30000/random_tree_5 3333.849141 131563
&& size_4000/random_tree_1 491.313705 7649
&& size_4000/random_tree_2 271.005163 10286
&& size_4000/random_tree_3 353.112455 33040
&& size_4000/random_tree_4 686.105638 7807
&& size_4000/random_tree_5 449.548261 17291
&& size_50000/random_tree_1 3025.628613 1707075
&& size_50000/random_tree_2 3450.245828 1242588
&& size_50000/random_tree_3 3157.083843 478478
&& size_50000/random_tree_4 3759.513955 415403
&& size_50000/random_tree_5 4769.077246 1432650
&& size_50000/random_tree_5 4769.077246 1432203
!! /work/kulagins/scheduler-homp2/real_Trees/random_trees/large_edge_weights
!! 36proc-1-3.json
/work/kulagins/scheduler-homp2/real_Trees/random_trees/large_edge_weights
&& size_10000/random_tree_1 70315.765644 129975
&& size_10000/random_tree_2 57892.378304 66104
&& size_10000/random_tree_3 91382.534019 59883
&& size_10000/random_tree_4 73519.996295 76083
&& size_10000/random_tree_5 67441.045285 143029
&& size_2000/random_tree_1 43473.695623 3802
&& size_2000/random_tree_2 26611.652487 4191
&& size_2000/random_tree_3 21119.579171 6575
&& size_2000/random_tree_4 17012.422075 10396
&& size_2000/random_tree_5 23010.617031 10724
&& size_20000/random_tree_1 154604.279066 663175
&& size_20000/random_tree_2 160573.940242 252030
&& size_20000/random_tree_3 119781.084302 436544
&& size_20000/random_tree_4 121324.003691 161706
&& size_20000/random_tree_5 165950.738840 509490
&& size_30000/random_tree_1 250874.759477 603662
&& size_30000/random_tree_2 275988.011177 635096
&& size_30000/random_tree_3 241312.715729 996911
&& size_30000/random_tree_4 410096.298243 430058
&& size_30000/random_tree_5 239530.616959 712719
&& size_4000/random_tree_1 36820.655274 36137
&& size_4000/random_tree_2 45685.291202 62048
&& size_4000/random_tree_3 64964.045873 10885
&& size_4000/random_tree_4 140831.161266 11186
&& size_4000/random_tree_5 30680.873284 25492
&& size_50000/random_tree_1 392987.572658 706926
&& size_50000/random_tree_2 525026.016561 1719386
&& size_50000/random_tree_3 1293785.560118 1226403
&& size_50000/random_tree_4 331918.105251 3996769
&& size_50000/random_tree_5 344868.802834 3597788
&& size_50000/random_tree_5 344868.802834 3594272
