single tree
RS-36-asap.sh
asap only hetp
matrix
/work/kulagins/scheduler-homp2
!! 36proc_0,5-1-1,5-3.json
./real_Trees/trees/
&& dump.0.1.amd.Dehghani.light_in_tissue-1873.tree.nf 72513.208667 201149
&& dump.1.3.metis.IPSO.HTC_336_4438-2534.tree.nf 7522.370000 4224403
&& dump.1.4.metis.IPSO.HTC_336_4438-2534.tree.nf 15441.762000 4525706
&& dump.0.1.amd.Bova.rma10-374.tree.nf 353451.618667 998873
&& dump.0.1.amd.IPSO.HTC_336_4438-2534.tree.nf 21477.953333 14877485
&& dump.0.1.amd.MaxPlanck.shallow_water1-2261.tree.nf 256363.909333 593024
&& dump.0.1.amd.QY.case39-2136.tree.nf 97387.253333 377564
&& dump.0.1.amd.TSOPF.TSOPF_RS_b300_c3-2239.tree.nf 970445.930000 1510929
&& dump.0.1.metis.Boeing.ct20stif-356.tree.nf 1349979.602000 1400324
&& dump.0.1.metis.Bova.rma10-374.tree.nf 106047.928667 538556
&& dump.0.1.metis.CPM.cz40948-2567.tree.nf 762.544000 119982
&& dump.0.1.metis.DNVS.shipsec5-1280.tree.nf 17655794.032000 28692435
&& dump.0.1.metis.FEMLAB.sme3Dc-932.tree.nf 1398463.820000 1200782
&& dump.0.1.metis.Goodwin.rim-447.tree.nf 16977.932000 221627
&& dump.0.1.metis.HVDC.hvdc2-1875.tree.nf 6198.684667 1232192
&& dump.0.1.metis.Schenk_IBMSDS.matrix_9-959.tree.nf 31986717.862667 12605328
&& dump.0.1.metis.Schmid.thermal1-1402.tree.nf 32542.193333 2147074
&& dump.0.1.metis.Shyy.shyy161-809.tree.nf 57437.241333 1404503
&& dump.0.1.metis.Wang.wang4-833.tree.nf 925189.228000 573199
&& dump.0.1.metis.Watson.Baumann-1855.tree.nf 3272358.380667 12462735
&& dump.1.1.amd.QY.case39-2136.tree.nf 134438.893333 65068
&& dump.1.1.metis.CPM.cz40948-2567.tree.nf 763.014667 45748
&& dump.1.1.metis.IPSO.HTC_336_4438-2534.tree.nf 6784.776000 4700440
&& dump.1.2.amd.QY.case39-2136.tree.nf 135330.644667 39310
&& dump.1.3.amd.QY.case39-2136.tree.nf 138716.591333 21259
&& dump.1.3.metis.Schenk_IBMNA.c-big-1579.tree.nf 41114477.398000 430119
&& dump.1.4.metis.Schenk_IBMNA.c-big-1579.tree.nf 41342717.911334 243488
&& dump.0.1.metis.Mancktelow.viscorocks-1879.tree.nf 49872.569333 552974
&& dump.0.1.metis.Mancktelow.viscorocks-1879.tree.nf 49872.569333 560740
!! 36proc-1-3.json
./real_Trees/trees/
&& dump.0.1.amd.Dehghani.light_in_tissue-1873.tree.nf 72513.208667 199532
&& dump.1.3.metis.IPSO.HTC_336_4438-2534.tree.nf 7522.370000 4239029
&& dump.1.4.metis.IPSO.HTC_336_4438-2534.tree.nf 15441.762000 4455351
&& dump.0.1.amd.Bova.rma10-374.tree.nf 353451.618667 931045
&& dump.0.1.amd.IPSO.HTC_336_4438-2534.tree.nf 21477.953333 14741014
&& dump.0.1.amd.MaxPlanck.shallow_water1-2261.tree.nf 256363.909333 642742
&& dump.0.1.amd.QY.case39-2136.tree.nf 97387.253333 322835
&& dump.0.1.amd.TSOPF.TSOPF_RS_b300_c3-2239.tree.nf 970445.930000 1479507
&& dump.0.1.metis.Boeing.ct20stif-356.tree.nf 1349979.602000 1349329
&& dump.0.1.metis.Bova.rma10-374.tree.nf 106047.928667 530129
&& dump.0.1.metis.CPM.cz40948-2567.tree.nf 762.544000 92708
&& dump.0.1.metis.DNVS.shipsec5-1280.tree.nf 17655794.032000 27046629
&& dump.0.1.metis.FEMLAB.sme3Dc-932.tree.nf 1398463.820000 1232147
&& dump.0.1.metis.Goodwin.rim-447.tree.nf 15676.748000 229938
&& dump.0.1.metis.HVDC.hvdc2-1875.tree.nf 6198.684667 1181453
&& dump.0.1.metis.Schenk_IBMSDS.matrix_9-959.tree.nf 31986717.862667 12231088
&& dump.0.1.metis.Schmid.thermal1-1402.tree.nf 32542.193333 2082586
&& dump.0.1.metis.Shyy.shyy161-809.tree.nf 57437.241333 1312375
&& dump.0.1.metis.Wang.wang4-833.tree.nf 925189.228000 549715
&& dump.0.1.metis.Watson.Baumann-1855.tree.nf 3272358.380667 10974392
&& dump.1.1.amd.QY.case39-2136.tree.nf 134438.893333 54388
&& dump.1.1.metis.CPM.cz40948-2567.tree.nf 763.014667 45552
&& dump.1.1.metis.IPSO.HTC_336_4438-2534.tree.nf 6784.776000 4677462
&& dump.1.2.amd.QY.case39-2136.tree.nf 135330.644667 40709
&& dump.1.3.amd.QY.case39-2136.tree.nf 138716.591333 20868
&& dump.1.3.metis.Schenk_IBMNA.c-big-1579.tree.nf 41114477.398000 407062
&& dump.1.4.metis.Schenk_IBMNA.c-big-1579.tree.nf 41342717.911334 223133
&& dump.0.1.metis.Mancktelow.viscorocks-1879.tree.nf 49872.569333 528176
&& dump.0.1.metis.Mancktelow.viscorocks-1879.tree.nf 49872.569333 522770
normal random
!! 36proc_0,5-1-1,5-3.json
./real_Trees/random_trees/old_trees/
&& size_10000/random_tree_1 734.553660 155362
&& size_10000/random_tree_2 1121.104845 122020
&& size_10000/random_tree_3 843.869137 84784
&& size_10000/random_tree_4 619.245370 161980
&& size_10000/random_tree_5 1071.537504 130385
&& size_2000/random_tree_1 258.950223 5457
&& size_2000/random_tree_2 459.939008 3663
&& size_2000/random_tree_3 198.931335 8408
&& size_2000/random_tree_4 189.764836 6792
&& size_2000/random_tree_5 188.140906 13276
&& size_20000/random_tree_1 1605.716285 941970
&& size_20000/random_tree_2 1594.609909 446714
&& size_20000/random_tree_3 1469.865971 241822
&& size_20000/random_tree_4 1545.713494 294855
&& size_20000/random_tree_5 1588.011776 365452
&& size_30000/random_tree_1 1996.327865 1440713
&& size_30000/random_tree_2 2573.902174 1075650
&& size_30000/random_tree_3 2456.325719 1866336
&& size_30000/random_tree_4 2586.016136 546121
&& size_30000/random_tree_5 2449.380287 267784
&& size_4000/random_tree_1 277.328984 14946
&& size_4000/random_tree_2 921.660448 16968
&& size_4000/random_tree_3 976.920127 14317
&& size_4000/random_tree_4 473.633716 22605
&& size_4000/random_tree_5 409.236876 20939
&& size_50000/random_tree_1 4333.330397 2186580
&& size_50000/random_tree_2 3563.460562 2323807
&& size_50000/random_tree_3 3426.026922 1843487
&& size_50000/random_tree_4 5033.315887 1810215
&& size_50000/random_tree_5 2708.915569 1485834
&& size_50000/random_tree_5 2708.915569 1490570
!! 36proc-1-3.json
./real_Trees/random_trees/old_trees/
&& size_10000/random_tree_1 734.553660 156658
&& size_10000/random_tree_2 1121.104845 121818
&& size_10000/random_tree_3 843.869137 85256
&& size_10000/random_tree_4 619.245370 162522
&& size_10000/random_tree_5 1071.537504 130109
&& size_2000/random_tree_1 258.950223 5325
&& size_2000/random_tree_2 459.939008 3613
&& size_2000/random_tree_3 198.931335 8101
&& size_2000/random_tree_4 189.764836 6647
&& size_2000/random_tree_5 188.140906 12937
&& size_20000/random_tree_1 1605.716285 944955
&& size_20000/random_tree_2 1594.609909 447933
&& size_20000/random_tree_3 1469.865971 242012
&& size_20000/random_tree_4 1545.713494 293605
&& size_20000/random_tree_5 1588.011776 363563
&& size_30000/random_tree_1 1996.327865 1437472
&& size_30000/random_tree_2 2573.902174 1070785
&& size_30000/random_tree_3 2456.325719 1864816
&& size_30000/random_tree_4 2586.016136 542024
&& size_30000/random_tree_5 2449.380287 266078
&& size_4000/random_tree_1 277.328984 15741
&& size_4000/random_tree_2 921.660448 17639
&& size_4000/random_tree_3 976.920127 15055
&& size_4000/random_tree_4 473.633716 23691
&& size_4000/random_tree_5 409.236876 22354
&& size_50000/random_tree_1 4333.330397 2188033
&& size_50000/random_tree_2 3563.460562 2316065
&& size_50000/random_tree_3 3426.026922 1840219
&& size_50000/random_tree_4 5033.315887 1808706
&& size_50000/random_tree_5 2708.915569 1500805
&& size_50000/random_tree_5 2708.915569 1503792
/work/kulagins/scheduler-homp2
/work/kulagins/scheduler-homp2/real_Trees/random_trees
!! /work/kulagins/scheduler-homp2/real_Trees/random_trees/10_children
!! 36proc_0,5-1-1,5-3.json
/work/kulagins/scheduler-homp2/real_Trees/random_trees/10_children
&& size_10000/random_tree_1 832.512985 22078
&& size_10000/random_tree_2 3163.474802 16283
&& size_10000/random_tree_3 932.864472 27196
&& size_10000/random_tree_4 1202.173370 25102
&& size_10000/random_tree_5 4751.774607 14165
&& size_2000/random_tree_1 584.259103 1743
&& size_2000/random_tree_2 670.731592 1796
&& size_2000/random_tree_3 405.894351 2270
&& size_2000/random_tree_4 345.768822 1839
&& size_2000/random_tree_5 478.669327 1914
&& size_20000/random_tree_1 1645.589490 76795
&& size_20000/random_tree_2 1963.687883 152544
&& size_20000/random_tree_3 1564.516868 61278
&& size_20000/random_tree_4 1972.627503 198435
&& size_20000/random_tree_5 1527.430256 133419
&& size_30000/random_tree_1 2635.378212 122034
&& size_30000/random_tree_2 2222.010887 240340
&& size_30000/random_tree_3 3159.648282 229449
&& size_30000/random_tree_4 8253.073946 144894
&& size_30000/random_tree_5 2309.465576 124465
&& size_4000/random_tree_1 1257.403674 3873
&& size_4000/random_tree_2 372.704079 5526
&& size_4000/random_tree_3 742.461046 4876
&& size_4000/random_tree_4 1362.619160 3973
&& size_4000/random_tree_5 461.734034 8974
&& size_50000/random_tree_1 4755.461468 474744
&& size_50000/random_tree_2 7583.615886 305856
&& size_50000/random_tree_3 3350.759788 375500
&& size_50000/random_tree_4 4681.919341 221979
&& size_50000/random_tree_5 4260.496985 235593
&& size_50000/random_tree_5 4260.496985 235236
!! /work/kulagins/scheduler-homp2/real_Trees/random_trees/all_large
!! 36proc_0,5-1-1,5-3.json
/work/kulagins/scheduler-homp2/real_Trees/random_trees/all_large
&& size_10000/random_tree_1 80456.815622 91656
&& size_10000/random_tree_2 75104.984146 69307
&& size_10000/random_tree_3 83577.337111 39916
&& size_10000/random_tree_4 66041.553644 67879
&& size_10000/random_tree_5 106965.738215 88652
&& size_2000/random_tree_1 26083.886812 4506
&& size_2000/random_tree_2 27646.287583 5006
&& size_2000/random_tree_3 23572.915591 4807
&& size_2000/random_tree_4 27229.567899 7733
&& size_2000/random_tree_5 20396.646394 8965
&& size_20000/random_tree_1 169863.476082 406647
&& size_20000/random_tree_2 177552.760409 372245
&& size_20000/random_tree_3 163251.656049 308788
&& size_20000/random_tree_4 133927.994576 817506
&& size_20000/random_tree_5 292982.942137 212863
&& size_30000/random_tree_1 234322.476969 1070501
&& size_30000/random_tree_2 241958.078938 254683
&& size_30000/random_tree_3 257064.914369 344595
&& size_30000/random_tree_4 289406.655291 1532564
&& size_30000/random_tree_5 234198.186030 652254
&& size_4000/random_tree_1 40483.506433 53395
&& size_4000/random_tree_2 33655.134238 78628
&& size_4000/random_tree_3 34704.054041 18108
&& size_4000/random_tree_4 93425.633008 13985
&& size_4000/random_tree_5 32648.124716 39791
&& size_50000/random_tree_1 495756.485262 970403
&& size_50000/random_tree_2 436258.302437 1328318
&& size_50000/random_tree_3 399910.637108 1324766
&& size_50000/random_tree_4 350933.226703 3066217
&& size_50000/random_tree_5 514262.285480 4653442
&& size_50000/random_tree_5 514262.285480 4634697
!! /work/kulagins/scheduler-homp2/real_Trees/random_trees/large_makespan_weights
!! 36proc_0,5-1-1,5-3.json
/work/kulagins/scheduler-homp2/real_Trees/random_trees/large_makespan_weights
&& size_10000/random_tree_1 4275.965519 117741
&& size_10000/random_tree_2 4377.611962 203779
&& size_10000/random_tree_3 1859.477792 61466
&& size_10000/random_tree_4 5112.985599 69496
&& size_10000/random_tree_5 2212.784308 353335
&& size_2000/random_tree_1 1495.306093 4502
&& size_2000/random_tree_2 1909.656552 4773
&& size_2000/random_tree_3 1449.286201 8821
&& size_2000/random_tree_4 1574.826958 7044
&& size_2000/random_tree_5 1774.584342 6469
&& size_20000/random_tree_1 2828.007840 658719
&& size_20000/random_tree_2 5905.609763 475872
&& size_20000/random_tree_3 3792.687592 397772
&& size_20000/random_tree_4 2860.947900 537698
&& size_20000/random_tree_5 3700.551191 145679
&& size_30000/random_tree_1 7588.904132 2105410
&& size_30000/random_tree_2 5753.705983 1621802
&& size_30000/random_tree_3 6285.447870 1545509
&& size_30000/random_tree_4 5215.101675 414457
&& size_30000/random_tree_5 4449.738535 2178737
&& size_4000/random_tree_1 2365.184090 20050
&& size_4000/random_tree_2 2340.399357 20978
&& size_4000/random_tree_3 2504.075864 21360
&& size_4000/random_tree_4 2379.645578 25854
&& size_4000/random_tree_5 2605.815193 16719
&& size_50000/random_tree_1 4768.970033 3508371
&& size_50000/random_tree_2 5446.103253 3523363
&& size_50000/random_tree_3 9572.912698 1035997
&& size_50000/random_tree_4 4807.132680 3912685
&& size_50000/random_tree_5 7165.256745 638085
&& size_50000/random_tree_5 7165.256745 660275
!! /work/kulagins/scheduler-homp2/real_Trees/random_trees/20_children
!! 36proc_0,5-1-1,5-3.json
/work/kulagins/scheduler-homp2/real_Trees/random_trees/20_children
&& size_10000/random_tree_1 2309.481187 13902
&& size_10000/random_tree_2 1491.727123 15241
&& size_10000/random_tree_3 1106.679389 13014
&& size_10000/random_tree_4 1711.828095 14479
&& size_10000/random_tree_5 1648.250790 19600
&& size_2000/random_tree_1 252.111182 1538
&& size_2000/random_tree_2 528.111061 1939
&& size_2000/random_tree_3 530.881805 1854
&& size_2000/random_tree_4 569.213774 1928
&& size_2000/random_tree_5 253.661229 2822
&& size_20000/random_tree_1 1675.950012 118105
&& size_20000/random_tree_2 1666.870020 108631
&& size_20000/random_tree_3 2969.169363 48834
&& size_20000/random_tree_4 1639.603063 266713
&& size_20000/random_tree_5 1702.656182 82360
&& size_30000/random_tree_1 3652.952390 202063
&& size_30000/random_tree_2 9257.950757 66118
&& size_30000/random_tree_3 3226.927303 56636
&& size_30000/random_tree_4 9356.692777 72736
&& size_30000/random_tree_5 3847.317452 194706
&& size_4000/random_tree_1 1125.996532 3659
&& size_4000/random_tree_2 1422.473740 4091
&& size_4000/random_tree_3 977.552977 4322
&& size_4000/random_tree_4 434.345766 3858
&& size_4000/random_tree_5 656.475639 3832
&& size_50000/random_tree_1 4016.637066 244034
&& size_50000/random_tree_2 4490.805460 284018
&& size_50000/random_tree_3 3756.609435 877778
&& size_50000/random_tree_4 4965.647704 227945
&& size_50000/random_tree_5 6945.961598 232392
&& size_50000/random_tree_5 6945.961598 230190
!! /work/kulagins/scheduler-homp2/real_Trees/random_trees/all_small
!! 36proc_0,5-1-1,5-3.json
/work/kulagins/scheduler-homp2/real_Trees/random_trees/all_small
&& size_10000/random_tree_1 185.635849 52901
&& size_10000/random_tree_2 59.987172 85585
&& size_10000/random_tree_3 72.082036 93434
&& size_10000/random_tree_4 97.985759 86202
&& size_10000/random_tree_5 72.422588 55489
&& size_2000/random_tree_1 21.284849 8340
&& size_2000/random_tree_2 24.303536 5782
&& size_2000/random_tree_3 19.271564 6547
&& size_2000/random_tree_4 16.182306 7742
&& size_2000/random_tree_5 34.482849 4521
&& size_20000/random_tree_1 165.119334 272361
&& size_20000/random_tree_2 132.186138 198081
&& size_20000/random_tree_3 176.920500 222689
&& size_20000/random_tree_4 154.209802 185135
&& size_20000/random_tree_5 166.029096 293827
&& size_30000/random_tree_1 276.278692 321096
&& size_30000/random_tree_2 222.290736 320693
&& size_30000/random_tree_3 175.817383 597228
&& size_30000/random_tree_4 209.081879 265869
&& size_30000/random_tree_5 214.683289 579850
&& size_4000/random_tree_1 65.187245 11576
&& size_4000/random_tree_2 27.064124 24649
&& size_4000/random_tree_3 35.042690 18282
&& size_4000/random_tree_4 26.763660 13861
&& size_4000/random_tree_5 33.318214 16503
&& size_50000/random_tree_1 368.627455 1068164
&& size_50000/random_tree_2 421.228402 1049030
&& size_50000/random_tree_3 442.402631 645801
&& size_50000/random_tree_4 497.474235 636467
&& size_50000/random_tree_5 407.707643 868334
&& size_50000/random_tree_5 407.707643 859590
!! /work/kulagins/scheduler-homp2/real_Trees/random_trees/large_node_weights
!! 36proc_0,5-1-1,5-3.json
/work/kulagins/scheduler-homp2/real_Trees/random_trees/large_node_weights
&& size_10000/random_tree_1 1821.499447 44503
&& size_10000/random_tree_2 784.424503 156047
&& size_10000/random_tree_3 677.906056 97195
&& size_10000/random_tree_4 648.833884 125229
&& size_10000/random_tree_5 949.196532 78064
&& size_2000/random_tree_1 209.015247 7629
&& size_2000/random_tree_2 321.752749 5468
&& size_2000/random_tree_3 340.574048 5079
&& size_2000/random_tree_4 696.142482 4187
&& size_2000/random_tree_5 137.210467 8993
&& size_20000/random_tree_1 2242.277767 534696
&& size_20000/random_tree_2 1637.330710 1063187
&& size_20000/random_tree_3 2273.475105 213415
&& size_20000/random_tree_4 1975.785904 427914
&& size_20000/random_tree_5 1576.836751 432695
&& size_30000/random_tree_1 1886.592455 780354
&& size_30000/random_tree_2 2030.421978 901241
&& size_30000/random_tree_3 2014.423369 770490
&& size_30000/random_tree_4 2869.662821 310849
&& size_30000/random_tree_5 2173.478684 697529
&& size_4000/random_tree_1 362.819058 18244
&& size_4000/random_tree_2 320.987182 27514
&& size_4000/random_tree_3 359.884158 20609
&& size_4000/random_tree_4 515.292028 17702
&& size_4000/random_tree_5 387.152856 13303
&& size_50000/random_tree_1 4304.496807 1056206
&& size_50000/random_tree_2 3387.955892 1757159
&& size_50000/random_tree_3 3866.266658 2011417
&& size_50000/random_tree_4 3459.813905 7006422
&& size_50000/random_tree_5 7767.469872 1502996
&& size_50000/random_tree_5 7767.469872 1505125
!! /work/kulagins/scheduler-homp2/real_Trees/random_trees/3_children
!! 36proc_0,5-1-1,5-3.json
/work/kulagins/scheduler-homp2/real_Trees/random_trees/3_children
&& size_10000/random_tree_1 1132.330582 80781
&& size_10000/random_tree_2 981.327973 56992
&& size_10000/random_tree_3 733.020476 54796
&& size_10000/random_tree_4 774.716801 39414
&& size_10000/random_tree_5 875.520628 87335
&& size_2000/random_tree_1 399.769419 4394
&& size_2000/random_tree_2 212.648653 4787
&& size_2000/random_tree_3 195.792914 11671
&& size_2000/random_tree_4 200.574231 4927
&& size_2000/random_tree_5 562.882483 2969
&& size_20000/random_tree_1 1808.154118 334867
&& size_20000/random_tree_2 1846.857697 504993
&& size_20000/random_tree_3 1536.089462 201015
&& size_20000/random_tree_4 1348.072607 134386
&& size_20000/random_tree_5 1116.661301 630572
&& size_30000/random_tree_1 2077.568865 364740
&& size_30000/random_tree_2 3740.634435 316910
&& size_30000/random_tree_3 2013.542652 219568
&& size_30000/random_tree_4 2718.044767 387377
&& size_30000/random_tree_5 3333.849141 131004
&& size_4000/random_tree_1 491.313705 7796
&& size_4000/random_tree_2 271.005163 10222
&& size_4000/random_tree_3 353.112455 33038
&& size_4000/random_tree_4 686.105638 7828
&& size_4000/random_tree_5 449.548261 17440
&& size_50000/random_tree_1 3025.628613 1705894
&& size_50000/random_tree_2 3450.245828 1240918
&& size_50000/random_tree_3 3157.083843 476928
&& size_50000/random_tree_4 3759.513955 418131
&& size_50000/random_tree_5 4769.077246 1438419
&& size_50000/random_tree_5 4769.077246 1433549
!! /work/kulagins/scheduler-homp2/real_Trees/random_trees/large_edge_weights
!! 36proc_0,5-1-1,5-3.json
/work/kulagins/scheduler-homp2/real_Trees/random_trees/large_edge_weights
&& size_10000/random_tree_1 70315.765644 130269
&& size_10000/random_tree_2 57892.378304 66896
&& size_10000/random_tree_3 91382.534019 60347
&& size_10000/random_tree_4 73519.996295 75587
&& size_10000/random_tree_5 67441.045285 144390
&& size_2000/random_tree_1 43473.695623 3828
&& size_2000/random_tree_2 26611.652487 4159
&& size_2000/random_tree_3 21119.579171 6661
&& size_2000/random_tree_4 17012.422075 10407
&& size_2000/random_tree_5 23010.617031 10672
&& size_20000/random_tree_1 154604.279066 663308
&& size_20000/random_tree_2 160573.940242 255816
&& size_20000/random_tree_3 119781.084302 436996
&& size_20000/random_tree_4 121324.003691 164018
&& size_20000/random_tree_5 165950.738840 514466
&& size_30000/random_tree_1 250874.759477 611547
&& size_30000/random_tree_2 275988.011177 644106
&& size_30000/random_tree_3 241312.715729 1005682
&& size_30000/random_tree_4 410096.298243 432933
&& size_30000/random_tree_5 239530.616959 718178
&& size_4000/random_tree_1 36820.655274 36817
&& size_4000/random_tree_2 45685.291202 63022
&& size_4000/random_tree_3 64964.045873 11286
&& size_4000/random_tree_4 140831.161266 11261
&& size_4000/random_tree_5 30680.873284 25341
&& size_50000/random_tree_1 392987.572658 688732
&& size_50000/random_tree_2 525026.016561 1738885
&& size_50000/random_tree_3 1293785.560118 1233392
&& size_50000/random_tree_4 331918.105251 3992205
&& size_50000/random_tree_5 344868.802834 3602508
&& size_50000/random_tree_5 344868.802834 3635223
!! /work/kulagins/scheduler-homp2/real_Trees/random_trees/10_children
!! 36proc-1-3.json
/work/kulagins/scheduler-homp2/real_Trees/random_trees/10_children
&& size_10000/random_tree_1 832.512985 22093
&& size_10000/random_tree_2 2553.650219 13416
&& size_10000/random_tree_3 932.864472 26916
&& size_10000/random_tree_4 1202.173370 24998
&& size_10000/random_tree_5 3952.595813 10997
&& size_2000/random_tree_1 533.845132 1751
&& size_2000/random_tree_2 564.094251 1727
&& size_2000/random_tree_3 405.894351 2253
&& size_2000/random_tree_4 345.768822 1791
&& size_2000/random_tree_5 478.669327 1898
&& size_20000/random_tree_1 1645.589490 77018
&& size_20000/random_tree_2 1963.687883 152067
&& size_20000/random_tree_3 1564.516868 60099
&& size_20000/random_tree_4 1972.627503 197355
&& size_20000/random_tree_5 1527.430256 132106
&& size_30000/random_tree_1 2635.378212 123212
&& size_30000/random_tree_2 2222.010887 239939
&& size_30000/random_tree_3 3159.648282 228798
&& size_30000/random_tree_4 8265.231515 138274
&& size_30000/random_tree_5 2309.465576 123396
&& size_4000/random_tree_1 977.184548 3935
&& size_4000/random_tree_2 372.704079 5515
&& size_4000/random_tree_3 742.461046 4894
&& size_4000/random_tree_4 1092.423968 3874
&& size_4000/random_tree_5 461.734034 8841
&& size_50000/random_tree_1 4755.461468 475946
&& size_50000/random_tree_2 6902.902119 308012
&& size_50000/random_tree_3 3350.759788 366480
&& size_50000/random_tree_4 4681.919341 221641
&& size_50000/random_tree_5 4260.496985 236047
&& size_50000/random_tree_5 4260.496985 234293
!! /work/kulagins/scheduler-homp2/real_Trees/random_trees/all_large
!! 36proc-1-3.json
/work/kulagins/scheduler-homp2/real_Trees/random_trees/all_large
&& size_10000/random_tree_1 80456.815622 90955
&& size_10000/random_tree_2 75104.984146 68835
&& size_10000/random_tree_3 83577.337111 40829
&& size_10000/random_tree_4 66041.553644 70112
&& size_10000/random_tree_5 106965.738215 89287
&& size_2000/random_tree_1 26083.886812 4540
&& size_2000/random_tree_2 27646.287583 5042
&& size_2000/random_tree_3 23572.915591 4841
&& size_2000/random_tree_4 27229.567899 7768
&& size_2000/random_tree_5 20396.646394 9011
&& size_20000/random_tree_1 169863.476082 406108
&& size_20000/random_tree_2 177552.760409 374469
&& size_20000/random_tree_3 163251.656049 309913
&& size_20000/random_tree_4 133927.994576 817145
&& size_20000/random_tree_5 292982.942137 211973
&& size_30000/random_tree_1 234322.476969 1060368
&& size_30000/random_tree_2 241958.078938 253978
&& size_30000/random_tree_3 257064.914369 344603
&& size_30000/random_tree_4 289406.655291 1538816
&& size_30000/random_tree_5 234198.186030 653789
&& size_4000/random_tree_1 40483.506433 54108
&& size_4000/random_tree_2 33655.134238 78303
&& size_4000/random_tree_3 34704.054041 18128
&& size_4000/random_tree_4 93425.633008 13741
&& size_4000/random_tree_5 32648.124716 39866
&& size_50000/random_tree_1 495756.485262 964976
&& size_50000/random_tree_2 436258.302437 1301826
&& size_50000/random_tree_3 399910.637108 1354073
&& size_50000/random_tree_4 350933.226703 3063196
&& size_50000/random_tree_5 514262.285480 4668093
&& size_50000/random_tree_5 514262.285480 4669915
!! /work/kulagins/scheduler-homp2/real_Trees/random_trees/large_makespan_weights
!! 36proc-1-3.json
/work/kulagins/scheduler-homp2/real_Trees/random_trees/large_makespan_weights
&& size_10000/random_tree_1 4275.965519 118323
&& size_10000/random_tree_2 4377.611962 203654
&& size_10000/random_tree_3 1859.477792 61616
&& size_10000/random_tree_4 5112.985599 69787
&& size_10000/random_tree_5 2212.784308 353358
&& size_2000/random_tree_1 1495.306093 4483
&& size_2000/random_tree_2 1909.656552 4773
&& size_2000/random_tree_3 1449.286201 8884
&& size_2000/random_tree_4 1574.826958 7058
&& size_2000/random_tree_5 1774.584342 6508
&& size_20000/random_tree_1 2828.007840 657890
&& size_20000/random_tree_2 5905.609763 477949
&& size_20000/random_tree_3 3792.687592 398612
&& size_20000/random_tree_4 2860.947900 536229
&& size_20000/random_tree_5 3700.551191 143326
&& size_30000/random_tree_1 7588.904132 2107580
&& size_30000/random_tree_2 5753.705983 1617440
&& size_30000/random_tree_3 6285.447870 1542528
&& size_30000/random_tree_4 5215.101675 411156
&& size_30000/random_tree_5 4449.738535 2183350
&& size_4000/random_tree_1 2365.184090 19976
&& size_4000/random_tree_2 2340.399357 21078
&& size_4000/random_tree_3 2504.075864 21876
&& size_4000/random_tree_4 2379.645578 25985
&& size_4000/random_tree_5 2605.815193 17114
&& size_50000/random_tree_1 4768.970033 3522000
&& size_50000/random_tree_2 5446.103253 3571062
&& size_50000/random_tree_3 9572.912698 1042993
&& size_50000/random_tree_4 4807.132680 3932958
&& size_50000/random_tree_5 7165.256745 647408
&& size_50000/random_tree_5 7165.256745 638874
!! /work/kulagins/scheduler-homp2/real_Trees/random_trees/20_children
!! 36proc-1-3.json
/work/kulagins/scheduler-homp2/real_Trees/random_trees/20_children
&& size_10000/random_tree_1 1896.388981 13852
&& size_10000/random_tree_2 1491.727123 15253
&& size_10000/random_tree_3 1106.679389 13008
&& size_10000/random_tree_4 1711.828095 14409
&& size_10000/random_tree_5 1648.250790 19815
&& size_2000/random_tree_1 208.707589 1597
&& size_2000/random_tree_2 434.362873 1538
&& size_2000/random_tree_3 409.240380 1561
&& size_2000/random_tree_4 450.549803 1618
&& size_2000/random_tree_5 253.661229 2815
&& size_20000/random_tree_1 1675.950012 117883
&& size_20000/random_tree_2 1666.870020 108768
&& size_20000/random_tree_3 2969.169363 49069
&& size_20000/random_tree_4 1639.603063 266195
&& size_20000/random_tree_5 1702.656182 81590
&& size_30000/random_tree_1 3652.952390 202201
&& size_30000/random_tree_2 7726.845405 66724
&& size_30000/random_tree_3 3226.927303 58393
&& size_30000/random_tree_4 7582.780391 75316
&& size_30000/random_tree_5 3847.317452 193393
&& size_4000/random_tree_1 976.776980 3736
&& size_4000/random_tree_2 1351.755708 3422
&& size_4000/random_tree_3 993.236332 3081
&& size_4000/random_tree_4 434.345766 3765
&& size_4000/random_tree_5 590.441375 3829
&& size_50000/random_tree_1 4016.637066 242273
&& size_50000/random_tree_2 4490.805460 283860
&& size_50000/random_tree_3 3756.609435 870496
&& size_50000/random_tree_4 4965.647704 237741
&& size_50000/random_tree_5 6945.961598 238011
&& size_50000/random_tree_5 6945.961598 232087
!! /work/kulagins/scheduler-homp2/real_Trees/random_trees/all_small
!! 36proc-1-3.json
/work/kulagins/scheduler-homp2/real_Trees/random_trees/all_small
&& size_10000/random_tree_1 185.635849 53569
&& size_10000/random_tree_2 59.987172 84751
&& size_10000/random_tree_3 72.082036 94009
&& size_10000/random_tree_4 97.985759 87568
&& size_10000/random_tree_5 72.422588 56177
&& size_2000/random_tree_1 21.284849 8350
&& size_2000/random_tree_2 24.303536 5756
&& size_2000/random_tree_3 19.271564 6579
&& size_2000/random_tree_4 16.182306 7794
&& size_2000/random_tree_5 34.482849 4565
&& size_20000/random_tree_1 165.119334 270737
&& size_20000/random_tree_2 132.186138 198245
&& size_20000/random_tree_3 176.920500 223153
&& size_20000/random_tree_4 154.209802 184880
&& size_20000/random_tree_5 166.029096 293840
&& size_30000/random_tree_1 276.278692 326036
&& size_30000/random_tree_2 222.290736 318429
&& size_30000/random_tree_3 175.817383 599421
&& size_30000/random_tree_4 209.081879 264014
&& size_30000/random_tree_5 214.683289 585635
&& size_4000/random_tree_1 65.187245 11650
&& size_4000/random_tree_2 27.064124 24810
&& size_4000/random_tree_3 35.042690 18985
&& size_4000/random_tree_4 26.763660 14142
&& size_4000/random_tree_5 33.318214 16762
&& size_50000/random_tree_1 368.627455 1190245
&& size_50000/random_tree_2 421.228402 1079645
&& size_50000/random_tree_3 442.402631 647546
&& size_50000/random_tree_4 497.474235 631986
&& size_50000/random_tree_5 407.707643 861894
&& size_50000/random_tree_5 407.707643 859995
!! /work/kulagins/scheduler-homp2/real_Trees/random_trees/large_node_weights
!! 36proc-1-3.json
/work/kulagins/scheduler-homp2/real_Trees/random_trees/large_node_weights
&& size_10000/random_tree_1 1821.499447 44978
&& size_10000/random_tree_2 784.424503 157407
&& size_10000/random_tree_3 677.906056 97808
&& size_10000/random_tree_4 648.833884 125737
&& size_10000/random_tree_5 949.196532 78274
&& size_2000/random_tree_1 209.015247 7694
&& size_2000/random_tree_2 321.752749 5486
&& size_2000/random_tree_3 340.574048 5138
&& size_2000/random_tree_4 632.305713 4427
&& size_2000/random_tree_5 137.210467 9062
&& size_20000/random_tree_1 2242.277767 536414
&& size_20000/random_tree_2 1637.330710 1063605
&& size_20000/random_tree_3 2273.475105 215396
&& size_20000/random_tree_4 1975.785904 430633
&& size_20000/random_tree_5 1576.836751 435977
&& size_30000/random_tree_1 1886.592455 787454
&& size_30000/random_tree_2 2030.421978 904144
&& size_30000/random_tree_3 2014.423369 776549
&& size_30000/random_tree_4 2869.662821 312222
&& size_30000/random_tree_5 2173.478684 701550
&& size_4000/random_tree_1 362.819058 18431
&& size_4000/random_tree_2 320.987182 27588
&& size_4000/random_tree_3 359.884158 20858
&& size_4000/random_tree_4 515.292028 17739
&& size_4000/random_tree_5 387.152856 13473
&& size_50000/random_tree_1 4304.496807 1076434
&& size_50000/random_tree_2 3387.955892 1769636
&& size_50000/random_tree_3 3866.266658 2031452
&& size_50000/random_tree_4 3459.813905 7056249
&& size_50000/random_tree_5 7767.469872 1499160
&& size_50000/random_tree_5 7767.469872 1495431
!! /work/kulagins/scheduler-homp2/real_Trees/random_trees/3_children
!! 36proc-1-3.json
/work/kulagins/scheduler-homp2/real_Trees/random_trees/3_children
&& size_10000/random_tree_1 1132.330582 81124
&& size_10000/random_tree_2 981.327973 56827
&& size_10000/random_tree_3 733.020476 54926
&& size_10000/random_tree_4 774.716801 39541
&& size_10000/random_tree_5 875.520628 87133
&& size_2000/random_tree_1 399.769419 4400
&& size_2000/random_tree_2 212.648653 4797
&& size_2000/random_tree_3 195.792914 11648
&& size_2000/random_tree_4 200.574231 4902
&& size_2000/random_tree_5 562.882483 2963
&& size_20000/random_tree_1 1808.154118 333774
&& size_20000/random_tree_2 1846.857697 505613
&& size_20000/random_tree_3 1536.089462 202310
&& size_20000/random_tree_4 1348.072607 135272
&& size_20000/random_tree_5 1116.661301 631524
&& size_30000/random_tree_1 2077.568865 365184
&& size_30000/random_tree_2 3740.634435 318195
&& size_30000/random_tree_3 2013.542652 219324
&& size_30000/random_tree_4 2718.044767 388262
&& size_30000/random_tree_5 3333.849141 132409
&& size_4000/random_tree_1 491.313705 7732
&& size_4000/random_tree_2 271.005163 10391
&& size_4000/random_tree_3 353.112455 33068
&& size_4000/random_tree_4 686.105638 7831
&& size_4000/random_tree_5 449.548261 17273
&& size_50000/random_tree_1 3025.628613 1709096
&& size_50000/random_tree_2 3450.245828 1236969
&& size_50000/random_tree_3 3157.083843 475486
&& size_50000/random_tree_4 3759.513955 416038
&& size_50000/random_tree_5 4769.077246 1432067
&& size_50000/random_tree_5 4769.077246 1429744
!! /work/kulagins/scheduler-homp2/real_Trees/random_trees/large_edge_weights
!! 36proc-1-3.json
/work/kulagins/scheduler-homp2/real_Trees/random_trees/large_edge_weights
&& size_10000/random_tree_1 70315.765644 131191
&& size_10000/random_tree_2 57892.378304 66428
&& size_10000/random_tree_3 91382.534019 59619
&& size_10000/random_tree_4 73519.996295 76571
&& size_10000/random_tree_5 67441.045285 144838
&& size_2000/random_tree_1 43473.695623 3815
&& size_2000/random_tree_2 26611.652487 4130
&& size_2000/random_tree_3 21119.579171 6598
&& size_2000/random_tree_4 17012.422075 10392
&& size_2000/random_tree_5 23010.617031 10652
&& size_20000/random_tree_1 154604.279066 670162
&& size_20000/random_tree_2 160573.940242 252961
&& size_20000/random_tree_3 119781.084302 441404
&& size_20000/random_tree_4 121324.003691 162935
&& size_20000/random_tree_5 165950.738840 511831
&& size_30000/random_tree_1 250874.759477 608391
&& size_30000/random_tree_2 275988.011177 643336
&& size_30000/random_tree_3 241312.715729 1011313
&& size_30000/random_tree_4 410096.298243 432473
&& size_30000/random_tree_5 239530.616959 714728
&& size_4000/random_tree_1 36820.655274 36355
&& size_4000/random_tree_2 45685.291202 63058
&& size_4000/random_tree_3 64964.045873 10868
&& size_4000/random_tree_4 140831.161266 11078
&& size_4000/random_tree_5 30680.873284 24960
&& size_50000/random_tree_1 392987.572658 693588
&& size_50000/random_tree_2 525026.016561 1685725
&& size_50000/random_tree_3 1293785.560118 1238743
&& size_50000/random_tree_4 331918.105251 4052445
&& size_50000/random_tree_5 344868.802834 3620842
&& size_50000/random_tree_5 344868.802834 3613262
