single tree
RS-36-asap.sh
asap only hetp
matrix
/work/kulagins/scheduler-homp2
!! 36proc_0,5-1-1,5-3.json
./real_Trees/trees/
&& dump.0.1.amd.Dehghani.light_in_tissue-1873.tree.nf 72513.208667 192793
&& dump.1.3.metis.IPSO.HTC_336_4438-2534.tree.nf 7522.370000 4179444
&& dump.1.4.metis.IPSO.HTC_336_4438-2534.tree.nf 15441.762000 4533310
&& dump.0.1.amd.Bova.rma10-374.tree.nf 353451.618667 930228
&& dump.0.1.amd.IPSO.HTC_336_4438-2534.tree.nf 21477.953333 15565471
&& dump.0.1.amd.MaxPlanck.shallow_water1-2261.tree.nf 256363.909333 510908
&& dump.0.1.amd.QY.case39-2136.tree.nf 97387.253333 322981
&& dump.0.1.amd.TSOPF.TSOPF_RS_b300_c3-2239.tree.nf 970445.930000 1476525
&& dump.0.1.metis.Boeing.ct20stif-356.tree.nf 1349979.602000 1334457
&& dump.0.1.metis.Bova.rma10-374.tree.nf 106047.928667 537388
&& dump.0.1.metis.CPM.cz40948-2567.tree.nf 762.544000 133647
&& dump.0.1.metis.DNVS.shipsec5-1280.tree.nf 17655794.032000 24599952
&& dump.0.1.metis.FEMLAB.sme3Dc-932.tree.nf 1398463.820000 1138575
&& dump.0.1.metis.Goodwin.rim-447.tree.nf 16977.932000 214777
&& dump.0.1.metis.HVDC.hvdc2-1875.tree.nf 6198.684667 1263234
&& dump.0.1.metis.Schenk_IBMSDS.matrix_9-959.tree.nf 31986717.862667 12434738
&& dump.0.1.metis.Schmid.thermal1-1402.tree.nf 32542.193333 1914355
&& dump.0.1.metis.Shyy.shyy161-809.tree.nf 57437.241333 1220905
&& dump.0.1.metis.Wang.wang4-833.tree.nf 925189.228000 549567
&& dump.0.1.metis.Watson.Baumann-1855.tree.nf 3272358.380667 13726846
&& dump.1.1.amd.QY.case39-2136.tree.nf 134438.893333 162373
&& dump.1.1.metis.CPM.cz40948-2567.tree.nf 763.014667 107552
&& dump.1.1.metis.IPSO.HTC_336_4438-2534.tree.nf 6784.776000 4654442
&& dump.1.2.amd.QY.case39-2136.tree.nf 135330.644667 46862
&& dump.1.3.amd.QY.case39-2136.tree.nf 138716.591333 23625
&& dump.1.3.metis.Schenk_IBMNA.c-big-1579.tree.nf 41114477.398000 487920
&& dump.1.4.metis.Schenk_IBMNA.c-big-1579.tree.nf 41342717.911334 274468
&& dump.0.1.metis.Mancktelow.viscorocks-1879.tree.nf 49872.569333 584715
&& dump.0.1.metis.Mancktelow.viscorocks-1879.tree.nf 49872.569333 605240
!! 36proc-1-3.json
./real_Trees/trees/
&& dump.0.1.amd.Dehghani.light_in_tissue-1873.tree.nf 72513.208667 210829
&& dump.1.3.metis.IPSO.HTC_336_4438-2534.tree.nf 7522.370000 4218720
&& dump.1.4.metis.IPSO.HTC_336_4438-2534.tree.nf 15441.762000 4601034
&& dump.0.1.amd.Bova.rma10-374.tree.nf 353451.618667 998455
&& dump.0.1.amd.IPSO.HTC_336_4438-2534.tree.nf 21477.953333 15511225
&& dump.0.1.amd.MaxPlanck.shallow_water1-2261.tree.nf 256363.909333 787632
&& dump.0.1.amd.QY.case39-2136.tree.nf 97387.253333 445938
&& dump.0.1.amd.TSOPF.TSOPF_RS_b300_c3-2239.tree.nf 970445.930000 1626728
&& dump.0.1.metis.Boeing.ct20stif-356.tree.nf 1349979.602000 1836801
&& dump.0.1.metis.Bova.rma10-374.tree.nf 106047.928667 663700
&& dump.0.1.metis.CPM.cz40948-2567.tree.nf 762.544000 131243
&& dump.0.1.metis.DNVS.shipsec5-1280.tree.nf 17655794.032000 28724885
&& dump.0.1.metis.FEMLAB.sme3Dc-932.tree.nf 1398463.820000 1306794
&& dump.0.1.metis.Goodwin.rim-447.tree.nf 15676.748000 251809
&& dump.0.1.metis.HVDC.hvdc2-1875.tree.nf 6198.684667 1392117
&& dump.0.1.metis.Schenk_IBMSDS.matrix_9-959.tree.nf 31986717.862667 13461594
&& dump.0.1.metis.Schmid.thermal1-1402.tree.nf 32542.193333 3048050
&& dump.0.1.metis.Shyy.shyy161-809.tree.nf 57437.241333 2145782
&& dump.0.1.metis.Wang.wang4-833.tree.nf 925189.228000 928052
&& dump.0.1.metis.Watson.Baumann-1855.tree.nf 3272358.380667 13498071
&& dump.1.1.amd.QY.case39-2136.tree.nf 134438.893333 104147
&& dump.1.1.metis.CPM.cz40948-2567.tree.nf 763.014667 95168
&& dump.1.1.metis.IPSO.HTC_336_4438-2534.tree.nf 6784.776000 4652053
&& dump.1.2.amd.QY.case39-2136.tree.nf 135330.644667 46289
&& dump.1.3.amd.QY.case39-2136.tree.nf 138716.591333 21787
&& dump.1.3.metis.Schenk_IBMNA.c-big-1579.tree.nf 41114477.398000 456320
&& dump.1.4.metis.Schenk_IBMNA.c-big-1579.tree.nf 41342717.911334 278103
&& dump.0.1.metis.Mancktelow.viscorocks-1879.tree.nf 49872.569333 647111
&& dump.0.1.metis.Mancktelow.viscorocks-1879.tree.nf 49872.569333 626996
normal random
!! 36proc_0,5-1-1,5-3.json
./real_Trees/random_trees/old_trees/
&& size_10000/random_tree_1 734.553660 159464
&& size_10000/random_tree_2 1121.104845 123970
&& size_10000/random_tree_3 843.869137 87864
&& size_10000/random_tree_4 619.245370 165850
&& size_10000/random_tree_5 1071.537504 132926
&& size_2000/random_tree_1 258.950223 5322
&& size_2000/random_tree_2 459.939008 3658
&& size_2000/random_tree_3 198.931335 8274
&& size_2000/random_tree_4 189.764836 6688
&& size_2000/random_tree_5 188.140906 13158
&& size_20000/random_tree_1 1605.716285 979148
&& size_20000/random_tree_2 1594.609909 464417
&& size_20000/random_tree_3 1469.865971 252255
&& size_20000/random_tree_4 1545.713494 304921
&& size_20000/random_tree_5 1588.011776 375070
&& size_30000/random_tree_1 1996.327865 1523850
&& size_30000/random_tree_2 2573.902174 1140600
&& size_30000/random_tree_3 2456.325719 1993150
&& size_30000/random_tree_4 2586.016136 610917
&& size_30000/random_tree_5 2449.380287 318998
&& size_4000/random_tree_1 277.328984 15706
&& size_4000/random_tree_2 921.660448 17523
&& size_4000/random_tree_3 976.920127 15090
&& size_4000/random_tree_4 473.633716 23893
&& size_4000/random_tree_5 409.236876 22298
&& size_50000/random_tree_1 4333.330397 2821329
&& size_50000/random_tree_2 3563.460562 2853968
&& size_50000/random_tree_3 3426.026922 2226384
&& size_50000/random_tree_4 5033.315887 2309587
&& size_50000/random_tree_5 2708.915569 1863812
&& size_50000/random_tree_5 2708.915569 1888908
!! 36proc-1-3.json
./real_Trees/random_trees/old_trees/
&& size_10000/random_tree_1 734.553660 159012
&& size_10000/random_tree_2 1121.104845 123493
&& size_10000/random_tree_3 843.869137 87855
&& size_10000/random_tree_4 619.245370 164929
&& size_10000/random_tree_5 1071.537504 132134
&& size_2000/random_tree_1 258.950223 5377
&& size_2000/random_tree_2 459.939008 3583
&& size_2000/random_tree_3 198.931335 8150
&& size_2000/random_tree_4 189.764836 6651
&& size_2000/random_tree_5 188.140906 13084
&& size_20000/random_tree_1 1605.716285 981015
&& size_20000/random_tree_2 1594.609909 463459
&& size_20000/random_tree_3 1469.865971 252469
&& size_20000/random_tree_4 1545.713494 309183
&& size_20000/random_tree_5 1588.011776 377878
&& size_30000/random_tree_1 1996.327865 1565626
&& size_30000/random_tree_2 2573.902174 1162494
&& size_30000/random_tree_3 2456.325719 1977669
&& size_30000/random_tree_4 2586.016136 600487
&& size_30000/random_tree_5 2449.380287 320212
&& size_4000/random_tree_1 277.328984 16014
&& size_4000/random_tree_2 921.660448 17801
&& size_4000/random_tree_3 976.920127 15308
&& size_4000/random_tree_4 473.633716 24100
&& size_4000/random_tree_5 409.236876 22534
&& size_50000/random_tree_1 4333.330397 2776325
&& size_50000/random_tree_2 3563.460562 2870099
&& size_50000/random_tree_3 3426.026922 2237348
&& size_50000/random_tree_4 5033.315887 2324192
&& size_50000/random_tree_5 2708.915569 1863048
&& size_50000/random_tree_5 2708.915569 1842237
/work/kulagins/scheduler-homp2
/work/kulagins/scheduler-homp2/real_Trees/random_trees
!! /work/kulagins/scheduler-homp2/real_Trees/random_trees/10_children
!! 36proc_0,5-1-1,5-3.json
/work/kulagins/scheduler-homp2/real_Trees/random_trees/10_children
&& size_10000/random_tree_1 832.512985 22775
&& size_10000/random_tree_2 3163.474802 16675
&& size_10000/random_tree_3 932.864472 27795
&& size_10000/random_tree_4 1202.173370 25792
&& size_10000/random_tree_5 4751.774607 14451
&& size_2000/random_tree_1 584.259103 1765
&& size_2000/random_tree_2 670.731592 1795
&& size_2000/random_tree_3 405.894351 2288
&& size_2000/random_tree_4 345.768822 1825
&& size_2000/random_tree_5 478.669327 1939
&& size_20000/random_tree_1 1645.589490 78703
&& size_20000/random_tree_2 1963.687883 155561
&& size_20000/random_tree_3 1564.516868 62512
&& size_20000/random_tree_4 1972.627503 202079
&& size_20000/random_tree_5 1527.430256 135936
&& size_30000/random_tree_1 2635.378212 126137
&& size_30000/random_tree_2 2222.010887 247101
&& size_30000/random_tree_3 3159.648282 237515
&& size_30000/random_tree_4 8253.073946 148900
&& size_30000/random_tree_5 2309.465576 128608
&& size_4000/random_tree_1 1257.403674 4084
&& size_4000/random_tree_2 372.704079 5753
&& size_4000/random_tree_3 742.461046 5052
&& size_4000/random_tree_4 1362.619160 4151
&& size_4000/random_tree_5 461.734034 9132
&& size_50000/random_tree_1 4755.461468 507822
&& size_50000/random_tree_2 7583.615886 318249
&& size_50000/random_tree_3 3350.759788 386786
&& size_50000/random_tree_4 4681.919341 240207
&& size_50000/random_tree_5 4260.496985 252867
&& size_50000/random_tree_5 4260.496985 252679
!! /work/kulagins/scheduler-homp2/real_Trees/random_trees/all_large
!! 36proc_0,5-1-1,5-3.json
/work/kulagins/scheduler-homp2/real_Trees/random_trees/all_large
&& size_10000/random_tree_1 80456.815622 93874
&& size_10000/random_tree_2 75104.984146 71262
&& size_10000/random_tree_3 83577.337111 41466
&& size_10000/random_tree_4 66041.553644 70016
&& size_10000/random_tree_5 106965.738215 91246
&& size_2000/random_tree_1 26083.886812 4557
&& size_2000/random_tree_2 27646.287583 5062
&& size_2000/random_tree_3 23572.915591 4842
&& size_2000/random_tree_4 27229.567899 7792
&& size_2000/random_tree_5 20396.646394 9085
&& size_20000/random_tree_1 169863.476082 422400
&& size_20000/random_tree_2 177552.760409 388225
&& size_20000/random_tree_3 163251.656049 318837
&& size_20000/random_tree_4 133927.994576 842051
&& size_20000/random_tree_5 292982.942137 225209
&& size_30000/random_tree_1 234322.476969 1135931
&& size_30000/random_tree_2 241958.078938 298593
&& size_30000/random_tree_3 257064.914369 394533
&& size_30000/random_tree_4 289406.655291 1609275
&& size_30000/random_tree_5 234198.186030 722559
&& size_4000/random_tree_1 40483.506433 55023
&& size_4000/random_tree_2 33655.134238 79318
&& size_4000/random_tree_3 34704.054041 18850
&& size_4000/random_tree_4 93425.633008 14535
&& size_4000/random_tree_5 32648.124716 40851
&& size_50000/random_tree_1 495756.485262 1322162
&& size_50000/random_tree_2 436258.302437 1791114
&& size_50000/random_tree_3 399910.637108 1799152
&& size_50000/random_tree_4 350933.226703 3578805
&& size_50000/random_tree_5 514262.285480 5329808
&& size_50000/random_tree_5 514262.285480 5287652
!! /work/kulagins/scheduler-homp2/real_Trees/random_trees/large_makespan_weights
!! 36proc_0,5-1-1,5-3.json
/work/kulagins/scheduler-homp2/real_Trees/random_trees/large_makespan_weights
&& size_10000/random_tree_1 4275.965519 119887
&& size_10000/random_tree_2 4377.611962 206280
&& size_10000/random_tree_3 1859.477792 63106
&& size_10000/random_tree_4 5112.985599 71149
&& size_10000/random_tree_5 2212.784308 361318
&& size_2000/random_tree_1 1495.306093 4702
&& size_2000/random_tree_2 1909.656552 4962
&& size_2000/random_tree_3 1449.286201 9118
&& size_2000/random_tree_4 1574.826958 7195
&& size_2000/random_tree_5 1774.584342 6722
&& size_20000/random_tree_1 2828.007840 675684
&& size_20000/random_tree_2 5905.609763 491232
&& size_20000/random_tree_3 3792.687592 416271
&& size_20000/random_tree_4 2860.947900 558710
&& size_20000/random_tree_5 3700.551191 155736
&& size_30000/random_tree_1 7588.904132 2187564
&& size_30000/random_tree_2 5753.705983 1697280
&& size_30000/random_tree_3 6285.447870 1644234
&& size_30000/random_tree_4 5215.101675 446943
&& size_30000/random_tree_5 4449.738535 2322972
&& size_4000/random_tree_1 2365.184090 20926
&& size_4000/random_tree_2 2340.399357 21743
&& size_4000/random_tree_3 2504.075864 22834
&& size_4000/random_tree_4 2379.645578 26826
&& size_4000/random_tree_5 2605.815193 17925
&& size_50000/random_tree_1 4768.970033 3956158
&& size_50000/random_tree_2 5446.103253 3946514
&& size_50000/random_tree_3 9572.912698 1314009
&& size_50000/random_tree_4 4807.132680 4394433
&& size_50000/random_tree_5 7165.256745 896157
&& size_50000/random_tree_5 7165.256745 933513
!! /work/kulagins/scheduler-homp2/real_Trees/random_trees/20_children
!! 36proc_0,5-1-1,5-3.json
/work/kulagins/scheduler-homp2/real_Trees/random_trees/20_children
&& size_10000/random_tree_1 2309.481187 14404
&& size_10000/random_tree_2 1491.727123 15602
&& size_10000/random_tree_3 1106.679389 13357
&& size_10000/random_tree_4 1711.828095 14871
&& size_10000/random_tree_5 1648.250790 19953
&& size_2000/random_tree_1 252.111182 1569
&& size_2000/random_tree_2 528.111061 1976
&& size_2000/random_tree_3 530.881805 1894
&& size_2000/random_tree_4 569.213774 1960
&& size_2000/random_tree_5 253.661229 2837
&& size_20000/random_tree_1 1675.950012 120354
&& size_20000/random_tree_2 1666.870020 109832
&& size_20000/random_tree_3 2969.169363 50006
&& size_20000/random_tree_4 1639.603063 269976
&& size_20000/random_tree_5 1702.656182 83406
&& size_30000/random_tree_1 3652.952390 208465
&& size_30000/random_tree_2 9257.950757 68236
&& size_30000/random_tree_3 3226.927303 59550
&& size_30000/random_tree_4 9356.692777 74861
&& size_30000/random_tree_5 3847.317452 200250
&& size_4000/random_tree_1 1125.996532 3751
&& size_4000/random_tree_2 1422.473740 4095
&& size_4000/random_tree_3 977.552977 4302
&& size_4000/random_tree_4 434.345766 3861
&& size_4000/random_tree_5 656.475639 3811
&& size_50000/random_tree_1 4016.637066 255961
&& size_50000/random_tree_2 4490.805460 301581
&& size_50000/random_tree_3 3756.609435 906782
&& size_50000/random_tree_4 4965.647704 245734
&& size_50000/random_tree_5 6945.961598 238052
&& size_50000/random_tree_5 6945.961598 238819
!! /work/kulagins/scheduler-homp2/real_Trees/random_trees/all_small
!! 36proc_0,5-1-1,5-3.json
/work/kulagins/scheduler-homp2/real_Trees/random_trees/all_small
&& size_10000/random_tree_1 185.635849 53843
&& size_10000/random_tree_2 59.987172 86517
&& size_10000/random_tree_3 72.082036 94905
&& size_10000/random_tree_4 97.985759 88025
&& size_10000/random_tree_5 72.422588 57058
&& size_2000/random_tree_1 21.284849 8444
&& size_2000/random_tree_2 24.303536 5838
&& size_2000/random_tree_3 19.271564 6611
&& size_2000/random_tree_4 16.182306 7871
&& size_2000/random_tree_5 34.482849 4589
&& size_20000/random_tree_1 165.119334 280696
&& size_20000/random_tree_2 132.186138 205446
&& size_20000/random_tree_3 176.920500 229139
&& size_20000/random_tree_4 154.209802 193217
&& size_20000/random_tree_5 166.029096 306314
&& size_30000/random_tree_1 276.278692 344267
&& size_30000/random_tree_2 222.290736 347154
&& size_30000/random_tree_3 175.817383 662707
&& size_30000/random_tree_4 209.081879 293225
&& size_30000/random_tree_5 214.683289 618644
&& size_4000/random_tree_1 65.187245 11841
&& size_4000/random_tree_2 27.064124 25473
&& size_4000/random_tree_3 35.042690 19275
&& size_4000/random_tree_4 26.763660 14456
&& size_4000/random_tree_5 33.318214 17098
&& size_50000/random_tree_1 368.627455 1427174
&& size_50000/random_tree_2 421.228402 1441818
&& size_50000/random_tree_3 442.402631 902302
&& size_50000/random_tree_4 497.474235 867808
&& size_50000/random_tree_5 407.707643 1143166
&& size_50000/random_tree_5 407.707643 1126086
!! /work/kulagins/scheduler-homp2/real_Trees/random_trees/large_node_weights
!! 36proc_0,5-1-1,5-3.json
/work/kulagins/scheduler-homp2/real_Trees/random_trees/large_node_weights
&& size_10000/random_tree_1 1821.499447 45188
&& size_10000/random_tree_2 784.424503 157785
&& size_10000/random_tree_3 677.906056 99333
&& size_10000/random_tree_4 648.833884 126895
&& size_10000/random_tree_5 949.196532 80475
&& size_2000/random_tree_1 209.015247 7822
&& size_2000/random_tree_2 321.752749 5684
&& size_2000/random_tree_3 340.574048 5222
&& size_2000/random_tree_4 696.142482 4366
&& size_2000/random_tree_5 137.210467 9257
&& size_20000/random_tree_1 2242.277767 560175
&& size_20000/random_tree_2 1637.330710 1095222
&& size_20000/random_tree_3 2273.475105 221912
&& size_20000/random_tree_4 1975.785904 441992
&& size_20000/random_tree_5 1576.836751 444416
&& size_30000/random_tree_1 1886.592455 816758
&& size_30000/random_tree_2 2030.421978 946714
&& size_30000/random_tree_3 2014.423369 820655
&& size_30000/random_tree_4 2869.662821 342286
&& size_30000/random_tree_5 2173.478684 738661
&& size_4000/random_tree_1 362.819058 18738
&& size_4000/random_tree_2 320.987182 28203
&& size_4000/random_tree_3 359.884158 21267
&& size_4000/random_tree_4 515.292028 17988
&& size_4000/random_tree_5 387.152856 13619
&& size_50000/random_tree_1 4304.496807 1365581
&& size_50000/random_tree_2 3387.955892 2056488
&& size_50000/random_tree_3 3866.266658 2289703
&& size_50000/random_tree_4 3459.813905 7614260
&& size_50000/random_tree_5 7767.469872 1749830
&& size_50000/random_tree_5 7767.469872 1729549
!! /work/kulagins/scheduler-homp2/real_Trees/random_trees/3_children
!! 36proc_0,5-1-1,5-3.json
/work/kulagins/scheduler-homp2/real_Trees/random_trees/3_children
&& size_10000/random_tree_1 1132.330582 81729
&& size_10000/random_tree_2 981.327973 57929
&& size_10000/random_tree_3 733.020476 55728
&& size_10000/random_tree_4 774.716801 40184
&& size_10000/random_tree_5 875.520628 88291
&& size_2000/random_tree_1 399.769419 4446
&& size_2000/random_tree_2 212.648653 4835
&& size_2000/random_tree_3 195.792914 11757
&& size_2000/random_tree_4 200.574231 4954
&& size_2000/random_tree_5 562.882483 2991
&& size_20000/random_tree_1 1808.154118 340851
&& size_20000/random_tree_2 1846.857697 521063
&& size_20000/random_tree_3 1536.089462 205414
&& size_20000/random_tree_4 1348.072607 136907
&& size_20000/random_tree_5 1116.661301 655483
&& size_30000/random_tree_1 2077.568865 372547
&& size_30000/random_tree_2 3740.634435 326179
&& size_30000/random_tree_3 2013.542652 228284
&& size_30000/random_tree_4 2718.044767 396042
&& size_30000/random_tree_5 3333.849141 136993
&& size_4000/random_tree_1 491.313705 7848
&& size_4000/random_tree_2 271.005163 10522
&& size_4000/random_tree_3 353.112455 33578
&& size_4000/random_tree_4 686.105638 7977
&& size_4000/random_tree_5 449.548261 17814
&& size_50000/random_tree_1 3025.628613 1787430
&& size_50000/random_tree_2 3450.245828 1310833
&& size_50000/random_tree_3 3157.083843 516777
&& size_50000/random_tree_4 3759.513955 447709
&& size_50000/random_tree_5 4769.077246 1518983
&& size_50000/random_tree_5 4769.077246 1523491
!! /work/kulagins/scheduler-homp2/real_Trees/random_trees/large_edge_weights
!! 36proc_0,5-1-1,5-3.json
/work/kulagins/scheduler-homp2/real_Trees/random_trees/large_edge_weights
&& size_10000/random_tree_1 70315.765644 132685
&& size_10000/random_tree_2 57892.378304 68693
&& size_10000/random_tree_3 91382.534019 62497
&& size_10000/random_tree_4 73519.996295 77296
&& size_10000/random_tree_5 67441.045285 147405
&& size_2000/random_tree_1 43473.695623 3856
&& size_2000/random_tree_2 26611.652487 4168
&& size_2000/random_tree_3 21119.579171 6624
&& size_2000/random_tree_4 17012.422075 10441
&& size_2000/random_tree_5 23010.617031 10685
&& size_20000/random_tree_1 154604.279066 688795
&& size_20000/random_tree_2 160573.940242 267216
&& size_20000/random_tree_3 119781.084302 454718
&& size_20000/random_tree_4 121324.003691 174293
&& size_20000/random_tree_5 165950.738840 531793
&& size_30000/random_tree_1 250874.759477 648137
&& size_30000/random_tree_2 275988.011177 673151
&& size_30000/random_tree_3 241312.715729 1055158
&& size_30000/random_tree_4 410096.298243 462923
&& size_30000/random_tree_5 239530.616959 754176
&& size_4000/random_tree_1 36820.655274 37086
&& size_4000/random_tree_2 45685.291202 63674
&& size_4000/random_tree_3 64964.045873 11134
&& size_4000/random_tree_4 140831.161266 11567
&& size_4000/random_tree_5 30680.873284 26068
&& size_50000/random_tree_1 392987.572658 1095130
&& size_50000/random_tree_2 525026.016561 2077499
&& size_50000/random_tree_3 1293785.560118 1493363
&& size_50000/random_tree_4 331918.105251 4663492
&& size_50000/random_tree_5 344868.802834 4063028
&& size_50000/random_tree_5 344868.802834 4066510
!! /work/kulagins/scheduler-homp2/real_Trees/random_trees/10_children
!! 36proc-1-3.json
/work/kulagins/scheduler-homp2/real_Trees/random_trees/10_children
&& size_10000/random_tree_1 832.512985 22763
&& size_10000/random_tree_2 2553.650219 13714
&& size_10000/random_tree_3 932.864472 27732
&& size_10000/random_tree_4 1202.173370 25557
&& size_10000/random_tree_5 3952.595813 11133
&& size_2000/random_tree_1 533.845132 1781
&& size_2000/random_tree_2 564.094251 1743
&& size_2000/random_tree_3 405.894351 2277
&& size_2000/random_tree_4 345.768822 1819
&& size_2000/random_tree_5 478.669327 1919
&& size_20000/random_tree_1 1645.589490 78609
&& size_20000/random_tree_2 1963.687883 155600
&& size_20000/random_tree_3 1564.516868 62161
&& size_20000/random_tree_4 1972.627503 201355
&& size_20000/random_tree_5 1527.430256 135800
&& size_30000/random_tree_1 2635.378212 125885
&& size_30000/random_tree_2 2222.010887 245889
&& size_30000/random_tree_3 3159.648282 238300
&& size_30000/random_tree_4 8265.231515 140655
&& size_30000/random_tree_5 2309.465576 127594
&& size_4000/random_tree_1 977.184548 4104
&& size_4000/random_tree_2 372.704079 5672
&& size_4000/random_tree_3 742.461046 5063
&& size_4000/random_tree_4 1092.423968 4027
&& size_4000/random_tree_5 461.734034 9115
&& size_50000/random_tree_1 4755.461468 509878
&& size_50000/random_tree_2 6902.902119 322483
&& size_50000/random_tree_3 3350.759788 385595
&& size_50000/random_tree_4 4681.919341 235480
&& size_50000/random_tree_5 4260.496985 250317
&& size_50000/random_tree_5 4260.496985 248465
!! /work/kulagins/scheduler-homp2/real_Trees/random_trees/all_large
!! 36proc-1-3.json
/work/kulagins/scheduler-homp2/real_Trees/random_trees/all_large
&& size_10000/random_tree_1 80456.815622 92489
&& size_10000/random_tree_2 75104.984146 70575
&& size_10000/random_tree_3 83577.337111 42644
&& size_10000/random_tree_4 66041.553644 71031
&& size_10000/random_tree_5 106965.738215 91700
&& size_2000/random_tree_1 26083.886812 4564
&& size_2000/random_tree_2 27646.287583 5052
&& size_2000/random_tree_3 23572.915591 4844
&& size_2000/random_tree_4 27229.567899 7765
&& size_2000/random_tree_5 20396.646394 9031
&& size_20000/random_tree_1 169863.476082 419467
&& size_20000/random_tree_2 177552.760409 388772
&& size_20000/random_tree_3 163251.656049 318559
&& size_20000/random_tree_4 133927.994576 836197
&& size_20000/random_tree_5 292982.942137 219659
&& size_30000/random_tree_1 234322.476969 1101414
&& size_30000/random_tree_2 241958.078938 279905
&& size_30000/random_tree_3 257064.914369 378768
&& size_30000/random_tree_4 289406.655291 1608805
&& size_30000/random_tree_5 234198.186030 689088
&& size_4000/random_tree_1 40483.506433 54270
&& size_4000/random_tree_2 33655.134238 78829
&& size_4000/random_tree_3 34704.054041 18414
&& size_4000/random_tree_4 93425.633008 13957
&& size_4000/random_tree_5 32648.124716 40247
&& size_50000/random_tree_1 495756.485262 1239092
&& size_50000/random_tree_2 436258.302437 1734505
&& size_50000/random_tree_3 399910.637108 1729785
&& size_50000/random_tree_4 350933.226703 3430761
&& size_50000/random_tree_5 514262.285480 5329509
&& size_50000/random_tree_5 514262.285480 5328048
!! /work/kulagins/scheduler-homp2/real_Trees/random_trees/large_makespan_weights
!! 36proc-1-3.json
/work/kulagins/scheduler-homp2/real_Trees/random_trees/large_makespan_weights
&& size_10000/random_tree_1 4275.965519 120565
&& size_10000/random_tree_2 4377.611962 206741
&& size_10000/random_tree_3 1859.477792 62972
&& size_10000/random_tree_4 5112.985599 71523
&& size_10000/random_tree_5 2212.784308 360702
&& size_2000/random_tree_1 1495.306093 4597
&& size_2000/random_tree_2 1909.656552 4909
&& size_2000/random_tree_3 1449.286201 9021
&& size_2000/random_tree_4 1574.826958 7211
&& size_2000/random_tree_5 1774.584342 6683
&& size_20000/random_tree_1 2828.007840 675471
&& size_20000/random_tree_2 5905.609763 495150
&& size_20000/random_tree_3 3792.687592 414443
&& size_20000/random_tree_4 2860.947900 555089
&& size_20000/random_tree_5 3700.551191 158600
&& size_30000/random_tree_1 7588.904132 2187869
&& size_30000/random_tree_2 5753.705983 1716446
&& size_30000/random_tree_3 6285.447870 1640433
&& size_30000/random_tree_4 5215.101675 455506
&& size_30000/random_tree_5 4449.738535 2317004
&& size_4000/random_tree_1 2365.184090 20621
&& size_4000/random_tree_2 2340.399357 21632
&& size_4000/random_tree_3 2504.075864 22387
&& size_4000/random_tree_4 2379.645578 26628
&& size_4000/random_tree_5 2605.815193 17520
&& size_50000/random_tree_1 4768.970033 3939961
&& size_50000/random_tree_2 5446.103253 3905607
&& size_50000/random_tree_3 9572.912698 1281766
&& size_50000/random_tree_4 4807.132680 4380872
&& size_50000/random_tree_5 7165.256745 876107
&& size_50000/random_tree_5 7165.256745 883939
!! /work/kulagins/scheduler-homp2/real_Trees/random_trees/20_children
!! 36proc-1-3.json
/work/kulagins/scheduler-homp2/real_Trees/random_trees/20_children
&& size_10000/random_tree_1 1896.388981 13983
&& size_10000/random_tree_2 1491.727123 15553
&& size_10000/random_tree_3 1106.679389 13306
&& size_10000/random_tree_4 1711.828095 14647
&& size_10000/random_tree_5 1648.250790 19948
&& size_2000/random_tree_1 208.707589 1616
&& size_2000/random_tree_2 434.362873 1546
&& size_2000/random_tree_3 409.240380 1579
&& size_2000/random_tree_4 450.549803 1622
&& size_2000/random_tree_5 253.661229 2826
&& size_20000/random_tree_1 1675.950012 120278
&& size_20000/random_tree_2 1666.870020 109811
&& size_20000/random_tree_3 2969.169363 49774
&& size_20000/random_tree_4 1639.603063 270057
&& size_20000/random_tree_5 1702.656182 83196
&& size_30000/random_tree_1 3652.952390 207269
&& size_30000/random_tree_2 7726.845405 65967
&& size_30000/random_tree_3 3226.927303 58975
&& size_30000/random_tree_4 7582.780391 77050
&& size_30000/random_tree_5 3847.317452 200442
&& size_4000/random_tree_1 976.776980 3812
&& size_4000/random_tree_2 1351.755708 3471
&& size_4000/random_tree_3 993.236332 3108
&& size_4000/random_tree_4 434.345766 3792
&& size_4000/random_tree_5 590.441375 3873
&& size_50000/random_tree_1 4016.637066 254962
&& size_50000/random_tree_2 4490.805460 299714
&& size_50000/random_tree_3 3756.609435 904012
&& size_50000/random_tree_4 4965.647704 242289
&& size_50000/random_tree_5 6945.961598 240204
&& size_50000/random_tree_5 6945.961598 238977
!! /work/kulagins/scheduler-homp2/real_Trees/random_trees/all_small
!! 36proc-1-3.json
/work/kulagins/scheduler-homp2/real_Trees/random_trees/all_small
&& size_10000/random_tree_1 185.635849 54489
&& size_10000/random_tree_2 59.987172 86417
&& size_10000/random_tree_3 72.082036 95241
&& size_10000/random_tree_4 97.985759 88210
&& size_10000/random_tree_5 72.422588 57615
&& size_2000/random_tree_1 21.284849 8390
&& size_2000/random_tree_2 24.303536 5776
&& size_2000/random_tree_3 19.271564 6589
&& size_2000/random_tree_4 16.182306 7814
&& size_2000/random_tree_5 34.482849 4582
&& size_20000/random_tree_1 165.119334 276613
&& size_20000/random_tree_2 132.186138 203930
&& size_20000/random_tree_3 176.920500 230064
&& size_20000/random_tree_4 154.209802 191770
&& size_20000/random_tree_5 166.029096 308417
&& size_30000/random_tree_1 276.278692 353825
&& size_30000/random_tree_2 222.290736 352069
&& size_30000/random_tree_3 175.817383 658340
&& size_30000/random_tree_4 209.081879 305751
&& size_30000/random_tree_5 214.683289 627840
&& size_4000/random_tree_1 65.187245 11804
&& size_4000/random_tree_2 27.064124 25330
&& size_4000/random_tree_3 35.042690 18869
&& size_4000/random_tree_4 26.763660 14169
&& size_4000/random_tree_5 33.318214 17018
&& size_50000/random_tree_1 368.627455 1408558
&& size_50000/random_tree_2 421.228402 1393664
&& size_50000/random_tree_3 442.402631 929574
&& size_50000/random_tree_4 497.474235 854488
&& size_50000/random_tree_5 407.707643 1103357
&& size_50000/random_tree_5 407.707643 1138568
!! /work/kulagins/scheduler-homp2/real_Trees/random_trees/large_node_weights
!! 36proc-1-3.json
/work/kulagins/scheduler-homp2/real_Trees/random_trees/large_node_weights
&& size_10000/random_tree_1 1821.499447 46008
&& size_10000/random_tree_2 784.424503 159445
&& size_10000/random_tree_3 677.906056 100320
&& size_10000/random_tree_4 648.833884 127456
&& size_10000/random_tree_5 949.196532 81191
&& size_2000/random_tree_1 209.015247 7750
&& size_2000/random_tree_2 321.752749 5555
&& size_2000/random_tree_3 340.574048 5196
&& size_2000/random_tree_4 632.305713 4509
&& size_2000/random_tree_5 137.210467 9146
&& size_20000/random_tree_1 2242.277767 563233
&& size_20000/random_tree_2 1637.330710 1093368
&& size_20000/random_tree_3 2273.475105 223203
&& size_20000/random_tree_4 1975.785904 443615
&& size_20000/random_tree_5 1576.836751 445470
&& size_30000/random_tree_1 1886.592455 826198
&& size_30000/random_tree_2 2030.421978 973347
&& size_30000/random_tree_3 2014.423369 834376
&& size_30000/random_tree_4 2869.662821 375597
&& size_30000/random_tree_5 2173.478684 752342
&& size_4000/random_tree_1 362.819058 18994
&& size_4000/random_tree_2 320.987182 28351
&& size_4000/random_tree_3 359.884158 21402
&& size_4000/random_tree_4 515.292028 18158
&& size_4000/random_tree_5 387.152856 13589
&& size_50000/random_tree_1 4304.496807 1401961
&& size_50000/random_tree_2 3387.955892 2058318
&& size_50000/random_tree_3 3866.266658 2297475
&& size_50000/random_tree_4 3459.813905 7617542
&& size_50000/random_tree_5 7767.469872 1725573
&& size_50000/random_tree_5 7767.469872 1805165
!! /work/kulagins/scheduler-homp2/real_Trees/random_trees/3_children
!! 36proc-1-3.json
/work/kulagins/scheduler-homp2/real_Trees/random_trees/3_children
&& size_10000/random_tree_1 1132.330582 81967
&& size_10000/random_tree_2 981.327973 57573
&& size_10000/random_tree_3 733.020476 55644
&& size_10000/random_tree_4 774.716801 40017
&& size_10000/random_tree_5 875.520628 88513
&& size_2000/random_tree_1 399.769419 4448
&& size_2000/random_tree_2 212.648653 4828
&& size_2000/random_tree_3 195.792914 11709
&& size_2000/random_tree_4 200.574231 4935
&& size_2000/random_tree_5 562.882483 2990
&& size_20000/random_tree_1 1808.154118 338497
&& size_20000/random_tree_2 1846.857697 517869
&& size_20000/random_tree_3 1536.089462 204298
&& size_20000/random_tree_4 1348.072607 137332
&& size_20000/random_tree_5 1116.661301 642939
&& size_30000/random_tree_1 2077.568865 374878
&& size_30000/random_tree_2 3740.634435 334580
&& size_30000/random_tree_3 2013.542652 229784
&& size_30000/random_tree_4 2718.044767 399089
&& size_30000/random_tree_5 3333.849141 140259
&& size_4000/random_tree_1 491.313705 7925
&& size_4000/random_tree_2 271.005163 10708
&& size_4000/random_tree_3 353.112455 33862
&& size_4000/random_tree_4 686.105638 8140
&& size_4000/random_tree_5 449.548261 18117
&& size_50000/random_tree_1 3025.628613 1774724
&& size_50000/random_tree_2 3450.245828 1296005
&& size_50000/random_tree_3 3157.083843 488428
&& size_50000/random_tree_4 3759.513955 436231
&& size_50000/random_tree_5 4769.077246 1512351
&& size_50000/random_tree_5 4769.077246 1464552
!! /work/kulagins/scheduler-homp2/real_Trees/random_trees/large_edge_weights
!! 36proc-1-3.json
/work/kulagins/scheduler-homp2/real_Trees/random_trees/large_edge_weights
&& size_10000/random_tree_1 70315.765644 130535
&& size_10000/random_tree_2 57892.378304 66402
&& size_10000/random_tree_3 91382.534019 59914
&& size_10000/random_tree_4 73519.996295 77150
&& size_10000/random_tree_5 67441.045285 144747
&& size_2000/random_tree_1 43473.695623 3813
&& size_2000/random_tree_2 26611.652487 4149
&& size_2000/random_tree_3 21119.579171 6582
&& size_2000/random_tree_4 17012.422075 10345
&& size_2000/random_tree_5 23010.617031 10618
&& size_20000/random_tree_1 154604.279066 669883
&& size_20000/random_tree_2 160573.940242 255192
&& size_20000/random_tree_3 119781.084302 445755
&& size_20000/random_tree_4 121324.003691 165547
&& size_20000/random_tree_5 165950.738840 513487
&& size_30000/random_tree_1 250874.759477 614736
&& size_30000/random_tree_2 275988.011177 654915
&& size_30000/random_tree_3 241312.715729 1011699
&& size_30000/random_tree_4 410096.298243 440425
&& size_30000/random_tree_5 239530.616959 735781
&& size_4000/random_tree_1 36820.655274 36428
&& size_4000/random_tree_2 45685.291202 62710
&& size_4000/random_tree_3 64964.045873 10989
&& size_4000/random_tree_4 140831.161266 11270
&& size_4000/random_tree_5 30680.873284 25526
&& size_50000/random_tree_1 392987.572658 911579
&& size_50000/random_tree_2 525026.016561 1940462
&& size_50000/random_tree_3 1293785.560118 1335282
&& size_50000/random_tree_4 331918.105251 4277088
&& size_50000/random_tree_5 344868.802834 3842623
&& size_50000/random_tree_5 344868.802834 4026145
